Building DAG of jobs...
total_num_params=6 for random sampling
=1 * 0 + 6
Using shell: /usr/bin/bash
Provided cores: 2
Rules claiming more threads will be scaled down.
Provided resources: mem_mb=100000, mem_mib=95368, disk_mb=1000, disk_mib=954
Select jobs to execute...

[Tue Jun 18 14:50:56 2024]
rule gen_plots:
    input: zoutput/benchmarks/CAMELYON_center0_erm_resnet_different_batchsizes_lre4_rest/results.csv
    output: zoutput/benchmarks/CAMELYON_center0_erm_resnet_different_batchsizes_lre4_rest/graphics
    jobid: 0
    reason: Forced execution
    resources: mem_mb=100000, mem_mib=95368, disk_mb=1000, disk_mib=954, tmpdir=/tmp, partition=gpu_p, qos=gpu_normal

/ictstr01/groups/aih/sina.wendrich/MA_code/MA_thesis/DomainLab/domainlab/utils/generate_benchmark_plots.py:519: RuntimeWarning: More than 20 figures have been opened. Figures created through the pyplot interface (`matplotlib.pyplot.figure`) are retained until explicitly closed and may consume too much memory. (To control this warning, see the rcParam `figure.max_open_warning`). Consider using `matplotlib.pyplot.close()`.
  _, axes = plt.subplots(
disabling kde because cov matrix is singular for objectives acc & precision
disabling kde because cov matrix is singular for objectives acc & recall
disabling kde because cov matrix is singular for objectives acc & specificity
disabling kde because cov matrix is singular for objectives acc & f1
disabling kde because cov matrix is singular for objectives acc & auroc
disabling kde because cov matrix is singular for objectives acc & binary_precision
disabling kde because cov matrix is singular for objectives acc & binary_recall
disabling kde because cov matrix is singular for objectives acc & binary_specificity
disabling kde because cov matrix is singular for objectives acc & binary_f1_score
disabling kde because cov matrix is singular for objectives acc & acc_oracle
disabling kde because cov matrix is singular for objectives acc & acc_val
disabling kde because cov matrix is singular for objectives precision & recall
disabling kde because cov matrix is singular for objectives precision & specificity
disabling kde because cov matrix is singular for objectives precision & f1
disabling kde because cov matrix is singular for objectives precision & auroc
disabling kde because cov matrix is singular for objectives precision & binary_precision
disabling kde because cov matrix is singular for objectives precision & binary_recall
disabling kde because cov matrix is singular for objectives precision & binary_specificity
disabling kde because cov matrix is singular for objectives precision & binary_f1_score
disabling kde because cov matrix is singular for objectives precision & acc_oracle
disabling kde because cov matrix is singular for objectives precision & acc_val
disabling kde because cov matrix is singular for objectives recall & specificity
disabling kde because cov matrix is singular for objectives recall & f1
disabling kde because cov matrix is singular for objectives recall & auroc
disabling kde because cov matrix is singular for objectives recall & binary_precision
disabling kde because cov matrix is singular for objectives recall & binary_recall
disabling kde because cov matrix is singular for objectives recall & binary_specificity
disabling kde because cov matrix is singular for objectives recall & binary_f1_score
disabling kde because cov matrix is singular for objectives recall & acc_oracle
disabling kde because cov matrix is singular for objectives recall & acc_val
disabling kde because cov matrix is singular for objectives specificity & f1
disabling kde because cov matrix is singular for objectives specificity & auroc
disabling kde because cov matrix is singular for objectives specificity & binary_precision
disabling kde because cov matrix is singular for objectives specificity & binary_recall
disabling kde because cov matrix is singular for objectives specificity & binary_specificity
disabling kde because cov matrix is singular for objectives specificity & binary_f1_score
disabling kde because cov matrix is singular for objectives specificity & acc_oracle
disabling kde because cov matrix is singular for objectives specificity & acc_val
disabling kde because cov matrix is singular for objectives f1 & auroc
disabling kde because cov matrix is singular for objectives f1 & binary_precision
disabling kde because cov matrix is singular for objectives f1 & binary_recall
disabling kde because cov matrix is singular for objectives f1 & binary_specificity
disabling kde because cov matrix is singular for objectives f1 & binary_f1_score
disabling kde because cov matrix is singular for objectives f1 & acc_oracle
disabling kde because cov matrix is singular for objectives f1 & acc_val
disabling kde because cov matrix is singular for objectives auroc & binary_precision
disabling kde because cov matrix is singular for objectives auroc & binary_recall
disabling kde because cov matrix is singular for objectives auroc & binary_specificity
disabling kde because cov matrix is singular for objectives auroc & binary_f1_score
disabling kde because cov matrix is singular for objectives auroc & acc_oracle
disabling kde because cov matrix is singular for objectives auroc & acc_val
disabling kde because cov matrix is singular for objectives binary_precision & binary_recall
disabling kde because cov matrix is singular for objectives binary_precision & binary_specificity
disabling kde because cov matrix is singular for objectives binary_precision & binary_f1_score
disabling kde because cov matrix is singular for objectives binary_precision & acc_oracle
disabling kde because cov matrix is singular for objectives binary_precision & acc_val
disabling kde because cov matrix is singular for objectives binary_recall & binary_specificity
disabling kde because cov matrix is singular for objectives binary_recall & binary_f1_score
disabling kde because cov matrix is singular for objectives binary_recall & acc_oracle
disabling kde because cov matrix is singular for objectives binary_recall & acc_val
disabling kde because cov matrix is singular for objectives binary_specificity & binary_f1_score
disabling kde because cov matrix is singular for objectives binary_specificity & acc_oracle
disabling kde because cov matrix is singular for objectives binary_specificity & acc_val
disabling kde because cov matrix is singular for objectives binary_f1_score & acc_oracle
disabling kde because cov matrix is singular for objectives binary_f1_score & acc_val
disabling kde because cov matrix is singular for objectives acc_oracle & acc_val
WARNING: disabling kde because cov matrix is singular for objectives acc & precision
WARNING: disabling kde because cov matrix is singular for objectives acc & recall
WARNING: disabling kde because cov matrix is singular for objectives acc & specificity
WARNING: disabling kde because cov matrix is singular for objectives acc & f1
WARNING: disabling kde because cov matrix is singular for objectives acc & auroc
WARNING: disabling kde because cov matrix is singular for objectives acc & binary_precision
WARNING: disabling kde because cov matrix is singular for objectives acc & binary_recall
WARNING: disabling kde because cov matrix is singular for objectives acc & binary_specificity
WARNING: disabling kde because cov matrix is singular for objectives acc & binary_f1_score
WARNING: disabling kde because cov matrix is singular for objectives acc & acc_oracle
WARNING: disabling kde because cov matrix is singular for objectives acc & acc_val
WARNING: disabling kde because cov matrix is singular for objectives precision & recall
WARNING: disabling kde because cov matrix is singular for objectives precision & specificity
WARNING: disabling kde because cov matrix is singular for objectives precision & f1
WARNING: disabling kde because cov matrix is singular for objectives precision & auroc
WARNING: disabling kde because cov matrix is singular for objectives precision & binary_precision
WARNING: disabling kde because cov matrix is singular for objectives precision & binary_recall
WARNING: disabling kde because cov matrix is singular for objectives precision & binary_specificity
WARNING: disabling kde because cov matrix is singular for objectives precision & binary_f1_score
WARNING: disabling kde because cov matrix is singular for objectives precision & acc_oracle
WARNING: disabling kde because cov matrix is singular for objectives precision & acc_val
WARNING: disabling kde because cov matrix is singular for objectives recall & specificity
WARNING: disabling kde because cov matrix is singular for objectives recall & f1
WARNING: disabling kde because cov matrix is singular for objectives recall & auroc
WARNING: disabling kde because cov matrix is singular for objectives recall & binary_precision
WARNING: disabling kde because cov matrix is singular for objectives recall & binary_recall
WARNING: disabling kde because cov matrix is singular for objectives recall & binary_specificity
WARNING: disabling kde because cov matrix is singular for objectives recall & binary_f1_score
WARNING: disabling kde because cov matrix is singular for objectives recall & acc_oracle
WARNING: disabling kde because cov matrix is singular for objectives recall & acc_val
WARNING: disabling kde because cov matrix is singular for objectives specificity & f1
WARNING: disabling kde because cov matrix is singular for objectives specificity & auroc
WARNING: disabling kde because cov matrix is singular for objectives specificity & binary_precision
WARNING: disabling kde because cov matrix is singular for objectives specificity & binary_recall
WARNING: disabling kde because cov matrix is singular for objectives specificity & binary_specificity
WARNING: disabling kde because cov matrix is singular for objectives specificity & binary_f1_score
WARNING: disabling kde because cov matrix is singular for objectives specificity & acc_oracle
WARNING: disabling kde because cov matrix is singular for objectives specificity & acc_val
WARNING: disabling kde because cov matrix is singular for objectives f1 & auroc
WARNING: disabling kde because cov matrix is singular for objectives f1 & binary_precision
WARNING: disabling kde because cov matrix is singular for objectives f1 & binary_recall
WARNING: disabling kde because cov matrix is singular for objectives f1 & binary_specificity
WARNING: disabling kde because cov matrix is singular for objectives f1 & binary_f1_score
WARNING: disabling kde because cov matrix is singular for objectives f1 & acc_oracle
WARNING: disabling kde because cov matrix is singular for objectives f1 & acc_val
WARNING: disabling kde because cov matrix is singular for objectives auroc & binary_precision
WARNING: disabling kde because cov matrix is singular for objectives auroc & binary_recall
WARNING: disabling kde because cov matrix is singular for objectives auroc & binary_specificity
WARNING: disabling kde because cov matrix is singular for objectives auroc & binary_f1_score
WARNING: disabling kde because cov matrix is singular for objectives auroc & acc_oracle
WARNING: disabling kde because cov matrix is singular for objectives auroc & acc_val
WARNING: disabling kde because cov matrix is singular for objectives binary_precision & binary_recall
WARNING: disabling kde because cov matrix is singular for objectives binary_precision & binary_specificity
WARNING: disabling kde because cov matrix is singular for objectives binary_precision & binary_f1_score
WARNING: disabling kde because cov matrix is singular for objectives binary_precision & acc_oracle
WARNING: disabling kde because cov matrix is singular for objectives binary_precision & acc_val
WARNING: disabling kde because cov matrix is singular for objectives binary_recall & binary_specificity
WARNING: disabling kde because cov matrix is singular for objectives binary_recall & binary_f1_score
WARNING: disabling kde because cov matrix is singular for objectives binary_recall & acc_oracle
WARNING: disabling kde because cov matrix is singular for objectives binary_recall & acc_val
WARNING: disabling kde because cov matrix is singular for objectives binary_specificity & binary_f1_score
WARNING: disabling kde because cov matrix is singular for objectives binary_specificity & acc_oracle
WARNING: disabling kde because cov matrix is singular for objectives binary_specificity & acc_val
WARNING: disabling kde because cov matrix is singular for objectives binary_f1_score & acc_oracle
WARNING: disabling kde because cov matrix is singular for objectives binary_f1_score & acc_val
WARNING: disabling kde because cov matrix is singular for objectives acc_oracle & acc_val
WARNING: disabling kde because cov matrix is singular for objectives acc & precision
WARNING: disabling kde because cov matrix is singular for objectives acc & recall
WARNING: disabling kde because cov matrix is singular for objectives acc & specificity
WARNING: disabling kde because cov matrix is singular for objectives acc & f1
WARNING: disabling kde because cov matrix is singular for objectives acc & auroc
WARNING: disabling kde because cov matrix is singular for objectives acc & binary_precision
WARNING: disabling kde because cov matrix is singular for objectives acc & binary_recall
WARNING: disabling kde because cov matrix is singular for objectives acc & binary_specificity
WARNING: disabling kde because cov matrix is singular for objectives acc & binary_f1_score
WARNING: disabling kde because cov matrix is singular for objectives acc & acc_oracle
WARNING: disabling kde because cov matrix is singular for objectives acc & acc_val
WARNING: disabling kde because cov matrix is singular for objectives precision & recall
WARNING: disabling kde because cov matrix is singular for objectives precision & specificity
WARNING: disabling kde because cov matrix is singular for objectives precision & f1
WARNING: disabling kde because cov matrix is singular for objectives precision & auroc
WARNING: disabling kde because cov matrix is singular for objectives precision & binary_precision
WARNING: disabling kde because cov matrix is singular for objectives precision & binary_recall
WARNING: disabling kde because cov matrix is singular for objectives precision & binary_specificity
WARNING: disabling kde because cov matrix is singular for objectives precision & binary_f1_score
WARNING: disabling kde because cov matrix is singular for objectives precision & acc_oracle
WARNING: disabling kde because cov matrix is singular for objectives precision & acc_val
WARNING: disabling kde because cov matrix is singular for objectives recall & specificity
WARNING: disabling kde because cov matrix is singular for objectives recall & f1
WARNING: disabling kde because cov matrix is singular for objectives recall & auroc
WARNING: disabling kde because cov matrix is singular for objectives recall & binary_precision
WARNING: disabling kde because cov matrix is singular for objectives recall & binary_recall
WARNING: disabling kde because cov matrix is singular for objectives recall & binary_specificity
WARNING: disabling kde because cov matrix is singular for objectives recall & binary_f1_score
WARNING: disabling kde because cov matrix is singular for objectives recall & acc_oracle
WARNING: disabling kde because cov matrix is singular for objectives recall & acc_val
WARNING: disabling kde because cov matrix is singular for objectives specificity & f1
WARNING: disabling kde because cov matrix is singular for objectives specificity & auroc
WARNING: disabling kde because cov matrix is singular for objectives specificity & binary_precision
WARNING: disabling kde because cov matrix is singular for objectives specificity & binary_recall
WARNING: disabling kde because cov matrix is singular for objectives specificity & binary_specificity
WARNING: disabling kde because cov matrix is singular for objectives specificity & binary_f1_score
WARNING: disabling kde because cov matrix is singular for objectives specificity & acc_oracle
WARNING: disabling kde because cov matrix is singular for objectives specificity & acc_val
WARNING: disabling kde because cov matrix is singular for objectives f1 & auroc
WARNING: disabling kde because cov matrix is singular for objectives f1 & binary_precision
WARNING: disabling kde because cov matrix is singular for objectives f1 & binary_recall
WARNING: disabling kde because cov matrix is singular for objectives f1 & binary_specificity
WARNING: disabling kde because cov matrix is singular for objectives f1 & binary_f1_score
WARNING: disabling kde because cov matrix is singular for objectives f1 & acc_oracle
WARNING: disabling kde because cov matrix is singular for objectives f1 & acc_val
WARNING: disabling kde because cov matrix is singular for objectives auroc & binary_precision
WARNING: disabling kde because cov matrix is singular for objectives auroc & binary_recall
WARNING: disabling kde because cov matrix is singular for objectives auroc & binary_specificity
WARNING: disabling kde because cov matrix is singular for objectives auroc & binary_f1_score
WARNING: disabling kde because cov matrix is singular for objectives auroc & acc_oracle
WARNING: disabling kde because cov matrix is singular for objectives auroc & acc_val
WARNING: disabling kde because cov matrix is singular for objectives binary_precision & binary_recall
WARNING: disabling kde because cov matrix is singular for objectives binary_precision & binary_specificity
WARNING: disabling kde because cov matrix is singular for objectives binary_precision & binary_f1_score
WARNING: disabling kde because cov matrix is singular for objectives binary_precision & acc_oracle
WARNING: disabling kde because cov matrix is singular for objectives binary_precision & acc_val
WARNING: disabling kde because cov matrix is singular for objectives binary_recall & binary_specificity
WARNING: disabling kde because cov matrix is singular for objectives binary_recall & binary_f1_score
WARNING: disabling kde because cov matrix is singular for objectives binary_recall & acc_oracle
WARNING: disabling kde because cov matrix is singular for objectives binary_recall & acc_val
WARNING: disabling kde because cov matrix is singular for objectives binary_specificity & binary_f1_score
WARNING: disabling kde because cov matrix is singular for objectives binary_specificity & acc_oracle
WARNING: disabling kde because cov matrix is singular for objectives binary_specificity & acc_val
WARNING: disabling kde because cov matrix is singular for objectives binary_f1_score & acc_oracle
WARNING: disabling kde because cov matrix is singular for objectives binary_f1_score & acc_val
WARNING: disabling kde because cov matrix is singular for objectives acc_oracle & acc_val
WARNING: disabling kde because cov matrix is singular for objectives acc & precision
WARNING: disabling kde because cov matrix is singular for objectives acc & recall
WARNING: disabling kde because cov matrix is singular for objectives acc & specificity
WARNING: disabling kde because cov matrix is singular for objectives acc & f1
WARNING: disabling kde because cov matrix is singular for objectives acc & auroc
WARNING: disabling kde because cov matrix is singular for objectives acc & binary_precision
WARNING: disabling kde because cov matrix is singular for objectives acc & binary_recall
WARNING: disabling kde because cov matrix is singular for objectives acc & binary_specificity
WARNING: disabling kde because cov matrix is singular for objectives acc & binary_f1_score
WARNING: disabling kde because cov matrix is singular for objectives acc & acc_oracle
WARNING: disabling kde because cov matrix is singular for objectives acc & acc_val
WARNING: disabling kde because cov matrix is singular for objectives precision & recall
WARNING: disabling kde because cov matrix is singular for objectives precision & specificity
WARNING: disabling kde because cov matrix is singular for objectives precision & f1
WARNING: disabling kde because cov matrix is singular for objectives precision & auroc
WARNING: disabling kde because cov matrix is singular for objectives precision & binary_precision
WARNING: disabling kde because cov matrix is singular for objectives precision & binary_recall
WARNING: disabling kde because cov matrix is singular for objectives precision & binary_specificity
WARNING: disabling kde because cov matrix is singular for objectives precision & binary_f1_score
WARNING: disabling kde because cov matrix is singular for objectives precision & acc_oracle
WARNING: disabling kde because cov matrix is singular for objectives precision & acc_val
WARNING: disabling kde because cov matrix is singular for objectives recall & specificity
WARNING: disabling kde because cov matrix is singular for objectives recall & f1
WARNING: disabling kde because cov matrix is singular for objectives recall & auroc
WARNING: disabling kde because cov matrix is singular for objectives recall & binary_precision
WARNING: disabling kde because cov matrix is singular for objectives recall & binary_recall
WARNING: disabling kde because cov matrix is singular for objectives recall & binary_specificity
WARNING: disabling kde because cov matrix is singular for objectives recall & binary_f1_score
WARNING: disabling kde because cov matrix is singular for objectives recall & acc_oracle
WARNING: disabling kde because cov matrix is singular for objectives recall & acc_val
WARNING: disabling kde because cov matrix is singular for objectives specificity & f1
WARNING: disabling kde because cov matrix is singular for objectives specificity & auroc
WARNING: disabling kde because cov matrix is singular for objectives specificity & binary_precision
WARNING: disabling kde because cov matrix is singular for objectives specificity & binary_recall
WARNING: disabling kde because cov matrix is singular for objectives specificity & binary_specificity
WARNING: disabling kde because cov matrix is singular for objectives specificity & binary_f1_score
WARNING: disabling kde because cov matrix is singular for objectives specificity & acc_oracle
WARNING: disabling kde because cov matrix is singular for objectives specificity & acc_val
WARNING: disabling kde because cov matrix is singular for objectives f1 & auroc
WARNING: disabling kde because cov matrix is singular for objectives f1 & binary_precision
WARNING: disabling kde because cov matrix is singular for objectives f1 & binary_recall
WARNING: disabling kde because cov matrix is singular for objectives f1 & binary_specificity
WARNING: disabling kde because cov matrix is singular for objectives f1 & binary_f1_score
WARNING: disabling kde because cov matrix is singular for objectives f1 & acc_oracle
WARNING: disabling kde because cov matrix is singular for objectives f1 & acc_val
WARNING: disabling kde because cov matrix is singular for objectives auroc & binary_precision
WARNING: disabling kde because cov matrix is singular for objectives auroc & binary_recall
WARNING: disabling kde because cov matrix is singular for objectives auroc & binary_specificity
WARNING: disabling kde because cov matrix is singular for objectives auroc & binary_f1_score
WARNING: disabling kde because cov matrix is singular for objectives auroc & acc_oracle
WARNING: disabling kde because cov matrix is singular for objectives auroc & acc_val
WARNING: disabling kde because cov matrix is singular for objectives binary_precision & binary_recall
WARNING: disabling kde because cov matrix is singular for objectives binary_precision & binary_specificity
WARNING: disabling kde because cov matrix is singular for objectives binary_precision & binary_f1_score
WARNING: disabling kde because cov matrix is singular for objectives binary_precision & acc_oracle
WARNING: disabling kde because cov matrix is singular for objectives binary_precision & acc_val
WARNING: disabling kde because cov matrix is singular for objectives binary_recall & binary_specificity
WARNING: disabling kde because cov matrix is singular for objectives binary_recall & binary_f1_score
WARNING: disabling kde because cov matrix is singular for objectives binary_recall & acc_oracle
WARNING: disabling kde because cov matrix is singular for objectives binary_recall & acc_val
WARNING: disabling kde because cov matrix is singular for objectives binary_specificity & binary_f1_score
WARNING: disabling kde because cov matrix is singular for objectives binary_specificity & acc_oracle
WARNING: disabling kde because cov matrix is singular for objectives binary_specificity & acc_val
WARNING: disabling kde because cov matrix is singular for objectives binary_f1_score & acc_oracle
WARNING: disabling kde because cov matrix is singular for objectives binary_f1_score & acc_val
WARNING: disabling kde because cov matrix is singular for objectives acc_oracle & acc_val
WARNING: disabling kde because cov matrix is singular for objectives acc & precision
WARNING: disabling kde because cov matrix is singular for objectives acc & recall
WARNING: disabling kde because cov matrix is singular for objectives acc & specificity
WARNING: disabling kde because cov matrix is singular for objectives acc & f1
WARNING: disabling kde because cov matrix is singular for objectives acc & auroc
WARNING: disabling kde because cov matrix is singular for objectives acc & binary_precision
WARNING: disabling kde because cov matrix is singular for objectives acc & binary_recall
WARNING: disabling kde because cov matrix is singular for objectives acc & binary_specificity
WARNING: disabling kde because cov matrix is singular for objectives acc & binary_f1_score
WARNING: disabling kde because cov matrix is singular for objectives acc & acc_oracle
WARNING: disabling kde because cov matrix is singular for objectives acc & acc_val
WARNING: disabling kde because cov matrix is singular for objectives precision & recall
WARNING: disabling kde because cov matrix is singular for objectives precision & specificity
WARNING: disabling kde because cov matrix is singular for objectives precision & f1
WARNING: disabling kde because cov matrix is singular for objectives precision & auroc
WARNING: disabling kde because cov matrix is singular for objectives precision & binary_precision
WARNING: disabling kde because cov matrix is singular for objectives precision & binary_recall
WARNING: disabling kde because cov matrix is singular for objectives precision & binary_specificity
WARNING: disabling kde because cov matrix is singular for objectives precision & binary_f1_score
WARNING: disabling kde because cov matrix is singular for objectives precision & acc_oracle
WARNING: disabling kde because cov matrix is singular for objectives precision & acc_val
WARNING: disabling kde because cov matrix is singular for objectives recall & specificity
WARNING: disabling kde because cov matrix is singular for objectives recall & f1
WARNING: disabling kde because cov matrix is singular for objectives recall & auroc
WARNING: disabling kde because cov matrix is singular for objectives recall & binary_precision
WARNING: disabling kde because cov matrix is singular for objectives recall & binary_recall
WARNING: disabling kde because cov matrix is singular for objectives recall & binary_specificity
WARNING: disabling kde because cov matrix is singular for objectives recall & binary_f1_score
WARNING: disabling kde because cov matrix is singular for objectives recall & acc_oracle
WARNING: disabling kde because cov matrix is singular for objectives recall & acc_val
WARNING: disabling kde because cov matrix is singular for objectives specificity & f1
WARNING: disabling kde because cov matrix is singular for objectives specificity & auroc
WARNING: disabling kde because cov matrix is singular for objectives specificity & binary_precision
WARNING: disabling kde because cov matrix is singular for objectives specificity & binary_recall
WARNING: disabling kde because cov matrix is singular for objectives specificity & binary_specificity
WARNING: disabling kde because cov matrix is singular for objectives specificity & binary_f1_score
WARNING: disabling kde because cov matrix is singular for objectives specificity & acc_oracle
WARNING: disabling kde because cov matrix is singular for objectives specificity & acc_val
WARNING: disabling kde because cov matrix is singular for objectives f1 & auroc
WARNING: disabling kde because cov matrix is singular for objectives f1 & binary_precision
WARNING: disabling kde because cov matrix is singular for objectives f1 & binary_recall
WARNING: disabling kde because cov matrix is singular for objectives f1 & binary_specificity
WARNING: disabling kde because cov matrix is singular for objectives f1 & binary_f1_score
WARNING: disabling kde because cov matrix is singular for objectives f1 & acc_oracle
WARNING: disabling kde because cov matrix is singular for objectives f1 & acc_val
WARNING: disabling kde because cov matrix is singular for objectives auroc & binary_precision
WARNING: disabling kde because cov matrix is singular for objectives auroc & binary_recall
WARNING: disabling kde because cov matrix is singular for objectives auroc & binary_specificity
WARNING: disabling kde because cov matrix is singular for objectives auroc & binary_f1_score
WARNING: disabling kde because cov matrix is singular for objectives auroc & acc_oracle
WARNING: disabling kde because cov matrix is singular for objectives auroc & acc_val
WARNING: disabling kde because cov matrix is singular for objectives binary_precision & binary_recall
WARNING: disabling kde because cov matrix is singular for objectives binary_precision & binary_specificity
WARNING: disabling kde because cov matrix is singular for objectives binary_precision & binary_f1_score
WARNING: disabling kde because cov matrix is singular for objectives binary_precision & acc_oracle
WARNING: disabling kde because cov matrix is singular for objectives binary_precision & acc_val
WARNING: disabling kde because cov matrix is singular for objectives binary_recall & binary_specificity
WARNING: disabling kde because cov matrix is singular for objectives binary_recall & binary_f1_score
WARNING: disabling kde because cov matrix is singular for objectives binary_recall & acc_oracle
WARNING: disabling kde because cov matrix is singular for objectives binary_recall & acc_val
WARNING: disabling kde because cov matrix is singular for objectives binary_specificity & binary_f1_score
WARNING: disabling kde because cov matrix is singular for objectives binary_specificity & acc_oracle
WARNING: disabling kde because cov matrix is singular for objectives binary_specificity & acc_val
WARNING: disabling kde because cov matrix is singular for objectives binary_f1_score & acc_oracle
WARNING: disabling kde because cov matrix is singular for objectives binary_f1_score & acc_val
WARNING: disabling kde because cov matrix is singular for objectives acc_oracle & acc_val
WARNING: disabling kde because cov matrix is singular for objectives acc & precision
WARNING: disabling kde because cov matrix is singular for objectives acc & recall
WARNING: disabling kde because cov matrix is singular for objectives acc & specificity
WARNING: disabling kde because cov matrix is singular for objectives acc & f1
WARNING: disabling kde because cov matrix is singular for objectives acc & auroc
WARNING: disabling kde because cov matrix is singular for objectives acc & binary_precision
WARNING: disabling kde because cov matrix is singular for objectives acc & binary_recall
WARNING: disabling kde because cov matrix is singular for objectives acc & binary_specificity
WARNING: disabling kde because cov matrix is singular for objectives acc & binary_f1_score
WARNING: disabling kde because cov matrix is singular for objectives acc & acc_oracle
WARNING: disabling kde because cov matrix is singular for objectives acc & acc_val
WARNING: disabling kde because cov matrix is singular for objectives precision & recall
WARNING: disabling kde because cov matrix is singular for objectives precision & specificity
WARNING: disabling kde because cov matrix is singular for objectives precision & f1
WARNING: disabling kde because cov matrix is singular for objectives precision & auroc
WARNING: disabling kde because cov matrix is singular for objectives precision & binary_precision
WARNING: disabling kde because cov matrix is singular for objectives precision & binary_recall
WARNING: disabling kde because cov matrix is singular for objectives precision & binary_specificity
WARNING: disabling kde because cov matrix is singular for objectives precision & binary_f1_score
WARNING: disabling kde because cov matrix is singular for objectives precision & acc_oracle
WARNING: disabling kde because cov matrix is singular for objectives precision & acc_val
WARNING: disabling kde because cov matrix is singular for objectives recall & specificity
WARNING: disabling kde because cov matrix is singular for objectives recall & f1
WARNING: disabling kde because cov matrix is singular for objectives recall & auroc
WARNING: disabling kde because cov matrix is singular for objectives recall & binary_precision
WARNING: disabling kde because cov matrix is singular for objectives recall & binary_recall
WARNING: disabling kde because cov matrix is singular for objectives recall & binary_specificity
WARNING: disabling kde because cov matrix is singular for objectives recall & binary_f1_score
WARNING: disabling kde because cov matrix is singular for objectives recall & acc_oracle
WARNING: disabling kde because cov matrix is singular for objectives recall & acc_val
WARNING: disabling kde because cov matrix is singular for objectives specificity & f1
WARNING: disabling kde because cov matrix is singular for objectives specificity & auroc
WARNING: disabling kde because cov matrix is singular for objectives specificity & binary_precision
WARNING: disabling kde because cov matrix is singular for objectives specificity & binary_recall
WARNING: disabling kde because cov matrix is singular for objectives specificity & binary_specificity
WARNING: disabling kde because cov matrix is singular for objectives specificity & binary_f1_score
WARNING: disabling kde because cov matrix is singular for objectives specificity & acc_oracle
WARNING: disabling kde because cov matrix is singular for objectives specificity & acc_val
WARNING: disabling kde because cov matrix is singular for objectives f1 & auroc
WARNING: disabling kde because cov matrix is singular for objectives f1 & binary_precision
WARNING: disabling kde because cov matrix is singular for objectives f1 & binary_recall
WARNING: disabling kde because cov matrix is singular for objectives f1 & binary_specificity
WARNING: disabling kde because cov matrix is singular for objectives f1 & binary_f1_score
WARNING: disabling kde because cov matrix is singular for objectives f1 & acc_oracle
WARNING: disabling kde because cov matrix is singular for objectives f1 & acc_val
WARNING: disabling kde because cov matrix is singular for objectives auroc & binary_precision
WARNING: disabling kde because cov matrix is singular for objectives auroc & binary_recall
WARNING: disabling kde because cov matrix is singular for objectives auroc & binary_specificity
WARNING: disabling kde because cov matrix is singular for objectives auroc & binary_f1_score
WARNING: disabling kde because cov matrix is singular for objectives auroc & acc_oracle
WARNING: disabling kde because cov matrix is singular for objectives auroc & acc_val
WARNING: disabling kde because cov matrix is singular for objectives binary_precision & binary_recall
WARNING: disabling kde because cov matrix is singular for objectives binary_precision & binary_specificity
WARNING: disabling kde because cov matrix is singular for objectives binary_precision & binary_f1_score
WARNING: disabling kde because cov matrix is singular for objectives binary_precision & acc_oracle
WARNING: disabling kde because cov matrix is singular for objectives binary_precision & acc_val
WARNING: disabling kde because cov matrix is singular for objectives binary_recall & binary_specificity
WARNING: disabling kde because cov matrix is singular for objectives binary_recall & binary_f1_score
WARNING: disabling kde because cov matrix is singular for objectives binary_recall & acc_oracle
WARNING: disabling kde because cov matrix is singular for objectives binary_recall & acc_val
WARNING: disabling kde because cov matrix is singular for objectives binary_specificity & binary_f1_score
WARNING: disabling kde because cov matrix is singular for objectives binary_specificity & acc_oracle
WARNING: disabling kde because cov matrix is singular for objectives binary_specificity & acc_val
WARNING: disabling kde because cov matrix is singular for objectives binary_f1_score & acc_oracle
WARNING: disabling kde because cov matrix is singular for objectives binary_f1_score & acc_val
WARNING: disabling kde because cov matrix is singular for objectives acc_oracle & acc_val
WARNING: disabling kde because cov matrix is singular for objectives acc & precision
WARNING: disabling kde because cov matrix is singular for objectives acc & recall
WARNING: disabling kde because cov matrix is singular for objectives acc & specificity
WARNING: disabling kde because cov matrix is singular for objectives acc & f1
WARNING: disabling kde because cov matrix is singular for objectives acc & auroc
WARNING: disabling kde because cov matrix is singular for objectives acc & binary_precision
WARNING: disabling kde because cov matrix is singular for objectives acc & binary_recall
WARNING: disabling kde because cov matrix is singular for objectives acc & binary_specificity
WARNING: disabling kde because cov matrix is singular for objectives acc & binary_f1_score
WARNING: disabling kde because cov matrix is singular for objectives acc & acc_oracle
WARNING: disabling kde because cov matrix is singular for objectives acc & acc_val
WARNING: disabling kde because cov matrix is singular for objectives precision & recall
WARNING: disabling kde because cov matrix is singular for objectives precision & specificity
WARNING: disabling kde because cov matrix is singular for objectives precision & f1
WARNING: disabling kde because cov matrix is singular for objectives precision & auroc
WARNING: disabling kde because cov matrix is singular for objectives precision & binary_precision
WARNING: disabling kde because cov matrix is singular for objectives precision & binary_recall
WARNING: disabling kde because cov matrix is singular for objectives precision & binary_specificity
WARNING: disabling kde because cov matrix is singular for objectives precision & binary_f1_score
WARNING: disabling kde because cov matrix is singular for objectives precision & acc_oracle
WARNING: disabling kde because cov matrix is singular for objectives precision & acc_val
WARNING: disabling kde because cov matrix is singular for objectives recall & specificity
WARNING: disabling kde because cov matrix is singular for objectives recall & f1
WARNING: disabling kde because cov matrix is singular for objectives recall & auroc
WARNING: disabling kde because cov matrix is singular for objectives recall & binary_precision
WARNING: disabling kde because cov matrix is singular for objectives recall & binary_recall
WARNING: disabling kde because cov matrix is singular for objectives recall & binary_specificity
WARNING: disabling kde because cov matrix is singular for objectives recall & binary_f1_score
WARNING: disabling kde because cov matrix is singular for objectives recall & acc_oracle
WARNING: disabling kde because cov matrix is singular for objectives recall & acc_val
WARNING: disabling kde because cov matrix is singular for objectives specificity & f1
WARNING: disabling kde because cov matrix is singular for objectives specificity & auroc
WARNING: disabling kde because cov matrix is singular for objectives specificity & binary_precision
WARNING: disabling kde because cov matrix is singular for objectives specificity & binary_recall
WARNING: disabling kde because cov matrix is singular for objectives specificity & binary_specificity
WARNING: disabling kde because cov matrix is singular for objectives specificity & binary_f1_score
WARNING: disabling kde because cov matrix is singular for objectives specificity & acc_oracle
WARNING: disabling kde because cov matrix is singular for objectives specificity & acc_val
WARNING: disabling kde because cov matrix is singular for objectives f1 & auroc
WARNING: disabling kde because cov matrix is singular for objectives f1 & binary_precision
WARNING: disabling kde because cov matrix is singular for objectives f1 & binary_recall
WARNING: disabling kde because cov matrix is singular for objectives f1 & binary_specificity
WARNING: disabling kde because cov matrix is singular for objectives f1 & binary_f1_score
WARNING: disabling kde because cov matrix is singular for objectives f1 & acc_oracle
WARNING: disabling kde because cov matrix is singular for objectives f1 & acc_val
WARNING: disabling kde because cov matrix is singular for objectives auroc & binary_precision
WARNING: disabling kde because cov matrix is singular for objectives auroc & binary_recall
WARNING: disabling kde because cov matrix is singular for objectives auroc & binary_specificity
WARNING: disabling kde because cov matrix is singular for objectives auroc & binary_f1_score
WARNING: disabling kde because cov matrix is singular for objectives auroc & acc_oracle
WARNING: disabling kde because cov matrix is singular for objectives auroc & acc_val
WARNING: disabling kde because cov matrix is singular for objectives binary_precision & binary_recall
WARNING: disabling kde because cov matrix is singular for objectives binary_precision & binary_specificity
WARNING: disabling kde because cov matrix is singular for objectives binary_precision & binary_f1_score
WARNING: disabling kde because cov matrix is singular for objectives binary_precision & acc_oracle
WARNING: disabling kde because cov matrix is singular for objectives binary_precision & acc_val
WARNING: disabling kde because cov matrix is singular for objectives binary_recall & binary_specificity
WARNING: disabling kde because cov matrix is singular for objectives binary_recall & binary_f1_score
WARNING: disabling kde because cov matrix is singular for objectives binary_recall & acc_oracle
WARNING: disabling kde because cov matrix is singular for objectives binary_recall & acc_val
WARNING: disabling kde because cov matrix is singular for objectives binary_specificity & binary_f1_score
WARNING: disabling kde because cov matrix is singular for objectives binary_specificity & acc_oracle
WARNING: disabling kde because cov matrix is singular for objectives binary_specificity & acc_val
WARNING: disabling kde because cov matrix is singular for objectives binary_f1_score & acc_oracle
WARNING: disabling kde because cov matrix is singular for objectives binary_f1_score & acc_val
WARNING: disabling kde because cov matrix is singular for objectives acc_oracle & acc_val
[Tue Jun 18 15:06:15 2024]
Finished job 0.
1 of 1 steps (100%) done
