Failed to import backpack: cannot import name '_grad_input_padding' from 'torch.nn.grad' (/home/aih/sina.wendrich/miniconda3/envs/domainlab_py310/lib/python3.10/site-packages/torch/nn/grad.py)



no algorithm conf specified, going to use default



/ictstr01/groups/aih/sina.wendrich/MA_code/MA_thesis/DomainLab/domainlab/arg_parser.py:365: UserWarning: no algorithm conf specified, going to use default
  warnings.warn("no algorithm conf specified, going to use default")

overriding args.task None to dset


using device: cuda

/home/aih/sina.wendrich/miniconda3/envs/domainlab_py310/lib/python3.10/site-packages/torch/nn/_reduction.py:42: UserWarning: size_average and reduce args will be deprecated, please use reduction='sum' instead.
  warnings.warn(warning.format(ret))
/home/aih/sina.wendrich/miniconda3/envs/domainlab_py310/lib/python3.10/site-packages/torchmetrics/utilities/prints.py:36: UserWarning: Metric `AUROC` will save all targets and predictions in buffer. For large datasets this may lead to large memory footprint.
  warnings.warn(*args, **kwargs)



!!!: not committed yet
/ictstr01/groups/aih/sina.wendrich/MA_code/MA_thesis/DomainLab/domainlab/utils/get_git_tag.py:16: UserWarning: !!!: not committed yet
  warnings.warn("!!!: not committed yet")



b'e948af6'
model name: dset_te_center4_dann_be948af6_not_commited_2024md_05md_22_16_14_45_seed_0_20738517

 Experiment start at: 2024-05-22 16:14:45.839338
epoch: 1
---- Training Domain: 
scalar performance:
{'acc': 0.9759365, 'precision': 0.48796824, 'recall': 0.5, 'specificity': 0.5, 'f1': 0.49391088, 'auroc': 0.5556464, 'binary_precision': 0.0, 'binary_recall': 0.0, 'binary_specificity': 1.0, 'binary_f1_score': 0.0}
---- Validation: 
scalar performance:
{'acc': 0.9757961, 'precision': 0.48789805, 'recall': 0.5, 'specificity': 0.5, 'f1': 0.4938749, 'auroc': 0.5589942, 'binary_precision': 0.0, 'binary_recall': 0.0, 'binary_specificity': 1.0, 'binary_f1_score': 0.0}
---- Test Domain (oracle): 
scalar performance:
{'acc': 0.9236702, 'precision': 0.4618351, 'recall': 0.5, 'specificity': 0.5, 'f1': 0.48016036, 'auroc': 0.50853974, 'binary_precision': 0.0, 'binary_recall': 0.0, 'binary_specificity': 1.0, 'binary_f1_score': 0.0}
t-SNE plot saved as zoutput/tsne/t-SNE_Test_center4_20738517.png
new oracle model saved
better model found
persisted
after epoch: 1,now: 2024-05-22 17:11:37.850856,epoch time: 0:56:52.011518,used: 0:56:52.011518,model: dset_te_center4_dann_be948af6_not_commited_2024md_05md_22_16_14_45_seed_0_20738517
working direcotry: /ictstr01/groups/aih/sina.wendrich/MA_code/MA_thesis
epoch: 2
---- Training Domain: 
scalar performance:
{'acc': 0.9759365, 'precision': 0.48796824, 'recall': 0.5, 'specificity': 0.5, 'f1': 0.49391088, 'auroc': 0.7364334, 'binary_precision': 0.0, 'binary_recall': 0.0, 'binary_specificity': 1.0, 'binary_f1_score': 0.0}
---- Validation: 
scalar performance:
{'acc': 0.9757961, 'precision': 0.48789805, 'recall': 0.5, 'specificity': 0.5, 'f1': 0.4938749, 'auroc': 0.7625567, 'binary_precision': 0.0, 'binary_recall': 0.0, 'binary_specificity': 1.0, 'binary_f1_score': 0.0}
---- Test Domain (oracle): 
scalar performance:
{'acc': 0.9236702, 'precision': 0.4618351, 'recall': 0.5, 'specificity': 0.5, 'f1': 0.48016036, 'auroc': 0.63038176, 'binary_precision': 0.0, 'binary_recall': 0.0, 'binary_specificity': 1.0, 'binary_f1_score': 0.0}
t-SNE plot saved as zoutput/tsne/t-SNE_Test_center4_20738517.png
early stop counter: 1
val acc:0.975796103477478, best validation acc: 0.975796103477478, corresponding to test acc:                         0.9236701726913452 / 0.9236701726913452
after epoch: 2,now: 2024-05-22 18:06:41.637848,epoch time: 0:55:03.786992,used: 1:51:55.798510,model: dset_te_center4_dann_be948af6_not_commited_2024md_05md_22_16_14_45_seed_0_20738517
working direcotry: /ictstr01/groups/aih/sina.wendrich/MA_code/MA_thesis
epoch: 3
---- Training Domain: 
scalar performance:
{'acc': 0.97596157, 'precision': 0.48798078, 'recall': 0.5, 'specificity': 0.5, 'f1': 0.4939173, 'auroc': 0.7195692, 'binary_precision': 0.0, 'binary_recall': 0.0, 'binary_specificity': 1.0, 'binary_f1_score': 0.0}
---- Validation: 
scalar performance:
{'acc': 0.9757961, 'precision': 0.48789805, 'recall': 0.5, 'specificity': 0.5, 'f1': 0.4938749, 'auroc': 0.7564246, 'binary_precision': 0.0, 'binary_recall': 0.0, 'binary_specificity': 1.0, 'binary_f1_score': 0.0}
---- Test Domain (oracle): 
scalar performance:
{'acc': 0.9236702, 'precision': 0.4618351, 'recall': 0.5, 'specificity': 0.5, 'f1': 0.48016036, 'auroc': 0.6578095, 'binary_precision': 0.0, 'binary_recall': 0.0, 'binary_specificity': 1.0, 'binary_f1_score': 0.0}
t-SNE plot saved as zoutput/tsne/t-SNE_Test_center4_20738517.png
early stop counter: 2
val acc:0.975796103477478, best validation acc: 0.975796103477478, corresponding to test acc:                         0.9236701726913452 / 0.9236701726913452
after epoch: 3,now: 2024-05-22 19:03:58.771993,epoch time: 0:57:17.134145,used: 2:49:12.932655,model: dset_te_center4_dann_be948af6_not_commited_2024md_05md_22_16_14_45_seed_0_20738517
working direcotry: /ictstr01/groups/aih/sina.wendrich/MA_code/MA_thesis
epoch: 4
---- Training Domain: 
scalar performance:
{'acc': 0.97596157, 'precision': 0.48798078, 'recall': 0.5, 'specificity': 0.5, 'f1': 0.4939173, 'auroc': 0.7660136, 'binary_precision': 0.0, 'binary_recall': 0.0, 'binary_specificity': 1.0, 'binary_f1_score': 0.0}
---- Validation: 
scalar performance:
{'acc': 0.9757961, 'precision': 0.48789805, 'recall': 0.5, 'specificity': 0.5, 'f1': 0.4938749, 'auroc': 0.78348505, 'binary_precision': 0.0, 'binary_recall': 0.0, 'binary_specificity': 1.0, 'binary_f1_score': 0.0}
---- Test Domain (oracle): 
scalar performance:
{'acc': 0.9236702, 'precision': 0.4618351, 'recall': 0.5, 'specificity': 0.5, 'f1': 0.48016036, 'auroc': 0.6567004, 'binary_precision': 0.0, 'binary_recall': 0.0, 'binary_specificity': 1.0, 'binary_f1_score': 0.0}
t-SNE plot saved as zoutput/tsne/t-SNE_Test_center4_20738517.png
early stop counter: 3
val acc:0.975796103477478, best validation acc: 0.975796103477478, corresponding to test acc:                         0.9236701726913452 / 0.9236701726913452
after epoch: 4,now: 2024-05-22 19:53:27.995239,epoch time: 0:49:29.223246,used: 3:38:42.155901,model: dset_te_center4_dann_be948af6_not_commited_2024md_05md_22_16_14_45_seed_0_20738517
working direcotry: /ictstr01/groups/aih/sina.wendrich/MA_code/MA_thesis
epoch: 5
---- Training Domain: 
scalar performance:
{'acc': 0.9759365, 'precision': 0.48796824, 'recall': 0.5, 'specificity': 0.5, 'f1': 0.49391088, 'auroc': 0.8091562, 'binary_precision': 0.0, 'binary_recall': 0.0, 'binary_specificity': 1.0, 'binary_f1_score': 0.0}
---- Validation: 
scalar performance:
{'acc': 0.9757961, 'precision': 0.48789805, 'recall': 0.5, 'specificity': 0.5, 'f1': 0.4938749, 'auroc': 0.83575207, 'binary_precision': 0.0, 'binary_recall': 0.0, 'binary_specificity': 1.0, 'binary_f1_score': 0.0}
---- Test Domain (oracle): 
scalar performance:
{'acc': 0.9236702, 'precision': 0.4618351, 'recall': 0.5, 'specificity': 0.5, 'f1': 0.48016036, 'auroc': 0.66408694, 'binary_precision': 0.0, 'binary_recall': 0.0, 'binary_specificity': 1.0, 'binary_f1_score': 0.0}
t-SNE plot saved as zoutput/tsne/t-SNE_Test_center4_20738517.png
early stop counter: 4
val acc:0.975796103477478, best validation acc: 0.975796103477478, corresponding to test acc:                         0.9236701726913452 / 0.9236701726913452
after epoch: 5,now: 2024-05-22 20:41:07.390714,epoch time: 0:47:39.395475,used: 4:26:21.551376,model: dset_te_center4_dann_be948af6_not_commited_2024md_05md_22_16_14_45_seed_0_20738517
working direcotry: /ictstr01/groups/aih/sina.wendrich/MA_code/MA_thesis
epoch: 6
---- Training Domain: 
scalar performance:
{'acc': 0.9759365, 'precision': 0.48796824, 'recall': 0.5, 'specificity': 0.5, 'f1': 0.49391088, 'auroc': 0.86721516, 'binary_precision': 0.0, 'binary_recall': 0.0, 'binary_specificity': 1.0, 'binary_f1_score': 0.0}
---- Validation: 
scalar performance:
{'acc': 0.9757961, 'precision': 0.48789805, 'recall': 0.5, 'specificity': 0.5, 'f1': 0.4938749, 'auroc': 0.888993, 'binary_precision': 0.0, 'binary_recall': 0.0, 'binary_specificity': 1.0, 'binary_f1_score': 0.0}
---- Test Domain (oracle): 
scalar performance:
{'acc': 0.9236702, 'precision': 0.4618351, 'recall': 0.5, 'specificity': 0.5, 'f1': 0.48016036, 'auroc': 0.80727935, 'binary_precision': 0.0, 'binary_recall': 0.0, 'binary_specificity': 1.0, 'binary_f1_score': 0.0}
t-SNE plot saved as zoutput/tsne/t-SNE_Test_center4_20738517.png
early stop counter: 5
val acc:0.975796103477478, best validation acc: 0.975796103477478, corresponding to test acc:                         0.9236701726913452 / 0.9236701726913452
after epoch: 6,now: 2024-05-22 21:29:02.779483,epoch time: 0:47:55.388769,used: 5:14:16.940145,model: dset_te_center4_dann_be948af6_not_commited_2024md_05md_22_16_14_45_seed_0_20738517
working direcotry: /ictstr01/groups/aih/sina.wendrich/MA_code/MA_thesis
epoch: 7
---- Training Domain: 
scalar performance:
{'acc': 0.97596157, 'precision': 0.48798078, 'recall': 0.5, 'specificity': 0.5, 'f1': 0.4939173, 'auroc': 0.8925704, 'binary_precision': 0.0, 'binary_recall': 0.0, 'binary_specificity': 1.0, 'binary_f1_score': 0.0}
---- Validation: 
scalar performance:
{'acc': 0.9757961, 'precision': 0.48789805, 'recall': 0.5, 'specificity': 0.5, 'f1': 0.4938749, 'auroc': 0.902194, 'binary_precision': 0.0, 'binary_recall': 0.0, 'binary_specificity': 1.0, 'binary_f1_score': 0.0}
---- Test Domain (oracle): 
scalar performance:
{'acc': 0.9236702, 'precision': 0.4618351, 'recall': 0.5, 'specificity': 0.5, 'f1': 0.48016036, 'auroc': 0.83459604, 'binary_precision': 0.0, 'binary_recall': 0.0, 'binary_specificity': 1.0, 'binary_f1_score': 0.0}
t-SNE plot saved as zoutput/tsne/t-SNE_Test_center4_20738517.png
early stop counter: 6
val acc:0.975796103477478, best validation acc: 0.975796103477478, corresponding to test acc:                         0.9236701726913452 / 0.9236701726913452
after epoch: 7,now: 2024-05-22 22:17:22.427190,epoch time: 0:48:19.647707,used: 6:02:36.587852,model: dset_te_center4_dann_be948af6_not_commited_2024md_05md_22_16_14_45_seed_0_20738517
working direcotry: /ictstr01/groups/aih/sina.wendrich/MA_code/MA_thesis
slurmstepd: error: *** JOB 20738517 ON gpusrv48 CANCELLED AT 2024-05-22T22:40:57 ***
