Building DAG of jobs...
Using shell: /usr/bin/bash
Provided cores: 2
Rules claiming more threads will be scaled down.
Provided resources: mem_mb=100000, mem_mib=95368, disk_mb=1000, disk_mib=954, nvidia_gpu=1
Select jobs to execute...

[Thu Jun 13 14:58:36 2024]
rule run_experiment:
    input: zoutput/benchmarks/CAMELYON_center0_erm_vit_resnet_dinov2_bs16_different_learningrates/hyperparameters.csv
    output: zoutput/benchmarks/CAMELYON_center0_erm_vit_resnet_dinov2_bs16_different_learningrates/rule_results/6.csv
    jobid: 0
    reason: Forced execution
    wildcards: index=6
    resources: mem_mb=100000, mem_mib=95368, disk_mb=1000, disk_mib=954, tmpdir=/tmp, partition=gpu_p, qos=gpu_normal, nvidia_gpu=1

Failed to import backpack: cannot import name '_grad_input_padding' from 'torch.nn.grad' (/home/aih/sina.wendrich/miniconda3/envs/domainlab_py310/lib/python3.10/site-packages/torch/nn/grad.py)

overriding args.task None to dset


using device: cpu

/home/aih/sina.wendrich/miniconda3/envs/domainlab_py310/lib/python3.10/site-packages/torch/nn/_reduction.py:42: UserWarning: size_average and reduce args will be deprecated, please use reduction='sum' instead.
  warnings.warn(warning.format(ret))
/home/aih/sina.wendrich/miniconda3/envs/domainlab_py310/lib/python3.10/site-packages/torchmetrics/utilities/prints.py:36: UserWarning: Metric `AUROC` will save all targets and predictions in buffer. For large datasets this may lead to large memory footprint.
  warnings.warn(*args, **kwargs)



!!!: not committed yet
/ictstr01/groups/aih/sina.wendrich/MA_code/MA_thesis/DomainLab/domainlab/utils/get_git_tag.py:16: UserWarning: !!!: not committed yet
  warnings.warn("!!!: not committed yet")



b'44271c83'
model name: dset_te_center0_erm_b44271c83_not_commited_2024md_06md_13_15_07_27_seed_0_21308483

 Experiment start at: 2024-06-13 15:07:27.885592
before training, model accuracy: 0.9563758373260498
slurmstepd: error: *** JOB 21308483 ON gpusrv30 CANCELLED AT 2024-06-13T15:57:30 ***
