Building DAG of jobs...
Using shell: /usr/bin/bash
Provided cores: 2
Rules claiming more threads will be scaled down.
Provided resources: mem_mb=100000, mem_mib=95368, disk_mb=1000, disk_mib=954, nvidia_gpu=1
Select jobs to execute...

[Wed Jun  5 11:10:59 2024]
rule parameter_sampling:
    input: /ictstr01/groups/aih/sina.wendrich/MA_code/MA_thesis/conf/CAMELYON_benchmark.yaml
    output: zoutput/benchmarks/CAMELYON_center0_irm_vit_resnet_dinov2_bs16_lr1e-6/hyperparameters.csv
    jobid: 1
    reason: Missing output files: zoutput/benchmarks/CAMELYON_center0_irm_vit_resnet_dinov2_bs16_lr1e-6/hyperparameters.csv
    resources: mem_mb=100000, mem_mib=95368, disk_mb=1000, disk_mib=954, tmpdir=/tmp, partition=gpu_p, qos=gpu_normal




!!!: not committed yet
/ictstr01/groups/aih/sina.wendrich/MA_code/MA_thesis/DomainLab/domainlab/utils/get_git_tag.py:16: UserWarning: !!!: not committed yet
  warnings.warn("!!!: not committed yet")



b'44271c83'
WorkflowError:
Error recording metadata for finished job ([Errno 2] No such file or directory: '/ictstr01/groups/aih/sina.wendrich/MA_code/MA_thesis/DomainLab/.snakemake/incomplete/em91dHB1dC9iZW5jaG1hcmtzL0NBTUVMWU9OX2NlbnRlcjBfaXJtX3ZpdF9yZXNuZXRfZGlub3YyX2JzMTZfbHIxZS02L2h5cGVycGFyYW1ldGVycy5jc3Y='). Please ensure write permissions for the directory /ictstr01/groups/aih/sina.wendrich/MA_code/MA_thesis/DomainLab/.snakemake
Shutting down, this might take some time.
Exiting because a job execution failed. Look above for error message
