Building DAG of jobs...
Using shell: /usr/bin/bash
Provided cores: 2
Rules claiming more threads will be scaled down.
Provided resources: mem_mb=100000, mem_mib=95368, disk_mb=1000, disk_mib=954, nvidia_gpu=1
Select jobs to execute...

[Wed May 29 10:41:20 2024]
rule run_experiment:
    input: zoutput/benchmarks/CAMELYON_center0_irm_vit_resnet_dinov2_bs16_lr1e-6/hyperparameters.csv
    output: zoutput/benchmarks/CAMELYON_center0_irm_vit_resnet_dinov2_bs16_lr1e-6/rule_results/10.csv
    jobid: 0
    reason: Forced execution
    wildcards: index=10
    resources: mem_mb=100000, mem_mib=95368, disk_mb=1000, disk_mib=954, tmpdir=/tmp, partition=gpu_p, qos=gpu_normal, nvidia_gpu=1

Failed to import backpack: cannot import name '_grad_input_padding' from 'torch.nn.grad' (/home/aih/sina.wendrich/miniconda3/envs/domainlab_py310/lib/python3.10/site-packages/torch/nn/grad.py)
before experiment loop: 
|===========================================================================|
|                  PyTorch CUDA memory summary, device ID 0                 |
|---------------------------------------------------------------------------|
|            CUDA OOMs: 0            |        cudaMalloc retries: 0         |
|===========================================================================|
|        Metric         | Cur Usage  | Peak Usage | Tot Alloc  | Tot Freed  |
|---------------------------------------------------------------------------|
| Allocated memory      |      0 B   |      0 B   |      0 B   |      0 B   |
|       from large pool |      0 B   |      0 B   |      0 B   |      0 B   |
|       from small pool |      0 B   |      0 B   |      0 B   |      0 B   |
|---------------------------------------------------------------------------|
| Active memory         |      0 B   |      0 B   |      0 B   |      0 B   |
|       from large pool |      0 B   |      0 B   |      0 B   |      0 B   |
|       from small pool |      0 B   |      0 B   |      0 B   |      0 B   |
|---------------------------------------------------------------------------|
| Requested memory      |      0 B   |      0 B   |      0 B   |      0 B   |
|       from large pool |      0 B   |      0 B   |      0 B   |      0 B   |
|       from small pool |      0 B   |      0 B   |      0 B   |      0 B   |
|---------------------------------------------------------------------------|
| GPU reserved memory   |      0 B   |      0 B   |      0 B   |      0 B   |
|       from large pool |      0 B   |      0 B   |      0 B   |      0 B   |
|       from small pool |      0 B   |      0 B   |      0 B   |      0 B   |
|---------------------------------------------------------------------------|
| Non-releasable memory |      0 B   |      0 B   |      0 B   |      0 B   |
|       from large pool |      0 B   |      0 B   |      0 B   |      0 B   |
|       from small pool |      0 B   |      0 B   |      0 B   |      0 B   |
|---------------------------------------------------------------------------|
| Allocations           |       0    |       0    |       0    |       0    |
|       from large pool |       0    |       0    |       0    |       0    |
|       from small pool |       0    |       0    |       0    |       0    |
|---------------------------------------------------------------------------|
| Active allocs         |       0    |       0    |       0    |       0    |
|       from large pool |       0    |       0    |       0    |       0    |
|       from small pool |       0    |       0    |       0    |       0    |
|---------------------------------------------------------------------------|
| GPU reserved segments |       0    |       0    |       0    |       0    |
|       from large pool |       0    |       0    |       0    |       0    |
|       from small pool |       0    |       0    |       0    |       0    |
|---------------------------------------------------------------------------|
| Non-releasable allocs |       0    |       0    |       0    |       0    |
|       from large pool |       0    |       0    |       0    |       0    |
|       from small pool |       0    |       0    |       0    |       0    |
|---------------------------------------------------------------------------|
| Oversize allocations  |       0    |       0    |       0    |       0    |
|---------------------------------------------------------------------------|
| Oversize GPU segments |       0    |       0    |       0    |       0    |
|===========================================================================|

before experiment starts
|===========================================================================|
|                  PyTorch CUDA memory summary, device ID 0                 |
|---------------------------------------------------------------------------|
|            CUDA OOMs: 0            |        cudaMalloc retries: 0         |
|===========================================================================|
|        Metric         | Cur Usage  | Peak Usage | Tot Alloc  | Tot Freed  |
|---------------------------------------------------------------------------|
| Allocated memory      |      0 B   |      0 B   |      0 B   |      0 B   |
|       from large pool |      0 B   |      0 B   |      0 B   |      0 B   |
|       from small pool |      0 B   |      0 B   |      0 B   |      0 B   |
|---------------------------------------------------------------------------|
| Active memory         |      0 B   |      0 B   |      0 B   |      0 B   |
|       from large pool |      0 B   |      0 B   |      0 B   |      0 B   |
|       from small pool |      0 B   |      0 B   |      0 B   |      0 B   |
|---------------------------------------------------------------------------|
| Requested memory      |      0 B   |      0 B   |      0 B   |      0 B   |
|       from large pool |      0 B   |      0 B   |      0 B   |      0 B   |
|       from small pool |      0 B   |      0 B   |      0 B   |      0 B   |
|---------------------------------------------------------------------------|
| GPU reserved memory   |      0 B   |      0 B   |      0 B   |      0 B   |
|       from large pool |      0 B   |      0 B   |      0 B   |      0 B   |
|       from small pool |      0 B   |      0 B   |      0 B   |      0 B   |
|---------------------------------------------------------------------------|
| Non-releasable memory |      0 B   |      0 B   |      0 B   |      0 B   |
|       from large pool |      0 B   |      0 B   |      0 B   |      0 B   |
|       from small pool |      0 B   |      0 B   |      0 B   |      0 B   |
|---------------------------------------------------------------------------|
| Allocations           |       0    |       0    |       0    |       0    |
|       from large pool |       0    |       0    |       0    |       0    |
|       from small pool |       0    |       0    |       0    |       0    |
|---------------------------------------------------------------------------|
| Active allocs         |       0    |       0    |       0    |       0    |
|       from large pool |       0    |       0    |       0    |       0    |
|       from small pool |       0    |       0    |       0    |       0    |
|---------------------------------------------------------------------------|
| GPU reserved segments |       0    |       0    |       0    |       0    |
|       from large pool |       0    |       0    |       0    |       0    |
|       from small pool |       0    |       0    |       0    |       0    |
|---------------------------------------------------------------------------|
| Non-releasable allocs |       0    |       0    |       0    |       0    |
|       from large pool |       0    |       0    |       0    |       0    |
|       from small pool |       0    |       0    |       0    |       0    |
|---------------------------------------------------------------------------|
| Oversize allocations  |       0    |       0    |       0    |       0    |
|---------------------------------------------------------------------------|
| Oversize GPU segments |       0    |       0    |       0    |       0    |
|===========================================================================|


overriding args.task None to dset


using device: cuda:0

/home/aih/sina.wendrich/miniconda3/envs/domainlab_py310/lib/python3.10/site-packages/torch/nn/_reduction.py:42: UserWarning: size_average and reduce args will be deprecated, please use reduction='sum' instead.
  warnings.warn(warning.format(ret))
/home/aih/sina.wendrich/miniconda3/envs/domainlab_py310/lib/python3.10/site-packages/torchmetrics/utilities/prints.py:36: UserWarning: Metric `AUROC` will save all targets and predictions in buffer. For large datasets this may lead to large memory footprint.
  warnings.warn(*args, **kwargs)



!!!: not committed yet
/ictstr01/groups/aih/sina.wendrich/MA_code/MA_thesis/DomainLab/domainlab/utils/get_git_tag.py:16: UserWarning: !!!: not committed yet
  warnings.warn("!!!: not committed yet")



b'44271c83'
model name: dset_te_center0_erm_b44271c83_not_commited_2024md_05md_29_10_47_55_seed_0_20986464

 Experiment start at: 2024-05-29 10:47:55.635085
before training, model accuracy: 0.2401725947856903
epoch: 1
---- Training Domain: 
scalar performance:
{'acc': 0.9633723, 'precision': 0.55937994, 'recall': 0.50794333, 'specificity': 0.50794333, 'f1': 0.5081148, 'auroc': 0.6196009, 'binary_precision': 0.15183246, 'binary_recall': 0.01971448, 'binary_specificity': 0.99617213, 'binary_f1_score': 0.034897715}
confusion matrix:
       0    1
0  42159  162
1   1442   29
---- Validation: 
scalar performance:
{'acc': 0.96152616, 'precision': 0.49477306, 'recall': 0.49929613, 'specificity': 0.49929613, 'f1': 0.49294284, 'auroc': 0.5362136, 'binary_precision': 0.023809524, 'binary_recall': 0.00311042, 'binary_specificity': 0.99548185, 'binary_f1_score': 0.0055020633}
confusion matrix:
       0   1
0  18067  82
1    641   2
---- Test Domain (oracle): 
scalar performance:
{'acc': 0.95557684, 'precision': 0.4790899, 'recall': 0.49858263, 'specificity': 0.49858263, 'f1': 0.48864195, 'auroc': 0.52633274, 'binary_precision': 0.0, 'binary_recall': 0.0, 'binary_specificity': 0.99716526, 'binary_f1_score': 0.0}
confusion matrix:
      0   1
0  5980  17
1   261   0
t-SNE plot saved as zoutput/tsne/t-SNE_Test_center0_20986464.png
new oracle model saved
better model found
persisted
after epoch: 1,now: 2024-05-29 11:12:03.100809,epoch time: 0:24:07.465724,used: 0:24:07.465724,model: dset_te_center0_erm_b44271c83_not_commited_2024md_05md_29_10_47_55_seed_0_20986464
working direcotry: /ictstr01/groups/aih/sina.wendrich/MA_code/MA_thesis/DomainLab
epoch: 2
---- Training Domain: 
scalar performance:
{'acc': 0.96599835, 'precision': 0.6700206, 'recall': 0.50799567, 'specificity': 0.50799567, 'f1': 0.50759184, 'auroc': 0.7249756, 'binary_precision': 0.37313432, 'binary_recall': 0.016983695, 'binary_specificity': 0.9990076, 'binary_f1_score': 0.03248863}
confusion matrix:
       0   1
0  42278  42
1   1447  25
---- Validation: 
scalar performance:
{'acc': 0.9650915, 'precision': 0.541753, 'recall': 0.50114197, 'specificity': 0.50114197, 'f1': 0.4941472, 'auroc': 0.68250835, 'binary_precision': 0.11764706, 'binary_recall': 0.00311042, 'binary_specificity': 0.9991735, 'binary_f1_score': 0.0060606063}
confusion matrix:
       0   1
0  18134  15
1    641   2
---- Test Domain (oracle): 
scalar performance:
{'acc': 0.9574944, 'precision': 0.47913003, 'recall': 0.49958313, 'specificity': 0.49958313, 'f1': 0.48914286, 'auroc': 0.6871138, 'binary_precision': 0.0, 'binary_recall': 0.0, 'binary_specificity': 0.99916625, 'binary_f1_score': 0.0}
confusion matrix:
      0  1
0  5992  5
1   261  0
t-SNE plot saved as zoutput/tsne/t-SNE_Test_center0_20986464.png
[Wed May 29 11:30:27 2024]
Error in rule run_experiment:
    jobid: 0
    input: zoutput/benchmarks/CAMELYON_center0_irm_vit_resnet_dinov2_bs16_lr1e-6/hyperparameters.csv
    output: zoutput/benchmarks/CAMELYON_center0_irm_vit_resnet_dinov2_bs16_lr1e-6/rule_results/10.csv

RuleException:
RuntimeError in file /ictstr01/groups/aih/sina.wendrich/MA_code/MA_thesis/DomainLab/domainlab/exp_protocol/benchmark.smk, line 161:
[enforce fail at inline_container.cc:595] . unexpected pos 42970816 vs 42970640
  File "/ictstr01/groups/aih/sina.wendrich/MA_code/MA_thesis/DomainLab/domainlab/exp_protocol/benchmark.smk", line 161, in __rule_run_experiment
  File "/ictstr01/groups/aih/sina.wendrich/MA_code/MA_thesis/DomainLab/domainlab/exp_protocol/run_experiment.py", line 172, in run_experiment
  File "/ictstr01/groups/aih/sina.wendrich/MA_code/MA_thesis/DomainLab/domainlab/exp/exp_main.py", line 77, in execute
  File "/ictstr01/groups/aih/sina.wendrich/MA_code/MA_thesis/DomainLab/domainlab/algos/trainers/train_irm.py", line 49, in tr_epoch
  File "/ictstr01/groups/aih/sina.wendrich/MA_code/MA_thesis/DomainLab/domainlab/algos/observers/b_obvisitor.py", line 60, in update
  File "/ictstr01/groups/aih/sina.wendrich/MA_code/MA_thesis/DomainLab/domainlab/algos/msels/a_model_sel.py", line 63, in update
  File "/ictstr01/groups/aih/sina.wendrich/MA_code/MA_thesis/DomainLab/domainlab/algos/msels/c_msel_oracle.py", line 37, in base_update
  File "/ictstr01/groups/aih/sina.wendrich/MA_code/MA_thesis/DomainLab/domainlab/models/a_model.py", line 159, in save
  File "/ictstr01/groups/aih/sina.wendrich/MA_code/MA_thesis/DomainLab/domainlab/exp/exp_utils.py", line 88, in save
  File "/home/aih/sina.wendrich/miniconda3/envs/domainlab_py310/lib/python3.10/site-packages/torch/serialization.py", line 627, in save
  File "/home/aih/sina.wendrich/miniconda3/envs/domainlab_py310/lib/python3.10/site-packages/torch/serialization.py", line 475, in __exit__
  File "/home/aih/sina.wendrich/miniconda3/envs/domainlab_py310/lib/python3.10/concurrent/futures/thread.py", line 58, in run
Shutting down, this might take some time.
Exiting because a job execution failed. Look above for error message
