Building DAG of jobs...
Using shell: /usr/bin/bash
Provided cores: 2
Rules claiming more threads will be scaled down.
Provided resources: mem_mb=100000, mem_mib=95368, disk_mb=1000, disk_mib=954, nvidia_gpu=1
Select jobs to execute...

[Wed May 29 10:41:20 2024]
rule run_experiment:
    input: zoutput/benchmarks/CAMELYON_center0_irm_vit_resnet_dinov2_bs16_lr1e-6/hyperparameters.csv
    output: zoutput/benchmarks/CAMELYON_center0_irm_vit_resnet_dinov2_bs16_lr1e-6/rule_results/4.csv
    jobid: 0
    reason: Forced execution
    wildcards: index=4
    resources: mem_mb=100000, mem_mib=95368, disk_mb=1000, disk_mib=954, tmpdir=/tmp, partition=gpu_p, qos=gpu_normal, nvidia_gpu=1

Failed to import backpack: cannot import name '_grad_input_padding' from 'torch.nn.grad' (/home/aih/sina.wendrich/miniconda3/envs/domainlab_py310/lib/python3.10/site-packages/torch/nn/grad.py)
before experiment loop: 
|===========================================================================|
|                  PyTorch CUDA memory summary, device ID 0                 |
|---------------------------------------------------------------------------|
|            CUDA OOMs: 0            |        cudaMalloc retries: 0         |
|===========================================================================|
|        Metric         | Cur Usage  | Peak Usage | Tot Alloc  | Tot Freed  |
|---------------------------------------------------------------------------|
| Allocated memory      |      0 B   |      0 B   |      0 B   |      0 B   |
|       from large pool |      0 B   |      0 B   |      0 B   |      0 B   |
|       from small pool |      0 B   |      0 B   |      0 B   |      0 B   |
|---------------------------------------------------------------------------|
| Active memory         |      0 B   |      0 B   |      0 B   |      0 B   |
|       from large pool |      0 B   |      0 B   |      0 B   |      0 B   |
|       from small pool |      0 B   |      0 B   |      0 B   |      0 B   |
|---------------------------------------------------------------------------|
| Requested memory      |      0 B   |      0 B   |      0 B   |      0 B   |
|       from large pool |      0 B   |      0 B   |      0 B   |      0 B   |
|       from small pool |      0 B   |      0 B   |      0 B   |      0 B   |
|---------------------------------------------------------------------------|
| GPU reserved memory   |      0 B   |      0 B   |      0 B   |      0 B   |
|       from large pool |      0 B   |      0 B   |      0 B   |      0 B   |
|       from small pool |      0 B   |      0 B   |      0 B   |      0 B   |
|---------------------------------------------------------------------------|
| Non-releasable memory |      0 B   |      0 B   |      0 B   |      0 B   |
|       from large pool |      0 B   |      0 B   |      0 B   |      0 B   |
|       from small pool |      0 B   |      0 B   |      0 B   |      0 B   |
|---------------------------------------------------------------------------|
| Allocations           |       0    |       0    |       0    |       0    |
|       from large pool |       0    |       0    |       0    |       0    |
|       from small pool |       0    |       0    |       0    |       0    |
|---------------------------------------------------------------------------|
| Active allocs         |       0    |       0    |       0    |       0    |
|       from large pool |       0    |       0    |       0    |       0    |
|       from small pool |       0    |       0    |       0    |       0    |
|---------------------------------------------------------------------------|
| GPU reserved segments |       0    |       0    |       0    |       0    |
|       from large pool |       0    |       0    |       0    |       0    |
|       from small pool |       0    |       0    |       0    |       0    |
|---------------------------------------------------------------------------|
| Non-releasable allocs |       0    |       0    |       0    |       0    |
|       from large pool |       0    |       0    |       0    |       0    |
|       from small pool |       0    |       0    |       0    |       0    |
|---------------------------------------------------------------------------|
| Oversize allocations  |       0    |       0    |       0    |       0    |
|---------------------------------------------------------------------------|
| Oversize GPU segments |       0    |       0    |       0    |       0    |
|===========================================================================|

before experiment starts
|===========================================================================|
|                  PyTorch CUDA memory summary, device ID 0                 |
|---------------------------------------------------------------------------|
|            CUDA OOMs: 0            |        cudaMalloc retries: 0         |
|===========================================================================|
|        Metric         | Cur Usage  | Peak Usage | Tot Alloc  | Tot Freed  |
|---------------------------------------------------------------------------|
| Allocated memory      |      0 B   |      0 B   |      0 B   |      0 B   |
|       from large pool |      0 B   |      0 B   |      0 B   |      0 B   |
|       from small pool |      0 B   |      0 B   |      0 B   |      0 B   |
|---------------------------------------------------------------------------|
| Active memory         |      0 B   |      0 B   |      0 B   |      0 B   |
|       from large pool |      0 B   |      0 B   |      0 B   |      0 B   |
|       from small pool |      0 B   |      0 B   |      0 B   |      0 B   |
|---------------------------------------------------------------------------|
| Requested memory      |      0 B   |      0 B   |      0 B   |      0 B   |
|       from large pool |      0 B   |      0 B   |      0 B   |      0 B   |
|       from small pool |      0 B   |      0 B   |      0 B   |      0 B   |
|---------------------------------------------------------------------------|
| GPU reserved memory   |      0 B   |      0 B   |      0 B   |      0 B   |
|       from large pool |      0 B   |      0 B   |      0 B   |      0 B   |
|       from small pool |      0 B   |      0 B   |      0 B   |      0 B   |
|---------------------------------------------------------------------------|
| Non-releasable memory |      0 B   |      0 B   |      0 B   |      0 B   |
|       from large pool |      0 B   |      0 B   |      0 B   |      0 B   |
|       from small pool |      0 B   |      0 B   |      0 B   |      0 B   |
|---------------------------------------------------------------------------|
| Allocations           |       0    |       0    |       0    |       0    |
|       from large pool |       0    |       0    |       0    |       0    |
|       from small pool |       0    |       0    |       0    |       0    |
|---------------------------------------------------------------------------|
| Active allocs         |       0    |       0    |       0    |       0    |
|       from large pool |       0    |       0    |       0    |       0    |
|       from small pool |       0    |       0    |       0    |       0    |
|---------------------------------------------------------------------------|
| GPU reserved segments |       0    |       0    |       0    |       0    |
|       from large pool |       0    |       0    |       0    |       0    |
|       from small pool |       0    |       0    |       0    |       0    |
|---------------------------------------------------------------------------|
| Non-releasable allocs |       0    |       0    |       0    |       0    |
|       from large pool |       0    |       0    |       0    |       0    |
|       from small pool |       0    |       0    |       0    |       0    |
|---------------------------------------------------------------------------|
| Oversize allocations  |       0    |       0    |       0    |       0    |
|---------------------------------------------------------------------------|
| Oversize GPU segments |       0    |       0    |       0    |       0    |
|===========================================================================|


overriding args.task None to dset


using device: cuda:0

/home/aih/sina.wendrich/miniconda3/envs/domainlab_py310/lib/python3.10/site-packages/torch/nn/_reduction.py:42: UserWarning: size_average and reduce args will be deprecated, please use reduction='sum' instead.
  warnings.warn(warning.format(ret))
/home/aih/sina.wendrich/miniconda3/envs/domainlab_py310/lib/python3.10/site-packages/torchmetrics/utilities/prints.py:36: UserWarning: Metric `AUROC` will save all targets and predictions in buffer. For large datasets this may lead to large memory footprint.
  warnings.warn(*args, **kwargs)



!!!: not committed yet
/ictstr01/groups/aih/sina.wendrich/MA_code/MA_thesis/DomainLab/domainlab/utils/get_git_tag.py:16: UserWarning: !!!: not committed yet
  warnings.warn("!!!: not committed yet")



b'44271c83'
model name: dset_te_center0_erm_b44271c83_not_commited_2024md_05md_29_10_48_20_seed_0_20986461

 Experiment start at: 2024-05-29 10:48:20.629752
before training, model accuracy: 0.955097496509552
epoch: 1
---- Training Domain: 
scalar performance:
{'acc': 0.9743332, 'precision': 0.80125964, 'recall': 0.80836487, 'specificity': 0.80836487, 'f1': 0.8047667, 'auroc': 0.96749413, 'binary_precision': 0.61538464, 'binary_recall': 0.6304348, 'binary_specificity': 0.9862949, 'binary_f1_score': 0.6228188}
confusion matrix:
       0    1
0  41740  580
1    544  928
---- Validation: 
scalar performance:
{'acc': 0.9740315, 'precision': 0.8106055, 'recall': 0.77504015, 'specificity': 0.77504015, 'f1': 0.79163903, 'auroc': 0.9663596, 'binary_precision': 0.6366843, 'binary_recall': 0.5614308, 'binary_specificity': 0.9886495, 'binary_f1_score': 0.59669423}
confusion matrix:
       0    1
0  17943  206
1    282  361
---- Test Domain (oracle): 
scalar performance:
{'acc': 0.9705976, 'precision': 0.90684706, 'recall': 0.68049157, 'specificity': 0.68049157, 'f1': 0.7464337, 'auroc': 0.94979197, 'binary_precision': 0.84070796, 'binary_recall': 0.36398467, 'binary_specificity': 0.9969985, 'binary_f1_score': 0.5080214}
confusion matrix:
      0   1
0  5979  18
1   166  95
t-SNE plot saved as zoutput/tsne/t-SNE_Test_center0_20986461.png
new oracle model saved
better model found
persisted
after epoch: 1,now: 2024-05-29 11:28:17.712733,epoch time: 0:39:57.082981,used: 0:39:57.082981,model: dset_te_center0_erm_b44271c83_not_commited_2024md_05md_29_10_48_20_seed_0_20986461
working direcotry: /ictstr01/groups/aih/sina.wendrich/MA_code/MA_thesis/DomainLab
[Wed May 29 11:47:40 2024]
Error in rule run_experiment:
    jobid: 0
    input: zoutput/benchmarks/CAMELYON_center0_irm_vit_resnet_dinov2_bs16_lr1e-6/hyperparameters.csv
    output: zoutput/benchmarks/CAMELYON_center0_irm_vit_resnet_dinov2_bs16_lr1e-6/rule_results/4.csv

RuleException:
OSError in file /ictstr01/groups/aih/sina.wendrich/MA_code/MA_thesis/DomainLab/domainlab/exp_protocol/benchmark.smk, line 161:
[Errno 122] Disk quota exceeded
  File "/ictstr01/groups/aih/sina.wendrich/MA_code/MA_thesis/DomainLab/domainlab/exp_protocol/benchmark.smk", line 161, in __rule_run_experiment
  File "/ictstr01/groups/aih/sina.wendrich/MA_code/MA_thesis/DomainLab/domainlab/exp_protocol/run_experiment.py", line 172, in run_experiment
  File "/ictstr01/groups/aih/sina.wendrich/MA_code/MA_thesis/DomainLab/domainlab/exp/exp_main.py", line 77, in execute
  File "/ictstr01/groups/aih/sina.wendrich/MA_code/MA_thesis/DomainLab/domainlab/algos/trainers/train_basic.py", line 49, in tr_epoch
  File "/ictstr01/groups/aih/sina.wendrich/MA_code/MA_thesis/DomainLab/domainlab/algos/trainers/train_basic.py", line 68, in after_epoch
  File "/ictstr01/groups/aih/sina.wendrich/MA_code/MA_thesis/DomainLab/domainlab/algos/trainers/train_basic.py", line 154, in plot_losses
  File "/home/aih/sina.wendrich/miniconda3/envs/domainlab_py310/lib/python3.10/site-packages/matplotlib/pyplot.py", line 1119, in savefig
  File "/home/aih/sina.wendrich/miniconda3/envs/domainlab_py310/lib/python3.10/site-packages/matplotlib/figure.py", line 3390, in savefig
  File "/home/aih/sina.wendrich/miniconda3/envs/domainlab_py310/lib/python3.10/site-packages/matplotlib/backend_bases.py", line 2193, in print_figure
  File "/home/aih/sina.wendrich/miniconda3/envs/domainlab_py310/lib/python3.10/site-packages/matplotlib/backend_bases.py", line 2043, in <lambda>
  File "/home/aih/sina.wendrich/miniconda3/envs/domainlab_py310/lib/python3.10/site-packages/matplotlib/backends/backend_agg.py", line 497, in print_png
  File "/home/aih/sina.wendrich/miniconda3/envs/domainlab_py310/lib/python3.10/site-packages/matplotlib/backends/backend_agg.py", line 446, in _print_pil
  File "/home/aih/sina.wendrich/miniconda3/envs/domainlab_py310/lib/python3.10/site-packages/matplotlib/image.py", line 1656, in imsave
  File "/home/aih/sina.wendrich/miniconda3/envs/domainlab_py310/lib/python3.10/site-packages/PIL/Image.py", line 2462, in save
  File "/home/aih/sina.wendrich/miniconda3/envs/domainlab_py310/lib/python3.10/concurrent/futures/thread.py", line 58, in run
Shutting down, this might take some time.
Exiting because a job execution failed. Look above for error message
