Building DAG of jobs...
Using shell: /usr/bin/bash
Provided cores: 2
Rules claiming more threads will be scaled down.
Provided resources: mem_mb=100000, mem_mib=95368, disk_mb=1000, disk_mib=954, nvidia_gpu=1
Select jobs to execute...

[Fri Jun 14 11:34:06 2024]
rule run_experiment:
    input: zoutput/benchmarks/CAMELYON_center0_erm_vit_resnet_dinov2_bs16_different_learningrates/hyperparameters.csv
    output: zoutput/benchmarks/CAMELYON_center0_erm_vit_resnet_dinov2_bs16_different_learningrates/rule_results/9.csv
    jobid: 0
    reason: Forced execution
    wildcards: index=9
    resources: mem_mb=100000, mem_mib=95368, disk_mb=1000, disk_mib=954, tmpdir=/tmp, partition=gpu_p, qos=gpu_normal, nvidia_gpu=1

Failed to import backpack: cannot import name '_grad_input_padding' from 'torch.nn.grad' (/home/aih/sina.wendrich/miniconda3/envs/domainlab_py310/lib/python3.10/site-packages/torch/nn/grad.py)
before experiment loop: 
|===========================================================================|
|                  PyTorch CUDA memory summary, device ID 0                 |
|---------------------------------------------------------------------------|
|            CUDA OOMs: 0            |        cudaMalloc retries: 0         |
|===========================================================================|
|        Metric         | Cur Usage  | Peak Usage | Tot Alloc  | Tot Freed  |
|---------------------------------------------------------------------------|
| Allocated memory      |      0 B   |      0 B   |      0 B   |      0 B   |
|       from large pool |      0 B   |      0 B   |      0 B   |      0 B   |
|       from small pool |      0 B   |      0 B   |      0 B   |      0 B   |
|---------------------------------------------------------------------------|
| Active memory         |      0 B   |      0 B   |      0 B   |      0 B   |
|       from large pool |      0 B   |      0 B   |      0 B   |      0 B   |
|       from small pool |      0 B   |      0 B   |      0 B   |      0 B   |
|---------------------------------------------------------------------------|
| Requested memory      |      0 B   |      0 B   |      0 B   |      0 B   |
|       from large pool |      0 B   |      0 B   |      0 B   |      0 B   |
|       from small pool |      0 B   |      0 B   |      0 B   |      0 B   |
|---------------------------------------------------------------------------|
| GPU reserved memory   |      0 B   |      0 B   |      0 B   |      0 B   |
|       from large pool |      0 B   |      0 B   |      0 B   |      0 B   |
|       from small pool |      0 B   |      0 B   |      0 B   |      0 B   |
|---------------------------------------------------------------------------|
| Non-releasable memory |      0 B   |      0 B   |      0 B   |      0 B   |
|       from large pool |      0 B   |      0 B   |      0 B   |      0 B   |
|       from small pool |      0 B   |      0 B   |      0 B   |      0 B   |
|---------------------------------------------------------------------------|
| Allocations           |       0    |       0    |       0    |       0    |
|       from large pool |       0    |       0    |       0    |       0    |
|       from small pool |       0    |       0    |       0    |       0    |
|---------------------------------------------------------------------------|
| Active allocs         |       0    |       0    |       0    |       0    |
|       from large pool |       0    |       0    |       0    |       0    |
|       from small pool |       0    |       0    |       0    |       0    |
|---------------------------------------------------------------------------|
| GPU reserved segments |       0    |       0    |       0    |       0    |
|       from large pool |       0    |       0    |       0    |       0    |
|       from small pool |       0    |       0    |       0    |       0    |
|---------------------------------------------------------------------------|
| Non-releasable allocs |       0    |       0    |       0    |       0    |
|       from large pool |       0    |       0    |       0    |       0    |
|       from small pool |       0    |       0    |       0    |       0    |
|---------------------------------------------------------------------------|
| Oversize allocations  |       0    |       0    |       0    |       0    |
|---------------------------------------------------------------------------|
| Oversize GPU segments |       0    |       0    |       0    |       0    |
|===========================================================================|

before experiment starts
|===========================================================================|
|                  PyTorch CUDA memory summary, device ID 0                 |
|---------------------------------------------------------------------------|
|            CUDA OOMs: 0            |        cudaMalloc retries: 0         |
|===========================================================================|
|        Metric         | Cur Usage  | Peak Usage | Tot Alloc  | Tot Freed  |
|---------------------------------------------------------------------------|
| Allocated memory      |      0 B   |      0 B   |      0 B   |      0 B   |
|       from large pool |      0 B   |      0 B   |      0 B   |      0 B   |
|       from small pool |      0 B   |      0 B   |      0 B   |      0 B   |
|---------------------------------------------------------------------------|
| Active memory         |      0 B   |      0 B   |      0 B   |      0 B   |
|       from large pool |      0 B   |      0 B   |      0 B   |      0 B   |
|       from small pool |      0 B   |      0 B   |      0 B   |      0 B   |
|---------------------------------------------------------------------------|
| Requested memory      |      0 B   |      0 B   |      0 B   |      0 B   |
|       from large pool |      0 B   |      0 B   |      0 B   |      0 B   |
|       from small pool |      0 B   |      0 B   |      0 B   |      0 B   |
|---------------------------------------------------------------------------|
| GPU reserved memory   |      0 B   |      0 B   |      0 B   |      0 B   |
|       from large pool |      0 B   |      0 B   |      0 B   |      0 B   |
|       from small pool |      0 B   |      0 B   |      0 B   |      0 B   |
|---------------------------------------------------------------------------|
| Non-releasable memory |      0 B   |      0 B   |      0 B   |      0 B   |
|       from large pool |      0 B   |      0 B   |      0 B   |      0 B   |
|       from small pool |      0 B   |      0 B   |      0 B   |      0 B   |
|---------------------------------------------------------------------------|
| Allocations           |       0    |       0    |       0    |       0    |
|       from large pool |       0    |       0    |       0    |       0    |
|       from small pool |       0    |       0    |       0    |       0    |
|---------------------------------------------------------------------------|
| Active allocs         |       0    |       0    |       0    |       0    |
|       from large pool |       0    |       0    |       0    |       0    |
|       from small pool |       0    |       0    |       0    |       0    |
|---------------------------------------------------------------------------|
| GPU reserved segments |       0    |       0    |       0    |       0    |
|       from large pool |       0    |       0    |       0    |       0    |
|       from small pool |       0    |       0    |       0    |       0    |
|---------------------------------------------------------------------------|
| Non-releasable allocs |       0    |       0    |       0    |       0    |
|       from large pool |       0    |       0    |       0    |       0    |
|       from small pool |       0    |       0    |       0    |       0    |
|---------------------------------------------------------------------------|
| Oversize allocations  |       0    |       0    |       0    |       0    |
|---------------------------------------------------------------------------|
| Oversize GPU segments |       0    |       0    |       0    |       0    |
|===========================================================================|


overriding args.task None to dset


using device: cuda:0

/home/aih/sina.wendrich/miniconda3/envs/domainlab_py310/lib/python3.10/site-packages/torch/nn/_reduction.py:42: UserWarning: size_average and reduce args will be deprecated, please use reduction='sum' instead.
  warnings.warn(warning.format(ret))
/home/aih/sina.wendrich/miniconda3/envs/domainlab_py310/lib/python3.10/site-packages/torchmetrics/utilities/prints.py:36: UserWarning: Metric `AUROC` will save all targets and predictions in buffer. For large datasets this may lead to large memory footprint.
  warnings.warn(*args, **kwargs)



!!!: not committed yet
/ictstr01/groups/aih/sina.wendrich/MA_code/MA_thesis/DomainLab/domainlab/utils/get_git_tag.py:16: UserWarning: !!!: not committed yet
  warnings.warn("!!!: not committed yet")



b'44271c83'
model name: dset_te_center0_erm_b44271c83_not_commited_2024md_06md_14_11_40_26_seed_0_21324215

 Experiment start at: 2024-06-14 11:40:26.854756
before training, model accuracy: 0.9563758969306946
[Fri Jun 14 11:51:39 2024]
Error in rule run_experiment:
    jobid: 0
    input: zoutput/benchmarks/CAMELYON_center0_erm_vit_resnet_dinov2_bs16_different_learningrates/hyperparameters.csv
    output: zoutput/benchmarks/CAMELYON_center0_erm_vit_resnet_dinov2_bs16_different_learningrates/rule_results/9.csv

RuleException:
OSError in file /ictstr01/groups/aih/sina.wendrich/MA_code/MA_thesis/DomainLab/domainlab/exp_protocol/benchmark.smk, line 161:
[Errno 122] Disk quota exceeded
  File "/ictstr01/groups/aih/sina.wendrich/MA_code/MA_thesis/DomainLab/domainlab/exp_protocol/benchmark.smk", line 161, in __rule_run_experiment
  File "/ictstr01/groups/aih/sina.wendrich/MA_code/MA_thesis/DomainLab/domainlab/exp_protocol/run_experiment.py", line 172, in run_experiment
  File "/ictstr01/groups/aih/sina.wendrich/MA_code/MA_thesis/DomainLab/domainlab/exp/exp_main.py", line 77, in execute
  File "/ictstr01/groups/aih/sina.wendrich/MA_code/MA_thesis/DomainLab/domainlab/algos/trainers/train_basic.py", line 49, in tr_epoch
  File "/ictstr01/groups/aih/sina.wendrich/MA_code/MA_thesis/DomainLab/domainlab/algos/trainers/train_basic.py", line 68, in after_epoch
  File "/ictstr01/groups/aih/sina.wendrich/MA_code/MA_thesis/DomainLab/domainlab/algos/trainers/train_basic.py", line 154, in plot_losses
  File "/home/aih/sina.wendrich/miniconda3/envs/domainlab_py310/lib/python3.10/site-packages/matplotlib/pyplot.py", line 1119, in savefig
  File "/home/aih/sina.wendrich/miniconda3/envs/domainlab_py310/lib/python3.10/site-packages/matplotlib/figure.py", line 3390, in savefig
  File "/home/aih/sina.wendrich/miniconda3/envs/domainlab_py310/lib/python3.10/site-packages/matplotlib/backend_bases.py", line 2193, in print_figure
  File "/home/aih/sina.wendrich/miniconda3/envs/domainlab_py310/lib/python3.10/site-packages/matplotlib/backend_bases.py", line 2043, in <lambda>
  File "/home/aih/sina.wendrich/miniconda3/envs/domainlab_py310/lib/python3.10/site-packages/matplotlib/backends/backend_agg.py", line 497, in print_png
  File "/home/aih/sina.wendrich/miniconda3/envs/domainlab_py310/lib/python3.10/site-packages/matplotlib/backends/backend_agg.py", line 446, in _print_pil
  File "/home/aih/sina.wendrich/miniconda3/envs/domainlab_py310/lib/python3.10/site-packages/matplotlib/image.py", line 1656, in imsave
  File "/home/aih/sina.wendrich/miniconda3/envs/domainlab_py310/lib/python3.10/site-packages/PIL/Image.py", line 2462, in save
  File "/home/aih/sina.wendrich/miniconda3/envs/domainlab_py310/lib/python3.10/concurrent/futures/thread.py", line 58, in run
Shutting down, this might take some time.
Exiting because a job execution failed. Look above for error message
