Building DAG of jobs...
Using shell: /usr/bin/bash
Provided cores: 2
Rules claiming more threads will be scaled down.
Provided resources: mem_mb=100000, mem_mib=95368, disk_mb=1000, disk_mib=954, nvidia_gpu=1
Select jobs to execute...

[Sat Jun 22 23:53:20 2024]
rule run_experiment:
    input: zoutput/benchmarks/CAMELYON_center0_irm_resnet_differentlearningrates_bs32_classbalancing3/hyperparameters.csv
    output: zoutput/benchmarks/CAMELYON_center0_irm_resnet_differentlearningrates_bs32_classbalancing3/rule_results/4.csv
    jobid: 0
    reason: Forced execution
    wildcards: index=4
    resources: mem_mb=100000, mem_mib=95368, disk_mb=1000, disk_mib=954, tmpdir=/tmp, partition=gpu_p, qos=gpu_normal, nvidia_gpu=1

--- Logging error ---
Traceback (most recent call last):
  File "/ictstr01/groups/aih/sina.wendrich/MA_code/MA_thesis/DomainLab/domainlab/models/a_model_classif.py", line 33, in <module>
    from backpack import extend
  File "/home/aih/sina.wendrich/miniconda3/envs/domainlab_py310/lib/python3.10/site-packages/backpack/__init__.py", line 10, in <module>
    from backpack import extensions
  File "/home/aih/sina.wendrich/miniconda3/envs/domainlab_py310/lib/python3.10/site-packages/backpack/extensions/__init__.py", line 3, in <module>
    from .curvmatprod import GGNMP, HMP, PCHMP
  File "/home/aih/sina.wendrich/miniconda3/envs/domainlab_py310/lib/python3.10/site-packages/backpack/extensions/curvmatprod/__init__.py", line 24, in <module>
    from .ggnmp import GGNMP
  File "/home/aih/sina.wendrich/miniconda3/envs/domainlab_py310/lib/python3.10/site-packages/backpack/extensions/curvmatprod/ggnmp/__init__.py", line 23, in <module>
    from . import (
  File "/home/aih/sina.wendrich/miniconda3/envs/domainlab_py310/lib/python3.10/site-packages/backpack/extensions/curvmatprod/ggnmp/conv2d.py", line 1, in <module>
    from backpack.core.derivatives.conv2d import Conv2DDerivatives
  File "/home/aih/sina.wendrich/miniconda3/envs/domainlab_py310/lib/python3.10/site-packages/backpack/core/derivatives/conv2d.py", line 1, in <module>
    from backpack.core.derivatives.convnd import ConvNDDerivatives
  File "/home/aih/sina.wendrich/miniconda3/envs/domainlab_py310/lib/python3.10/site-packages/backpack/core/derivatives/convnd.py", line 18, in <module>
    from torch.nn.grad import _grad_input_padding
ImportError: cannot import name '_grad_input_padding' from 'torch.nn.grad' (/home/aih/sina.wendrich/miniconda3/envs/domainlab_py310/lib/python3.10/site-packages/torch/nn/grad.py)

During handling of the above exception, another exception occurred:

Traceback (most recent call last):
  File "/home/aih/sina.wendrich/miniconda3/envs/domainlab_py310/lib/python3.10/logging/__init__.py", line 1104, in emit
    self.flush()
  File "/home/aih/sina.wendrich/miniconda3/envs/domainlab_py310/lib/python3.10/logging/__init__.py", line 1084, in flush
    self.stream.flush()
OSError: [Errno 122] Disk quota exceeded
Call stack:
  File "/home/aih/sina.wendrich/miniconda3/envs/domainlab_py310/lib/python3.10/threading.py", line 973, in _bootstrap
    self._bootstrap_inner()
  File "/home/aih/sina.wendrich/miniconda3/envs/domainlab_py310/lib/python3.10/threading.py", line 1016, in _bootstrap_inner
    self.run()
  File "/home/aih/sina.wendrich/miniconda3/envs/domainlab_py310/lib/python3.10/threading.py", line 953, in run
    self._target(*self._args, **self._kwargs)
  File "/home/aih/sina.wendrich/miniconda3/envs/domainlab_py310/lib/python3.10/concurrent/futures/thread.py", line 83, in _worker
    work_item.run()
  File "/home/aih/sina.wendrich/miniconda3/envs/domainlab_py310/lib/python3.10/concurrent/futures/thread.py", line 58, in run
    result = self.fn(*self.args, **self.kwargs)
  File "/home/aih/sina.wendrich/miniconda3/envs/domainlab_py310/lib/python3.10/site-packages/snakemake/executors/__init__.py", line 699, in cached_or_run
    run_func(*args)
  File "/home/aih/sina.wendrich/miniconda3/envs/domainlab_py310/lib/python3.10/site-packages/snakemake/executors/__init__.py", line 2656, in run_wrapper
    run(
  File "/ictstr01/groups/aih/sina.wendrich/MA_code/MA_thesis/DomainLab/domainlab/exp_protocol/benchmark.smk", line 156, in __rule_run_experiment
    # :param param_index: parameter index that should be covered by this task
  File "<frozen importlib._bootstrap>", line 1027, in _find_and_load
  File "<frozen importlib._bootstrap>", line 1006, in _find_and_load_unlocked
  File "<frozen importlib._bootstrap>", line 688, in _load_unlocked
  File "<frozen importlib._bootstrap_external>", line 883, in exec_module
  File "<frozen importlib._bootstrap>", line 241, in _call_with_frames_removed
  File "/ictstr01/groups/aih/sina.wendrich/MA_code/MA_thesis/DomainLab/domainlab/exp_protocol/run_experiment.py", line 15, in <module>
    from domainlab.exp.exp_main import Exp
  File "<frozen importlib._bootstrap>", line 1027, in _find_and_load
  File "<frozen importlib._bootstrap>", line 1006, in _find_and_load_unlocked
  File "<frozen importlib._bootstrap>", line 688, in _load_unlocked
  File "<frozen importlib._bootstrap_external>", line 883, in exec_module
  File "<frozen importlib._bootstrap>", line 241, in _call_with_frames_removed
  File "/ictstr01/groups/aih/sina.wendrich/MA_code/MA_thesis/DomainLab/domainlab/exp/exp_main.py", line 8, in <module>
    from domainlab.algos.zoo_algos import AlgoBuilderChainNodeGetter
  File "<frozen importlib._bootstrap>", line 1027, in _find_and_load
  File "<frozen importlib._bootstrap>", line 1006, in _find_and_load_unlocked
  File "<frozen importlib._bootstrap>", line 688, in _load_unlocked
  File "<frozen importlib._bootstrap_external>", line 883, in exec_module
  File "<frozen importlib._bootstrap>", line 241, in _call_with_frames_removed
  File "/ictstr01/groups/aih/sina.wendrich/MA_code/MA_thesis/DomainLab/domainlab/algos/zoo_algos.py", line 5, in <module>
    from domainlab.algos.builder_dann import NodeAlgoBuilderDANN
  File "<frozen importlib._bootstrap>", line 1027, in _find_and_load
  File "<frozen importlib._bootstrap>", line 1006, in _find_and_load_unlocked
  File "<frozen importlib._bootstrap>", line 688, in _load_unlocked
  File "<frozen importlib._bootstrap_external>", line 883, in exec_module
  File "<frozen importlib._bootstrap>", line 241, in _call_with_frames_removed
  File "/ictstr01/groups/aih/sina.wendrich/MA_code/MA_thesis/DomainLab/domainlab/algos/builder_dann.py", line 14, in <module>
    from domainlab.models.model_dann import mk_dann
  File "<frozen importlib._bootstrap>", line 1027, in _find_and_load
  File "<frozen importlib._bootstrap>", line 1006, in _find_and_load_unlocked
  File "<frozen importlib._bootstrap>", line 688, in _load_unlocked
  File "<frozen importlib._bootstrap_external>", line 883, in exec_module
  File "<frozen importlib._bootstrap>", line 241, in _call_with_frames_removed
  File "/ictstr01/groups/aih/sina.wendrich/MA_code/MA_thesis/DomainLab/domainlab/models/model_dann.py", line 9, in <module>
    from domainlab.models.a_model_classif import AModelClassif
  File "<frozen importlib._bootstrap>", line 1027, in _find_and_load
  File "<frozen importlib._bootstrap>", line 1006, in _find_and_load_unlocked
  File "<frozen importlib._bootstrap>", line 688, in _load_unlocked
  File "<frozen importlib._bootstrap_external>", line 883, in exec_module
  File "<frozen importlib._bootstrap>", line 241, in _call_with_frames_removed
  File "/ictstr01/groups/aih/sina.wendrich/MA_code/MA_thesis/DomainLab/domainlab/models/a_model_classif.py", line 37, in <module>
    Logger.get_logger().warning(f"Failed to import backpack: {str(e)}")
Message: "Failed to import backpack: cannot import name '_grad_input_padding' from 'torch.nn.grad' (/home/aih/sina.wendrich/miniconda3/envs/domainlab_py310/lib/python3.10/site-packages/torch/nn/grad.py)"
Arguments: ()
Failed to import backpack: cannot import name '_grad_input_padding' from 'torch.nn.grad' (/home/aih/sina.wendrich/miniconda3/envs/domainlab_py310/lib/python3.10/site-packages/torch/nn/grad.py)
--- Logging error ---
Traceback (most recent call last):
  File "/home/aih/sina.wendrich/miniconda3/envs/domainlab_py310/lib/python3.10/logging/__init__.py", line 1104, in emit
    self.flush()
  File "/home/aih/sina.wendrich/miniconda3/envs/domainlab_py310/lib/python3.10/logging/__init__.py", line 1084, in flush
    self.stream.flush()
OSError: [Errno 122] Disk quota exceeded
Call stack:
  File "/home/aih/sina.wendrich/miniconda3/envs/domainlab_py310/lib/python3.10/threading.py", line 973, in _bootstrap
    self._bootstrap_inner()
  File "/home/aih/sina.wendrich/miniconda3/envs/domainlab_py310/lib/python3.10/threading.py", line 1016, in _bootstrap_inner
    self.run()
  File "/home/aih/sina.wendrich/miniconda3/envs/domainlab_py310/lib/python3.10/threading.py", line 953, in run
    self._target(*self._args, **self._kwargs)
  File "/home/aih/sina.wendrich/miniconda3/envs/domainlab_py310/lib/python3.10/concurrent/futures/thread.py", line 83, in _worker
    work_item.run()
  File "/home/aih/sina.wendrich/miniconda3/envs/domainlab_py310/lib/python3.10/concurrent/futures/thread.py", line 58, in run
    result = self.fn(*self.args, **self.kwargs)
  File "/home/aih/sina.wendrich/miniconda3/envs/domainlab_py310/lib/python3.10/site-packages/snakemake/executors/__init__.py", line 699, in cached_or_run
    run_func(*args)
  File "/home/aih/sina.wendrich/miniconda3/envs/domainlab_py310/lib/python3.10/site-packages/snakemake/executors/__init__.py", line 2656, in run_wrapper
    run(
  File "/ictstr01/groups/aih/sina.wendrich/MA_code/MA_thesis/DomainLab/domainlab/exp_protocol/benchmark.smk", line 187, in __rule_run_experiment
    rule all:
  File "/ictstr01/groups/aih/sina.wendrich/MA_code/MA_thesis/DomainLab/domainlab/exp_protocol/run_experiment.py", line 148, in run_experiment
    logger.info("before experiment loop: ")
Message: 'before experiment loop: '
Arguments: ()
before experiment loop: 
--- Logging error ---
Traceback (most recent call last):
  File "/home/aih/sina.wendrich/miniconda3/envs/domainlab_py310/lib/python3.10/logging/__init__.py", line 1104, in emit
    self.flush()
  File "/home/aih/sina.wendrich/miniconda3/envs/domainlab_py310/lib/python3.10/logging/__init__.py", line 1084, in flush
    self.stream.flush()
OSError: [Errno 122] Disk quota exceeded
Call stack:
  File "/home/aih/sina.wendrich/miniconda3/envs/domainlab_py310/lib/python3.10/threading.py", line 973, in _bootstrap
    self._bootstrap_inner()
  File "/home/aih/sina.wendrich/miniconda3/envs/domainlab_py310/lib/python3.10/threading.py", line 1016, in _bootstrap_inner
    self.run()
  File "/home/aih/sina.wendrich/miniconda3/envs/domainlab_py310/lib/python3.10/threading.py", line 953, in run
    self._target(*self._args, **self._kwargs)
  File "/home/aih/sina.wendrich/miniconda3/envs/domainlab_py310/lib/python3.10/concurrent/futures/thread.py", line 83, in _worker
    work_item.run()
  File "/home/aih/sina.wendrich/miniconda3/envs/domainlab_py310/lib/python3.10/concurrent/futures/thread.py", line 58, in run
    result = self.fn(*self.args, **self.kwargs)
  File "/home/aih/sina.wendrich/miniconda3/envs/domainlab_py310/lib/python3.10/site-packages/snakemake/executors/__init__.py", line 699, in cached_or_run
    run_func(*args)
  File "/home/aih/sina.wendrich/miniconda3/envs/domainlab_py310/lib/python3.10/site-packages/snakemake/executors/__init__.py", line 2656, in run_wrapper
    run(
  File "/ictstr01/groups/aih/sina.wendrich/MA_code/MA_thesis/DomainLab/domainlab/exp_protocol/benchmark.smk", line 187, in __rule_run_experiment
    rule all:
  File "/ictstr01/groups/aih/sina.wendrich/MA_code/MA_thesis/DomainLab/domainlab/exp_protocol/run_experiment.py", line 149, in run_experiment
    logger.info(str(torch.cuda.memory_summary()))
Message: '|===========================================================================|\n|                  PyTorch CUDA memory summary, device ID 0                 |\n|---------------------------------------------------------------------------|\n|            CUDA OOMs: 0            |        cudaMalloc retries: 0         |\n|===========================================================================|\n|        Metric         | Cur Usage  | Peak Usage | Tot Alloc  | Tot Freed  |\n|---------------------------------------------------------------------------|\n| Allocated memory      |      0 B   |      0 B   |      0 B   |      0 B   |\n|       from large pool |      0 B   |      0 B   |      0 B   |      0 B   |\n|       from small pool |      0 B   |      0 B   |      0 B   |      0 B   |\n|---------------------------------------------------------------------------|\n| Active memory         |      0 B   |      0 B   |      0 B   |      0 B   |\n|       from large pool |      0 B   |      0 B   |      0 B   |      0 B   |\n|       from small pool |      0 B   |      0 B   |      0 B   |      0 B   |\n|---------------------------------------------------------------------------|\n| Requested memory      |      0 B   |      0 B   |      0 B   |      0 B   |\n|       from large pool |      0 B   |      0 B   |      0 B   |      0 B   |\n|       from small pool |      0 B   |      0 B   |      0 B   |      0 B   |\n|---------------------------------------------------------------------------|\n| GPU reserved memory   |      0 B   |      0 B   |      0 B   |      0 B   |\n|       from large pool |      0 B   |      0 B   |      0 B   |      0 B   |\n|       from small pool |      0 B   |      0 B   |      0 B   |      0 B   |\n|---------------------------------------------------------------------------|\n| Non-releasable memory |      0 B   |      0 B   |      0 B   |      0 B   |\n|       from large pool |      0 B   |      0 B   |      0 B   |      0 B   |\n|       from small pool |      0 B   |      0 B   |      0 B   |      0 B   |\n|---------------------------------------------------------------------------|\n| Allocations           |       0    |       0    |       0    |       0    |\n|       from large pool |       0    |       0    |       0    |       0    |\n|       from small pool |       0    |       0    |       0    |       0    |\n|---------------------------------------------------------------------------|\n| Active allocs         |       0    |       0    |       0    |       0    |\n|       from large pool |       0    |       0    |       0    |       0    |\n|       from small pool |       0    |       0    |       0    |       0    |\n|---------------------------------------------------------------------------|\n| GPU reserved segments |       0    |       0    |       0    |       0    |\n|       from large pool |       0    |       0    |       0    |       0    |\n|       from small pool |       0    |       0    |       0    |       0    |\n|---------------------------------------------------------------------------|\n| Non-releasable allocs |       0    |       0    |       0    |       0    |\n|       from large pool |       0    |       0    |       0    |       0    |\n|       from small pool |       0    |       0    |       0    |       0    |\n|---------------------------------------------------------------------------|\n| Oversize allocations  |       0    |       0    |       0    |       0    |\n|---------------------------------------------------------------------------|\n| Oversize GPU segments |       0    |       0    |       0    |       0    |\n|===========================================================================|\n'
Arguments: ()
|===========================================================================|
|                  PyTorch CUDA memory summary, device ID 0                 |
|---------------------------------------------------------------------------|
|            CUDA OOMs: 0            |        cudaMalloc retries: 0         |
|===========================================================================|
|        Metric         | Cur Usage  | Peak Usage | Tot Alloc  | Tot Freed  |
|---------------------------------------------------------------------------|
| Allocated memory      |      0 B   |      0 B   |      0 B   |      0 B   |
|       from large pool |      0 B   |      0 B   |      0 B   |      0 B   |
|       from small pool |      0 B   |      0 B   |      0 B   |      0 B   |
|---------------------------------------------------------------------------|
| Active memory         |      0 B   |      0 B   |      0 B   |      0 B   |
|       from large pool |      0 B   |      0 B   |      0 B   |      0 B   |
|       from small pool |      0 B   |      0 B   |      0 B   |      0 B   |
|---------------------------------------------------------------------------|
| Requested memory      |      0 B   |      0 B   |      0 B   |      0 B   |
|       from large pool |      0 B   |      0 B   |      0 B   |      0 B   |
|       from small pool |      0 B   |      0 B   |      0 B   |      0 B   |
|---------------------------------------------------------------------------|
| GPU reserved memory   |      0 B   |      0 B   |      0 B   |      0 B   |
|       from large pool |      0 B   |      0 B   |      0 B   |      0 B   |
|       from small pool |      0 B   |      0 B   |      0 B   |      0 B   |
|---------------------------------------------------------------------------|
| Non-releasable memory |      0 B   |      0 B   |      0 B   |      0 B   |
|       from large pool |      0 B   |      0 B   |      0 B   |      0 B   |
|       from small pool |      0 B   |      0 B   |      0 B   |      0 B   |
|---------------------------------------------------------------------------|
| Allocations           |       0    |       0    |       0    |       0    |
|       from large pool |       0    |       0    |       0    |       0    |
|       from small pool |       0    |       0    |       0    |       0    |
|---------------------------------------------------------------------------|
| Active allocs         |       0    |       0    |       0    |       0    |
|       from large pool |       0    |       0    |       0    |       0    |
|       from small pool |       0    |       0    |       0    |       0    |
|---------------------------------------------------------------------------|
| GPU reserved segments |       0    |       0    |       0    |       0    |
|       from large pool |       0    |       0    |       0    |       0    |
|       from small pool |       0    |       0    |       0    |       0    |
|---------------------------------------------------------------------------|
| Non-releasable allocs |       0    |       0    |       0    |       0    |
|       from large pool |       0    |       0    |       0    |       0    |
|       from small pool |       0    |       0    |       0    |       0    |
|---------------------------------------------------------------------------|
| Oversize allocations  |       0    |       0    |       0    |       0    |
|---------------------------------------------------------------------------|
| Oversize GPU segments |       0    |       0    |       0    |       0    |
|===========================================================================|

--- Logging error ---
Traceback (most recent call last):
  File "/home/aih/sina.wendrich/miniconda3/envs/domainlab_py310/lib/python3.10/logging/__init__.py", line 1104, in emit
    self.flush()
  File "/home/aih/sina.wendrich/miniconda3/envs/domainlab_py310/lib/python3.10/logging/__init__.py", line 1084, in flush
    self.stream.flush()
OSError: [Errno 122] Disk quota exceeded
Call stack:
  File "/home/aih/sina.wendrich/miniconda3/envs/domainlab_py310/lib/python3.10/threading.py", line 973, in _bootstrap
    self._bootstrap_inner()
  File "/home/aih/sina.wendrich/miniconda3/envs/domainlab_py310/lib/python3.10/threading.py", line 1016, in _bootstrap_inner
    self.run()
  File "/home/aih/sina.wendrich/miniconda3/envs/domainlab_py310/lib/python3.10/threading.py", line 953, in run
    self._target(*self._args, **self._kwargs)
  File "/home/aih/sina.wendrich/miniconda3/envs/domainlab_py310/lib/python3.10/concurrent/futures/thread.py", line 83, in _worker
    work_item.run()
  File "/home/aih/sina.wendrich/miniconda3/envs/domainlab_py310/lib/python3.10/concurrent/futures/thread.py", line 58, in run
    result = self.fn(*self.args, **self.kwargs)
  File "/home/aih/sina.wendrich/miniconda3/envs/domainlab_py310/lib/python3.10/site-packages/snakemake/executors/__init__.py", line 699, in cached_or_run
    run_func(*args)
  File "/home/aih/sina.wendrich/miniconda3/envs/domainlab_py310/lib/python3.10/site-packages/snakemake/executors/__init__.py", line 2656, in run_wrapper
    run(
  File "/ictstr01/groups/aih/sina.wendrich/MA_code/MA_thesis/DomainLab/domainlab/exp_protocol/benchmark.smk", line 187, in __rule_run_experiment
    rule all:
  File "/ictstr01/groups/aih/sina.wendrich/MA_code/MA_thesis/DomainLab/domainlab/exp_protocol/run_experiment.py", line 162, in run_experiment
    logger.info("before experiment starts")
Message: 'before experiment starts'
Arguments: ()
before experiment starts
--- Logging error ---
Traceback (most recent call last):
  File "/home/aih/sina.wendrich/miniconda3/envs/domainlab_py310/lib/python3.10/logging/__init__.py", line 1104, in emit
    self.flush()
  File "/home/aih/sina.wendrich/miniconda3/envs/domainlab_py310/lib/python3.10/logging/__init__.py", line 1084, in flush
    self.stream.flush()
OSError: [Errno 122] Disk quota exceeded
Call stack:
  File "/home/aih/sina.wendrich/miniconda3/envs/domainlab_py310/lib/python3.10/threading.py", line 973, in _bootstrap
    self._bootstrap_inner()
  File "/home/aih/sina.wendrich/miniconda3/envs/domainlab_py310/lib/python3.10/threading.py", line 1016, in _bootstrap_inner
    self.run()
  File "/home/aih/sina.wendrich/miniconda3/envs/domainlab_py310/lib/python3.10/threading.py", line 953, in run
    self._target(*self._args, **self._kwargs)
  File "/home/aih/sina.wendrich/miniconda3/envs/domainlab_py310/lib/python3.10/concurrent/futures/thread.py", line 83, in _worker
    work_item.run()
  File "/home/aih/sina.wendrich/miniconda3/envs/domainlab_py310/lib/python3.10/concurrent/futures/thread.py", line 58, in run
    result = self.fn(*self.args, **self.kwargs)
  File "/home/aih/sina.wendrich/miniconda3/envs/domainlab_py310/lib/python3.10/site-packages/snakemake/executors/__init__.py", line 699, in cached_or_run
    run_func(*args)
  File "/home/aih/sina.wendrich/miniconda3/envs/domainlab_py310/lib/python3.10/site-packages/snakemake/executors/__init__.py", line 2656, in run_wrapper
    run(
  File "/ictstr01/groups/aih/sina.wendrich/MA_code/MA_thesis/DomainLab/domainlab/exp_protocol/benchmark.smk", line 187, in __rule_run_experiment
    rule all:
  File "/ictstr01/groups/aih/sina.wendrich/MA_code/MA_thesis/DomainLab/domainlab/exp_protocol/run_experiment.py", line 163, in run_experiment
    logger.info(str(torch.cuda.memory_summary()))
Message: '|===========================================================================|\n|                  PyTorch CUDA memory summary, device ID 0                 |\n|---------------------------------------------------------------------------|\n|            CUDA OOMs: 0            |        cudaMalloc retries: 0         |\n|===========================================================================|\n|        Metric         | Cur Usage  | Peak Usage | Tot Alloc  | Tot Freed  |\n|---------------------------------------------------------------------------|\n| Allocated memory      |      0 B   |      0 B   |      0 B   |      0 B   |\n|       from large pool |      0 B   |      0 B   |      0 B   |      0 B   |\n|       from small pool |      0 B   |      0 B   |      0 B   |      0 B   |\n|---------------------------------------------------------------------------|\n| Active memory         |      0 B   |      0 B   |      0 B   |      0 B   |\n|       from large pool |      0 B   |      0 B   |      0 B   |      0 B   |\n|       from small pool |      0 B   |      0 B   |      0 B   |      0 B   |\n|---------------------------------------------------------------------------|\n| Requested memory      |      0 B   |      0 B   |      0 B   |      0 B   |\n|       from large pool |      0 B   |      0 B   |      0 B   |      0 B   |\n|       from small pool |      0 B   |      0 B   |      0 B   |      0 B   |\n|---------------------------------------------------------------------------|\n| GPU reserved memory   |      0 B   |      0 B   |      0 B   |      0 B   |\n|       from large pool |      0 B   |      0 B   |      0 B   |      0 B   |\n|       from small pool |      0 B   |      0 B   |      0 B   |      0 B   |\n|---------------------------------------------------------------------------|\n| Non-releasable memory |      0 B   |      0 B   |      0 B   |      0 B   |\n|       from large pool |      0 B   |      0 B   |      0 B   |      0 B   |\n|       from small pool |      0 B   |      0 B   |      0 B   |      0 B   |\n|---------------------------------------------------------------------------|\n| Allocations           |       0    |       0    |       0    |       0    |\n|       from large pool |       0    |       0    |       0    |       0    |\n|       from small pool |       0    |       0    |       0    |       0    |\n|---------------------------------------------------------------------------|\n| Active allocs         |       0    |       0    |       0    |       0    |\n|       from large pool |       0    |       0    |       0    |       0    |\n|       from small pool |       0    |       0    |       0    |       0    |\n|---------------------------------------------------------------------------|\n| GPU reserved segments |       0    |       0    |       0    |       0    |\n|       from large pool |       0    |       0    |       0    |       0    |\n|       from small pool |       0    |       0    |       0    |       0    |\n|---------------------------------------------------------------------------|\n| Non-releasable allocs |       0    |       0    |       0    |       0    |\n|       from large pool |       0    |       0    |       0    |       0    |\n|       from small pool |       0    |       0    |       0    |       0    |\n|---------------------------------------------------------------------------|\n| Oversize allocations  |       0    |       0    |       0    |       0    |\n|---------------------------------------------------------------------------|\n| Oversize GPU segments |       0    |       0    |       0    |       0    |\n|===========================================================================|\n'
Arguments: ()
|===========================================================================|
|                  PyTorch CUDA memory summary, device ID 0                 |
|---------------------------------------------------------------------------|
|            CUDA OOMs: 0            |        cudaMalloc retries: 0         |
|===========================================================================|
|        Metric         | Cur Usage  | Peak Usage | Tot Alloc  | Tot Freed  |
|---------------------------------------------------------------------------|
| Allocated memory      |      0 B   |      0 B   |      0 B   |      0 B   |
|       from large pool |      0 B   |      0 B   |      0 B   |      0 B   |
|       from small pool |      0 B   |      0 B   |      0 B   |      0 B   |
|---------------------------------------------------------------------------|
| Active memory         |      0 B   |      0 B   |      0 B   |      0 B   |
|       from large pool |      0 B   |      0 B   |      0 B   |      0 B   |
|       from small pool |      0 B   |      0 B   |      0 B   |      0 B   |
|---------------------------------------------------------------------------|
| Requested memory      |      0 B   |      0 B   |      0 B   |      0 B   |
|       from large pool |      0 B   |      0 B   |      0 B   |      0 B   |
|       from small pool |      0 B   |      0 B   |      0 B   |      0 B   |
|---------------------------------------------------------------------------|
| GPU reserved memory   |      0 B   |      0 B   |      0 B   |      0 B   |
|       from large pool |      0 B   |      0 B   |      0 B   |      0 B   |
|       from small pool |      0 B   |      0 B   |      0 B   |      0 B   |
|---------------------------------------------------------------------------|
| Non-releasable memory |      0 B   |      0 B   |      0 B   |      0 B   |
|       from large pool |      0 B   |      0 B   |      0 B   |      0 B   |
|       from small pool |      0 B   |      0 B   |      0 B   |      0 B   |
|---------------------------------------------------------------------------|
| Allocations           |       0    |       0    |       0    |       0    |
|       from large pool |       0    |       0    |       0    |       0    |
|       from small pool |       0    |       0    |       0    |       0    |
|---------------------------------------------------------------------------|
| Active allocs         |       0    |       0    |       0    |       0    |
|       from large pool |       0    |       0    |       0    |       0    |
|       from small pool |       0    |       0    |       0    |       0    |
|---------------------------------------------------------------------------|
| GPU reserved segments |       0    |       0    |       0    |       0    |
|       from large pool |       0    |       0    |       0    |       0    |
|       from small pool |       0    |       0    |       0    |       0    |
|---------------------------------------------------------------------------|
| Non-releasable allocs |       0    |       0    |       0    |       0    |
|       from large pool |       0    |       0    |       0    |       0    |
|       from small pool |       0    |       0    |       0    |       0    |
|---------------------------------------------------------------------------|
| Oversize allocations  |       0    |       0    |       0    |       0    |
|---------------------------------------------------------------------------|
| Oversize GPU segments |       0    |       0    |       0    |       0    |
|===========================================================================|

--- Logging error ---
Traceback (most recent call last):
  File "/home/aih/sina.wendrich/miniconda3/envs/domainlab_py310/lib/python3.10/logging/__init__.py", line 1104, in emit
    self.flush()
  File "/home/aih/sina.wendrich/miniconda3/envs/domainlab_py310/lib/python3.10/logging/__init__.py", line 1084, in flush
    self.stream.flush()
OSError: [Errno 122] Disk quota exceeded
Call stack:
  File "/home/aih/sina.wendrich/miniconda3/envs/domainlab_py310/lib/python3.10/threading.py", line 973, in _bootstrap
    self._bootstrap_inner()
  File "/home/aih/sina.wendrich/miniconda3/envs/domainlab_py310/lib/python3.10/threading.py", line 1016, in _bootstrap_inner
    self.run()
  File "/home/aih/sina.wendrich/miniconda3/envs/domainlab_py310/lib/python3.10/threading.py", line 953, in run
    self._target(*self._args, **self._kwargs)
  File "/home/aih/sina.wendrich/miniconda3/envs/domainlab_py310/lib/python3.10/concurrent/futures/thread.py", line 83, in _worker
    work_item.run()
  File "/home/aih/sina.wendrich/miniconda3/envs/domainlab_py310/lib/python3.10/concurrent/futures/thread.py", line 58, in run
    result = self.fn(*self.args, **self.kwargs)
  File "/home/aih/sina.wendrich/miniconda3/envs/domainlab_py310/lib/python3.10/site-packages/snakemake/executors/__init__.py", line 699, in cached_or_run
    run_func(*args)
  File "/home/aih/sina.wendrich/miniconda3/envs/domainlab_py310/lib/python3.10/site-packages/snakemake/executors/__init__.py", line 2656, in run_wrapper
    run(
  File "/ictstr01/groups/aih/sina.wendrich/MA_code/MA_thesis/DomainLab/domainlab/exp_protocol/benchmark.smk", line 187, in __rule_run_experiment
    rule all:
  File "/ictstr01/groups/aih/sina.wendrich/MA_code/MA_thesis/DomainLab/domainlab/exp_protocol/run_experiment.py", line 168, in run_experiment
    exp = Exp(args=args, visitor=ExpProtocolAggWriter)
  File "/ictstr01/groups/aih/sina.wendrich/MA_code/MA_thesis/DomainLab/domainlab/exp/exp_main.py", line 30, in __init__
    self.task = TaskChainNodeGetter(args)()
  File "/ictstr01/groups/aih/sina.wendrich/MA_code/MA_thesis/DomainLab/domainlab/tasks/zoo_tasks.py", line 41, in __call__
    logger.info("")
Message: ''
Arguments: ()

--- Logging error ---
Traceback (most recent call last):
  File "/home/aih/sina.wendrich/miniconda3/envs/domainlab_py310/lib/python3.10/logging/__init__.py", line 1104, in emit
    self.flush()
  File "/home/aih/sina.wendrich/miniconda3/envs/domainlab_py310/lib/python3.10/logging/__init__.py", line 1084, in flush
    self.stream.flush()
OSError: [Errno 122] Disk quota exceeded
Call stack:
  File "/home/aih/sina.wendrich/miniconda3/envs/domainlab_py310/lib/python3.10/threading.py", line 973, in _bootstrap
    self._bootstrap_inner()
  File "/home/aih/sina.wendrich/miniconda3/envs/domainlab_py310/lib/python3.10/threading.py", line 1016, in _bootstrap_inner
    self.run()
  File "/home/aih/sina.wendrich/miniconda3/envs/domainlab_py310/lib/python3.10/threading.py", line 953, in run
    self._target(*self._args, **self._kwargs)
  File "/home/aih/sina.wendrich/miniconda3/envs/domainlab_py310/lib/python3.10/concurrent/futures/thread.py", line 83, in _worker
    work_item.run()
  File "/home/aih/sina.wendrich/miniconda3/envs/domainlab_py310/lib/python3.10/concurrent/futures/thread.py", line 58, in run
    result = self.fn(*self.args, **self.kwargs)
  File "/home/aih/sina.wendrich/miniconda3/envs/domainlab_py310/lib/python3.10/site-packages/snakemake/executors/__init__.py", line 699, in cached_or_run
    run_func(*args)
  File "/home/aih/sina.wendrich/miniconda3/envs/domainlab_py310/lib/python3.10/site-packages/snakemake/executors/__init__.py", line 2656, in run_wrapper
    run(
  File "/ictstr01/groups/aih/sina.wendrich/MA_code/MA_thesis/DomainLab/domainlab/exp_protocol/benchmark.smk", line 187, in __rule_run_experiment
    rule all:
  File "/ictstr01/groups/aih/sina.wendrich/MA_code/MA_thesis/DomainLab/domainlab/exp_protocol/run_experiment.py", line 168, in run_experiment
    exp = Exp(args=args, visitor=ExpProtocolAggWriter)
  File "/ictstr01/groups/aih/sina.wendrich/MA_code/MA_thesis/DomainLab/domainlab/exp/exp_main.py", line 30, in __init__
    self.task = TaskChainNodeGetter(args)()
  File "/ictstr01/groups/aih/sina.wendrich/MA_code/MA_thesis/DomainLab/domainlab/tasks/zoo_tasks.py", line 42, in __call__
    logger.info(
Message: 'overriding args.task None to dset'
Arguments: ()
overriding args.task None to dset
--- Logging error ---
Traceback (most recent call last):
  File "/home/aih/sina.wendrich/miniconda3/envs/domainlab_py310/lib/python3.10/logging/__init__.py", line 1104, in emit
    self.flush()
  File "/home/aih/sina.wendrich/miniconda3/envs/domainlab_py310/lib/python3.10/logging/__init__.py", line 1084, in flush
    self.stream.flush()
OSError: [Errno 122] Disk quota exceeded
Call stack:
  File "/home/aih/sina.wendrich/miniconda3/envs/domainlab_py310/lib/python3.10/threading.py", line 973, in _bootstrap
    self._bootstrap_inner()
  File "/home/aih/sina.wendrich/miniconda3/envs/domainlab_py310/lib/python3.10/threading.py", line 1016, in _bootstrap_inner
    self.run()
  File "/home/aih/sina.wendrich/miniconda3/envs/domainlab_py310/lib/python3.10/threading.py", line 953, in run
    self._target(*self._args, **self._kwargs)
  File "/home/aih/sina.wendrich/miniconda3/envs/domainlab_py310/lib/python3.10/concurrent/futures/thread.py", line 83, in _worker
    work_item.run()
  File "/home/aih/sina.wendrich/miniconda3/envs/domainlab_py310/lib/python3.10/concurrent/futures/thread.py", line 58, in run
    result = self.fn(*self.args, **self.kwargs)
  File "/home/aih/sina.wendrich/miniconda3/envs/domainlab_py310/lib/python3.10/site-packages/snakemake/executors/__init__.py", line 699, in cached_or_run
    run_func(*args)
  File "/home/aih/sina.wendrich/miniconda3/envs/domainlab_py310/lib/python3.10/site-packages/snakemake/executors/__init__.py", line 2656, in run_wrapper
    run(
  File "/ictstr01/groups/aih/sina.wendrich/MA_code/MA_thesis/DomainLab/domainlab/exp_protocol/benchmark.smk", line 187, in __rule_run_experiment
    rule all:
  File "/ictstr01/groups/aih/sina.wendrich/MA_code/MA_thesis/DomainLab/domainlab/exp_protocol/run_experiment.py", line 168, in run_experiment
    exp = Exp(args=args, visitor=ExpProtocolAggWriter)
  File "/ictstr01/groups/aih/sina.wendrich/MA_code/MA_thesis/DomainLab/domainlab/exp/exp_main.py", line 30, in __init__
    self.task = TaskChainNodeGetter(args)()
  File "/ictstr01/groups/aih/sina.wendrich/MA_code/MA_thesis/DomainLab/domainlab/tasks/zoo_tasks.py", line 45, in __call__
    logger.info("")
Message: ''
Arguments: ()

--- Logging error ---
Traceback (most recent call last):
  File "/home/aih/sina.wendrich/miniconda3/envs/domainlab_py310/lib/python3.10/logging/__init__.py", line 1104, in emit
    self.flush()
  File "/home/aih/sina.wendrich/miniconda3/envs/domainlab_py310/lib/python3.10/logging/__init__.py", line 1084, in flush
    self.stream.flush()
OSError: [Errno 122] Disk quota exceeded
Call stack:
  File "/home/aih/sina.wendrich/miniconda3/envs/domainlab_py310/lib/python3.10/threading.py", line 973, in _bootstrap
    self._bootstrap_inner()
  File "/home/aih/sina.wendrich/miniconda3/envs/domainlab_py310/lib/python3.10/threading.py", line 1016, in _bootstrap_inner
    self.run()
  File "/home/aih/sina.wendrich/miniconda3/envs/domainlab_py310/lib/python3.10/threading.py", line 953, in run
    self._target(*self._args, **self._kwargs)
  File "/home/aih/sina.wendrich/miniconda3/envs/domainlab_py310/lib/python3.10/concurrent/futures/thread.py", line 83, in _worker
    work_item.run()
  File "/home/aih/sina.wendrich/miniconda3/envs/domainlab_py310/lib/python3.10/concurrent/futures/thread.py", line 58, in run
    result = self.fn(*self.args, **self.kwargs)
  File "/home/aih/sina.wendrich/miniconda3/envs/domainlab_py310/lib/python3.10/site-packages/snakemake/executors/__init__.py", line 699, in cached_or_run
    run_func(*args)
  File "/home/aih/sina.wendrich/miniconda3/envs/domainlab_py310/lib/python3.10/site-packages/snakemake/executors/__init__.py", line 2656, in run_wrapper
    run(
  File "/ictstr01/groups/aih/sina.wendrich/MA_code/MA_thesis/DomainLab/domainlab/exp_protocol/benchmark.smk", line 187, in __rule_run_experiment
    rule all:
  File "/ictstr01/groups/aih/sina.wendrich/MA_code/MA_thesis/DomainLab/domainlab/exp_protocol/run_experiment.py", line 168, in run_experiment
    exp = Exp(args=args, visitor=ExpProtocolAggWriter)
  File "/ictstr01/groups/aih/sina.wendrich/MA_code/MA_thesis/DomainLab/domainlab/exp/exp_main.py", line 39, in __init__
    self.trainer, self.model, observer_default, device = algo_builder.init_business(
  File "/ictstr01/groups/aih/sina.wendrich/MA_code/MA_thesis/DomainLab/domainlab/algos/builder_erm.py", line 26, in init_business
    device = get_device(args)
  File "/ictstr01/groups/aih/sina.wendrich/MA_code/MA_thesis/DomainLab/domainlab/utils/utils_cuda.py", line 20, in get_device
    logger.info("")
Message: ''
Arguments: ()

--- Logging error ---
Traceback (most recent call last):
  File "/home/aih/sina.wendrich/miniconda3/envs/domainlab_py310/lib/python3.10/logging/__init__.py", line 1104, in emit
    self.flush()
  File "/home/aih/sina.wendrich/miniconda3/envs/domainlab_py310/lib/python3.10/logging/__init__.py", line 1084, in flush
    self.stream.flush()
OSError: [Errno 122] Disk quota exceeded
Call stack:
  File "/home/aih/sina.wendrich/miniconda3/envs/domainlab_py310/lib/python3.10/threading.py", line 973, in _bootstrap
    self._bootstrap_inner()
  File "/home/aih/sina.wendrich/miniconda3/envs/domainlab_py310/lib/python3.10/threading.py", line 1016, in _bootstrap_inner
    self.run()
  File "/home/aih/sina.wendrich/miniconda3/envs/domainlab_py310/lib/python3.10/threading.py", line 953, in run
    self._target(*self._args, **self._kwargs)
  File "/home/aih/sina.wendrich/miniconda3/envs/domainlab_py310/lib/python3.10/concurrent/futures/thread.py", line 83, in _worker
    work_item.run()
  File "/home/aih/sina.wendrich/miniconda3/envs/domainlab_py310/lib/python3.10/concurrent/futures/thread.py", line 58, in run
    result = self.fn(*self.args, **self.kwargs)
  File "/home/aih/sina.wendrich/miniconda3/envs/domainlab_py310/lib/python3.10/site-packages/snakemake/executors/__init__.py", line 699, in cached_or_run
    run_func(*args)
  File "/home/aih/sina.wendrich/miniconda3/envs/domainlab_py310/lib/python3.10/site-packages/snakemake/executors/__init__.py", line 2656, in run_wrapper
    run(
  File "/ictstr01/groups/aih/sina.wendrich/MA_code/MA_thesis/DomainLab/domainlab/exp_protocol/benchmark.smk", line 187, in __rule_run_experiment
    rule all:
  File "/ictstr01/groups/aih/sina.wendrich/MA_code/MA_thesis/DomainLab/domainlab/exp_protocol/run_experiment.py", line 168, in run_experiment
    exp = Exp(args=args, visitor=ExpProtocolAggWriter)
  File "/ictstr01/groups/aih/sina.wendrich/MA_code/MA_thesis/DomainLab/domainlab/exp/exp_main.py", line 39, in __init__
    self.trainer, self.model, observer_default, device = algo_builder.init_business(
  File "/ictstr01/groups/aih/sina.wendrich/MA_code/MA_thesis/DomainLab/domainlab/algos/builder_erm.py", line 26, in init_business
    device = get_device(args)
  File "/ictstr01/groups/aih/sina.wendrich/MA_code/MA_thesis/DomainLab/domainlab/utils/utils_cuda.py", line 21, in get_device
    logger.info(f"using device: {str(device)}")
Message: 'using device: cuda:0'
Arguments: ()
using device: cuda:0
--- Logging error ---
Traceback (most recent call last):
  File "/home/aih/sina.wendrich/miniconda3/envs/domainlab_py310/lib/python3.10/logging/__init__.py", line 1104, in emit
    self.flush()
  File "/home/aih/sina.wendrich/miniconda3/envs/domainlab_py310/lib/python3.10/logging/__init__.py", line 1084, in flush
    self.stream.flush()
OSError: [Errno 122] Disk quota exceeded
Call stack:
  File "/home/aih/sina.wendrich/miniconda3/envs/domainlab_py310/lib/python3.10/threading.py", line 973, in _bootstrap
    self._bootstrap_inner()
  File "/home/aih/sina.wendrich/miniconda3/envs/domainlab_py310/lib/python3.10/threading.py", line 1016, in _bootstrap_inner
    self.run()
  File "/home/aih/sina.wendrich/miniconda3/envs/domainlab_py310/lib/python3.10/threading.py", line 953, in run
    self._target(*self._args, **self._kwargs)
  File "/home/aih/sina.wendrich/miniconda3/envs/domainlab_py310/lib/python3.10/concurrent/futures/thread.py", line 83, in _worker
    work_item.run()
  File "/home/aih/sina.wendrich/miniconda3/envs/domainlab_py310/lib/python3.10/concurrent/futures/thread.py", line 58, in run
    result = self.fn(*self.args, **self.kwargs)
  File "/home/aih/sina.wendrich/miniconda3/envs/domainlab_py310/lib/python3.10/site-packages/snakemake/executors/__init__.py", line 699, in cached_or_run
    run_func(*args)
  File "/home/aih/sina.wendrich/miniconda3/envs/domainlab_py310/lib/python3.10/site-packages/snakemake/executors/__init__.py", line 2656, in run_wrapper
    run(
  File "/ictstr01/groups/aih/sina.wendrich/MA_code/MA_thesis/DomainLab/domainlab/exp_protocol/benchmark.smk", line 187, in __rule_run_experiment
    rule all:
  File "/ictstr01/groups/aih/sina.wendrich/MA_code/MA_thesis/DomainLab/domainlab/exp_protocol/run_experiment.py", line 168, in run_experiment
    exp = Exp(args=args, visitor=ExpProtocolAggWriter)
  File "/ictstr01/groups/aih/sina.wendrich/MA_code/MA_thesis/DomainLab/domainlab/exp/exp_main.py", line 39, in __init__
    self.trainer, self.model, observer_default, device = algo_builder.init_business(
  File "/ictstr01/groups/aih/sina.wendrich/MA_code/MA_thesis/DomainLab/domainlab/algos/builder_erm.py", line 26, in init_business
    device = get_device(args)
  File "/ictstr01/groups/aih/sina.wendrich/MA_code/MA_thesis/DomainLab/domainlab/utils/utils_cuda.py", line 22, in get_device
    logger.info("")
Message: ''
Arguments: ()

/home/aih/sina.wendrich/miniconda3/envs/domainlab_py310/lib/python3.10/site-packages/torch/nn/_reduction.py:42: UserWarning: size_average and reduce args will be deprecated, please use reduction='sum' instead.
  warnings.warn(warning.format(ret))
/home/aih/sina.wendrich/miniconda3/envs/domainlab_py310/lib/python3.10/site-packages/torchmetrics/utilities/prints.py:36: UserWarning: Metric `AUROC` will save all targets and predictions in buffer. For large datasets this may lead to large memory footprint.
  warnings.warn(*args, **kwargs)
--- Logging error ---
Traceback (most recent call last):
  File "/ictstr01/groups/aih/sina.wendrich/MA_code/MA_thesis/DomainLab/domainlab/utils/get_git_tag.py", line 12, in get_git_tag
    subprocess.check_output(["git", "diff-index", "--quiet", "HEAD"])



--- Logging error ---
!!!: not committed yet



scalar performance:
{'acc': 0.905244, 'precision': 0.5639306, 'recall': 0.5004318, 'specificity': 0.5004318, 'f1': 0.47648114, 'auroc': 0.46332842, 'binary_precision': 0.22222222, 'binary_recall': 0.0013599275, 'binary_specificity': 0.9995036, 'binary_f1_score': 0.0027033116}
confusion matrix:
       0   1
0  42287  21
1   4406   6
---- Validation: 
scalar performance:
{'acc': 0.9611537, 'precision': 0.48281208, 'recall': 0.49760318, 'specificity': 0.49760318, 'f1': 0.4900961, 'auroc': 0.3214426, 'binary_precision': 0.0, 'binary_recall': 0.0, 'binary_specificity': 0.99520636, 'binary_f1_score': 0.0}
confusion matrix:
       0   1
0  18062  87
1    643   0
---- Test Domain (oracle): 
scalar performance:
{'acc': 0.94519013, 'precision': 0.47886983, 'recall': 0.49316326, 'specificity': 0.49316326, 'f1': 0.48591146, 'auroc': 0.30679452, 'binary_precision': 0.0, 'binary_recall': 0.0, 'binary_specificity': 0.9863265, 'binary_f1_score': 0.0}
confusion matrix:
      0   1
0  5915  82
1   261   0
t-SNE plot saved as /localscratch/sina.wendrich/tsne/t-SNE_Test_center0_21549561_1.png
new oracle model saved
better model found
persisted
after epoch: 1,now: 2024-06-23 00:15:56.987864,epoch time: 0:18:21.233466,used: 0:18:21.233466,model: dset_te_center0_erm_b44271c83_not_commited_2024md_06md_22_23_57_35_seed_0_21549561
working direcotry: /ictstr01/groups/aih/sina.wendrich/MA_code/MA_thesis/DomainLab
[Sun Jun 23 00:20:57 2024]
Error in rule run_experiment:
    jobid: 0
    input: zoutput/benchmarks/CAMELYON_center0_irm_resnet_differentlearningrates_bs32_classbalancing3/hyperparameters.csv
    output: zoutput/benchmarks/CAMELYON_center0_irm_resnet_differentlearningrates_bs32_classbalancing3/rule_results/4.csv

RuleException:
OSError in file /ictstr01/groups/aih/sina.wendrich/MA_code/MA_thesis/DomainLab/domainlab/exp_protocol/benchmark.smk, line 161:
[Errno 122] Disk quota exceeded
  File "/ictstr01/groups/aih/sina.wendrich/MA_code/MA_thesis/DomainLab/domainlab/exp_protocol/benchmark.smk", line 161, in __rule_run_experiment
  File "/ictstr01/groups/aih/sina.wendrich/MA_code/MA_thesis/DomainLab/domainlab/exp_protocol/run_experiment.py", line 172, in run_experiment
  File "/ictstr01/groups/aih/sina.wendrich/MA_code/MA_thesis/DomainLab/domainlab/exp/exp_main.py", line 77, in execute
  File "/ictstr01/groups/aih/sina.wendrich/MA_code/MA_thesis/DomainLab/domainlab/algos/trainers/train_basic.py", line 49, in tr_epoch
  File "/ictstr01/groups/aih/sina.wendrich/MA_code/MA_thesis/DomainLab/domainlab/algos/trainers/train_basic.py", line 68, in after_epoch
  File "/ictstr01/groups/aih/sina.wendrich/MA_code/MA_thesis/DomainLab/domainlab/algos/trainers/train_basic.py", line 154, in plot_losses
  File "/home/aih/sina.wendrich/miniconda3/envs/domainlab_py310/lib/python3.10/site-packages/matplotlib/pyplot.py", line 1119, in savefig
  File "/home/aih/sina.wendrich/miniconda3/envs/domainlab_py310/lib/python3.10/site-packages/matplotlib/figure.py", line 3390, in savefig
  File "/home/aih/sina.wendrich/miniconda3/envs/domainlab_py310/lib/python3.10/site-packages/matplotlib/backend_bases.py", line 2193, in print_figure
  File "/home/aih/sina.wendrich/miniconda3/envs/domainlab_py310/lib/python3.10/site-packages/matplotlib/backend_bases.py", line 2043, in <lambda>
  File "/home/aih/sina.wendrich/miniconda3/envs/domainlab_py310/lib/python3.10/site-packages/matplotlib/backends/backend_agg.py", line 497, in print_png
  File "/home/aih/sina.wendrich/miniconda3/envs/domainlab_py310/lib/python3.10/site-packages/matplotlib/backends/backend_agg.py", line 446, in _print_pil
  File "/home/aih/sina.wendrich/miniconda3/envs/domainlab_py310/lib/python3.10/site-packages/matplotlib/image.py", line 1656, in imsave
  File "/home/aih/sina.wendrich/miniconda3/envs/domainlab_py310/lib/python3.10/site-packages/PIL/Image.py", line 2462, in save
  File "/home/aih/sina.wendrich/miniconda3/envs/domainlab_py310/lib/python3.10/concurrent/futures/thread.py", line 58, in run
Shutting down, this might take some time.
Exiting because a job execution failed. Look above for error message
