Building DAG of jobs...
Using shell: /usr/bin/bash
Provided cores: 2
Rules claiming more threads will be scaled down.
Provided resources: mem_mb=100000, mem_mib=95368, disk_mb=1000, disk_mib=954, nvidia_gpu=1
Select jobs to execute...

[Fri Jun 21 09:51:16 2024]
rule run_experiment:
    input: zoutput/benchmarks/CAMELYON_center0_irm_resnet_bs16_lre4_classbalancing/hyperparameters.csv
    output: zoutput/benchmarks/CAMELYON_center0_irm_resnet_bs16_lre4_classbalancing/rule_results/3.csv
    jobid: 0
    reason: Forced execution
    wildcards: index=3
    resources: mem_mb=100000, mem_mib=95368, disk_mb=1000, disk_mib=954, tmpdir=/tmp, partition=gpu_p, qos=gpu_normal, nvidia_gpu=1

Failed to import backpack: cannot import name '_grad_input_padding' from 'torch.nn.grad' (/home/aih/sina.wendrich/miniconda3/envs/domainlab_py310/lib/python3.10/site-packages/torch/nn/grad.py)
before experiment loop: 
|===========================================================================|
|                  PyTorch CUDA memory summary, device ID 0                 |
|---------------------------------------------------------------------------|
|            CUDA OOMs: 0            |        cudaMalloc retries: 0         |
|===========================================================================|
|        Metric         | Cur Usage  | Peak Usage | Tot Alloc  | Tot Freed  |
|---------------------------------------------------------------------------|
| Allocated memory      |      0 B   |      0 B   |      0 B   |      0 B   |
|       from large pool |      0 B   |      0 B   |      0 B   |      0 B   |
|       from small pool |      0 B   |      0 B   |      0 B   |      0 B   |
|---------------------------------------------------------------------------|
| Active memory         |      0 B   |      0 B   |      0 B   |      0 B   |
|       from large pool |      0 B   |      0 B   |      0 B   |      0 B   |
|       from small pool |      0 B   |      0 B   |      0 B   |      0 B   |
|---------------------------------------------------------------------------|
| Requested memory      |      0 B   |      0 B   |      0 B   |      0 B   |
|       from large pool |      0 B   |      0 B   |      0 B   |      0 B   |
|       from small pool |      0 B   |      0 B   |      0 B   |      0 B   |
|---------------------------------------------------------------------------|
| GPU reserved memory   |      0 B   |      0 B   |      0 B   |      0 B   |
|       from large pool |      0 B   |      0 B   |      0 B   |      0 B   |
|       from small pool |      0 B   |      0 B   |      0 B   |      0 B   |
|---------------------------------------------------------------------------|
| Non-releasable memory |      0 B   |      0 B   |      0 B   |      0 B   |
|       from large pool |      0 B   |      0 B   |      0 B   |      0 B   |
|       from small pool |      0 B   |      0 B   |      0 B   |      0 B   |
|---------------------------------------------------------------------------|
| Allocations           |       0    |       0    |       0    |       0    |
|       from large pool |       0    |       0    |       0    |       0    |
|       from small pool |       0    |       0    |       0    |       0    |
|---------------------------------------------------------------------------|
| Active allocs         |       0    |       0    |       0    |       0    |
|       from large pool |       0    |       0    |       0    |       0    |
|       from small pool |       0    |       0    |       0    |       0    |
|---------------------------------------------------------------------------|
| GPU reserved segments |       0    |       0    |       0    |       0    |
|       from large pool |       0    |       0    |       0    |       0    |
|       from small pool |       0    |       0    |       0    |       0    |
|---------------------------------------------------------------------------|
| Non-releasable allocs |       0    |       0    |       0    |       0    |
|       from large pool |       0    |       0    |       0    |       0    |
|       from small pool |       0    |       0    |       0    |       0    |
|---------------------------------------------------------------------------|
| Oversize allocations  |       0    |       0    |       0    |       0    |
|---------------------------------------------------------------------------|
| Oversize GPU segments |       0    |       0    |       0    |       0    |
|===========================================================================|

before experiment starts
|===========================================================================|
|                  PyTorch CUDA memory summary, device ID 0                 |
|---------------------------------------------------------------------------|
|            CUDA OOMs: 0            |        cudaMalloc retries: 0         |
|===========================================================================|
|        Metric         | Cur Usage  | Peak Usage | Tot Alloc  | Tot Freed  |
|---------------------------------------------------------------------------|
| Allocated memory      |      0 B   |      0 B   |      0 B   |      0 B   |
|       from large pool |      0 B   |      0 B   |      0 B   |      0 B   |
|       from small pool |      0 B   |      0 B   |      0 B   |      0 B   |
|---------------------------------------------------------------------------|
| Active memory         |      0 B   |      0 B   |      0 B   |      0 B   |
|       from large pool |      0 B   |      0 B   |      0 B   |      0 B   |
|       from small pool |      0 B   |      0 B   |      0 B   |      0 B   |
|---------------------------------------------------------------------------|
| Requested memory      |      0 B   |      0 B   |      0 B   |      0 B   |
|       from large pool |      0 B   |      0 B   |      0 B   |      0 B   |
|       from small pool |      0 B   |      0 B   |      0 B   |      0 B   |
|---------------------------------------------------------------------------|
| GPU reserved memory   |      0 B   |      0 B   |      0 B   |      0 B   |
|       from large pool |      0 B   |      0 B   |      0 B   |      0 B   |
|       from small pool |      0 B   |      0 B   |      0 B   |      0 B   |
|---------------------------------------------------------------------------|
| Non-releasable memory |      0 B   |      0 B   |      0 B   |      0 B   |
|       from large pool |      0 B   |      0 B   |      0 B   |      0 B   |
|       from small pool |      0 B   |      0 B   |      0 B   |      0 B   |
|---------------------------------------------------------------------------|
| Allocations           |       0    |       0    |       0    |       0    |
|       from large pool |       0    |       0    |       0    |       0    |
|       from small pool |       0    |       0    |       0    |       0    |
|---------------------------------------------------------------------------|
| Active allocs         |       0    |       0    |       0    |       0    |
|       from large pool |       0    |       0    |       0    |       0    |
|       from small pool |       0    |       0    |       0    |       0    |
|---------------------------------------------------------------------------|
| GPU reserved segments |       0    |       0    |       0    |       0    |
|       from large pool |       0    |       0    |       0    |       0    |
|       from small pool |       0    |       0    |       0    |       0    |
|---------------------------------------------------------------------------|
| Non-releasable allocs |       0    |       0    |       0    |       0    |
|       from large pool |       0    |       0    |       0    |       0    |
|       from small pool |       0    |       0    |       0    |       0    |
|---------------------------------------------------------------------------|
| Oversize allocations  |       0    |       0    |       0    |       0    |
|---------------------------------------------------------------------------|
| Oversize GPU segments |       0    |       0    |       0    |       0    |
|===========================================================================|


overriding args.task None to dset


using device: cuda:0

/home/aih/sina.wendrich/miniconda3/envs/domainlab_py310/lib/python3.10/site-packages/torch/nn/_reduction.py:42: UserWarning: size_average and reduce args will be deprecated, please use reduction='sum' instead.
  warnings.warn(warning.format(ret))
/home/aih/sina.wendrich/miniconda3/envs/domainlab_py310/lib/python3.10/site-packages/torchmetrics/utilities/prints.py:36: UserWarning: Metric `AUROC` will save all targets and predictions in buffer. For large datasets this may lead to large memory footprint.
  warnings.warn(*args, **kwargs)



!!!: not committed yet
/ictstr01/groups/aih/sina.wendrich/MA_code/MA_thesis/DomainLab/domainlab/utils/get_git_tag.py:16: UserWarning: !!!: not committed yet
  warnings.warn("!!!: not committed yet")



b'44271c83'
model name: dset_te_center0_erm_b44271c83_not_commited_2024md_06md_21_10_03_21_seed_0_21518372

 Experiment start at: 2024-06-21 10:03:21.811661
before training, model accuracy: 0.3101629912853241
epoch: 1
---- Training Domain: 
scalar performance:
{'acc': 0.9421859, 'precision': 0.8887192, 'recall': 0.73933953, 'specificity': 0.73933953, 'f1': 0.7919771, 'auroc': 0.93876827, 'binary_precision': 0.82853854, 'binary_recall': 0.4892412, 'binary_specificity': 0.9894379, 'binary_f1_score': 0.6152093}
confusion matrix:
       0     1
0  41874   447
1   2255  2160
---- Validation: 
scalar performance:
{'acc': 0.96099406, 'precision': 0.49850905, 'recall': 0.49977067, 'specificity': 0.49977067, 'f1': 0.4941125, 'auroc': 0.5809107, 'binary_precision': 0.03125, 'binary_recall': 0.00466563, 'binary_specificity': 0.9948757, 'binary_f1_score': 0.00811908}
confusion matrix:
       0   1
0  18056  93
1    640   3
---- Test Domain (oracle): 
scalar performance:
{'acc': 0.96212846, 'precision': 0.81394005, 'recall': 0.5917854, 'specificity': 0.5917854, 'f1': 0.63654035, 'auroc': 0.7660235, 'binary_precision': 0.6621622, 'binary_recall': 0.18773946, 'binary_specificity': 0.99583125, 'binary_f1_score': 0.2925373}
confusion matrix:
      0   1
0  5972  25
1   212  49
t-SNE plot saved as /localscratch/sina.wendrich/tsne/t-SNE_Test_center0_21518372_1.png
[Fri Jun 21 10:19:39 2024]
Error in rule run_experiment:
    jobid: 0
    input: zoutput/benchmarks/CAMELYON_center0_irm_resnet_bs16_lre4_classbalancing/hyperparameters.csv
    output: zoutput/benchmarks/CAMELYON_center0_irm_resnet_bs16_lre4_classbalancing/rule_results/3.csv

RuleException:
RuntimeError in file /ictstr01/groups/aih/sina.wendrich/MA_code/MA_thesis/DomainLab/domainlab/exp_protocol/benchmark.smk, line 161:
[enforce fail at inline_container.cc:595] . unexpected pos 47199040 vs 47198872
  File "/ictstr01/groups/aih/sina.wendrich/MA_code/MA_thesis/DomainLab/domainlab/exp_protocol/benchmark.smk", line 161, in __rule_run_experiment
  File "/ictstr01/groups/aih/sina.wendrich/MA_code/MA_thesis/DomainLab/domainlab/exp_protocol/run_experiment.py", line 172, in run_experiment
  File "/ictstr01/groups/aih/sina.wendrich/MA_code/MA_thesis/DomainLab/domainlab/exp/exp_main.py", line 77, in execute
  File "/ictstr01/groups/aih/sina.wendrich/MA_code/MA_thesis/DomainLab/domainlab/algos/trainers/train_irm.py", line 51, in tr_epoch
  File "/ictstr01/groups/aih/sina.wendrich/MA_code/MA_thesis/DomainLab/domainlab/algos/trainers/train_irm.py", line 66, in after_epoch
  File "/ictstr01/groups/aih/sina.wendrich/MA_code/MA_thesis/DomainLab/domainlab/algos/observers/b_obvisitor.py", line 60, in update
  File "/ictstr01/groups/aih/sina.wendrich/MA_code/MA_thesis/DomainLab/domainlab/algos/msels/a_model_sel.py", line 63, in update
  File "/ictstr01/groups/aih/sina.wendrich/MA_code/MA_thesis/DomainLab/domainlab/algos/msels/c_msel_oracle.py", line 45, in base_update
  File "/ictstr01/groups/aih/sina.wendrich/MA_code/MA_thesis/DomainLab/domainlab/models/a_model.py", line 159, in save
  File "/ictstr01/groups/aih/sina.wendrich/MA_code/MA_thesis/DomainLab/domainlab/exp/exp_utils.py", line 89, in save
  File "/home/aih/sina.wendrich/miniconda3/envs/domainlab_py310/lib/python3.10/site-packages/torch/serialization.py", line 627, in save
  File "/home/aih/sina.wendrich/miniconda3/envs/domainlab_py310/lib/python3.10/site-packages/torch/serialization.py", line 475, in __exit__
  File "/home/aih/sina.wendrich/miniconda3/envs/domainlab_py310/lib/python3.10/concurrent/futures/thread.py", line 58, in run
Shutting down, this might take some time.
Exiting because a job execution failed. Look above for error message
