Building DAG of jobs...
Using shell: /usr/bin/bash
Provided cores: 2
Rules claiming more threads will be scaled down.
Provided resources: mem_mb=100000, mem_mib=95368, disk_mb=1000, disk_mib=954, nvidia_gpu=1
Select jobs to execute...

[Wed May 29 10:41:20 2024]
rule run_experiment:
    input: zoutput/benchmarks/CAMELYON_center0_irm_vit_resnet_dinov2_bs16_lr1e-6/hyperparameters.csv
    output: zoutput/benchmarks/CAMELYON_center0_irm_vit_resnet_dinov2_bs16_lr1e-6/rule_results/6.csv
    jobid: 0
    reason: Forced execution
    wildcards: index=6
    resources: mem_mb=100000, mem_mib=95368, disk_mb=1000, disk_mib=954, tmpdir=/tmp, partition=gpu_p, qos=gpu_normal, nvidia_gpu=1

Failed to import backpack: cannot import name '_grad_input_padding' from 'torch.nn.grad' (/home/aih/sina.wendrich/miniconda3/envs/domainlab_py310/lib/python3.10/site-packages/torch/nn/grad.py)
before experiment loop: 
|===========================================================================|
|                  PyTorch CUDA memory summary, device ID 0                 |
|---------------------------------------------------------------------------|
|            CUDA OOMs: 0            |        cudaMalloc retries: 0         |
|===========================================================================|
|        Metric         | Cur Usage  | Peak Usage | Tot Alloc  | Tot Freed  |
|---------------------------------------------------------------------------|
| Allocated memory      |      0 B   |      0 B   |      0 B   |      0 B   |
|       from large pool |      0 B   |      0 B   |      0 B   |      0 B   |
|       from small pool |      0 B   |      0 B   |      0 B   |      0 B   |
|---------------------------------------------------------------------------|
| Active memory         |      0 B   |      0 B   |      0 B   |      0 B   |
|       from large pool |      0 B   |      0 B   |      0 B   |      0 B   |
|       from small pool |      0 B   |      0 B   |      0 B   |      0 B   |
|---------------------------------------------------------------------------|
| Requested memory      |      0 B   |      0 B   |      0 B   |      0 B   |
|       from large pool |      0 B   |      0 B   |      0 B   |      0 B   |
|       from small pool |      0 B   |      0 B   |      0 B   |      0 B   |
|---------------------------------------------------------------------------|
| GPU reserved memory   |      0 B   |      0 B   |      0 B   |      0 B   |
|       from large pool |      0 B   |      0 B   |      0 B   |      0 B   |
|       from small pool |      0 B   |      0 B   |      0 B   |      0 B   |
|---------------------------------------------------------------------------|
| Non-releasable memory |      0 B   |      0 B   |      0 B   |      0 B   |
|       from large pool |      0 B   |      0 B   |      0 B   |      0 B   |
|       from small pool |      0 B   |      0 B   |      0 B   |      0 B   |
|---------------------------------------------------------------------------|
| Allocations           |       0    |       0    |       0    |       0    |
|       from large pool |       0    |       0    |       0    |       0    |
|       from small pool |       0    |       0    |       0    |       0    |
|---------------------------------------------------------------------------|
| Active allocs         |       0    |       0    |       0    |       0    |
|       from large pool |       0    |       0    |       0    |       0    |
|       from small pool |       0    |       0    |       0    |       0    |
|---------------------------------------------------------------------------|
| GPU reserved segments |       0    |       0    |       0    |       0    |
|       from large pool |       0    |       0    |       0    |       0    |
|       from small pool |       0    |       0    |       0    |       0    |
|---------------------------------------------------------------------------|
| Non-releasable allocs |       0    |       0    |       0    |       0    |
|       from large pool |       0    |       0    |       0    |       0    |
|       from small pool |       0    |       0    |       0    |       0    |
|---------------------------------------------------------------------------|
| Oversize allocations  |       0    |       0    |       0    |       0    |
|---------------------------------------------------------------------------|
| Oversize GPU segments |       0    |       0    |       0    |       0    |
|===========================================================================|

before experiment starts
|===========================================================================|
|                  PyTorch CUDA memory summary, device ID 0                 |
|---------------------------------------------------------------------------|
|            CUDA OOMs: 0            |        cudaMalloc retries: 0         |
|===========================================================================|
|        Metric         | Cur Usage  | Peak Usage | Tot Alloc  | Tot Freed  |
|---------------------------------------------------------------------------|
| Allocated memory      |      0 B   |      0 B   |      0 B   |      0 B   |
|       from large pool |      0 B   |      0 B   |      0 B   |      0 B   |
|       from small pool |      0 B   |      0 B   |      0 B   |      0 B   |
|---------------------------------------------------------------------------|
| Active memory         |      0 B   |      0 B   |      0 B   |      0 B   |
|       from large pool |      0 B   |      0 B   |      0 B   |      0 B   |
|       from small pool |      0 B   |      0 B   |      0 B   |      0 B   |
|---------------------------------------------------------------------------|
| Requested memory      |      0 B   |      0 B   |      0 B   |      0 B   |
|       from large pool |      0 B   |      0 B   |      0 B   |      0 B   |
|       from small pool |      0 B   |      0 B   |      0 B   |      0 B   |
|---------------------------------------------------------------------------|
| GPU reserved memory   |      0 B   |      0 B   |      0 B   |      0 B   |
|       from large pool |      0 B   |      0 B   |      0 B   |      0 B   |
|       from small pool |      0 B   |      0 B   |      0 B   |      0 B   |
|---------------------------------------------------------------------------|
| Non-releasable memory |      0 B   |      0 B   |      0 B   |      0 B   |
|       from large pool |      0 B   |      0 B   |      0 B   |      0 B   |
|       from small pool |      0 B   |      0 B   |      0 B   |      0 B   |
|---------------------------------------------------------------------------|
| Allocations           |       0    |       0    |       0    |       0    |
|       from large pool |       0    |       0    |       0    |       0    |
|       from small pool |       0    |       0    |       0    |       0    |
|---------------------------------------------------------------------------|
| Active allocs         |       0    |       0    |       0    |       0    |
|       from large pool |       0    |       0    |       0    |       0    |
|       from small pool |       0    |       0    |       0    |       0    |
|---------------------------------------------------------------------------|
| GPU reserved segments |       0    |       0    |       0    |       0    |
|       from large pool |       0    |       0    |       0    |       0    |
|       from small pool |       0    |       0    |       0    |       0    |
|---------------------------------------------------------------------------|
| Non-releasable allocs |       0    |       0    |       0    |       0    |
|       from large pool |       0    |       0    |       0    |       0    |
|       from small pool |       0    |       0    |       0    |       0    |
|---------------------------------------------------------------------------|
| Oversize allocations  |       0    |       0    |       0    |       0    |
|---------------------------------------------------------------------------|
| Oversize GPU segments |       0    |       0    |       0    |       0    |
|===========================================================================|


overriding args.task None to dset


using device: cuda:0

/home/aih/sina.wendrich/miniconda3/envs/domainlab_py310/lib/python3.10/site-packages/torch/nn/_reduction.py:42: UserWarning: size_average and reduce args will be deprecated, please use reduction='sum' instead.
  warnings.warn(warning.format(ret))
/home/aih/sina.wendrich/miniconda3/envs/domainlab_py310/lib/python3.10/site-packages/torchmetrics/utilities/prints.py:36: UserWarning: Metric `AUROC` will save all targets and predictions in buffer. For large datasets this may lead to large memory footprint.
  warnings.warn(*args, **kwargs)



!!!: not committed yet
/ictstr01/groups/aih/sina.wendrich/MA_code/MA_thesis/DomainLab/domainlab/utils/get_git_tag.py:16: UserWarning: !!!: not committed yet
  warnings.warn("!!!: not committed yet")



b'44271c83'
model name: dset_te_center0_erm_b44271c83_not_commited_2024md_05md_29_10_47_55_seed_0_20986462

 Experiment start at: 2024-05-29 10:47:55.587655
before training, model accuracy: 0.955097496509552
epoch: 1
---- Training Domain: 
scalar performance:
{'acc': 0.9706111, 'precision': 0.7910112, 'recall': 0.6777022, 'specificity': 0.6777022, 'f1': 0.71943307, 'auroc': 0.9497793, 'binary_precision': 0.6038375, 'binary_recall': 0.36369815, 'binary_specificity': 0.99170625, 'binary_f1_score': 0.45396692}
confusion matrix:
       0    1
0  41970  351
1    936  535
---- Validation: 
scalar performance:
{'acc': 0.9684972, 'precision': 0.7732948, 'recall': 0.65666646, 'specificity': 0.65666646, 'f1': 0.69767314, 'auroc': 0.9452194, 'binary_precision': 0.57024795, 'binary_recall': 0.32192847, 'binary_specificity': 0.9914045, 'binary_f1_score': 0.41153085}
confusion matrix:
       0    1
0  17993  156
1    436  207
---- Test Domain (oracle): 
scalar performance:
{'acc': 0.96740174, 'precision': 0.9193717, 'recall': 0.6275188, 'specificity': 0.6275188, 'f1': 0.6898491, 'auroc': 0.9367877, 'binary_precision': 0.8701299, 'binary_recall': 0.256705, 'binary_specificity': 0.9983325, 'binary_f1_score': 0.3964497}
confusion matrix:
      0   1
0  5987  10
1   194  67
t-SNE plot saved as zoutput/tsne/t-SNE_Test_center0_20986462.png
new oracle model saved
better model found
persisted
after epoch: 1,now: 2024-05-29 11:28:15.920315,epoch time: 0:40:20.332660,used: 0:40:20.332660,model: dset_te_center0_erm_b44271c83_not_commited_2024md_05md_29_10_47_55_seed_0_20986462
working direcotry: /ictstr01/groups/aih/sina.wendrich/MA_code/MA_thesis/DomainLab
epoch: 2
---- Training Domain: 
scalar performance:
{'acc': 0.9737395, 'precision': 0.8408146, 'recall': 0.68621063, 'specificity': 0.68621063, 'f1': 0.739061, 'auroc': 0.963225, 'binary_precision': 0.70290774, 'binary_recall': 0.37797415, 'binary_specificity': 0.9944472, 'binary_f1_score': 0.4916004}
confusion matrix:
       0    1
0  42086  235
1    915  556
---- Validation: 
scalar performance:
{'acc': 0.97243506, 'precision': 0.8365674, 'recall': 0.66995597, 'specificity': 0.66995597, 'f1': 0.723697, 'auroc': 0.95893955, 'binary_precision': 0.69592476, 'binary_recall': 0.3452566, 'binary_specificity': 0.9946554, 'binary_f1_score': 0.46153846}
confusion matrix:
       0    1
0  18052   97
1    421  222
---- Test Domain (oracle): 
scalar performance:
{'acc': 0.96276766, 'precision': 0.92604196, 'recall': 0.5609692, 'specificity': 0.5609692, 'f1': 0.59820974, 'auroc': 0.9468492, 'binary_precision': 0.8888889, 'binary_recall': 0.12260536, 'binary_specificity': 0.999333, 'binary_f1_score': 0.2154882}
confusion matrix:
      0   1
0  5993   4
1   229  32
[Wed May 29 12:08:01 2024]
Error in rule run_experiment:
    jobid: 0
    input: zoutput/benchmarks/CAMELYON_center0_irm_vit_resnet_dinov2_bs16_lr1e-6/hyperparameters.csv
    output: zoutput/benchmarks/CAMELYON_center0_irm_vit_resnet_dinov2_bs16_lr1e-6/rule_results/6.csv

--- Logging error ---
Traceback (most recent call last):
  File "/home/aih/sina.wendrich/miniconda3/envs/domainlab_py310/lib/python3.10/site-packages/PIL/Image.py", line 2459, in save
    save_handler(self, fp, filename)
