Building DAG of jobs...
Using shell: /usr/bin/bash
Provided cores: 2
Rules claiming more threads will be scaled down.
Provided resources: mem_mb=100000, mem_mib=95368, disk_mb=1000, disk_mib=954, nvidia_gpu=1
Select jobs to execute...

[Mon Jun 10 12:08:35 2024]
rule run_experiment:
    input: zoutput/benchmarks/CAMELYON_center0_irm_vit_resnet_dinov2_bs16_lr1e-5_dino3/hyperparameters.csv
    output: zoutput/benchmarks/CAMELYON_center0_irm_vit_resnet_dinov2_bs16_lr1e-5_dino3/rule_results/0.csv
    jobid: 0
    reason: Forced execution
    wildcards: index=0
    resources: mem_mb=100000, mem_mib=95368, disk_mb=1000, disk_mib=954, tmpdir=/tmp, partition=gpu_p, qos=gpu_normal, nvidia_gpu=1

Failed to import backpack: cannot import name '_grad_input_padding' from 'torch.nn.grad' (/home/aih/sina.wendrich/miniconda3/envs/domainlab_py310/lib/python3.10/site-packages/torch/nn/grad.py)
before experiment loop: 
|===========================================================================|
|                  PyTorch CUDA memory summary, device ID 0                 |
|---------------------------------------------------------------------------|
|            CUDA OOMs: 0            |        cudaMalloc retries: 0         |
|===========================================================================|
|        Metric         | Cur Usage  | Peak Usage | Tot Alloc  | Tot Freed  |
|---------------------------------------------------------------------------|
| Allocated memory      |      0 B   |      0 B   |      0 B   |      0 B   |
|       from large pool |      0 B   |      0 B   |      0 B   |      0 B   |
|       from small pool |      0 B   |      0 B   |      0 B   |      0 B   |
|---------------------------------------------------------------------------|
| Active memory         |      0 B   |      0 B   |      0 B   |      0 B   |
|       from large pool |      0 B   |      0 B   |      0 B   |      0 B   |
|       from small pool |      0 B   |      0 B   |      0 B   |      0 B   |
|---------------------------------------------------------------------------|
| Requested memory      |      0 B   |      0 B   |      0 B   |      0 B   |
|       from large pool |      0 B   |      0 B   |      0 B   |      0 B   |
|       from small pool |      0 B   |      0 B   |      0 B   |      0 B   |
|---------------------------------------------------------------------------|
| GPU reserved memory   |      0 B   |      0 B   |      0 B   |      0 B   |
|       from large pool |      0 B   |      0 B   |      0 B   |      0 B   |
|       from small pool |      0 B   |      0 B   |      0 B   |      0 B   |
|---------------------------------------------------------------------------|
| Non-releasable memory |      0 B   |      0 B   |      0 B   |      0 B   |
|       from large pool |      0 B   |      0 B   |      0 B   |      0 B   |
|       from small pool |      0 B   |      0 B   |      0 B   |      0 B   |
|---------------------------------------------------------------------------|
| Allocations           |       0    |       0    |       0    |       0    |
|       from large pool |       0    |       0    |       0    |       0    |
|       from small pool |       0    |       0    |       0    |       0    |
|---------------------------------------------------------------------------|
| Active allocs         |       0    |       0    |       0    |       0    |
|       from large pool |       0    |       0    |       0    |       0    |
|       from small pool |       0    |       0    |       0    |       0    |
|---------------------------------------------------------------------------|
| GPU reserved segments |       0    |       0    |       0    |       0    |
|       from large pool |       0    |       0    |       0    |       0    |
|       from small pool |       0    |       0    |       0    |       0    |
|---------------------------------------------------------------------------|
| Non-releasable allocs |       0    |       0    |       0    |       0    |
|       from large pool |       0    |       0    |       0    |       0    |
|       from small pool |       0    |       0    |       0    |       0    |
|---------------------------------------------------------------------------|
| Oversize allocations  |       0    |       0    |       0    |       0    |
|---------------------------------------------------------------------------|
| Oversize GPU segments |       0    |       0    |       0    |       0    |
|===========================================================================|

before experiment starts
|===========================================================================|
|                  PyTorch CUDA memory summary, device ID 0                 |
|---------------------------------------------------------------------------|
|            CUDA OOMs: 0            |        cudaMalloc retries: 0         |
|===========================================================================|
|        Metric         | Cur Usage  | Peak Usage | Tot Alloc  | Tot Freed  |
|---------------------------------------------------------------------------|
| Allocated memory      |      0 B   |      0 B   |      0 B   |      0 B   |
|       from large pool |      0 B   |      0 B   |      0 B   |      0 B   |
|       from small pool |      0 B   |      0 B   |      0 B   |      0 B   |
|---------------------------------------------------------------------------|
| Active memory         |      0 B   |      0 B   |      0 B   |      0 B   |
|       from large pool |      0 B   |      0 B   |      0 B   |      0 B   |
|       from small pool |      0 B   |      0 B   |      0 B   |      0 B   |
|---------------------------------------------------------------------------|
| Requested memory      |      0 B   |      0 B   |      0 B   |      0 B   |
|       from large pool |      0 B   |      0 B   |      0 B   |      0 B   |
|       from small pool |      0 B   |      0 B   |      0 B   |      0 B   |
|---------------------------------------------------------------------------|
| GPU reserved memory   |      0 B   |      0 B   |      0 B   |      0 B   |
|       from large pool |      0 B   |      0 B   |      0 B   |      0 B   |
|       from small pool |      0 B   |      0 B   |      0 B   |      0 B   |
|---------------------------------------------------------------------------|
| Non-releasable memory |      0 B   |      0 B   |      0 B   |      0 B   |
|       from large pool |      0 B   |      0 B   |      0 B   |      0 B   |
|       from small pool |      0 B   |      0 B   |      0 B   |      0 B   |
|---------------------------------------------------------------------------|
| Allocations           |       0    |       0    |       0    |       0    |
|       from large pool |       0    |       0    |       0    |       0    |
|       from small pool |       0    |       0    |       0    |       0    |
|---------------------------------------------------------------------------|
| Active allocs         |       0    |       0    |       0    |       0    |
|       from large pool |       0    |       0    |       0    |       0    |
|       from small pool |       0    |       0    |       0    |       0    |
|---------------------------------------------------------------------------|
| GPU reserved segments |       0    |       0    |       0    |       0    |
|       from large pool |       0    |       0    |       0    |       0    |
|       from small pool |       0    |       0    |       0    |       0    |
|---------------------------------------------------------------------------|
| Non-releasable allocs |       0    |       0    |       0    |       0    |
|       from large pool |       0    |       0    |       0    |       0    |
|       from small pool |       0    |       0    |       0    |       0    |
|---------------------------------------------------------------------------|
| Oversize allocations  |       0    |       0    |       0    |       0    |
|---------------------------------------------------------------------------|
| Oversize GPU segments |       0    |       0    |       0    |       0    |
|===========================================================================|


overriding args.task None to dset


using device: cuda:0

Using cache found in /home/aih/sina.wendrich/.cache/torch/hub/facebookresearch_dinov2_main
/home/aih/sina.wendrich/.cache/torch/hub/facebookresearch_dinov2_main/dinov2/layers/swiglu_ffn.py:51: UserWarning: xFormers is not available (SwiGLU)
  warnings.warn("xFormers is not available (SwiGLU)")
/home/aih/sina.wendrich/.cache/torch/hub/facebookresearch_dinov2_main/dinov2/layers/attention.py:33: UserWarning: xFormers is not available (Attention)
  warnings.warn("xFormers is not available (Attention)")
/home/aih/sina.wendrich/.cache/torch/hub/facebookresearch_dinov2_main/dinov2/layers/block.py:40: UserWarning: xFormers is not available (Block)
  warnings.warn("xFormers is not available (Block)")
/home/aih/sina.wendrich/miniconda3/envs/domainlab_py310/lib/python3.10/site-packages/torch/nn/_reduction.py:42: UserWarning: size_average and reduce args will be deprecated, please use reduction='sum' instead.
  warnings.warn(warning.format(ret))
/home/aih/sina.wendrich/miniconda3/envs/domainlab_py310/lib/python3.10/site-packages/torchmetrics/utilities/prints.py:36: UserWarning: Metric `AUROC` will save all targets and predictions in buffer. For large datasets this may lead to large memory footprint.
  warnings.warn(*args, **kwargs)



!!!: not committed yet
/ictstr01/groups/aih/sina.wendrich/MA_code/MA_thesis/DomainLab/domainlab/utils/get_git_tag.py:16: UserWarning: !!!: not committed yet
  warnings.warn("!!!: not committed yet")



b'44271c83'
model name: dset_te_center0_erm_b44271c83_not_commited_2024md_06md_10_12_18_50_seed_0_21268467

 Experiment start at: 2024-06-10 12:18:50.112507
before training, model accuracy: 0.6388623118400574
epoch: 1
---- Training Domain: 
scalar performance:
{'acc': 0.9680307, 'precision': 0.7671195, 'recall': 0.6100278, 'specificity': 0.6100278, 'f1': 0.6529956, 'auroc': 0.9532755, 'binary_precision': 0.56060606, 'binary_recall': 0.22622283, 'binary_specificity': 0.9938327, 'binary_f1_score': 0.32236207}
confusion matrix:
       0    1
0  42059  261
1   1139  333
---- Validation: 
scalar performance:
{'acc': 0.9657833, 'precision': 0.73299086, 'recall': 0.5030002, 'specificity': 0.5030002, 'f1': 0.49743947, 'auroc': 0.9490843, 'binary_precision': 0.5, 'binary_recall': 0.00622084, 'binary_specificity': 0.9997796, 'binary_f1_score': 0.012288787}
confusion matrix:
       0  1
0  18145  4
1    639  4
---- Test Domain (oracle): 
scalar performance:
{'acc': 0.9592522, 'precision': 0.9796065, 'recall': 0.5114943, 'specificity': 0.5114943, 'f1': 0.5120629, 'auroc': 0.9437227, 'binary_precision': 1.0, 'binary_recall': 0.022988506, 'binary_specificity': 1.0, 'binary_f1_score': 0.044943817}
confusion matrix:
      0  1
0  5997  0
1   255  6
t-SNE plot saved as /localscratch/sina.wendrich/tsne/t-SNE_Test_center0_21268467_1.png
new oracle model saved
better model found
persisted
after epoch: 1,now: 2024-06-10 12:51:58.147103,epoch time: 0:33:08.034596,used: 0:33:08.034596,model: dset_te_center0_erm_b44271c83_not_commited_2024md_06md_10_12_18_50_seed_0_21268467
working direcotry: /ictstr01/groups/aih/sina.wendrich/MA_code/MA_thesis/DomainLab
epoch: 2
---- Training Domain: 
scalar performance:
{'acc': 0.96638656, 'precision': 0.48319328, 'recall': 0.5, 'specificity': 0.5, 'f1': 0.491453, 'auroc': 0.96480525, 'binary_precision': 0.0, 'binary_recall': 0.0, 'binary_specificity': 1.0, 'binary_f1_score': 0.0}
confusion matrix:
       0  1
0  42320  0
1   1472  0
---- Validation: 
scalar performance:
{'acc': 0.9657833, 'precision': 0.48289165, 'recall': 0.5, 'specificity': 0.5, 'f1': 0.49129692, 'auroc': 0.9626853, 'binary_precision': 0.0, 'binary_recall': 0.0, 'binary_specificity': 1.0, 'binary_f1_score': 0.0}
confusion matrix:
       0  1
0  18149  0
1    643  0
---- Test Domain (oracle): 
scalar performance:
{'acc': 0.9582934, 'precision': 0.4791467, 'recall': 0.5, 'specificity': 0.5, 'f1': 0.48935127, 'auroc': 0.9562298, 'binary_precision': 0.0, 'binary_recall': 0.0, 'binary_specificity': 1.0, 'binary_f1_score': 0.0}
confusion matrix:
      0  1
0  5997  0
1   261  0
t-SNE plot saved as /localscratch/sina.wendrich/tsne/t-SNE_Test_center0_21268467_2.png
early stop counter: 1
val acc:0.9657832980155945, best validation acc: 0.9657832980155945, corresponding to test acc:                         0.9592521786689758 / 0.9592521786689758
after epoch: 2,now: 2024-06-10 13:23:58.210074,epoch time: 0:32:00.062971,used: 1:05:08.097567,model: dset_te_center0_erm_b44271c83_not_commited_2024md_06md_10_12_18_50_seed_0_21268467
working direcotry: /ictstr01/groups/aih/sina.wendrich/MA_code/MA_thesis/DomainLab
epoch: 3
---- Training Domain: 
scalar performance:
{'acc': 0.9728718, 'precision': 0.7970544, 'recall': 0.7610527, 'specificity': 0.7610527, 'f1': 0.7777798, 'auroc': 0.9676004, 'binary_precision': 0.61024845, 'binary_recall': 0.5339674, 'binary_specificity': 0.988138, 'binary_f1_score': 0.5695652}
confusion matrix:
       0    1
0  41818  502
1    686  786
---- Validation: 
scalar performance:
{'acc': 0.97232866, 'precision': 0.8079298, 'recall': 0.7201546, 'specificity': 0.7201546, 'f1': 0.7560798, 'auroc': 0.9692664, 'binary_precision': 0.63516486, 'binary_recall': 0.44945568, 'binary_specificity': 0.9908535, 'binary_f1_score': 0.52641165}
confusion matrix:
       0    1
0  17983  166
1    354  289
---- Test Domain (oracle): 
scalar performance:
{'acc': 0.97251517, 'precision': 0.9611901, 'recall': 0.6796597, 'specificity': 0.6796597, 'f1': 0.7540364, 'auroc': 0.95431995, 'binary_precision': 0.94949496, 'binary_recall': 0.36015326, 'binary_specificity': 0.99916625, 'binary_f1_score': 0.5222222}
confusion matrix:
      0   1
0  5992   5
1   167  94
t-SNE plot saved as /localscratch/sina.wendrich/tsne/t-SNE_Test_center0_21268467_3.png
new oracle model saved
better model found
persisted
after epoch: 3,now: 2024-06-10 13:55:07.483570,epoch time: 0:31:09.273496,used: 1:36:17.371063,model: dset_te_center0_erm_b44271c83_not_commited_2024md_06md_10_12_18_50_seed_0_21268467
working direcotry: /ictstr01/groups/aih/sina.wendrich/MA_code/MA_thesis/DomainLab
epoch: 4
---- Training Domain: 
scalar performance:
{'acc': 0.9757033, 'precision': 0.8327756, 'recall': 0.7553048, 'specificity': 0.7553048, 'f1': 0.78849363, 'auroc': 0.97194666, 'binary_precision': 0.68214285, 'binary_recall': 0.51902175, 'binary_specificity': 0.9915879, 'binary_f1_score': 0.58950615}
confusion matrix:
       0    1
0  41964  356
1    708  764
---- Validation: 
scalar performance:
{'acc': 0.9748829, 'precision': 0.8430214, 'recall': 0.72522724, 'specificity': 0.72522724, 'f1': 0.77089703, 'auroc': 0.9719889, 'binary_precision': 0.705036, 'binary_recall': 0.45723173, 'binary_specificity': 0.9932228, 'binary_f1_score': 0.554717}
confusion matrix:
       0    1
0  18026  123
1    349  294
---- Test Domain (oracle): 
scalar performance:
{'acc': 0.9645254, 'precision': 0.91663754, 'recall': 0.58753896, 'specificity': 0.58753896, 'f1': 0.6374, 'auroc': 0.95208025, 'binary_precision': 0.8679245, 'binary_recall': 0.17624521, 'binary_specificity': 0.99883276, 'binary_f1_score': 0.29299366}
confusion matrix:
      0   1
0  5990   7
1   215  46
t-SNE plot saved as /localscratch/sina.wendrich/tsne/t-SNE_Test_center0_21268467_4.png
better model found
persisted
after epoch: 4,now: 2024-06-10 14:29:22.418344,epoch time: 0:34:14.934774,used: 2:10:32.305837,model: dset_te_center0_erm_b44271c83_not_commited_2024md_06md_10_12_18_50_seed_0_21268467
working direcotry: /ictstr01/groups/aih/sina.wendrich/MA_code/MA_thesis/DomainLab
epoch: 5
---- Training Domain: 
scalar performance:
{'acc': 0.9735568, 'precision': 0.8039013, 'recall': 0.76304644, 'specificity': 0.76304644, 'f1': 0.7818618, 'auroc': 0.96452224, 'binary_precision': 0.623817, 'binary_recall': 0.5373641, 'binary_specificity': 0.98872876, 'binary_f1_score': 0.5773722}
confusion matrix:
       0    1
0  41843  477
1    681  791
---- Validation: 
scalar performance:
{'acc': 0.9717965, 'precision': 0.8062893, 'recall': 0.704878, 'specificity': 0.704878, 'f1': 0.74461555, 'auroc': 0.9601917, 'binary_precision': 0.6329412, 'binary_recall': 0.41835147, 'binary_specificity': 0.9914045, 'binary_f1_score': 0.5037453}
confusion matrix:
       0    1
0  17993  156
1    374  269
---- Test Domain (oracle): 
scalar performance:
{'acc': 0.959412, 'precision': 0.8003465, 'recall': 0.52990097, 'specificity': 0.52990097, 'f1': 0.54555976, 'auroc': 0.93269575, 'binary_precision': 0.64, 'binary_recall': 0.06130268, 'binary_specificity': 0.9984993, 'binary_f1_score': 0.11188811}
confusion matrix:
      0   1
0  5988   9
1   245  16
t-SNE plot saved as /localscratch/sina.wendrich/tsne/t-SNE_Test_center0_21268467_5.png
early stop counter: 1
val acc:0.9717965126037598, best validation acc: 0.9748829007148743, corresponding to test acc:                         0.9645254015922546 / 0.9725151658058167
after epoch: 5,now: 2024-06-10 15:08:09.670651,epoch time: 0:38:47.252307,used: 2:49:19.558144,model: dset_te_center0_erm_b44271c83_not_commited_2024md_06md_10_12_18_50_seed_0_21268467
working direcotry: /ictstr01/groups/aih/sina.wendrich/MA_code/MA_thesis/DomainLab
epoch: 6
---- Training Domain: 
scalar performance:
{'acc': 0.9764569, 'precision': 0.9206549, 'recall': 0.6770085, 'specificity': 0.6770085, 'f1': 0.74601537, 'auroc': 0.9753102, 'binary_precision': 0.86326194, 'binary_recall': 0.35597825, 'binary_specificity': 0.99803877, 'binary_f1_score': 0.5040885}
confusion matrix:
       0    1
0  42237   83
1    948  524
---- Validation: 
scalar performance:
{'acc': 0.97169006, 'precision': 0.9200417, 'recall': 0.60131526, 'specificity': 0.60131526, 'f1': 0.65775716, 'auroc': 0.97369874, 'binary_precision': 0.86754966, 'binary_recall': 0.2037325, 'binary_specificity': 0.998898, 'binary_f1_score': 0.32997483}
confusion matrix:
       0    1
0  18129   20
1    512  131
---- Test Domain (oracle): 
scalar performance:
{'acc': 0.9579738, 'precision': 0.6042133, 'recall': 0.5016656, 'specificity': 0.5016656, 'f1': 0.49303976, 'auroc': 0.9554375, 'binary_precision': 0.25, 'binary_recall': 0.0038314175, 'binary_specificity': 0.99949974, 'binary_f1_score': 0.0075471695}
confusion matrix:
      0  1
0  5994  3
1   260  1
t-SNE plot saved as /localscratch/sina.wendrich/tsne/t-SNE_Test_center0_21268467_6.png
early stop counter: 2
val acc:0.9716900587081909, best validation acc: 0.9748829007148743, corresponding to test acc:                         0.9645254015922546 / 0.9725151658058167
after epoch: 6,now: 2024-06-10 15:47:45.266375,epoch time: 0:39:35.595724,used: 3:28:55.153868,model: dset_te_center0_erm_b44271c83_not_commited_2024md_06md_10_12_18_50_seed_0_21268467
working direcotry: /ictstr01/groups/aih/sina.wendrich/MA_code/MA_thesis/DomainLab
epoch: 7
---- Training Domain: 
scalar performance:
{'acc': 0.976023, 'precision': 0.8038881, 'recall': 0.8703842, 'specificity': 0.8703842, 'f1': 0.8335164, 'auroc': 0.97591674, 'binary_precision': 0.61627907, 'binary_recall': 0.75714284, 'binary_specificity': 0.98362553, 'binary_f1_score': 0.67948717}
confusion matrix:
       0     1
0  41629   693
1    357  1113
---- Validation: 
scalar performance:
{'acc': 0.9780226, 'precision': 0.83593535, 'recall': 0.8273601, 'specificity': 0.8273601, 'f1': 0.8315871, 'auroc': 0.9727291, 'binary_precision': 0.68370605, 'binary_recall': 0.66562986, 'binary_specificity': 0.9890903, 'binary_f1_score': 0.6745469}
confusion matrix:
       0    1
0  17951  198
1    215  428
---- Test Domain (oracle): 
scalar performance:
{'acc': 0.96724194, 'precision': 0.86060035, 'recall': 0.6585851, 'specificity': 0.6585851, 'f1': 0.71676, 'auroc': 0.94547945, 'binary_precision': 0.75, 'binary_recall': 0.3218391, 'binary_specificity': 0.995331, 'binary_f1_score': 0.45040217}
confusion matrix:
      0   1
0  5969  28
1   177  84
t-SNE plot saved as /localscratch/sina.wendrich/tsne/t-SNE_Test_center0_21268467_7.png
better model found
persisted
after epoch: 7,now: 2024-06-10 16:29:05.284222,epoch time: 0:41:20.017847,used: 4:10:15.171715,model: dset_te_center0_erm_b44271c83_not_commited_2024md_06md_10_12_18_50_seed_0_21268467
working direcotry: /ictstr01/groups/aih/sina.wendrich/MA_code/MA_thesis/DomainLab
epoch: 8
---- Training Domain: 
scalar performance:
{'acc': 0.972004, 'precision': 0.7873374, 'recall': 0.76617736, 'specificity': 0.76617736, 'f1': 0.77631235, 'auroc': 0.97087693, 'binary_precision': 0.59044117, 'binary_recall': 0.5455163, 'binary_specificity': 0.9868384, 'binary_f1_score': 0.5670904}
confusion matrix:
       0    1
0  41763  557
1    669  803
---- Validation: 
scalar performance:
{'acc': 0.9731269, 'precision': 0.80259633, 'recall': 0.76932144, 'specificity': 0.76932144, 'f1': 0.7848961, 'auroc': 0.96912193, 'binary_precision': 0.6210526, 'binary_recall': 0.5505443, 'binary_specificity': 0.9880985, 'binary_f1_score': 0.5836768}
confusion matrix:
       0    1
0  17933  216
1    289  354
---- Test Domain (oracle): 
scalar performance:
{'acc': 0.96724194, 'precision': 0.82395256, 'recall': 0.7043934, 'specificity': 0.7043934, 'f1': 0.74920726, 'auroc': 0.9578266, 'binary_precision': 0.6728395, 'binary_recall': 0.41762453, 'binary_specificity': 0.99116224, 'binary_f1_score': 0.51536644}
confusion matrix:
      0    1
0  5944   53
1   152  109
t-SNE plot saved as /localscratch/sina.wendrich/tsne/t-SNE_Test_center0_21268467_8.png
early stop counter: 1
val acc:0.9731268882751465, best validation acc: 0.978022575378418, corresponding to test acc:                         0.9672419428825378 / 0.9725151658058167
after epoch: 8,now: 2024-06-10 17:00:47.050863,epoch time: 0:31:41.766641,used: 4:41:56.938356,model: dset_te_center0_erm_b44271c83_not_commited_2024md_06md_10_12_18_50_seed_0_21268467
working direcotry: /ictstr01/groups/aih/sina.wendrich/MA_code/MA_thesis/DomainLab
epoch: 9
---- Training Domain: 
scalar performance:
{'acc': 0.9811153, 'precision': 0.84932184, 'recall': 0.86785173, 'specificity': 0.86785173, 'f1': 0.85832536, 'auroc': 0.980371, 'binary_precision': 0.70747423, 'binary_recall': 0.746431, 'binary_specificity': 0.9892725, 'binary_f1_score': 0.7264307}
confusion matrix:
       0     1
0  41867   454
1    373  1098
---- Validation: 
scalar performance:
{'acc': 0.9820668, 'precision': 0.87307984, 'recall': 0.84670514, 'specificity': 0.84670514, 'f1': 0.85936713, 'auroc': 0.9786433, 'binary_precision': 0.7567114, 'binary_recall': 0.7013997, 'binary_specificity': 0.9920106, 'binary_f1_score': 0.7280065}
confusion matrix:
       0    1
0  18004  145
1    192  451
---- Test Domain (oracle): 
scalar performance:
{'acc': 0.9605305, 'precision': 0.790263, 'recall': 0.5689636, 'specificity': 0.5689636, 'f1': 0.6051377, 'auroc': 0.953831, 'binary_precision': 0.6166667, 'binary_recall': 0.14176245, 'binary_specificity': 0.99616474, 'binary_f1_score': 0.2305296}
confusion matrix:
      0   1
0  5974  23
1   224  37
t-SNE plot saved as /localscratch/sina.wendrich/tsne/t-SNE_Test_center0_21268467_9.png
better model found
persisted
after epoch: 9,now: 2024-06-10 17:33:07.951496,epoch time: 0:32:20.900633,used: 5:14:17.838989,model: dset_te_center0_erm_b44271c83_not_commited_2024md_06md_10_12_18_50_seed_0_21268467
working direcotry: /ictstr01/groups/aih/sina.wendrich/MA_code/MA_thesis/DomainLab
epoch: 10
---- Training Domain: 
scalar performance:
{'acc': 0.9807499, 'precision': 0.9271095, 'recall': 0.74939156, 'specificity': 0.74939156, 'f1': 0.8132972, 'auroc': 0.9813297, 'binary_precision': 0.87131053, 'binary_recall': 0.5013587, 'binary_specificity': 0.99742436, 'binary_f1_score': 0.6364812}
confusion matrix:
       0    1
0  42211  109
1    734  738
---- Validation: 
scalar performance:
{'acc': 0.9773308, 'precision': 0.9408755, 'recall': 0.6882417, 'specificity': 0.6882417, 'f1': 0.76063913, 'auroc': 0.9789875, 'binary_precision': 0.9033457, 'binary_recall': 0.377916, 'binary_specificity': 0.9985674, 'binary_f1_score': 0.53289473}
confusion matrix:
       0    1
0  18123   26
1    400  243
---- Test Domain (oracle): 
scalar performance:
{'acc': 0.96212846, 'precision': 0.85688406, 'recall': 0.56796503, 'specificity': 0.56796503, 'f1': 0.6067973, 'auroc': 0.95610213, 'binary_precision': 0.75, 'binary_recall': 0.13793103, 'binary_specificity': 0.997999, 'binary_f1_score': 0.2330097}
confusion matrix:
      0   1
0  5985  12
1   225  36
t-SNE plot saved as /localscratch/sina.wendrich/tsne/t-SNE_Test_center0_21268467_10.png
early stop counter: 1
val acc:0.9773308038711548, best validation acc: 0.982066810131073, corresponding to test acc:                         0.9605305194854736 / 0.9725151658058167
after epoch: 10,now: 2024-06-10 18:05:20.037978,epoch time: 0:32:12.086482,used: 5:46:29.925471,model: dset_te_center0_erm_b44271c83_not_commited_2024md_06md_10_12_18_50_seed_0_21268467
working direcotry: /ictstr01/groups/aih/sina.wendrich/MA_code/MA_thesis/DomainLab
epoch: 11
---- Training Domain: 
scalar performance:
{'acc': 0.98118377, 'precision': 0.8764682, 'recall': 0.8138764, 'specificity': 0.8138764, 'f1': 0.84210074, 'auroc': 0.9801903, 'binary_precision': 0.7655738, 'binary_recall': 0.6345109, 'binary_specificity': 0.99324197, 'binary_f1_score': 0.69390786}
confusion matrix:
       0    1
0  42034  286
1    538  934
---- Validation: 
scalar performance:
{'acc': 0.98052365, 'precision': 0.8845129, 'recall': 0.79490244, 'specificity': 0.79490244, 'f1': 0.83331895, 'auroc': 0.97771585, 'binary_precision': 0.7832311, 'binary_recall': 0.5956454, 'binary_specificity': 0.99415946, 'binary_f1_score': 0.6766785}
confusion matrix:
       0    1
0  18043  106
1    260  383
---- Test Domain (oracle): 
scalar performance:
{'acc': 0.9613295, 'precision': 0.7677491, 'recall': 0.6536678, 'specificity': 0.6536678, 'f1': 0.69343793, 'auroc': 0.954293, 'binary_precision': 0.56462586, 'binary_recall': 0.31800765, 'binary_specificity': 0.989328, 'binary_f1_score': 0.40686274}
confusion matrix:
      0   1
0  5933  64
1   178  83
t-SNE plot saved as /localscratch/sina.wendrich/tsne/t-SNE_Test_center0_21268467_11.png
early stop counter: 2
val acc:0.9805236458778381, best validation acc: 0.982066810131073, corresponding to test acc:                         0.9605305194854736 / 0.9725151658058167
after epoch: 11,now: 2024-06-10 18:37:47.714845,epoch time: 0:32:27.676867,used: 6:18:57.602338,model: dset_te_center0_erm_b44271c83_not_commited_2024md_06md_10_12_18_50_seed_0_21268467
working direcotry: /ictstr01/groups/aih/sina.wendrich/MA_code/MA_thesis/DomainLab
epoch: 12
---- Training Domain: 
scalar performance:
{'acc': 0.98269093, 'precision': 0.8666109, 'recall': 0.8666109, 'specificity': 0.8666109, 'f1': 0.8666109, 'auroc': 0.984143, 'binary_precision': 0.7421769, 'binary_recall': 0.7421769, 'binary_specificity': 0.9910448, 'binary_f1_score': 0.7421769}
confusion matrix:
       0     1
0  41943   379
1    379  1091
---- Validation: 
scalar performance:
{'acc': 0.9823329, 'precision': 0.88433254, 'recall': 0.83334184, 'specificity': 0.83334184, 'f1': 0.8568735, 'auroc': 0.9796225, 'binary_precision': 0.78018016, 'binary_recall': 0.6734059, 'binary_specificity': 0.99327785, 'binary_f1_score': 0.7228714}
confusion matrix:
       0    1
0  18027  122
1    210  433
---- Test Domain (oracle): 
scalar performance:
{'acc': 0.9645254, 'precision': 0.84358364, 'recall': 0.620521, 'specificity': 0.620521, 'f1': 0.67373335, 'auroc': 0.96519506, 'binary_precision': 0.71910113, 'binary_recall': 0.24521072, 'binary_specificity': 0.99583125, 'binary_f1_score': 0.36571428}
confusion matrix:
      0   1
0  5972  25
1   197  64
t-SNE plot saved as /localscratch/sina.wendrich/tsne/t-SNE_Test_center0_21268467_12.png
better model found
persisted
after epoch: 12,now: 2024-06-10 19:09:24.715199,epoch time: 0:31:37.000354,used: 6:50:34.602692,model: dset_te_center0_erm_b44271c83_not_commited_2024md_06md_10_12_18_50_seed_0_21268467
working direcotry: /ictstr01/groups/aih/sina.wendrich/MA_code/MA_thesis/DomainLab
epoch: 13
---- Training Domain: 
scalar performance:
{'acc': 0.9817775, 'precision': 0.8720596, 'recall': 0.83483875, 'specificity': 0.83483875, 'f1': 0.8523861, 'auroc': 0.9842725, 'binary_precision': 0.755303, 'binary_recall': 0.6773098, 'binary_specificity': 0.9923677, 'binary_f1_score': 0.7141834}
confusion matrix:
       0    1
0  41997  323
1    475  997
---- Validation: 
scalar performance:
{'acc': 0.9804704, 'precision': 0.88708925, 'recall': 0.7903745, 'specificity': 0.7903745, 'f1': 0.8312744, 'auroc': 0.9796212, 'binary_precision': 0.7887029, 'binary_recall': 0.58631414, 'binary_specificity': 0.99443495, 'binary_f1_score': 0.67261374}
confusion matrix:
       0    1
0  18048  101
1    266  377
---- Test Domain (oracle): 
scalar performance:
{'acc': 0.9598913, 'precision': 0.86909723, 'recall': 0.52648646, 'specificity': 0.52648646, 'f1': 0.5399234, 'auroc': 0.9636258, 'binary_precision': 0.7777778, 'binary_recall': 0.053639848, 'binary_specificity': 0.999333, 'binary_f1_score': 0.100358434}
confusion matrix:
      0   1
0  5993   4
1   247  14
t-SNE plot saved as /localscratch/sina.wendrich/tsne/t-SNE_Test_center0_21268467_13.png
early stop counter: 1
val acc:0.9804704189300537, best validation acc: 0.9823328852653503, corresponding to test acc:                         0.9645254015922546 / 0.9725151658058167
after epoch: 13,now: 2024-06-10 19:41:04.761452,epoch time: 0:31:40.046253,used: 7:22:14.648945,model: dset_te_center0_erm_b44271c83_not_commited_2024md_06md_10_12_18_50_seed_0_21268467
working direcotry: /ictstr01/groups/aih/sina.wendrich/MA_code/MA_thesis/DomainLab
epoch: 14
---- Training Domain: 
scalar performance:
{'acc': 0.9828279, 'precision': 0.90234214, 'recall': 0.81243205, 'specificity': 0.81243205, 'f1': 0.85129285, 'auroc': 0.9845607, 'binary_precision': 0.8174603, 'binary_recall': 0.62975544, 'binary_specificity': 0.9951087, 'binary_f1_score': 0.71143514}
confusion matrix:
       0    1
0  42113  207
1    545  927
---- Validation: 
scalar performance:
{'acc': 0.9814815, 'precision': 0.91582537, 'recall': 0.7781471, 'specificity': 0.7781471, 'f1': 0.83231366, 'auroc': 0.9805355, 'binary_precision': 0.84705883, 'binary_recall': 0.5598756, 'binary_specificity': 0.99641854, 'binary_f1_score': 0.67415726}
confusion matrix:
       0    1
0  18084   65
1    283  360
---- Test Domain (oracle): 
scalar performance:
{'acc': 0.9589326, 'precision': 0.7469021, 'recall': 0.56446517, 'specificity': 0.56446517, 'f1': 0.59649134, 'auroc': 0.95663726, 'binary_precision': 0.530303, 'binary_recall': 0.13409962, 'binary_specificity': 0.9948307, 'binary_f1_score': 0.21406728}
confusion matrix:
      0   1
0  5966  31
1   226  35
t-SNE plot saved as /localscratch/sina.wendrich/tsne/t-SNE_Test_center0_21268467_14.png
early stop counter: 2
val acc:0.9814814925193787, best validation acc: 0.9823328852653503, corresponding to test acc:                         0.9645254015922546 / 0.9725151658058167
after epoch: 14,now: 2024-06-10 20:12:30.611446,epoch time: 0:31:25.849994,used: 7:53:40.498939,model: dset_te_center0_erm_b44271c83_not_commited_2024md_06md_10_12_18_50_seed_0_21268467
working direcotry: /ictstr01/groups/aih/sina.wendrich/MA_code/MA_thesis/DomainLab
epoch: 15
---- Training Domain: 
scalar performance:
{'acc': 0.9854083, 'precision': 0.9014232, 'recall': 0.86524105, 'specificity': 0.86524105, 'f1': 0.88240874, 'auroc': 0.98541486, 'binary_precision': 0.811985, 'binary_recall': 0.73641306, 'binary_specificity': 0.994069, 'binary_f1_score': 0.77235484}
confusion matrix:
       0     1
0  42069   251
1    388  1084
---- Validation: 
scalar performance:
{'acc': 0.9818008, 'precision': 0.9252831, 'recall': 0.7753121, 'specificity': 0.7753121, 'f1': 0.8330798, 'auroc': 0.97350806, 'binary_precision': 0.86618006, 'binary_recall': 0.55365473, 'binary_specificity': 0.9969695, 'binary_f1_score': 0.6755218}
confusion matrix:
       0    1
0  18094   55
1    287  356
---- Test Domain (oracle): 
scalar performance:
{'acc': 0.9602109, 'precision': 0.7700995, 'recall': 0.58528787, 'specificity': 0.58528787, 'f1': 0.6246715, 'auroc': 0.9362252, 'binary_precision': 0.575, 'binary_recall': 0.17624521, 'binary_specificity': 0.9943305, 'binary_f1_score': 0.26979473}
confusion matrix:
      0   1
0  5963  34
1   215  46
t-SNE plot saved as /localscratch/sina.wendrich/tsne/t-SNE_Test_center0_21268467_15.png
early stop counter: 3
val acc:0.9818007946014404, best validation acc: 0.9823328852653503, corresponding to test acc:                         0.9645254015922546 / 0.9725151658058167
after epoch: 15,now: 2024-06-10 20:43:55.192073,epoch time: 0:31:24.580627,used: 8:25:05.079566,model: dset_te_center0_erm_b44271c83_not_commited_2024md_06md_10_12_18_50_seed_0_21268467
working direcotry: /ictstr01/groups/aih/sina.wendrich/MA_code/MA_thesis/DomainLab
epoch: 16
---- Training Domain: 
scalar performance:
{'acc': 0.98392403, 'precision': 0.92041475, 'recall': 0.8129992, 'specificity': 0.8129992, 'f1': 0.8582526, 'auroc': 0.98502195, 'binary_precision': 0.85359114, 'binary_recall': 0.62975544, 'binary_specificity': 0.99624294, 'binary_f1_score': 0.724785}
confusion matrix:
       0    1
0  42161  159
1    545  927
---- Validation: 
scalar performance:
{'acc': 0.9807365, 'precision': 0.92497337, 'recall': 0.7567598, 'specificity': 0.7567598, 'f1': 0.8186357, 'auroc': 0.9813988, 'binary_precision': 0.8668407, 'binary_recall': 0.5163297, 'binary_specificity': 0.99718994, 'binary_f1_score': 0.6471735}
confusion matrix:
       0    1
0  18098   51
1    311  332
---- Test Domain (oracle): 
scalar performance:
{'acc': 0.9613295, 'precision': 0.8100376, 'recall': 0.57487744, 'specificity': 0.57487744, 'f1': 0.61430067, 'auroc': 0.9592612, 'binary_precision': 0.6557377, 'binary_recall': 0.1532567, 'binary_specificity': 0.9964982, 'binary_f1_score': 0.2484472}
confusion matrix:
      0   1
0  5976  21
1   221  40
t-SNE plot saved as /localscratch/sina.wendrich/tsne/t-SNE_Test_center0_21268467_16.png
early stop counter: 4
val acc:0.980736494064331, best validation acc: 0.9823328852653503, corresponding to test acc:                         0.9645254015922546 / 0.9725151658058167
after epoch: 16,now: 2024-06-10 21:15:24.028448,epoch time: 0:31:28.836375,used: 8:56:33.915941,model: dset_te_center0_erm_b44271c83_not_commited_2024md_06md_10_12_18_50_seed_0_21268467
working direcotry: /ictstr01/groups/aih/sina.wendrich/MA_code/MA_thesis/DomainLab
epoch: 17
---- Training Domain: 
scalar performance:
{'acc': 0.9839697, 'precision': 0.90193784, 'recall': 0.8356451, 'specificity': 0.8356451, 'f1': 0.8655757, 'auroc': 0.9851758, 'binary_precision': 0.8150573, 'binary_recall': 0.67663044, 'binary_specificity': 0.9946597, 'binary_f1_score': 0.7394209}
confusion matrix:
       0    1
0  42094  226
1    476  996
---- Validation: 
scalar performance:
{'acc': 0.9812154, 'precision': 0.9384894, 'recall': 0.75475764, 'specificity': 0.75475764, 'f1': 0.82059443, 'auroc': 0.97360224, 'binary_precision': 0.89402175, 'binary_recall': 0.5116641, 'binary_specificity': 0.99785113, 'binary_f1_score': 0.65084076}
confusion matrix:
       0    1
0  18110   39
1    314  329
---- Test Domain (oracle): 
scalar performance:
{'acc': 0.9610099, 'precision': 0.87744755, 'recall': 0.54356104, 'specificity': 0.54356104, 'f1': 0.5693316, 'auroc': 0.9564484, 'binary_precision': 0.79310346, 'binary_recall': 0.08812261, 'binary_specificity': 0.9989995, 'binary_f1_score': 0.15862069}
confusion matrix:
      0   1
0  5991   6
1   238  23
t-SNE plot saved as /localscratch/sina.wendrich/tsne/t-SNE_Test_center0_21268467_17.png
early stop counter: 5
val acc:0.9812154173851013, best validation acc: 0.9823328852653503, corresponding to test acc:                         0.9645254015922546 / 0.9725151658058167
after epoch: 17,now: 2024-06-10 21:46:28.773423,epoch time: 0:31:04.744975,used: 9:27:38.660916,model: dset_te_center0_erm_b44271c83_not_commited_2024md_06md_10_12_18_50_seed_0_21268467
working direcotry: /ictstr01/groups/aih/sina.wendrich/MA_code/MA_thesis/DomainLab
epoch: 18
---- Training Domain: 
scalar performance:
{'acc': 0.98552245, 'precision': 0.92445827, 'recall': 0.8380878, 'specificity': 0.8380878, 'f1': 0.8760103, 'auroc': 0.98769283, 'binary_precision': 0.8599656, 'binary_recall': 0.6800272, 'binary_specificity': 0.9961484, 'binary_f1_score': 0.75948405}
confusion matrix:
       0     1
0  42157   163
1    471  1001
---- Validation: 
scalar performance:
{'acc': 0.9819604, 'precision': 0.93780744, 'recall': 0.76789427, 'specificity': 0.76789427, 'f1': 0.83095944, 'auroc': 0.981968, 'binary_precision': 0.8917526, 'binary_recall': 0.5381026, 'binary_specificity': 0.99768585, 'binary_f1_score': 0.671193}
confusion matrix:
       0    1
0  18107   42
1    297  346
---- Test Domain (oracle): 
scalar performance:
{'acc': 0.9581336, 'precision': 0.7237126, 'recall': 0.53289866, 'specificity': 0.53289866, 'f1': 0.54968077, 'auroc': 0.9514893, 'binary_precision': 0.4864865, 'binary_recall': 0.06896552, 'binary_specificity': 0.9968318, 'binary_f1_score': 0.12080537}
confusion matrix:
      0   1
0  5978  19
1   243  18
t-SNE plot saved as /localscratch/sina.wendrich/tsne/t-SNE_Test_center0_21268467_18.png
early stop counter: 6
val acc:0.9819604158401489, best validation acc: 0.9823328852653503, corresponding to test acc:                         0.9645254015922546 / 0.9725151658058167
after epoch: 18,now: 2024-06-10 22:17:51.282695,epoch time: 0:31:22.509272,used: 9:59:01.170188,model: dset_te_center0_erm_b44271c83_not_commited_2024md_06md_10_12_18_50_seed_0_21268467
working direcotry: /ictstr01/groups/aih/sina.wendrich/MA_code/MA_thesis/DomainLab
epoch: 19
---- Training Domain: 
scalar performance:
{'acc': 0.9854083, 'precision': 0.87298524, 'recall': 0.9180263, 'specificity': 0.9180263, 'f1': 0.89410764, 'auroc': 0.98874724, 'binary_precision': 0.75135785, 'binary_recall': 0.84578806, 'binary_specificity': 0.99026465, 'binary_f1_score': 0.79578143}
confusion matrix:
       0     1
0  41908   412
1    227  1245
---- Validation: 
scalar performance:
{'acc': 0.9850468, 'precision': 0.8922308, 'recall': 0.87750006, 'specificity': 0.87750006, 'f1': 0.88471246, 'auroc': 0.9807447, 'binary_precision': 0.79288024, 'binary_recall': 0.7620529, 'binary_specificity': 0.9929473, 'binary_f1_score': 0.777161}
confusion matrix:
       0    1
0  18021  128
1    153  490
---- Test Domain (oracle): 
scalar performance:
{'acc': 0.9605305, 'precision': 0.7625753, 'recall': 0.6275983, 'specificity': 0.6275983, 'f1': 0.66904026, 'auroc': 0.9443352, 'binary_precision': 0.5564516, 'binary_recall': 0.26436782, 'binary_specificity': 0.99082875, 'binary_f1_score': 0.35844156}
confusion matrix:
      0   1
0  5942  55
1   192  69
t-SNE plot saved as /localscratch/sina.wendrich/tsne/t-SNE_Test_center0_21268467_19.png
better model found
persisted
after epoch: 19,now: 2024-06-10 22:49:46.311580,epoch time: 0:31:55.028885,used: 10:30:56.199073,model: dset_te_center0_erm_b44271c83_not_commited_2024md_06md_10_12_18_50_seed_0_21268467
working direcotry: /ictstr01/groups/aih/sina.wendrich/MA_code/MA_thesis/DomainLab
epoch: 20
---- Training Domain: 
scalar performance:
{'acc': 0.9861162, 'precision': 0.9543265, 'recall': 0.81991315, 'specificity': 0.81991315, 'f1': 0.87463236, 'auroc': 0.9899105, 'binary_precision': 0.9209756, 'binary_recall': 0.6417403, 'binary_specificity': 0.99808604, 'binary_f1_score': 0.75641024}
confusion matrix:
       0    1
0  42240   81
1    527  944
---- Validation: 
scalar performance:
{'acc': 0.9819604, 'precision': 0.9549943, 'recall': 0.75589335, 'specificity': 0.75589335, 'f1': 0.8256973, 'auroc': 0.9807809, 'binary_precision': 0.9269663, 'binary_recall': 0.5132193, 'binary_specificity': 0.9985674, 'binary_f1_score': 0.6606607}
confusion matrix:
       0    1
0  18123   26
1    313  330
---- Test Domain (oracle): 
scalar performance:
{'acc': 0.9579738, 'precision': 0.72091174, 'recall': 0.54380924, 'specificity': 0.54380924, 'f1': 0.5663961, 'auroc': 0.9525729, 'binary_precision': 0.48, 'binary_recall': 0.09195402, 'binary_specificity': 0.9956645, 'binary_f1_score': 0.15434083}
confusion matrix:
      0   1
0  5971  26
1   237  24
t-SNE plot saved as /localscratch/sina.wendrich/tsne/t-SNE_Test_center0_21268467_20.png
early stop counter: 1
val acc:0.9819604158401489, best validation acc: 0.9850468039512634, corresponding to test acc:                         0.9605305194854736 / 0.9725151658058167
after epoch: 20,now: 2024-06-10 23:21:22.993998,epoch time: 0:31:36.682418,used: 11:02:32.881491,model: dset_te_center0_erm_b44271c83_not_commited_2024md_06md_10_12_18_50_seed_0_21268467
working direcotry: /ictstr01/groups/aih/sina.wendrich/MA_code/MA_thesis/DomainLab
epoch: 21
---- Training Domain: 
scalar performance:
{'acc': 0.98764616, 'precision': 0.94614744, 'recall': 0.8532845, 'specificity': 0.8532845, 'f1': 0.89392513, 'auroc': 0.98971325, 'binary_precision': 0.9023336, 'binary_recall': 0.7092391, 'binary_specificity': 0.9973299, 'binary_f1_score': 0.7942183}
confusion matrix:
       0     1
0  42207   113
1    428  1044
---- Validation: 
scalar performance:
{'acc': 0.98440826, 'precision': 0.9353415, 'recall': 0.8119147, 'specificity': 0.8119147, 'f1': 0.8626817, 'auroc': 0.9821149, 'binary_precision': 0.88377196, 'binary_recall': 0.62674963, 'binary_specificity': 0.99707973, 'binary_f1_score': 0.733394}
confusion matrix:
       0    1
0  18096   53
1    240  403
---- Test Domain (oracle): 
scalar performance:
{'acc': 0.96196866, 'precision': 0.82367504, 'recall': 0.58070797, 'specificity': 0.58070797, 'f1': 0.62295556, 'auroc': 0.952972, 'binary_precision': 0.6825397, 'binary_recall': 0.16475096, 'binary_specificity': 0.996665, 'binary_f1_score': 0.26543212}
confusion matrix:
      0   1
0  5977  20
1   218  43
t-SNE plot saved as /localscratch/sina.wendrich/tsne/t-SNE_Test_center0_21268467_21.png
early stop counter: 2
val acc:0.9844082593917847, best validation acc: 0.9850468039512634, corresponding to test acc:                         0.9605305194854736 / 0.9725151658058167
after epoch: 21,now: 2024-06-10 23:52:56.851568,epoch time: 0:31:33.857570,used: 11:34:06.739061,model: dset_te_center0_erm_b44271c83_not_commited_2024md_06md_10_12_18_50_seed_0_21268467
working direcotry: /ictstr01/groups/aih/sina.wendrich/MA_code/MA_thesis/DomainLab
epoch: 22
---- Training Domain: 
scalar performance:
{'acc': 0.98545396, 'precision': 0.91656137, 'recall': 0.8459209, 'specificity': 0.8459209, 'f1': 0.8777147, 'auroc': 0.98662144, 'binary_precision': 0.8436214, 'binary_recall': 0.6963315, 'binary_specificity': 0.9955104, 'binary_f1_score': 0.7629326}
confusion matrix:
       0     1
0  42130   190
1    447  1025
---- Validation: 
scalar performance:
{'acc': 0.9805768, 'precision': 0.896182, 'recall': 0.781429, 'specificity': 0.781429, 'f1': 0.8283318, 'auroc': 0.97752666, 'binary_precision': 0.8075221, 'binary_recall': 0.5676516, 'binary_specificity': 0.99520636, 'binary_f1_score': 0.6666666}
confusion matrix:
       0    1
0  18062   87
1    278  365
---- Test Domain (oracle): 
scalar performance:
{'acc': 0.9605305, 'precision': 0.78676695, 'recall': 0.57262826, 'specificity': 0.57262826, 'f1': 0.6098696, 'auroc': 0.94090414, 'binary_precision': 0.609375, 'binary_recall': 0.14942528, 'binary_specificity': 0.99583125, 'binary_f1_score': 0.24000001}
confusion matrix:
      0   1
0  5972  25
1   222  39
t-SNE plot saved as /localscratch/sina.wendrich/tsne/t-SNE_Test_center0_21268467_22.png
early stop counter: 3
val acc:0.9805768132209778, best validation acc: 0.9850468039512634, corresponding to test acc:                         0.9605305194854736 / 0.9725151658058167
after epoch: 22,now: 2024-06-11 00:24:42.940192,epoch time: 0:31:46.088624,used: 12:05:52.827685,model: dset_te_center0_erm_b44271c83_not_commited_2024md_06md_10_12_18_50_seed_0_21268467
working direcotry: /ictstr01/groups/aih/sina.wendrich/MA_code/MA_thesis/DomainLab
epoch: 23
---- Training Domain: 
scalar performance:
{'acc': 0.9821885, 'precision': 0.969553, 'recall': 0.7458737, 'specificity': 0.7458737, 'f1': 0.82054293, 'auroc': 0.9886042, 'binary_precision': 0.95646435, 'binary_recall': 0.4925272, 'binary_specificity': 0.99922025, 'binary_f1_score': 0.6502242}
confusion matrix:
       0    1
0  42287   33
1    747  725
---- Validation: 
scalar performance:
{'acc': 0.9780758, 'precision': 0.9588958, 'recall': 0.6916276, 'specificity': 0.6916276, 'f1': 0.76701045, 'auroc': 0.9763895, 'binary_precision': 0.9391635, 'binary_recall': 0.38413686, 'binary_specificity': 0.9991184, 'binary_f1_score': 0.5452539}
confusion matrix:
       0    1
0  18133   16
1    396  247
---- Test Domain (oracle): 
scalar performance:
{'acc': 0.9595717, 'precision': 0.79314566, 'recall': 0.5373137, 'specificity': 0.5373137, 'f1': 0.55791, 'auroc': 0.94825435, 'binary_precision': 0.625, 'binary_recall': 0.07662835, 'binary_specificity': 0.997999, 'binary_f1_score': 0.13651878}
confusion matrix:
      0   1
0  5985  12
1   241  20
t-SNE plot saved as /localscratch/sina.wendrich/tsne/t-SNE_Test_center0_21268467_23.png
early stop counter: 4
val acc:0.9780758023262024, best validation acc: 0.9850468039512634, corresponding to test acc:                         0.9605305194854736 / 0.9725151658058167
after epoch: 23,now: 2024-06-11 00:56:06.992956,epoch time: 0:31:24.052764,used: 12:37:16.880449,model: dset_te_center0_erm_b44271c83_not_commited_2024md_06md_10_12_18_50_seed_0_21268467
working direcotry: /ictstr01/groups/aih/sina.wendrich/MA_code/MA_thesis/DomainLab
epoch: 24
---- Training Domain: 
scalar performance:
{'acc': 0.9854996, 'precision': 0.88003105, 'recall': 0.90417945, 'specificity': 0.90417945, 'f1': 0.89170074, 'auroc': 0.9883373, 'binary_precision': 0.7664327, 'binary_recall': 0.8170068, 'binary_specificity': 0.991352, 'binary_f1_score': 0.7909121}
confusion matrix:
       0     1
0  41956   366
1    269  1201
---- Validation: 
scalar performance:
{'acc': 0.98467433, 'precision': 0.9015324, 'recall': 0.85555565, 'specificity': 0.85555565, 'f1': 0.8770329, 'auroc': 0.9786105, 'binary_precision': 0.81305116, 'binary_recall': 0.7169518, 'binary_specificity': 0.99415946, 'binary_f1_score': 0.76198345}
confusion matrix:
       0    1
0  18043  106
1    182  461
---- Test Domain (oracle): 
scalar performance:
{'acc': 0.9683605, 'precision': 0.83232653, 'recall': 0.715971, 'specificity': 0.715971, 'f1': 0.7605016, 'auroc': 0.9449899, 'binary_precision': 0.6886228, 'binary_recall': 0.44061303, 'binary_specificity': 0.991329, 'binary_f1_score': 0.5373832}
confusion matrix:
      0    1
0  5945   52
1   146  115
t-SNE plot saved as /localscratch/sina.wendrich/tsne/t-SNE_Test_center0_21268467_24.png
early stop counter: 5
val acc:0.984674334526062, best validation acc: 0.9850468039512634, corresponding to test acc:                         0.9605305194854736 / 0.9725151658058167
after epoch: 24,now: 2024-06-11 01:27:26.357959,epoch time: 0:31:19.365003,used: 13:08:36.245452,model: dset_te_center0_erm_b44271c83_not_commited_2024md_06md_10_12_18_50_seed_0_21268467
working direcotry: /ictstr01/groups/aih/sina.wendrich/MA_code/MA_thesis/DomainLab
epoch: 25
---- Training Domain: 
scalar performance:
{'acc': 0.9865044, 'precision': 0.9498438, 'recall': 0.83039933, 'specificity': 0.83039933, 'f1': 0.8803239, 'auroc': 0.9912976, 'binary_precision': 0.91129786, 'binary_recall': 0.6630435, 'binary_specificity': 0.99775517, 'binary_f1_score': 0.7675974}
confusion matrix:
       0    1
0  42225   95
1    496  976
---- Validation: 
scalar performance:
{'acc': 0.9823861, 'precision': 0.9362539, 'recall': 0.7763652, 'specificity': 0.7763652, 'f1': 0.83709735, 'auroc': 0.98139584, 'binary_precision': 0.8880597, 'binary_recall': 0.55520993, 'binary_specificity': 0.9975205, 'binary_f1_score': 0.6832535}
confusion matrix:
       0    1
0  18104   45
1    286  357
---- Test Domain (oracle): 
scalar performance:
{'acc': 0.96228826, 'precision': 0.8052292, 'recall': 0.6046951, 'specificity': 0.6046951, 'f1': 0.651222, 'auroc': 0.94534814, 'binary_precision': 0.6436782, 'binary_recall': 0.21455939, 'binary_specificity': 0.9948307, 'binary_f1_score': 0.3218391}
confusion matrix:
      0   1
0  5966  31
1   205  56
t-SNE plot saved as /localscratch/sina.wendrich/tsne/t-SNE_Test_center0_21268467_25.png
early stop counter: 6
val acc:0.9823861122131348, best validation acc: 0.9850468039512634, corresponding to test acc:                         0.9605305194854736 / 0.9725151658058167
after epoch: 25,now: 2024-06-11 01:58:52.190305,epoch time: 0:31:25.832346,used: 13:40:02.077798,model: dset_te_center0_erm_b44271c83_not_commited_2024md_06md_10_12_18_50_seed_0_21268467
working direcotry: /ictstr01/groups/aih/sina.wendrich/MA_code/MA_thesis/DomainLab
epoch: 26
---- Training Domain: 
scalar performance:
{'acc': 0.9893588, 'precision': 0.9304861, 'recall': 0.9010545, 'specificity': 0.9010545, 'f1': 0.91520834, 'auroc': 0.9922186, 'binary_precision': 0.8676901, 'binary_recall': 0.8063859, 'binary_specificity': 0.99572307, 'binary_f1_score': 0.8359155}
confusion matrix:
       0     1
0  42139   181
1    285  1187
---- Validation: 
scalar performance:
{'acc': 0.9847807, 'precision': 0.92229384, 'recall': 0.83160895, 'specificity': 0.83160895, 'f1': 0.87107575, 'auroc': 0.9793005, 'binary_precision': 0.8562874, 'binary_recall': 0.66718507, 'binary_specificity': 0.99603283, 'binary_f1_score': 0.74999994}
confusion matrix:
       0    1
0  18077   72
1    214  429
---- Test Domain (oracle): 
scalar performance:
{'acc': 0.96260786, 'precision': 0.7914108, 'recall': 0.6360115, 'specificity': 0.6360115, 'f1': 0.6824645, 'auroc': 0.9505546, 'binary_precision': 0.6134454, 'binary_recall': 0.27969348, 'binary_specificity': 0.9923295, 'binary_f1_score': 0.38421053}
confusion matrix:
      0   1
0  5951  46
1   188  73
t-SNE plot saved as /localscratch/sina.wendrich/tsne/t-SNE_Test_center0_21268467_26.png
early stop counter: 7
val acc:0.9847807288169861, best validation acc: 0.9850468039512634, corresponding to test acc:                         0.9605305194854736 / 0.9725151658058167
after epoch: 26,now: 2024-06-11 02:30:33.298317,epoch time: 0:31:41.108012,used: 14:11:43.185810,model: dset_te_center0_erm_b44271c83_not_commited_2024md_06md_10_12_18_50_seed_0_21268467
working direcotry: /ictstr01/groups/aih/sina.wendrich/MA_code/MA_thesis/DomainLab
epoch: 27
---- Training Domain: 
scalar performance:
{'acc': 0.98913044, 'precision': 0.9159106, 'recall': 0.9170014, 'specificity': 0.9170014, 'f1': 0.91645527, 'auroc': 0.9932815, 'binary_precision': 0.83739835, 'binary_recall': 0.83967394, 'binary_specificity': 0.9943289, 'binary_f1_score': 0.8385346}
confusion matrix:
       0     1
0  42080   240
1    236  1236
---- Validation: 
scalar performance:
{'acc': 0.98515326, 'precision': 0.91695535, 'recall': 0.84455276, 'specificity': 0.84455276, 'f1': 0.87704, 'auroc': 0.9816532, 'binary_precision': 0.844697, 'binary_recall': 0.69362366, 'binary_specificity': 0.99548185, 'binary_f1_score': 0.7617421}
confusion matrix:
       0    1
0  18067   82
1    197  446
---- Test Domain (oracle): 
scalar performance:
{'acc': 0.9597315, 'precision': 0.75631547, 'recall': 0.5978641, 'specificity': 0.5978641, 'f1': 0.6376811, 'auroc': 0.9481802, 'binary_precision': 0.5463917, 'binary_recall': 0.20306513, 'binary_specificity': 0.992663, 'binary_f1_score': 0.29608938}
confusion matrix:
      0   1
0  5953  44
1   208  53
t-SNE plot saved as /localscratch/sina.wendrich/tsne/t-SNE_Test_center0_21268467_27.png
better model found
persisted
after epoch: 27,now: 2024-06-11 03:02:17.594152,epoch time: 0:31:44.295835,used: 14:43:27.481645,model: dset_te_center0_erm_b44271c83_not_commited_2024md_06md_10_12_18_50_seed_0_21268467
working direcotry: /ictstr01/groups/aih/sina.wendrich/MA_code/MA_thesis/DomainLab
epoch: 28
---- Training Domain: 
scalar performance:
{'acc': 0.9896785, 'precision': 0.9371322, 'recall': 0.898597, 'specificity': 0.898597, 'f1': 0.9169071, 'auroc': 0.9934093, 'binary_precision': 0.8811659, 'binary_recall': 0.80095106, 'binary_specificity': 0.99624294, 'binary_f1_score': 0.8391459}
confusion matrix:
       0     1
0  42161   159
1    293  1179
---- Validation: 
scalar performance:
{'acc': 0.9843018, 'precision': 0.9214315, 'recall': 0.82386047, 'specificity': 0.82386047, 'f1': 0.8657682, 'auroc': 0.9781997, 'binary_precision': 0.85510206, 'binary_recall': 0.65163296, 'binary_specificity': 0.99608797, 'binary_f1_score': 0.7396293}
confusion matrix:
       0    1
0  18078   71
1    224  419
---- Test Domain (oracle): 
scalar performance:
{'acc': 0.9600511, 'precision': 0.7658046, 'recall': 0.5870368, 'specificity': 0.5870368, 'f1': 0.62635845, 'auroc': 0.9205436, 'binary_precision': 0.56626505, 'binary_recall': 0.18007663, 'binary_specificity': 0.993997, 'binary_f1_score': 0.2732558}
confusion matrix:
      0   1
0  5961  36
1   214  47
t-SNE plot saved as /localscratch/sina.wendrich/tsne/t-SNE_Test_center0_21268467_28.png
early stop counter: 1
val acc:0.9843018054962158, best validation acc: 0.9851532578468323, corresponding to test acc:                         0.9597315192222595 / 0.9725151658058167
after epoch: 28,now: 2024-06-11 03:33:54.260759,epoch time: 0:31:36.666607,used: 15:15:04.148252,model: dset_te_center0_erm_b44271c83_not_commited_2024md_06md_10_12_18_50_seed_0_21268467
working direcotry: /ictstr01/groups/aih/sina.wendrich/MA_code/MA_thesis/DomainLab
epoch: 29
---- Training Domain: 
scalar performance:
{'acc': 0.98876506, 'precision': 0.9112114, 'recall': 0.91714025, 'specificity': 0.91714025, 'f1': 0.91415286, 'auroc': 0.9925467, 'binary_precision': 0.82797855, 'binary_recall': 0.84035325, 'binary_specificity': 0.99392724, 'binary_f1_score': 0.83412}
confusion matrix:
       0     1
0  42063   257
1    235  1237
---- Validation: 
scalar performance:
{'acc': 0.985845, 'precision': 0.9132315, 'recall': 0.8621622, 'specificity': 0.8621622, 'f1': 0.88587904, 'auroc': 0.98164165, 'binary_precision': 0.8360071, 'binary_recall': 0.7293935, 'binary_specificity': 0.99493086, 'binary_f1_score': 0.7790698}
confusion matrix:
       0    1
0  18057   92
1    174  469
---- Test Domain (oracle): 
scalar performance:
{'acc': 0.9595717, 'precision': 0.76221514, 'recall': 0.5684634, 'specificity': 0.5684634, 'f1': 0.60277164, 'auroc': 0.9374858, 'binary_precision': 0.56060606, 'binary_recall': 0.14176245, 'binary_specificity': 0.9951643, 'binary_f1_score': 0.2262997}
confusion matrix:
      0   1
0  5968  29
1   224  37
t-SNE plot saved as /localscratch/sina.wendrich/tsne/t-SNE_Test_center0_21268467_29.png
better model found
persisted
after epoch: 29,now: 2024-06-11 04:05:29.009565,epoch time: 0:31:34.748806,used: 15:46:38.897058,model: dset_te_center0_erm_b44271c83_not_commited_2024md_06md_10_12_18_50_seed_0_21268467
working direcotry: /ictstr01/groups/aih/sina.wendrich/MA_code/MA_thesis/DomainLab
epoch: 30
---- Training Domain: 
scalar performance:
{'acc': 0.9893588, 'precision': 0.9666904, 'recall': 0.8630228, 'specificity': 0.8630228, 'f1': 0.90791756, 'auroc': 0.9954649, 'binary_precision': 0.9427817, 'binary_recall': 0.7275815, 'binary_specificity': 0.9984641, 'binary_f1_score': 0.821319}
confusion matrix:
       0     1
0  42255    65
1    401  1071
---- Validation: 
scalar performance:
{'acc': 0.9838761, 'precision': 0.94522333, 'recall': 0.7943879, 'specificity': 0.7943879, 'f1': 0.85333055, 'auroc': 0.97857046, 'binary_precision': 0.9047619, 'binary_recall': 0.59097975, 'binary_specificity': 0.997796, 'binary_f1_score': 0.7149577}
confusion matrix:
       0    1
0  18109   40
1    263  380
---- Test Domain (oracle): 
scalar performance:
{'acc': 0.9613295, 'precision': 0.80130947, 'recall': 0.58220685, 'specificity': 0.58220685, 'f1': 0.6234039, 'auroc': 0.9443513, 'binary_precision': 0.6376812, 'binary_recall': 0.16858238, 'binary_specificity': 0.99583125, 'binary_f1_score': 0.26666668}
confusion matrix:
      0   1
0  5972  25
1   217  44
t-SNE plot saved as /localscratch/sina.wendrich/tsne/t-SNE_Test_center0_21268467_30.png
early stop counter: 1
val acc:0.98387610912323, best validation acc: 0.9858450293540955, corresponding to test acc:                         0.9595717191696167 / 0.9725151658058167
after epoch: 30,now: 2024-06-11 04:37:01.876775,epoch time: 0:31:32.867210,used: 16:18:11.764268,model: dset_te_center0_erm_b44271c83_not_commited_2024md_06md_10_12_18_50_seed_0_21268467
working direcotry: /ictstr01/groups/aih/sina.wendrich/MA_code/MA_thesis/DomainLab
Experiment finished at epoch: 30 with time: 16:18:11.764268 at 2024-06-11 04:37:01.876775
persisted model performance metric: 

scalar performance:
{'acc': 0.9613295, 'precision': 0.8053957, 'recall': 0.5785421, 'specificity': 0.5785421, 'f1': 0.61890817, 'auroc': 0.9384397, 'binary_precision': 0.64615387, 'binary_recall': 0.16091955, 'binary_specificity': 0.99616474, 'binary_f1_score': 0.25766873}
confusion matrix:
      0   1
0  5974  23
1   219  42
oracle model performance metric: 

scalar performance:
{'acc': 0.97379357, 'precision': 0.9637108, 'recall': 0.6949854, 'specificity': 0.6949854, 'f1': 0.77042377, 'auroc': 0.9541918, 'binary_precision': 0.95327103, 'binary_recall': 0.3908046, 'binary_specificity': 0.99916625, 'binary_f1_score': 0.55434775}
confusion matrix:
      0    1
0  5992    5
1   159  102
results aggregation path: zoutput/benchmarks/CAMELYON_center0_irm_vit_resnet_dinov2_bs16_lr1e-5_dino3/rule_results/0.csv
results aggregation path: zoutput/benchmarks/CAMELYON_center0_irm_vit_resnet_dinov2_bs16_lr1e-5_dino3/rule_results/0.csv
confusion matrix saved in file: zoutput/benchmarks/CAMELYON_center0_irm_vit_resnet_dinov2_bs16_lr1e-5_dino3/confusion_matrix/0.csv.txt
before torch memory clean up
|===========================================================================|
|                  PyTorch CUDA memory summary, device ID 0                 |
|---------------------------------------------------------------------------|
|            CUDA OOMs: 0            |        cudaMalloc retries: 0         |
|===========================================================================|
|        Metric         | Cur Usage  | Peak Usage | Tot Alloc  | Tot Freed  |
|---------------------------------------------------------------------------|
| Allocated memory      | 456549 KiB |  13219 MiB |   1121 TiB |   1121 TiB |
|       from large pool | 414861 KiB |  13181 MiB |   1107 TiB |   1107 TiB |
|       from small pool |  41687 KiB |     61 MiB |     13 TiB |     13 TiB |
|---------------------------------------------------------------------------|
| Active memory         | 456549 KiB |  13219 MiB |   1121 TiB |   1121 TiB |
|       from large pool | 414861 KiB |  13181 MiB |   1107 TiB |   1107 TiB |
|       from small pool |  41687 KiB |     61 MiB |     13 TiB |     13 TiB |
|---------------------------------------------------------------------------|
| Requested memory      | 447754 KiB |  13213 MiB |   1113 TiB |   1113 TiB |
|       from large pool | 407075 KiB |  13175 MiB |   1100 TiB |   1100 TiB |
|       from small pool |  40679 KiB |     60 MiB |     13 TiB |     13 TiB |
|---------------------------------------------------------------------------|
| GPU reserved memory   |  14474 MiB |  14474 MiB |  14474 MiB |      0 B   |
|       from large pool |  14404 MiB |  14404 MiB |  14404 MiB |      0 B   |
|       from small pool |     70 MiB |     70 MiB |     70 MiB |      0 B   |
|---------------------------------------------------------------------------|
| Non-releasable memory | 473243 KiB |   1229 MiB |    791 TiB |    791 TiB |
|       from large pool | 461682 KiB |   1224 MiB |    778 TiB |    778 TiB |
|       from small pool |  11560 KiB |     17 MiB |     13 TiB |     13 TiB |
|---------------------------------------------------------------------------|
| Allocations           |    3488    |    6479    |  197599 K  |  197595 K  |
|       from large pool |     187    |    1413    |  102630 K  |  102629 K  |
|       from small pool |    3301    |    6290    |   94969 K  |   94966 K  |
|---------------------------------------------------------------------------|
| Active allocs         |    3488    |    6479    |  197599 K  |  197595 K  |
|       from large pool |     187    |    1413    |  102630 K  |  102629 K  |
|       from small pool |    3301    |    6290    |   94969 K  |   94966 K  |
|---------------------------------------------------------------------------|
| GPU reserved segments |     636    |     636    |     636    |       0    |
|       from large pool |     601    |     601    |     601    |       0    |
|       from small pool |      35    |      35    |      35    |       0    |
|---------------------------------------------------------------------------|
| Non-releasable allocs |      84    |    2805    |  135540 K  |  135540 K  |
|       from large pool |      39    |     600    |   83826 K  |   83826 K  |
|       from small pool |      45    |    2765    |   51714 K  |   51714 K  |
|---------------------------------------------------------------------------|
| Oversize allocations  |       0    |       0    |       0    |       0    |
|---------------------------------------------------------------------------|
| Oversize GPU segments |       0    |       0    |       0    |       0    |
|===========================================================================|

after torch memory clean up
|===========================================================================|
|                  PyTorch CUDA memory summary, device ID 0                 |
|---------------------------------------------------------------------------|
|            CUDA OOMs: 0            |        cudaMalloc retries: 0         |
|===========================================================================|
|        Metric         | Cur Usage  | Peak Usage | Tot Alloc  | Tot Freed  |
|---------------------------------------------------------------------------|
| Allocated memory      |  16640 KiB |  13219 MiB |   1121 TiB |   1121 TiB |
|       from large pool |  16640 KiB |  13181 MiB |   1107 TiB |   1107 TiB |
|       from small pool |      0 KiB |     61 MiB |     13 TiB |     13 TiB |
|---------------------------------------------------------------------------|
| Active memory         |  16640 KiB |  13219 MiB |   1121 TiB |   1121 TiB |
|       from large pool |  16640 KiB |  13181 MiB |   1107 TiB |   1107 TiB |
|       from small pool |      0 KiB |     61 MiB |     13 TiB |     13 TiB |
|---------------------------------------------------------------------------|
| Requested memory      |  16640 KiB |  13213 MiB |   1113 TiB |   1113 TiB |
|       from large pool |  16640 KiB |  13175 MiB |   1100 TiB |   1100 TiB |
|       from small pool |      0 KiB |     60 MiB |     13 TiB |     13 TiB |
|---------------------------------------------------------------------------|
| GPU reserved memory   |    908 MiB |  14474 MiB |  14474 MiB |  13566 MiB |
|       from large pool |    856 MiB |  14404 MiB |  14404 MiB |  13548 MiB |
|       from small pool |     52 MiB |     70 MiB |     70 MiB |     18 MiB |
|---------------------------------------------------------------------------|
| Non-releasable memory |  24320 KiB |   1229 MiB |    791 TiB |    791 TiB |
|       from large pool |  24320 KiB |   1224 MiB |    778 TiB |    778 TiB |
|       from small pool |      0 KiB |     46 MiB |     13 TiB |     13 TiB |
|---------------------------------------------------------------------------|
| Allocations           |       2    |    6479    |  197599 K  |  197599 K  |
|       from large pool |       2    |    1413    |  102630 K  |  102630 K  |
|       from small pool |       0    |    6290    |   94969 K  |   94969 K  |
|---------------------------------------------------------------------------|
| Active allocs         |       2    |    6479    |  197599 K  |  197599 K  |
|       from large pool |       2    |    1413    |  102630 K  |  102630 K  |
|       from small pool |       0    |    6290    |   94969 K  |   94969 K  |
|---------------------------------------------------------------------------|
| GPU reserved segments |      64    |     636    |     636    |     572    |
|       from large pool |      38    |     601    |     601    |     563    |
|       from small pool |      26    |      35    |      35    |       9    |
|---------------------------------------------------------------------------|
| Non-releasable allocs |       4    |    2805    |  135542 K  |  135542 K  |
|       from large pool |       4    |     600    |   83826 K  |   83826 K  |
|       from small pool |       0    |    2765    |   51715 K  |   51715 K  |
|---------------------------------------------------------------------------|
| Oversize allocations  |       0    |       0    |       0    |       0    |
|---------------------------------------------------------------------------|
| Oversize GPU segments |       0    |       0    |       0    |       0    |
|===========================================================================|

[Tue Jun 11 04:40:02 2024]
Finished job 0.
1 of 1 steps (100%) done
