Building DAG of jobs...
Using shell: /usr/bin/bash
Provided cores: 2
Rules claiming more threads will be scaled down.
Provided resources: mem_mb=100000, mem_mib=95368, disk_mb=1000, disk_mib=954, nvidia_gpu=1
Select jobs to execute...

[Fri Jun 14 11:29:35 2024]
rule run_experiment:
    input: zoutput/benchmarks/CAMELYON_center0_erm_vit_resnet_dinov2_bs16_different_learningrates/hyperparameters.csv
    output: zoutput/benchmarks/CAMELYON_center0_erm_vit_resnet_dinov2_bs16_different_learningrates/rule_results/1.csv
    jobid: 0
    reason: Forced execution
    wildcards: index=1
    resources: mem_mb=100000, mem_mib=95368, disk_mb=1000, disk_mib=954, tmpdir=/tmp, partition=gpu_p, qos=gpu_normal, nvidia_gpu=1

Failed to import backpack: cannot import name '_grad_input_padding' from 'torch.nn.grad' (/home/aih/sina.wendrich/miniconda3/envs/domainlab_py310/lib/python3.10/site-packages/torch/nn/grad.py)
before experiment loop: 
|===========================================================================|
|                  PyTorch CUDA memory summary, device ID 0                 |
|---------------------------------------------------------------------------|
|            CUDA OOMs: 0            |        cudaMalloc retries: 0         |
|===========================================================================|
|        Metric         | Cur Usage  | Peak Usage | Tot Alloc  | Tot Freed  |
|---------------------------------------------------------------------------|
| Allocated memory      |      0 B   |      0 B   |      0 B   |      0 B   |
|       from large pool |      0 B   |      0 B   |      0 B   |      0 B   |
|       from small pool |      0 B   |      0 B   |      0 B   |      0 B   |
|---------------------------------------------------------------------------|
| Active memory         |      0 B   |      0 B   |      0 B   |      0 B   |
|       from large pool |      0 B   |      0 B   |      0 B   |      0 B   |
|       from small pool |      0 B   |      0 B   |      0 B   |      0 B   |
|---------------------------------------------------------------------------|
| Requested memory      |      0 B   |      0 B   |      0 B   |      0 B   |
|       from large pool |      0 B   |      0 B   |      0 B   |      0 B   |
|       from small pool |      0 B   |      0 B   |      0 B   |      0 B   |
|---------------------------------------------------------------------------|
| GPU reserved memory   |      0 B   |      0 B   |      0 B   |      0 B   |
|       from large pool |      0 B   |      0 B   |      0 B   |      0 B   |
|       from small pool |      0 B   |      0 B   |      0 B   |      0 B   |
|---------------------------------------------------------------------------|
| Non-releasable memory |      0 B   |      0 B   |      0 B   |      0 B   |
|       from large pool |      0 B   |      0 B   |      0 B   |      0 B   |
|       from small pool |      0 B   |      0 B   |      0 B   |      0 B   |
|---------------------------------------------------------------------------|
| Allocations           |       0    |       0    |       0    |       0    |
|       from large pool |       0    |       0    |       0    |       0    |
|       from small pool |       0    |       0    |       0    |       0    |
|---------------------------------------------------------------------------|
| Active allocs         |       0    |       0    |       0    |       0    |
|       from large pool |       0    |       0    |       0    |       0    |
|       from small pool |       0    |       0    |       0    |       0    |
|---------------------------------------------------------------------------|
| GPU reserved segments |       0    |       0    |       0    |       0    |
|       from large pool |       0    |       0    |       0    |       0    |
|       from small pool |       0    |       0    |       0    |       0    |
|---------------------------------------------------------------------------|
| Non-releasable allocs |       0    |       0    |       0    |       0    |
|       from large pool |       0    |       0    |       0    |       0    |
|       from small pool |       0    |       0    |       0    |       0    |
|---------------------------------------------------------------------------|
| Oversize allocations  |       0    |       0    |       0    |       0    |
|---------------------------------------------------------------------------|
| Oversize GPU segments |       0    |       0    |       0    |       0    |
|===========================================================================|

before experiment starts
|===========================================================================|
|                  PyTorch CUDA memory summary, device ID 0                 |
|---------------------------------------------------------------------------|
|            CUDA OOMs: 0            |        cudaMalloc retries: 0         |
|===========================================================================|
|        Metric         | Cur Usage  | Peak Usage | Tot Alloc  | Tot Freed  |
|---------------------------------------------------------------------------|
| Allocated memory      |      0 B   |      0 B   |      0 B   |      0 B   |
|       from large pool |      0 B   |      0 B   |      0 B   |      0 B   |
|       from small pool |      0 B   |      0 B   |      0 B   |      0 B   |
|---------------------------------------------------------------------------|
| Active memory         |      0 B   |      0 B   |      0 B   |      0 B   |
|       from large pool |      0 B   |      0 B   |      0 B   |      0 B   |
|       from small pool |      0 B   |      0 B   |      0 B   |      0 B   |
|---------------------------------------------------------------------------|
| Requested memory      |      0 B   |      0 B   |      0 B   |      0 B   |
|       from large pool |      0 B   |      0 B   |      0 B   |      0 B   |
|       from small pool |      0 B   |      0 B   |      0 B   |      0 B   |
|---------------------------------------------------------------------------|
| GPU reserved memory   |      0 B   |      0 B   |      0 B   |      0 B   |
|       from large pool |      0 B   |      0 B   |      0 B   |      0 B   |
|       from small pool |      0 B   |      0 B   |      0 B   |      0 B   |
|---------------------------------------------------------------------------|
| Non-releasable memory |      0 B   |      0 B   |      0 B   |      0 B   |
|       from large pool |      0 B   |      0 B   |      0 B   |      0 B   |
|       from small pool |      0 B   |      0 B   |      0 B   |      0 B   |
|---------------------------------------------------------------------------|
| Allocations           |       0    |       0    |       0    |       0    |
|       from large pool |       0    |       0    |       0    |       0    |
|       from small pool |       0    |       0    |       0    |       0    |
|---------------------------------------------------------------------------|
| Active allocs         |       0    |       0    |       0    |       0    |
|       from large pool |       0    |       0    |       0    |       0    |
|       from small pool |       0    |       0    |       0    |       0    |
|---------------------------------------------------------------------------|
| GPU reserved segments |       0    |       0    |       0    |       0    |
|       from large pool |       0    |       0    |       0    |       0    |
|       from small pool |       0    |       0    |       0    |       0    |
|---------------------------------------------------------------------------|
| Non-releasable allocs |       0    |       0    |       0    |       0    |
|       from large pool |       0    |       0    |       0    |       0    |
|       from small pool |       0    |       0    |       0    |       0    |
|---------------------------------------------------------------------------|
| Oversize allocations  |       0    |       0    |       0    |       0    |
|---------------------------------------------------------------------------|
| Oversize GPU segments |       0    |       0    |       0    |       0    |
|===========================================================================|


overriding args.task None to dset


using device: cuda:0

Using cache found in /home/aih/sina.wendrich/.cache/torch/hub/facebookresearch_dinov2_main
/home/aih/sina.wendrich/.cache/torch/hub/facebookresearch_dinov2_main/dinov2/layers/swiglu_ffn.py:51: UserWarning: xFormers is not available (SwiGLU)
  warnings.warn("xFormers is not available (SwiGLU)")
/home/aih/sina.wendrich/.cache/torch/hub/facebookresearch_dinov2_main/dinov2/layers/attention.py:33: UserWarning: xFormers is not available (Attention)
  warnings.warn("xFormers is not available (Attention)")
/home/aih/sina.wendrich/.cache/torch/hub/facebookresearch_dinov2_main/dinov2/layers/block.py:40: UserWarning: xFormers is not available (Block)
  warnings.warn("xFormers is not available (Block)")
/home/aih/sina.wendrich/miniconda3/envs/domainlab_py310/lib/python3.10/site-packages/torch/nn/_reduction.py:42: UserWarning: size_average and reduce args will be deprecated, please use reduction='sum' instead.
  warnings.warn(warning.format(ret))
/home/aih/sina.wendrich/miniconda3/envs/domainlab_py310/lib/python3.10/site-packages/torchmetrics/utilities/prints.py:36: UserWarning: Metric `AUROC` will save all targets and predictions in buffer. For large datasets this may lead to large memory footprint.
  warnings.warn(*args, **kwargs)



!!!: not committed yet
/ictstr01/groups/aih/sina.wendrich/MA_code/MA_thesis/DomainLab/domainlab/utils/get_git_tag.py:16: UserWarning: !!!: not committed yet
  warnings.warn("!!!: not committed yet")



b'44271c83'
model name: dset_te_center0_erm_b44271c83_not_commited_2024md_06md_14_11_37_44_seed_0_21324209

 Experiment start at: 2024-06-14 11:37:44.167283
/home/aih/sina.wendrich/miniconda3/envs/domainlab_py310/lib/python3.10/site-packages/torch/nn/modules/conv.py:456: UserWarning: Plan failed with a cudnnException: CUDNN_BACKEND_EXECUTION_PLAN_DESCRIPTOR: cudnnFinalize Descriptor Failed cudnn_status: CUDNN_STATUS_NOT_SUPPORTED (Triggered internally at /opt/conda/conda-bld/pytorch_1712608935911/work/aten/src/ATen/native/cudnn/Conv_v8.cpp:919.)
  return F.conv2d(input, weight, bias, self.stride,
before training, model accuracy: 0.7297859191894531
epoch: 1
---- Training Domain: 
scalar performance:
{'acc': 0.96620387, 'precision': 0.4831902, 'recall': 0.4999055, 'specificity': 0.4999055, 'f1': 0.49140576, 'auroc': 0.8354751, 'binary_precision': 0.0, 'binary_recall': 0.0, 'binary_specificity': 0.999811, 'binary_f1_score': 0.0}
confusion matrix:
--- Logging error ---
Traceback (most recent call last):
  File "/home/aih/sina.wendrich/miniconda3/envs/domainlab_py310/lib/python3.10/logging/__init__.py", line 1104, in emit
    self.flush()
  File "/home/aih/sina.wendrich/miniconda3/envs/domainlab_py310/lib/python3.10/logging/__init__.py", line 1084, in flush
    self.stream.flush()
OSError: [Errno 122] Disk quota exceeded
Call stack:
  File "/home/aih/sina.wendrich/miniconda3/envs/domainlab_py310/lib/python3.10/threading.py", line 973, in _bootstrap
    self._bootstrap_inner()
  File "/home/aih/sina.wendrich/miniconda3/envs/domainlab_py310/lib/python3.10/threading.py", line 1016, in _bootstrap_inner
    self.run()
  File "/home/aih/sina.wendrich/miniconda3/envs/domainlab_py310/lib/python3.10/threading.py", line 953, in run
    self._target(*self._args, **self._kwargs)
  File "/home/aih/sina.wendrich/miniconda3/envs/domainlab_py310/lib/python3.10/concurrent/futures/thread.py", line 83, in _worker
    work_item.run()
  File "/home/aih/sina.wendrich/miniconda3/envs/domainlab_py310/lib/python3.10/concurrent/futures/thread.py", line 58, in run
    result = self.fn(*self.args, **self.kwargs)
  File "/home/aih/sina.wendrich/miniconda3/envs/domainlab_py310/lib/python3.10/site-packages/snakemake/executors/__init__.py", line 699, in cached_or_run
    run_func(*args)
  File "/home/aih/sina.wendrich/miniconda3/envs/domainlab_py310/lib/python3.10/site-packages/snakemake/executors/__init__.py", line 2656, in run_wrapper
    run(
  File "/ictstr01/groups/aih/sina.wendrich/MA_code/MA_thesis/DomainLab/domainlab/exp_protocol/benchmark.smk", line 187, in __rule_run_experiment
    rule all:
  File "/ictstr01/groups/aih/sina.wendrich/MA_code/MA_thesis/DomainLab/domainlab/exp_protocol/run_experiment.py", line 172, in run_experiment
    exp.execute()
  File "/ictstr01/groups/aih/sina.wendrich/MA_code/MA_thesis/DomainLab/domainlab/exp/exp_main.py", line 77, in execute
    flag_stop = self.trainer.tr_epoch(epoch)
  File "/ictstr01/groups/aih/sina.wendrich/MA_code/MA_thesis/DomainLab/domainlab/algos/trainers/train_basic.py", line 49, in tr_epoch
    return self.after_epoch(epoch)
  File "/ictstr01/groups/aih/sina.wendrich/MA_code/MA_thesis/DomainLab/domainlab/algos/trainers/train_basic.py", line 70, in after_epoch
    flag_stop = self.observer.update(epoch)  # Notify observer
  File "/ictstr01/groups/aih/sina.wendrich/MA_code/MA_thesis/DomainLab/domainlab/algos/observers/b_obvisitor.py", line 43, in update
    self.host_trainer.model.cal_perf_metric(self.loader_tr, self.device)
  File "/ictstr01/groups/aih/sina.wendrich/MA_code/MA_thesis/DomainLab/domainlab/models/a_model_classif.py", line 86, in cal_perf_metric
    logger.info(pd.DataFrame(confmat))
Message:        0  1
0  42312  8
1   1472  0
Arguments: ()
       0  1
0  42312  8
1   1472  0
--- Logging error ---
Traceback (most recent call last):
  File "/home/aih/sina.wendrich/miniconda3/envs/domainlab_py310/lib/python3.10/logging/__init__.py", line 1104, in emit
    self.flush()
  File "/home/aih/sina.wendrich/miniconda3/envs/domainlab_py310/lib/python3.10/logging/__init__.py", line 1084, in flush
    self.stream.flush()
OSError: [Errno 122] Disk quota exceeded
Call stack:
  File "/home/aih/sina.wendrich/miniconda3/envs/domainlab_py310/lib/python3.10/threading.py", line 973, in _bootstrap
    self._bootstrap_inner()
  File "/home/aih/sina.wendrich/miniconda3/envs/domainlab_py310/lib/python3.10/threading.py", line 1016, in _bootstrap_inner
    self.run()
  File "/home/aih/sina.wendrich/miniconda3/envs/domainlab_py310/lib/python3.10/threading.py", line 953, in run
    self._target(*self._args, **self._kwargs)
  File "/home/aih/sina.wendrich/miniconda3/envs/domainlab_py310/lib/python3.10/concurrent/futures/thread.py", line 83, in _worker
    work_item.run()
  File "/home/aih/sina.wendrich/miniconda3/envs/domainlab_py310/lib/python3.10/concurrent/futures/thread.py", line 58, in run
    result = self.fn(*self.args, **self.kwargs)
  File "/home/aih/sina.wendrich/miniconda3/envs/domainlab_py310/lib/python3.10/site-packages/snakemake/executors/__init__.py", line 699, in cached_or_run
    run_func(*args)
  File "/home/aih/sina.wendrich/miniconda3/envs/domainlab_py310/lib/python3.10/site-packages/snakemake/executors/__init__.py", line 2656, in run_wrapper
    run(
  File "/ictstr01/groups/aih/sina.wendrich/MA_code/MA_thesis/DomainLab/domainlab/exp_protocol/benchmark.smk", line 187, in __rule_run_experiment
    rule all:
  File "/ictstr01/groups/aih/sina.wendrich/MA_code/MA_thesis/DomainLab/domainlab/exp_protocol/run_experiment.py", line 172, in run_experiment
    exp.execute()
  File "/ictstr01/groups/aih/sina.wendrich/MA_code/MA_thesis/DomainLab/domainlab/exp/exp_main.py", line 77, in execute
    flag_stop = self.trainer.tr_epoch(epoch)
  File "/ictstr01/groups/aih/sina.wendrich/MA_code/MA_thesis/DomainLab/domainlab/algos/trainers/train_basic.py", line 49, in tr_epoch
    return self.after_epoch(epoch)
  File "/ictstr01/groups/aih/sina.wendrich/MA_code/MA_thesis/DomainLab/domainlab/algos/trainers/train_basic.py", line 70, in after_epoch
    flag_stop = self.observer.update(epoch)  # Notify observer
  File "/ictstr01/groups/aih/sina.wendrich/MA_code/MA_thesis/DomainLab/domainlab/algos/observers/b_obvisitor.py", line 45, in update
    logger.info("---- Validation: ")
Message: '---- Validation: '
Arguments: ()
---- Validation: 
--- Logging error ---
Traceback (most recent call last):
  File "/home/aih/sina.wendrich/miniconda3/envs/domainlab_py310/lib/python3.10/logging/__init__.py", line 1104, in emit
    self.flush()
scalar performance:
