Building DAG of jobs...
Using shell: /usr/bin/bash
Provided cores: 2
Rules claiming more threads will be scaled down.
Provided resources: mem_mb=100000, mem_mib=95368, disk_mb=1000, disk_mib=954, nvidia_gpu=1
Select jobs to execute...

[Sun Jun 23 13:12:35 2024]
rule run_experiment:
    input: zoutput/benchmarks/CAMELYON_center0_irm_lr1e5_bs16_classbalancing3/hyperparameters.csv
    output: zoutput/benchmarks/CAMELYON_center0_irm_lr1e5_bs16_classbalancing3/rule_results/1.csv
    jobid: 0
    reason: Forced execution
    wildcards: index=1
    resources: mem_mb=100000, mem_mib=95368, disk_mb=1000, disk_mib=954, tmpdir=/tmp, partition=gpu_p, qos=gpu_normal, nvidia_gpu=1

Failed to import backpack: cannot import name '_grad_input_padding' from 'torch.nn.grad' (/home/aih/sina.wendrich/miniconda3/envs/domainlab_py310/lib/python3.10/site-packages/torch/nn/grad.py)
before experiment loop: 
|===========================================================================|
|                  PyTorch CUDA memory summary, device ID 0                 |
|---------------------------------------------------------------------------|
|            CUDA OOMs: 0            |        cudaMalloc retries: 0         |
|===========================================================================|
|        Metric         | Cur Usage  | Peak Usage | Tot Alloc  | Tot Freed  |
|---------------------------------------------------------------------------|
| Allocated memory      |      0 B   |      0 B   |      0 B   |      0 B   |
|       from large pool |      0 B   |      0 B   |      0 B   |      0 B   |
|       from small pool |      0 B   |      0 B   |      0 B   |      0 B   |
|---------------------------------------------------------------------------|
| Active memory         |      0 B   |      0 B   |      0 B   |      0 B   |
|       from large pool |      0 B   |      0 B   |      0 B   |      0 B   |
|       from small pool |      0 B   |      0 B   |      0 B   |      0 B   |
|---------------------------------------------------------------------------|
| Requested memory      |      0 B   |      0 B   |      0 B   |      0 B   |
|       from large pool |      0 B   |      0 B   |      0 B   |      0 B   |
|       from small pool |      0 B   |      0 B   |      0 B   |      0 B   |
|---------------------------------------------------------------------------|
| GPU reserved memory   |      0 B   |      0 B   |      0 B   |      0 B   |
|       from large pool |      0 B   |      0 B   |      0 B   |      0 B   |
|       from small pool |      0 B   |      0 B   |      0 B   |      0 B   |
|---------------------------------------------------------------------------|
| Non-releasable memory |      0 B   |      0 B   |      0 B   |      0 B   |
|       from large pool |      0 B   |      0 B   |      0 B   |      0 B   |
|       from small pool |      0 B   |      0 B   |      0 B   |      0 B   |
|---------------------------------------------------------------------------|
| Allocations           |       0    |       0    |       0    |       0    |
|       from large pool |       0    |       0    |       0    |       0    |
|       from small pool |       0    |       0    |       0    |       0    |
|---------------------------------------------------------------------------|
| Active allocs         |       0    |       0    |       0    |       0    |
|       from large pool |       0    |       0    |       0    |       0    |
|       from small pool |       0    |       0    |       0    |       0    |
|---------------------------------------------------------------------------|
| GPU reserved segments |       0    |       0    |       0    |       0    |
|       from large pool |       0    |       0    |       0    |       0    |
|       from small pool |       0    |       0    |       0    |       0    |
|---------------------------------------------------------------------------|
| Non-releasable allocs |       0    |       0    |       0    |       0    |
|       from large pool |       0    |       0    |       0    |       0    |
|       from small pool |       0    |       0    |       0    |       0    |
|---------------------------------------------------------------------------|
| Oversize allocations  |       0    |       0    |       0    |       0    |
|---------------------------------------------------------------------------|
| Oversize GPU segments |       0    |       0    |       0    |       0    |
|===========================================================================|

before experiment starts
|===========================================================================|
|                  PyTorch CUDA memory summary, device ID 0                 |
|---------------------------------------------------------------------------|
|            CUDA OOMs: 0            |        cudaMalloc retries: 0         |
|===========================================================================|
|        Metric         | Cur Usage  | Peak Usage | Tot Alloc  | Tot Freed  |
|---------------------------------------------------------------------------|
| Allocated memory      |      0 B   |      0 B   |      0 B   |      0 B   |
|       from large pool |      0 B   |      0 B   |      0 B   |      0 B   |
|       from small pool |      0 B   |      0 B   |      0 B   |      0 B   |
|---------------------------------------------------------------------------|
| Active memory         |      0 B   |      0 B   |      0 B   |      0 B   |
|       from large pool |      0 B   |      0 B   |      0 B   |      0 B   |
|       from small pool |      0 B   |      0 B   |      0 B   |      0 B   |
|---------------------------------------------------------------------------|
| Requested memory      |      0 B   |      0 B   |      0 B   |      0 B   |
|       from large pool |      0 B   |      0 B   |      0 B   |      0 B   |
|       from small pool |      0 B   |      0 B   |      0 B   |      0 B   |
|---------------------------------------------------------------------------|
| GPU reserved memory   |      0 B   |      0 B   |      0 B   |      0 B   |
|       from large pool |      0 B   |      0 B   |      0 B   |      0 B   |
|       from small pool |      0 B   |      0 B   |      0 B   |      0 B   |
|---------------------------------------------------------------------------|
| Non-releasable memory |      0 B   |      0 B   |      0 B   |      0 B   |
|       from large pool |      0 B   |      0 B   |      0 B   |      0 B   |
|       from small pool |      0 B   |      0 B   |      0 B   |      0 B   |
|---------------------------------------------------------------------------|
| Allocations           |       0    |       0    |       0    |       0    |
|       from large pool |       0    |       0    |       0    |       0    |
|       from small pool |       0    |       0    |       0    |       0    |
|---------------------------------------------------------------------------|
| Active allocs         |       0    |       0    |       0    |       0    |
|       from large pool |       0    |       0    |       0    |       0    |
|       from small pool |       0    |       0    |       0    |       0    |
|---------------------------------------------------------------------------|
| GPU reserved segments |       0    |       0    |       0    |       0    |
|       from large pool |       0    |       0    |       0    |       0    |
|       from small pool |       0    |       0    |       0    |       0    |
|---------------------------------------------------------------------------|
| Non-releasable allocs |       0    |       0    |       0    |       0    |
|       from large pool |       0    |       0    |       0    |       0    |
|       from small pool |       0    |       0    |       0    |       0    |
|---------------------------------------------------------------------------|
| Oversize allocations  |       0    |       0    |       0    |       0    |
|---------------------------------------------------------------------------|
| Oversize GPU segments |       0    |       0    |       0    |       0    |
|===========================================================================|


overriding args.task None to dset


using device: cuda:0

/home/aih/sina.wendrich/miniconda3/envs/domainlab_py310/lib/python3.10/site-packages/torch/nn/_reduction.py:42: UserWarning: size_average and reduce args will be deprecated, please use reduction='sum' instead.
  warnings.warn(warning.format(ret))
/home/aih/sina.wendrich/miniconda3/envs/domainlab_py310/lib/python3.10/site-packages/torchmetrics/utilities/prints.py:36: UserWarning: Metric `AUROC` will save all targets and predictions in buffer. For large datasets this may lead to large memory footprint.
  warnings.warn(*args, **kwargs)



!!!: not committed yet
/ictstr01/groups/aih/sina.wendrich/MA_code/MA_thesis/DomainLab/domainlab/utils/get_git_tag.py:16: UserWarning: !!!: not committed yet
  warnings.warn("!!!: not committed yet")



b'44271c83'
model name: dset_te_center0_erm_b44271c83_not_commited_2024md_06md_23_13_19_20_seed_0_21551145

 Experiment start at: 2024-06-23 13:19:20.781683
before training, model accuracy: 0.31128156185150146
epoch: 1
---- Training Domain: 
scalar performance:
{'acc': 0.9050411, 'precision': 0.45274335, 'recall': 0.49972826, 'specificity': 0.49972826, 'f1': 0.47507694, 'auroc': 0.48639858, 'binary_precision': 0.0, 'binary_recall': 0.0, 'binary_specificity': 0.9994565, 'binary_f1_score': 0.0}
confusion matrix:
       0   1
0  42298  23
1   4415   0
---- Validation: 
scalar performance:
{'acc': 0.96557045, 'precision': 0.482888, 'recall': 0.4998898, 'specificity': 0.4998898, 'f1': 0.49124184, 'auroc': 0.34085992, 'binary_precision': 0.0, 'binary_recall': 0.0, 'binary_specificity': 0.9997796, 'binary_f1_score': 0.0}
confusion matrix:
       0  1
0  18145  4
1    643  0
---- Test Domain (oracle): 
scalar performance:
{'acc': 0.9582934, 'precision': 0.4791467, 'recall': 0.5, 'specificity': 0.5, 'f1': 0.48935127, 'auroc': 0.34398615, 'binary_precision': 0.0, 'binary_recall': 0.0, 'binary_specificity': 1.0, 'binary_f1_score': 0.0}
confusion matrix:
      0  1
0  5997  0
1   261  0
t-SNE plot saved as /localscratch/sina.wendrich/tsne/t-SNE_Test_center0_21551145_1.png
new oracle model saved
better model found
persisted
after epoch: 1,now: 2024-06-23 13:43:25.036974,epoch time: 0:24:04.255291,used: 0:24:04.255291,model: dset_te_center0_erm_b44271c83_not_commited_2024md_06md_23_13_19_20_seed_0_21551145
working direcotry: /ictstr01/groups/aih/sina.wendrich/MA_code/MA_thesis/DomainLab
epoch: 2
---- Training Domain: 
scalar performance:
{'acc': 0.9055332, 'precision': 0.45277628, 'recall': 0.4999882, 'specificity': 0.4999882, 'f1': 0.47521248, 'auroc': 0.6214092, 'binary_precision': 0.0, 'binary_recall': 0.0, 'binary_specificity': 0.9999764, 'binary_f1_score': 0.0}
confusion matrix:
       0  1
0  42321  1
1   4414  0
---- Validation: 
scalar performance:
{'acc': 0.9657833, 'precision': 0.48289165, 'recall': 0.5, 'specificity': 0.5, 'f1': 0.49129692, 'auroc': 0.3533873, 'binary_precision': 0.0, 'binary_recall': 0.0, 'binary_specificity': 1.0, 'binary_f1_score': 0.0}
confusion matrix:
       0  1
0  18149  0
1    643  0
---- Test Domain (oracle): 
scalar performance:
{'acc': 0.9582934, 'precision': 0.4791467, 'recall': 0.5, 'specificity': 0.5, 'f1': 0.48935127, 'auroc': 0.3559727, 'binary_precision': 0.0, 'binary_recall': 0.0, 'binary_specificity': 1.0, 'binary_f1_score': 0.0}
confusion matrix:
      0  1
0  5997  0
1   261  0
t-SNE plot saved as /localscratch/sina.wendrich/tsne/t-SNE_Test_center0_21551145_2.png
better model found
persisted
after epoch: 2,now: 2024-06-23 14:03:19.996650,epoch time: 0:19:54.959676,used: 0:43:59.214967,model: dset_te_center0_erm_b44271c83_not_commited_2024md_06md_23_13_19_20_seed_0_21551145
working direcotry: /ictstr01/groups/aih/sina.wendrich/MA_code/MA_thesis/DomainLab
epoch: 3
---- Training Domain: 
slurmstepd: error: *** JOB 21551145 ON supergpu02 CANCELLED AT 2024-06-23T14:14:42 ***
