Failed to import backpack: cannot import name '_grad_input_padding' from 'torch.nn.grad' (/home/aih/sina.wendrich/miniconda3/envs/domainlab_py310/lib/python3.10/site-packages/torch/nn/grad.py)



no algorithm conf specified, going to use default



/ictstr01/groups/aih/sina.wendrich/MA_code/test/domainlab/arg_parser.py:355: UserWarning: no algorithm conf specified, going to use default
  warnings.warn("no algorithm conf specified, going to use default")

overriding args.task None to dset


using device: cuda

/home/aih/sina.wendrich/miniconda3/envs/domainlab_py310/lib/python3.10/site-packages/torch/nn/_reduction.py:42: UserWarning: size_average and reduce args will be deprecated, please use reduction='sum' instead.
  warnings.warn(warning.format(ret))
/home/aih/sina.wendrich/miniconda3/envs/domainlab_py310/lib/python3.10/site-packages/torchmetrics/utilities/prints.py:36: UserWarning: Metric `AUROC` will save all targets and predictions in buffer. For large datasets this may lead to large memory footprint.
  warnings.warn(*args, **kwargs)



!!!: not committed yet
/ictstr01/groups/aih/sina.wendrich/MA_code/test/domainlab/utils/get_git_tag.py:16: UserWarning: !!!: not committed yet
  warnings.warn("!!!: not committed yet")



b'b976d8c0'
model name: dset_te_center4_dann_bb976d8c0_not_commited_2024md_05md_05_20_46_17_seed_0_20366853

 Experiment start at: 2024-05-05 20:46:17.268375
/home/aih/sina.wendrich/miniconda3/envs/domainlab_py310/lib/python3.10/site-packages/torch/nn/modules/conv.py:456: UserWarning: Plan failed with a cudnnException: CUDNN_BACKEND_EXECUTION_PLAN_DESCRIPTOR: cudnnFinalize Descriptor Failed cudnn_status: CUDNN_STATUS_NOT_SUPPORTED (Triggered internally at /opt/conda/conda-bld/pytorch_1712608935911/work/aten/src/ATen/native/cudnn/Conv_v8.cpp:919.)
  return F.conv2d(input, weight, bias, self.stride,
epoch: 1
---- Training Domain: 
scalar performance:
{'acc': 0.97596157, 'precision': 0.48798078, 'recall': 0.5, 'specificity': 0.5, 'f1': 0.4939173, 'auroc': 0.5}
confusion matrix:
       0  1
0  38976  0
1    960  0
---- Validation: 
/home/aih/sina.wendrich/miniconda3/envs/domainlab_py310/lib/python3.10/site-packages/torch/nn/modules/conv.py:456: UserWarning: Plan failed with a cudnnException: CUDNN_BACKEND_EXECUTION_PLAN_DESCRIPTOR: cudnnFinalize Descriptor Failed cudnn_status: CUDNN_STATUS_NOT_SUPPORTED (Triggered internally at /opt/conda/conda-bld/pytorch_1712608935911/work/aten/src/ATen/native/cudnn/Conv_v8.cpp:919.)
  return F.conv2d(input, weight, bias, self.stride,
scalar performance:
{'acc': 0.9757961, 'precision': 0.48789805, 'recall': 0.5, 'specificity': 0.5, 'f1': 0.4938749, 'auroc': 0.5}
confusion matrix:
       0  1
0  16731  0
1    415  0
---- Test Domain (oracle): 
scalar performance:
{'acc': 0.9236702, 'precision': 0.4618351, 'recall': 0.5, 'specificity': 0.5, 'f1': 0.48016036, 'auroc': 0.5}
confusion matrix:
      0  1
0  9342  0
1   772  0
new oracle model saved
after epoch: 1,now: 2024-05-05 21:47:11.949329,epoch time: 1:00:54.680954,used: 1:00:54.680954,model: dset_te_center4_dann_bb976d8c0_not_commited_2024md_05md_05_20_46_17_seed_0_20366853
working direcotry: /ictstr01/groups/aih/sina.wendrich/MA_code/test
epoch: 2
---- Training Domain: 
scalar performance:
{'acc': 0.9759365, 'precision': 0.48796824, 'recall': 0.5, 'specificity': 0.5, 'f1': 0.49391088, 'auroc': 0.5}
confusion matrix:
       0  1
0  38975  0
1    961  0
---- Validation: 
scalar performance:
{'acc': 0.9757961, 'precision': 0.48789805, 'recall': 0.5, 'specificity': 0.5, 'f1': 0.4938749, 'auroc': 0.5}
confusion matrix:
       0  1
0  16731  0
1    415  0
---- Test Domain (oracle): 
scalar performance:
{'acc': 0.9236702, 'precision': 0.4618351, 'recall': 0.5, 'specificity': 0.5, 'f1': 0.48016036, 'auroc': 0.5}
confusion matrix:
      0  1
0  9342  0
1   772  0
early stop counter: 1
val acc:0.975796103477478, best validation acc: 0.975796103477478, corresponding to test acc:                         0.9236701726913452 / 0.9236701726913452
after epoch: 2,now: 2024-05-05 22:47:19.121098,epoch time: 1:00:07.171769,used: 2:01:01.852723,model: dset_te_center4_dann_bb976d8c0_not_commited_2024md_05md_05_20_46_17_seed_0_20366853
working direcotry: /ictstr01/groups/aih/sina.wendrich/MA_code/test
epoch: 3
---- Training Domain: 
scalar performance:
{'acc': 0.97596157, 'precision': 0.48798078, 'recall': 0.5, 'specificity': 0.5, 'f1': 0.4939173, 'auroc': 0.5}
confusion matrix:
       0  1
0  38976  0
1    960  0
---- Validation: 
scalar performance:
{'acc': 0.9757961, 'precision': 0.48789805, 'recall': 0.5, 'specificity': 0.5, 'f1': 0.4938749, 'auroc': 0.5}
confusion matrix:
       0  1
0  16731  0
1    415  0
---- Test Domain (oracle): 
scalar performance:
{'acc': 0.9236702, 'precision': 0.4618351, 'recall': 0.5, 'specificity': 0.5, 'f1': 0.48016036, 'auroc': 0.5}
confusion matrix:
      0  1
0  9342  0
1   772  0
early stop counter: 2
val acc:0.975796103477478, best validation acc: 0.975796103477478, corresponding to test acc:                         0.9236701726913452 / 0.9236701726913452
after epoch: 3,now: 2024-05-05 23:50:28.530342,epoch time: 1:03:09.409244,used: 3:04:11.261967,model: dset_te_center4_dann_bb976d8c0_not_commited_2024md_05md_05_20_46_17_seed_0_20366853
working direcotry: /ictstr01/groups/aih/sina.wendrich/MA_code/test
epoch: 4
---- Training Domain: 
scalar performance:
{'acc': 0.9759365, 'precision': 0.48796824, 'recall': 0.5, 'specificity': 0.5, 'f1': 0.49391088, 'auroc': 0.5}
confusion matrix:
       0  1
0  38975  0
1    961  0
---- Validation: 
scalar performance:
{'acc': 0.9757961, 'precision': 0.48789805, 'recall': 0.5, 'specificity': 0.5, 'f1': 0.4938749, 'auroc': 0.5}
confusion matrix:
       0  1
0  16731  0
1    415  0
---- Test Domain (oracle): 
scalar performance:
{'acc': 0.9236702, 'precision': 0.4618351, 'recall': 0.5, 'specificity': 0.5, 'f1': 0.48016036, 'auroc': 0.5}
confusion matrix:
      0  1
0  9342  0
1   772  0
early stop counter: 3
val acc:0.975796103477478, best validation acc: 0.975796103477478, corresponding to test acc:                         0.9236701726913452 / 0.9236701726913452
after epoch: 4,now: 2024-05-06 00:52:35.316884,epoch time: 1:02:06.786542,used: 4:06:18.048509,model: dset_te_center4_dann_bb976d8c0_not_commited_2024md_05md_05_20_46_17_seed_0_20366853
working direcotry: /ictstr01/groups/aih/sina.wendrich/MA_code/test
epoch: 5
---- Training Domain: 
scalar performance:
{'acc': 0.9759365, 'precision': 0.48796824, 'recall': 0.5, 'specificity': 0.5, 'f1': 0.49391088, 'auroc': 0.5}
confusion matrix:
       0  1
0  38975  0
1    961  0
---- Validation: 
scalar performance:
{'acc': 0.9757961, 'precision': 0.48789805, 'recall': 0.5, 'specificity': 0.5, 'f1': 0.4938749, 'auroc': 0.5}
confusion matrix:
       0  1
0  16731  0
1    415  0
---- Test Domain (oracle): 
scalar performance:
{'acc': 0.9236702, 'precision': 0.4618351, 'recall': 0.5, 'specificity': 0.5, 'f1': 0.48016036, 'auroc': 0.5}
confusion matrix:
      0  1
0  9342  0
1   772  0
early stop counter: 4
val acc:0.975796103477478, best validation acc: 0.975796103477478, corresponding to test acc:                         0.9236701726913452 / 0.9236701726913452
after epoch: 5,now: 2024-05-06 01:51:38.976009,epoch time: 0:59:03.659125,used: 5:05:21.707634,model: dset_te_center4_dann_bb976d8c0_not_commited_2024md_05md_05_20_46_17_seed_0_20366853
working direcotry: /ictstr01/groups/aih/sina.wendrich/MA_code/test
epoch: 6
---- Training Domain: 
scalar performance:
{'acc': 0.9759365, 'precision': 0.48796824, 'recall': 0.5, 'specificity': 0.5, 'f1': 0.49391088, 'auroc': 0.5}
confusion matrix:
       0  1
0  38975  0
1    961  0
---- Validation: 
scalar performance:
{'acc': 0.9757961, 'precision': 0.48789805, 'recall': 0.5, 'specificity': 0.5, 'f1': 0.4938749, 'auroc': 0.5}
confusion matrix:
       0  1
0  16731  0
1    415  0
---- Test Domain (oracle): 
scalar performance:
{'acc': 0.9236702, 'precision': 0.4618351, 'recall': 0.5, 'specificity': 0.5, 'f1': 0.48016036, 'auroc': 0.5}
confusion matrix:
      0  1
0  9342  0
1   772  0
early stop counter: 5
val acc:0.975796103477478, best validation acc: 0.975796103477478, corresponding to test acc:                         0.9236701726913452 / 0.9236701726913452
after epoch: 6,now: 2024-05-06 02:50:35.097080,epoch time: 0:58:56.121071,used: 6:04:17.828705,model: dset_te_center4_dann_bb976d8c0_not_commited_2024md_05md_05_20_46_17_seed_0_20366853
working direcotry: /ictstr01/groups/aih/sina.wendrich/MA_code/test
epoch: 7
---- Training Domain: 
scalar performance:
{'acc': 0.9759365, 'precision': 0.48796824, 'recall': 0.5, 'specificity': 0.5, 'f1': 0.49391088, 'auroc': 0.5}
confusion matrix:
       0  1
0  38975  0
1    961  0
---- Validation: 
scalar performance:
{'acc': 0.9757961, 'precision': 0.48789805, 'recall': 0.5, 'specificity': 0.5, 'f1': 0.4938749, 'auroc': 0.5}
confusion matrix:
       0  1
0  16731  0
1    415  0
---- Test Domain (oracle): 
scalar performance:
{'acc': 0.9236702, 'precision': 0.4618351, 'recall': 0.5, 'specificity': 0.5, 'f1': 0.48016036, 'auroc': 0.5}
confusion matrix:
      0  1
0  9342  0
1   772  0
early stop counter: 6
val acc:0.975796103477478, best validation acc: 0.975796103477478, corresponding to test acc:                         0.9236701726913452 / 0.9236701726913452
after epoch: 7,now: 2024-05-06 03:50:05.557799,epoch time: 0:59:30.460719,used: 7:03:48.289424,model: dset_te_center4_dann_bb976d8c0_not_commited_2024md_05md_05_20_46_17_seed_0_20366853
working direcotry: /ictstr01/groups/aih/sina.wendrich/MA_code/test
epoch: 8
---- Training Domain: 
scalar performance:
{'acc': 0.9759365, 'precision': 0.48796824, 'recall': 0.5, 'specificity': 0.5, 'f1': 0.49391088, 'auroc': 0.5}
confusion matrix:
       0  1
0  38975  0
1    961  0
---- Validation: 
scalar performance:
{'acc': 0.9757961, 'precision': 0.48789805, 'recall': 0.5, 'specificity': 0.5, 'f1': 0.4938749, 'auroc': 0.5}
confusion matrix:
       0  1
0  16731  0
1    415  0
---- Test Domain (oracle): 
scalar performance:
{'acc': 0.9236702, 'precision': 0.4618351, 'recall': 0.5, 'specificity': 0.5, 'f1': 0.48016036, 'auroc': 0.5}
confusion matrix:
      0  1
0  9342  0
1   772  0
early stop counter: 7
val acc:0.975796103477478, best validation acc: 0.975796103477478, corresponding to test acc:                         0.9236701726913452 / 0.9236701726913452
after epoch: 8,now: 2024-05-06 04:49:29.979357,epoch time: 0:59:24.421558,used: 8:03:12.710982,model: dset_te_center4_dann_bb976d8c0_not_commited_2024md_05md_05_20_46_17_seed_0_20366853
working direcotry: /ictstr01/groups/aih/sina.wendrich/MA_code/test
epoch: 9
---- Training Domain: 
scalar performance:
{'acc': 0.9759365, 'precision': 0.48796824, 'recall': 0.5, 'specificity': 0.5, 'f1': 0.49391088, 'auroc': 0.5}
confusion matrix:
       0  1
0  38975  0
1    961  0
---- Validation: 
scalar performance:
{'acc': 0.9757961, 'precision': 0.48789805, 'recall': 0.5, 'specificity': 0.5, 'f1': 0.4938749, 'auroc': 0.5}
confusion matrix:
       0  1
0  16731  0
1    415  0
---- Test Domain (oracle): 
scalar performance:
{'acc': 0.9236702, 'precision': 0.4618351, 'recall': 0.5, 'specificity': 0.5, 'f1': 0.48016036, 'auroc': 0.5}
confusion matrix:
      0  1
0  9342  0
1   772  0
early stop counter: 8
val acc:0.975796103477478, best validation acc: 0.975796103477478, corresponding to test acc:                         0.9236701726913452 / 0.9236701726913452
after epoch: 9,now: 2024-05-06 05:48:44.027468,epoch time: 0:59:14.048111,used: 9:02:26.759093,model: dset_te_center4_dann_bb976d8c0_not_commited_2024md_05md_05_20_46_17_seed_0_20366853
working direcotry: /ictstr01/groups/aih/sina.wendrich/MA_code/test
epoch: 10
---- Training Domain: 
scalar performance:
{'acc': 0.9759365, 'precision': 0.48796824, 'recall': 0.5, 'specificity': 0.5, 'f1': 0.49391088, 'auroc': 0.5}
confusion matrix:
       0  1
0  38975  0
1    961  0
---- Validation: 
scalar performance:
{'acc': 0.9757961, 'precision': 0.48789805, 'recall': 0.5, 'specificity': 0.5, 'f1': 0.4938749, 'auroc': 0.5}
confusion matrix:
       0  1
0  16731  0
1    415  0
---- Test Domain (oracle): 
scalar performance:
{'acc': 0.9236702, 'precision': 0.4618351, 'recall': 0.5, 'specificity': 0.5, 'f1': 0.48016036, 'auroc': 0.5}
confusion matrix:
      0  1
0  9342  0
1   772  0
early stop counter: 9
val acc:0.975796103477478, best validation acc: 0.975796103477478, corresponding to test acc:                         0.9236701726913452 / 0.9236701726913452
after epoch: 10,now: 2024-05-06 06:50:15.178762,epoch time: 1:01:31.151294,used: 10:03:57.910387,model: dset_te_center4_dann_bb976d8c0_not_commited_2024md_05md_05_20_46_17_seed_0_20366853
working direcotry: /ictstr01/groups/aih/sina.wendrich/MA_code/test
epoch: 11
---- Training Domain: 
scalar performance:
{'acc': 0.97596157, 'precision': 0.48798078, 'recall': 0.5, 'specificity': 0.5, 'f1': 0.4939173, 'auroc': 0.5}
confusion matrix:
       0  1
0  38976  0
1    960  0
---- Validation: 
scalar performance:
{'acc': 0.9757961, 'precision': 0.48789805, 'recall': 0.5, 'specificity': 0.5, 'f1': 0.4938749, 'auroc': 0.5}
confusion matrix:
       0  1
0  16731  0
1    415  0
---- Test Domain (oracle): 
scalar performance:
{'acc': 0.9236702, 'precision': 0.4618351, 'recall': 0.5, 'specificity': 0.5, 'f1': 0.48016036, 'auroc': 0.5}
confusion matrix:
      0  1
0  9342  0
1   772  0
early stop counter: 10
val acc:0.975796103477478, best validation acc: 0.975796103477478, corresponding to test acc:                         0.9236701726913452 / 0.9236701726913452
after epoch: 11,now: 2024-05-06 07:54:02.926988,epoch time: 1:03:47.748226,used: 11:07:45.658613,model: dset_te_center4_dann_bb976d8c0_not_commited_2024md_05md_05_20_46_17_seed_0_20366853
working direcotry: /ictstr01/groups/aih/sina.wendrich/MA_code/test
early stop trigger
Experiment finished at epoch: 11 with time: 11:07:45.658613 at 2024-05-06 07:54:02.926988
[Errno 2] No such file or directory: 'zoutput/saved_models/dset_te_center4_dann_bb976d8c0_not_commited_2024md_05md_05_20_46_17_seed_0_20366853.model'
this error can occur if model selection criteria                            is worsening, model never get persisted,                            no performance metric is reported
failed to remove model
/ictstr01/groups/aih/sina.wendrich/MA_code/test/domainlab/exp/exp_main.py:126: UserWarning: failed to remove model
  warnings.warn("failed to remove model")
