Failed to import backpack: cannot import name '_grad_input_padding' from 'torch.nn.grad' (/home/aih/sina.wendrich/miniconda3/envs/domainlab_py310/lib/python3.10/site-packages/torch/nn/grad.py)



no algorithm conf specified, going to use default



/lustre/groups/aih/sina.wendrich/MA_code/test/domainlab/arg_parser.py:355: UserWarning: no algorithm conf specified, going to use default
  warnings.warn("no algorithm conf specified, going to use default")

overriding args.task None to dset

/home/aih/sina.wendrich/miniconda3/envs/domainlab_py310/lib/python3.10/site-packages/torch/nn/_reduction.py:42: UserWarning: size_average and reduce args will be deprecated, please use reduction='sum' instead.
  warnings.warn(warning.format(ret))
function build_feat_extract_net(dim_y,         remove_last_layer) should return a neural network (pytorch module) that that extract features from an image
Traceback (most recent call last):
  File "/lustre/groups/aih/sina.wendrich/MA_code/test/main_out.py", line 9, in <module>
    domainlab_cli()
  File "/lustre/groups/aih/sina.wendrich/MA_code/test/domainlab/cli.py", line 25, in domainlab_cli
    exp = Exp(args=args)
  File "/lustre/groups/aih/sina.wendrich/MA_code/test/domainlab/exp/exp_main.py", line 40, in __init__
    self.trainer, self.model, observer_default, device = algo_builder.init_business(
  File "/lustre/groups/aih/sina.wendrich/MA_code/test/domainlab/algos/builder_diva.py", line 38, in init_business
    model = mk_diva(list_str_y=task.list_str_y)(
  File "/lustre/groups/aih/sina.wendrich/MA_code/test/domainlab/utils/utils_class.py", line 25, in wrapper
    return method(*positional_args, **keyword_args)
  File "/lustre/groups/aih/sina.wendrich/MA_code/test/domainlab/models/model_diva.py", line 77, in __init__
    super().__init__(chain_node_builder, zd_dim, zy_dim, zx_dim, **kwargs)
  File "/lustre/groups/aih/sina.wendrich/MA_code/test/domainlab/utils/utils_class.py", line 25, in wrapper
    return method(*positional_args, **keyword_args)
  File "/lustre/groups/aih/sina.wendrich/MA_code/test/domainlab/models/model_vae_xyd_classif.py", line 23, in __init__
    self.init()
  File "/lustre/groups/aih/sina.wendrich/MA_code/test/domainlab/models/interface_vae_xyd.py", line 20, in init
    self._init_components()
  File "/lustre/groups/aih/sina.wendrich/MA_code/test/domainlab/models/model_vae_xyd_classif.py", line 38, in _init_components
    super()._init_components()
  File "/lustre/groups/aih/sina.wendrich/MA_code/test/domainlab/models/interface_vae_xyd.py", line 28, in _init_components
    self.add_module("encoder", self.chain_node_builder.build_encoder())
  File "/lustre/groups/aih/sina.wendrich/MA_code/test/domainlab/compos/vae/zoo_vae_builders_classif.py", line 72, in build_encoder
    encoder = XYDEncoderParallelExtern(
  File "/lustre/groups/aih/sina.wendrich/MA_code/test/domainlab/utils/utils_class.py", line 25, in wrapper
    return method(*positional_args, **keyword_args)
  File "/lustre/groups/aih/sina.wendrich/MA_code/test/domainlab/compos/vae/compos/encoder_xyd_parallel.py", line 139, in __init__
    net_infer_zd = EncoderConnectLastFeatLayer2Z(
  File "/lustre/groups/aih/sina.wendrich/MA_code/test/domainlab/compos/vae/compos/encoder_zy.py", line 27, in __init__
    self.net_feat_extract = net_builder.init_business(
  File "/lustre/groups/aih/sina.wendrich/MA_code/test/domainlab/compos/builder_nn_external_from_file.py", line 32, in init_business
    net = build_external_obj_net_module_feat_extract(
  File "/lustre/groups/aih/sina.wendrich/MA_code/test/domainlab/utils/u_import_net_module.py", line 34, in build_external_obj_net_module_feat_extract
    net = getattr(net_module, name_fun)(dim_y, remove_last_layer)
  File "/lustre/groups/aih/sina.wendrich/MA_code/test/examples/nets/vit.py", line 33, in build_feat_extract_net
    return ViTForClassification(flag_pretrain=True, dim_y=dim_y)
  File "/lustre/groups/aih/sina.wendrich/MA_code/test/examples/nets/vit.py", line 27, in __init__
    self.net_torchvision.head = nn.Linear(num_final_in, dim_y) 
  File "/home/aih/sina.wendrich/miniconda3/envs/domainlab_py310/lib/python3.10/site-packages/torch/nn/modules/linear.py", line 98, in __init__
    self.weight = Parameter(torch.empty((out_features, in_features), **factory_kwargs))
TypeError: empty() received an invalid combination of arguments - got (tuple, dtype=NoneType, device=NoneType), but expected one of:
 * (tuple of ints size, *, tuple of names names, torch.memory_format memory_format, torch.dtype dtype, torch.layout layout, torch.device device, bool pin_memory, bool requires_grad)
 * (tuple of ints size, *, torch.memory_format memory_format, Tensor out, torch.dtype dtype, torch.layout layout, torch.device device, bool pin_memory, bool requires_grad)

