Failed to import backpack: cannot import name '_grad_input_padding' from 'torch.nn.grad' (/home/aih/sina.wendrich/miniconda3/envs/domainlab_py310/lib/python3.10/site-packages/torch/nn/grad.py)



no algorithm conf specified, going to use default



/ictstr01/groups/aih/sina.wendrich/MA_code/test/domainlab/arg_parser.py:355: UserWarning: no algorithm conf specified, going to use default
  warnings.warn("no algorithm conf specified, going to use default")

overriding args.task None to dset


using device: cuda

/home/aih/sina.wendrich/miniconda3/envs/domainlab_py310/lib/python3.10/site-packages/torch/nn/_reduction.py:42: UserWarning: size_average and reduce args will be deprecated, please use reduction='sum' instead.
  warnings.warn(warning.format(ret))
/home/aih/sina.wendrich/miniconda3/envs/domainlab_py310/lib/python3.10/site-packages/torchmetrics/utilities/prints.py:36: UserWarning: Metric `AUROC` will save all targets and predictions in buffer. For large datasets this may lead to large memory footprint.
  warnings.warn(*args, **kwargs)



!!!: not committed yet
/ictstr01/groups/aih/sina.wendrich/MA_code/test/domainlab/utils/get_git_tag.py:16: UserWarning: !!!: not committed yet
  warnings.warn("!!!: not committed yet")



b'99b8035b'
model name: dset_te_center4_dann_b99b8035b_not_commited_2024md_05md_07_18_23_56_seed_0_20426408

 Experiment start at: 2024-05-07 18:23:56.362445
/home/aih/sina.wendrich/miniconda3/envs/domainlab_py310/lib/python3.10/site-packages/torch/nn/modules/conv.py:456: UserWarning: Plan failed with a cudnnException: CUDNN_BACKEND_EXECUTION_PLAN_DESCRIPTOR: cudnnFinalize Descriptor Failed cudnn_status: CUDNN_STATUS_NOT_SUPPORTED (Triggered internally at /opt/conda/conda-bld/pytorch_1712608935911/work/aten/src/ATen/native/cudnn/Conv_v8.cpp:919.)
  return F.conv2d(input, weight, bias, self.stride,
epoch: 1
---- Training Domain: 
scalar performance:
{'acc': 0.9759365, 'precision': 0.48796824, 'recall': 0.5, 'specificity': 0.5, 'f1': 0.49391088, 'auroc': 0.94672585}
confusion matrix:
       0  1
0  38975  0
1    961  0
---- Validation: 
/home/aih/sina.wendrich/miniconda3/envs/domainlab_py310/lib/python3.10/site-packages/torch/nn/modules/conv.py:456: UserWarning: Plan failed with a cudnnException: CUDNN_BACKEND_EXECUTION_PLAN_DESCRIPTOR: cudnnFinalize Descriptor Failed cudnn_status: CUDNN_STATUS_NOT_SUPPORTED (Triggered internally at /opt/conda/conda-bld/pytorch_1712608935911/work/aten/src/ATen/native/cudnn/Conv_v8.cpp:919.)
  return F.conv2d(input, weight, bias, self.stride,
scalar performance:
{'acc': 0.9757961, 'precision': 0.48789805, 'recall': 0.5, 'specificity': 0.5, 'f1': 0.4938749, 'auroc': 0.9429177}
confusion matrix:
       0  1
0  16731  0
1    415  0
---- Test Domain (oracle): 
scalar performance:
{'acc': 0.9236702, 'precision': 0.4618351, 'recall': 0.5, 'specificity': 0.5, 'f1': 0.48016036, 'auroc': 0.892268}
confusion matrix:
      0  1
0  9342  0
1   772  0
new oracle model saved
after epoch: 1,now: 2024-05-07 19:22:17.493040,epoch time: 0:58:21.130595,used: 0:58:21.130595,model: dset_te_center4_dann_b99b8035b_not_commited_2024md_05md_07_18_23_56_seed_0_20426408
working direcotry: /ictstr01/groups/aih/sina.wendrich/MA_code/test
epoch: 2
---- Training Domain: 
scalar performance:
{'acc': 0.9759365, 'precision': 0.48796824, 'recall': 0.5, 'specificity': 0.5, 'f1': 0.49391088, 'auroc': 0.9597944}
confusion matrix:
       0  1
0  38975  0
1    961  0
---- Validation: 
scalar performance:
{'acc': 0.9757961, 'precision': 0.48789805, 'recall': 0.5, 'specificity': 0.5, 'f1': 0.4938749, 'auroc': 0.95270485}
confusion matrix:
       0  1
0  16731  0
1    415  0
---- Test Domain (oracle): 
scalar performance:
{'acc': 0.9236702, 'precision': 0.4618351, 'recall': 0.5, 'specificity': 0.5, 'f1': 0.48016036, 'auroc': 0.90590996}
confusion matrix:
      0  1
0  9342  0
1   772  0
early stop counter: 1
val acc:0.975796103477478, best validation acc: 0.975796103477478, corresponding to test acc:                         0.9236701726913452 / 0.9236701726913452
after epoch: 2,now: 2024-05-07 20:21:04.590370,epoch time: 0:58:47.097330,used: 1:57:08.227925,model: dset_te_center4_dann_b99b8035b_not_commited_2024md_05md_07_18_23_56_seed_0_20426408
working direcotry: /ictstr01/groups/aih/sina.wendrich/MA_code/test
epoch: 3
---- Training Domain: 
scalar performance:
{'acc': 0.97596157, 'precision': 0.48798078, 'recall': 0.5, 'specificity': 0.5, 'f1': 0.4939173, 'auroc': 0.9712665}
confusion matrix:
       0  1
0  38976  0
1    960  0
---- Validation: 
scalar performance:
{'acc': 0.9757961, 'precision': 0.48789805, 'recall': 0.5, 'specificity': 0.5, 'f1': 0.4938749, 'auroc': 0.95771575}
confusion matrix:
       0  1
0  16731  0
1    415  0
---- Test Domain (oracle): 
scalar performance:
{'acc': 0.9236702, 'precision': 0.4618351, 'recall': 0.5, 'specificity': 0.5, 'f1': 0.48016036, 'auroc': 0.9171493}
confusion matrix:
      0  1
0  9342  0
1   772  0
early stop counter: 2
val acc:0.975796103477478, best validation acc: 0.975796103477478, corresponding to test acc:                         0.9236701726913452 / 0.9236701726913452
after epoch: 3,now: 2024-05-07 21:24:29.829049,epoch time: 1:03:25.238679,used: 3:00:33.466604,model: dset_te_center4_dann_b99b8035b_not_commited_2024md_05md_07_18_23_56_seed_0_20426408
working direcotry: /ictstr01/groups/aih/sina.wendrich/MA_code/test
epoch: 4
---- Training Domain: 
scalar performance:
{'acc': 0.9759365, 'precision': 0.48796824, 'recall': 0.5, 'specificity': 0.5, 'f1': 0.49391088, 'auroc': 0.95488536}
confusion matrix:
       0  1
0  38975  0
1    961  0
---- Validation: 
scalar performance:
{'acc': 0.9757961, 'precision': 0.48789805, 'recall': 0.5, 'specificity': 0.5, 'f1': 0.4938749, 'auroc': 0.9481672}
confusion matrix:
       0  1
0  16731  0
1    415  0
---- Test Domain (oracle): 
scalar performance:
{'acc': 0.9236702, 'precision': 0.4618351, 'recall': 0.5, 'specificity': 0.5, 'f1': 0.48016036, 'auroc': 0.9046279}
confusion matrix:
      0  1
0  9342  0
1   772  0
early stop counter: 3
val acc:0.975796103477478, best validation acc: 0.975796103477478, corresponding to test acc:                         0.9236701726913452 / 0.9236701726913452
after epoch: 4,now: 2024-05-07 22:23:27.930516,epoch time: 0:58:58.101467,used: 3:59:31.568071,model: dset_te_center4_dann_b99b8035b_not_commited_2024md_05md_07_18_23_56_seed_0_20426408
working direcotry: /ictstr01/groups/aih/sina.wendrich/MA_code/test
epoch: 5
---- Training Domain: 
scalar performance:
{'acc': 0.9759365, 'precision': 0.48796824, 'recall': 0.5, 'specificity': 0.5, 'f1': 0.49391088, 'auroc': 0.956499}
confusion matrix:
       0  1
0  38975  0
1    961  0
---- Validation: 
scalar performance:
{'acc': 0.9757961, 'precision': 0.48789805, 'recall': 0.5, 'specificity': 0.5, 'f1': 0.4938749, 'auroc': 0.9357203}
confusion matrix:
       0  1
0  16731  0
1    415  0
---- Test Domain (oracle): 
scalar performance:
{'acc': 0.9236702, 'precision': 0.4618351, 'recall': 0.5, 'specificity': 0.5, 'f1': 0.48016036, 'auroc': 0.72167945}
confusion matrix:
      0  1
0  9342  0
1   772  0
early stop counter: 4
val acc:0.975796103477478, best validation acc: 0.975796103477478, corresponding to test acc:                         0.9236701726913452 / 0.9236701726913452
after epoch: 5,now: 2024-05-07 23:22:43.865608,epoch time: 0:59:15.935092,used: 4:58:47.503163,model: dset_te_center4_dann_b99b8035b_not_commited_2024md_05md_07_18_23_56_seed_0_20426408
working direcotry: /ictstr01/groups/aih/sina.wendrich/MA_code/test
epoch: 6
---- Training Domain: 
scalar performance:
{'acc': 0.9759365, 'precision': 0.48796824, 'recall': 0.5, 'specificity': 0.5, 'f1': 0.49391088, 'auroc': 0.98027205}
confusion matrix:
       0  1
0  38975  0
1    961  0
---- Validation: 
scalar performance:
{'acc': 0.9757961, 'precision': 0.48789805, 'recall': 0.5, 'specificity': 0.5, 'f1': 0.4938749, 'auroc': 0.9552001}
confusion matrix:
       0  1
0  16731  0
1    415  0
---- Test Domain (oracle): 
scalar performance:
{'acc': 0.9236702, 'precision': 0.4618351, 'recall': 0.5, 'specificity': 0.5, 'f1': 0.48016036, 'auroc': 0.9040796}
confusion matrix:
      0  1
0  9342  0
1   772  0
early stop counter: 5
val acc:0.975796103477478, best validation acc: 0.975796103477478, corresponding to test acc:                         0.9236701726913452 / 0.9236701726913452
after epoch: 6,now: 2024-05-08 00:21:00.226301,epoch time: 0:58:16.360693,used: 5:57:03.863856,model: dset_te_center4_dann_b99b8035b_not_commited_2024md_05md_07_18_23_56_seed_0_20426408
working direcotry: /ictstr01/groups/aih/sina.wendrich/MA_code/test
epoch: 7
---- Training Domain: 
scalar performance:
{'acc': 0.9759365, 'precision': 0.48796824, 'recall': 0.5, 'specificity': 0.5, 'f1': 0.49391088, 'auroc': 0.9741649}
confusion matrix:
       0  1
0  38975  0
1    961  0
---- Validation: 
scalar performance:
{'acc': 0.9757961, 'precision': 0.48789805, 'recall': 0.5, 'specificity': 0.5, 'f1': 0.4938749, 'auroc': 0.95155275}
confusion matrix:
       0  1
0  16731  0
1    415  0
---- Test Domain (oracle): 
scalar performance:
{'acc': 0.9236702, 'precision': 0.4618351, 'recall': 0.5, 'specificity': 0.5, 'f1': 0.48016036, 'auroc': 0.8893976}
confusion matrix:
      0  1
0  9342  0
1   772  0
early stop counter: 6
val acc:0.975796103477478, best validation acc: 0.975796103477478, corresponding to test acc:                         0.9236701726913452 / 0.9236701726913452
after epoch: 7,now: 2024-05-08 01:22:07.395555,epoch time: 1:01:07.169254,used: 6:58:11.033110,model: dset_te_center4_dann_b99b8035b_not_commited_2024md_05md_07_18_23_56_seed_0_20426408
working direcotry: /ictstr01/groups/aih/sina.wendrich/MA_code/test
epoch: 8
---- Training Domain: 
scalar performance:
{'acc': 0.9759365, 'precision': 0.48796824, 'recall': 0.5, 'specificity': 0.5, 'f1': 0.49391088, 'auroc': 0.98447436}
confusion matrix:
       0  1
0  38975  0
1    961  0
---- Validation: 
scalar performance:
{'acc': 0.9757961, 'precision': 0.48789805, 'recall': 0.5, 'specificity': 0.5, 'f1': 0.4938749, 'auroc': 0.95789087}
confusion matrix:
       0  1
0  16731  0
1    415  0
---- Test Domain (oracle): 
scalar performance:
{'acc': 0.9236702, 'precision': 0.4618351, 'recall': 0.5, 'specificity': 0.5, 'f1': 0.48016036, 'auroc': 0.8987403}
confusion matrix:
      0  1
0  9342  0
1   772  0
early stop counter: 7
val acc:0.975796103477478, best validation acc: 0.975796103477478, corresponding to test acc:                         0.9236701726913452 / 0.9236701726913452
after epoch: 8,now: 2024-05-08 02:22:56.108050,epoch time: 1:00:48.712495,used: 7:58:59.745605,model: dset_te_center4_dann_b99b8035b_not_commited_2024md_05md_07_18_23_56_seed_0_20426408
working direcotry: /ictstr01/groups/aih/sina.wendrich/MA_code/test
epoch: 9
---- Training Domain: 
scalar performance:
{'acc': 0.9759365, 'precision': 0.48796824, 'recall': 0.5, 'specificity': 0.5, 'f1': 0.49391088, 'auroc': 0.97870684}
confusion matrix:
       0  1
0  38975  0
1    961  0
---- Validation: 
scalar performance:
{'acc': 0.9757961, 'precision': 0.48789805, 'recall': 0.5, 'specificity': 0.5, 'f1': 0.4938749, 'auroc': 0.94647014}
confusion matrix:
       0  1
0  16731  0
1    415  0
---- Test Domain (oracle): 
scalar performance:
{'acc': 0.9236702, 'precision': 0.4618351, 'recall': 0.5, 'specificity': 0.5, 'f1': 0.48016036, 'auroc': 0.90310717}
confusion matrix:
      0  1
0  9342  0
1   772  0
early stop counter: 8
val acc:0.975796103477478, best validation acc: 0.975796103477478, corresponding to test acc:                         0.9236701726913452 / 0.9236701726913452
after epoch: 9,now: 2024-05-08 03:21:22.506877,epoch time: 0:58:26.398827,used: 8:57:26.144432,model: dset_te_center4_dann_b99b8035b_not_commited_2024md_05md_07_18_23_56_seed_0_20426408
working direcotry: /ictstr01/groups/aih/sina.wendrich/MA_code/test
epoch: 10
---- Training Domain: 
scalar performance:
{'acc': 0.9759365, 'precision': 0.48796824, 'recall': 0.5, 'specificity': 0.5, 'f1': 0.49391088, 'auroc': 0.9634403}
confusion matrix:
       0  1
0  38975  0
1    961  0
---- Validation: 
scalar performance:
{'acc': 0.9757961, 'precision': 0.48789805, 'recall': 0.5, 'specificity': 0.5, 'f1': 0.4938749, 'auroc': 0.9156102}
confusion matrix:
       0  1
0  16731  0
1    415  0
---- Test Domain (oracle): 
scalar performance:
{'acc': 0.9236702, 'precision': 0.4618351, 'recall': 0.5, 'specificity': 0.5, 'f1': 0.48016036, 'auroc': 0.8610293}
confusion matrix:
      0  1
0  9342  0
1   772  0
early stop counter: 9
val acc:0.975796103477478, best validation acc: 0.975796103477478, corresponding to test acc:                         0.9236701726913452 / 0.9236701726913452
after epoch: 10,now: 2024-05-08 04:20:09.320692,epoch time: 0:58:46.813815,used: 9:56:12.958247,model: dset_te_center4_dann_b99b8035b_not_commited_2024md_05md_07_18_23_56_seed_0_20426408
working direcotry: /ictstr01/groups/aih/sina.wendrich/MA_code/test
epoch: 11
---- Training Domain: 
scalar performance:
{'acc': 0.97596157, 'precision': 0.48798078, 'recall': 0.5, 'specificity': 0.5, 'f1': 0.4939173, 'auroc': 0.9555012}
confusion matrix:
       0  1
0  38976  0
1    960  0
---- Validation: 
scalar performance:
{'acc': 0.9757961, 'precision': 0.48789805, 'recall': 0.5, 'specificity': 0.5, 'f1': 0.4938749, 'auroc': 0.92212886}
confusion matrix:
       0  1
0  16731  0
1    415  0
---- Test Domain (oracle): 
scalar performance:
{'acc': 0.9236702, 'precision': 0.4618351, 'recall': 0.5, 'specificity': 0.5, 'f1': 0.48016036, 'auroc': 0.8975656}
confusion matrix:
      0  1
0  9342  0
1   772  0
early stop counter: 10
val acc:0.975796103477478, best validation acc: 0.975796103477478, corresponding to test acc:                         0.9236701726913452 / 0.9236701726913452
after epoch: 11,now: 2024-05-08 05:19:47.374338,epoch time: 0:59:38.053646,used: 10:55:51.011893,model: dset_te_center4_dann_b99b8035b_not_commited_2024md_05md_07_18_23_56_seed_0_20426408
working direcotry: /ictstr01/groups/aih/sina.wendrich/MA_code/test
early stop trigger
Experiment finished at epoch: 11 with time: 10:55:51.011893 at 2024-05-08 05:19:47.374338
[Errno 2] No such file or directory: 'zoutput/saved_models/dset_te_center4_dann_b99b8035b_not_commited_2024md_05md_07_18_23_56_seed_0_20426408.model'
this error can occur if model selection criteria                            is worsening, model never get persisted,                            no performance metric is reported
failed to remove model
/ictstr01/groups/aih/sina.wendrich/MA_code/test/domainlab/exp/exp_main.py:126: UserWarning: failed to remove model
  warnings.warn("failed to remove model")
