Failed to import backpack: cannot import name '_grad_input_padding' from 'torch.nn.grad' (/home/aih/sina.wendrich/miniconda3/envs/domainlab_py310/lib/python3.10/site-packages/torch/nn/grad.py)



no algorithm conf specified, going to use default



/lustre/groups/aih/sina.wendrich/MA_code/test/domainlab/arg_parser.py:355: UserWarning: no algorithm conf specified, going to use default
  warnings.warn("no algorithm conf specified, going to use default")

overriding args.task None to dset


using device: cuda

/home/aih/sina.wendrich/miniconda3/envs/domainlab_py310/lib/python3.10/site-packages/torch/nn/_reduction.py:42: UserWarning: size_average and reduce args will be deprecated, please use reduction='sum' instead.
  warnings.warn(warning.format(ret))
/home/aih/sina.wendrich/miniconda3/envs/domainlab_py310/lib/python3.10/site-packages/torchmetrics/utilities/prints.py:36: UserWarning: Metric `AUROC` will save all targets and predictions in buffer. For large datasets this may lead to large memory footprint.
  warnings.warn(*args, **kwargs)



!!!: not committed yet
/lustre/groups/aih/sina.wendrich/MA_code/test/domainlab/utils/get_git_tag.py:16: UserWarning: !!!: not committed yet
  warnings.warn("!!!: not committed yet")



b'99b8035b'
model name: dset_te_center4_dann_b99b8035b_not_commited_2024md_05md_06_08_14_20_seed_0_20367772

 Experiment start at: 2024-05-06 08:14:21.029433
epoch: 1
---- Training Domain: 
scalar performance:
{'acc': 0.9759365, 'precision': 0.48796824, 'recall': 0.5, 'specificity': 0.5, 'f1': 0.49391088, 'auroc': 0.5}
confusion matrix:
       0  1
0  38975  0
1    961  0
---- Validation: 
scalar performance:
{'acc': 0.9757961, 'precision': 0.48789805, 'recall': 0.5, 'specificity': 0.5, 'f1': 0.4938749, 'auroc': 0.5}
confusion matrix:
       0  1
0  16731  0
1    415  0
---- Test Domain (oracle): 
scalar performance:
{'acc': 0.9236702, 'precision': 0.4618351, 'recall': 0.5, 'specificity': 0.5, 'f1': 0.48016036, 'auroc': 0.5}
confusion matrix:
      0  1
0  9342  0
1   772  0
new oracle model saved
after epoch: 1,now: 2024-05-06 09:00:47.838509,epoch time: 0:46:26.809076,used: 0:46:26.809076,model: dset_te_center4_dann_b99b8035b_not_commited_2024md_05md_06_08_14_20_seed_0_20367772
working direcotry: /lustre/groups/aih/sina.wendrich/MA_code/test
epoch: 2
---- Training Domain: 
scalar performance:
{'acc': 0.9759365, 'precision': 0.48796824, 'recall': 0.5, 'specificity': 0.5, 'f1': 0.49391088, 'auroc': 0.5}
confusion matrix:
       0  1
0  38975  0
1    961  0
---- Validation: 
scalar performance:
{'acc': 0.9757961, 'precision': 0.48789805, 'recall': 0.5, 'specificity': 0.5, 'f1': 0.4938749, 'auroc': 0.5}
confusion matrix:
       0  1
0  16731  0
1    415  0
---- Test Domain (oracle): 
scalar performance:
{'acc': 0.9236702, 'precision': 0.4618351, 'recall': 0.5, 'specificity': 0.5, 'f1': 0.48016036, 'auroc': 0.5}
confusion matrix:
      0  1
0  9342  0
1   772  0
early stop counter: 1
val acc:0.975796103477478, best validation acc: 0.975796103477478, corresponding to test acc:                         0.9236701726913452 / 0.9236701726913452
after epoch: 2,now: 2024-05-06 09:46:57.710961,epoch time: 0:46:09.872452,used: 1:32:36.681528,model: dset_te_center4_dann_b99b8035b_not_commited_2024md_05md_06_08_14_20_seed_0_20367772
working direcotry: /lustre/groups/aih/sina.wendrich/MA_code/test
epoch: 3
---- Training Domain: 
scalar performance:
{'acc': 0.9759866, 'precision': 0.4879933, 'recall': 0.5, 'specificity': 0.5, 'f1': 0.4939237, 'auroc': 0.5}
confusion matrix:
       0  1
0  38977  0
1    959  0
---- Validation: 
scalar performance:
{'acc': 0.9757961, 'precision': 0.48789805, 'recall': 0.5, 'specificity': 0.5, 'f1': 0.4938749, 'auroc': 0.5}
confusion matrix:
       0  1
0  16731  0
1    415  0
---- Test Domain (oracle): 
scalar performance:
{'acc': 0.9236702, 'precision': 0.4618351, 'recall': 0.5, 'specificity': 0.5, 'f1': 0.48016036, 'auroc': 0.5}
confusion matrix:
      0  1
0  9342  0
1   772  0
early stop counter: 2
val acc:0.975796103477478, best validation acc: 0.975796103477478, corresponding to test acc:                         0.9236701726913452 / 0.9236701726913452
after epoch: 3,now: 2024-05-06 10:34:02.506423,epoch time: 0:47:04.795462,used: 2:19:41.476990,model: dset_te_center4_dann_b99b8035b_not_commited_2024md_05md_06_08_14_20_seed_0_20367772
working direcotry: /lustre/groups/aih/sina.wendrich/MA_code/test
epoch: 4
---- Training Domain: 
scalar performance:
{'acc': 0.9759866, 'precision': 0.4879933, 'recall': 0.5, 'specificity': 0.5, 'f1': 0.4939237, 'auroc': 0.5}
confusion matrix:
       0  1
0  38977  0
1    959  0
---- Validation: 
scalar performance:
{'acc': 0.9757961, 'precision': 0.48789805, 'recall': 0.5, 'specificity': 0.5, 'f1': 0.4938749, 'auroc': 0.5}
confusion matrix:
       0  1
0  16731  0
1    415  0
---- Test Domain (oracle): 
scalar performance:
{'acc': 0.9236702, 'precision': 0.4618351, 'recall': 0.5, 'specificity': 0.5, 'f1': 0.48016036, 'auroc': 0.5}
confusion matrix:
      0  1
0  9342  0
1   772  0
early stop counter: 3
val acc:0.975796103477478, best validation acc: 0.975796103477478, corresponding to test acc:                         0.9236701726913452 / 0.9236701726913452
after epoch: 4,now: 2024-05-06 11:23:28.116992,epoch time: 0:49:25.610569,used: 3:09:07.087559,model: dset_te_center4_dann_b99b8035b_not_commited_2024md_05md_06_08_14_20_seed_0_20367772
working direcotry: /lustre/groups/aih/sina.wendrich/MA_code/test
epoch: 5
---- Training Domain: 
scalar performance:
{'acc': 0.9759365, 'precision': 0.48796824, 'recall': 0.5, 'specificity': 0.5, 'f1': 0.49391088, 'auroc': 0.5}
confusion matrix:
       0  1
0  38975  0
1    961  0
---- Validation: 
scalar performance:
{'acc': 0.9757961, 'precision': 0.48789805, 'recall': 0.5, 'specificity': 0.5, 'f1': 0.4938749, 'auroc': 0.5}
confusion matrix:
       0  1
0  16731  0
1    415  0
---- Test Domain (oracle): 
scalar performance:
{'acc': 0.9236702, 'precision': 0.4618351, 'recall': 0.5, 'specificity': 0.5, 'f1': 0.48016036, 'auroc': 0.5}
confusion matrix:
      0  1
0  9342  0
1   772  0
early stop counter: 4
val acc:0.975796103477478, best validation acc: 0.975796103477478, corresponding to test acc:                         0.9236701726913452 / 0.9236701726913452
after epoch: 5,now: 2024-05-06 12:47:54.474722,epoch time: 1:24:26.357730,used: 4:33:33.445289,model: dset_te_center4_dann_b99b8035b_not_commited_2024md_05md_06_08_14_20_seed_0_20367772
working direcotry: /lustre/groups/aih/sina.wendrich/MA_code/test
epoch: 6
---- Training Domain: 
scalar performance:
{'acc': 0.9759365, 'precision': 0.48796824, 'recall': 0.5, 'specificity': 0.5, 'f1': 0.49391088, 'auroc': 0.5}
confusion matrix:
       0  1
0  38975  0
1    961  0
---- Validation: 
scalar performance:
{'acc': 0.9757961, 'precision': 0.48789805, 'recall': 0.5, 'specificity': 0.5, 'f1': 0.4938749, 'auroc': 0.5}
confusion matrix:
       0  1
0  16731  0
1    415  0
---- Test Domain (oracle): 
scalar performance:
{'acc': 0.9236702, 'precision': 0.4618351, 'recall': 0.5, 'specificity': 0.5, 'f1': 0.48016036, 'auroc': 0.5}
confusion matrix:
      0  1
0  9342  0
1   772  0
early stop counter: 5
val acc:0.975796103477478, best validation acc: 0.975796103477478, corresponding to test acc:                         0.9236701726913452 / 0.9236701726913452
after epoch: 6,now: 2024-05-06 14:11:13.099248,epoch time: 1:23:18.624526,used: 5:56:52.069815,model: dset_te_center4_dann_b99b8035b_not_commited_2024md_05md_06_08_14_20_seed_0_20367772
working direcotry: /lustre/groups/aih/sina.wendrich/MA_code/test
epoch: 7
---- Training Domain: 
scalar performance:
{'acc': 0.9759365, 'precision': 0.48796824, 'recall': 0.5, 'specificity': 0.5, 'f1': 0.49391088, 'auroc': 0.5}
confusion matrix:
       0  1
0  38975  0
1    961  0
---- Validation: 
scalar performance:
{'acc': 0.9757961, 'precision': 0.48789805, 'recall': 0.5, 'specificity': 0.5, 'f1': 0.4938749, 'auroc': 0.5}
confusion matrix:
       0  1
0  16731  0
1    415  0
---- Test Domain (oracle): 
scalar performance:
{'acc': 0.9236702, 'precision': 0.4618351, 'recall': 0.5, 'specificity': 0.5, 'f1': 0.48016036, 'auroc': 0.5}
confusion matrix:
      0  1
0  9342  0
1   772  0
early stop counter: 6
val acc:0.975796103477478, best validation acc: 0.975796103477478, corresponding to test acc:                         0.9236701726913452 / 0.9236701726913452
after epoch: 7,now: 2024-05-06 15:28:17.193811,epoch time: 1:17:04.094563,used: 7:13:56.164378,model: dset_te_center4_dann_b99b8035b_not_commited_2024md_05md_06_08_14_20_seed_0_20367772
working direcotry: /lustre/groups/aih/sina.wendrich/MA_code/test
epoch: 8
---- Training Domain: 
scalar performance:
{'acc': 0.9759365, 'precision': 0.48796824, 'recall': 0.5, 'specificity': 0.5, 'f1': 0.49391088, 'auroc': 0.5}
confusion matrix:
       0  1
0  38975  0
1    961  0
---- Validation: 
scalar performance:
{'acc': 0.9757961, 'precision': 0.48789805, 'recall': 0.5, 'specificity': 0.5, 'f1': 0.4938749, 'auroc': 0.5}
confusion matrix:
       0  1
0  16731  0
1    415  0
---- Test Domain (oracle): 
scalar performance:
{'acc': 0.9236702, 'precision': 0.4618351, 'recall': 0.5, 'specificity': 0.5, 'f1': 0.48016036, 'auroc': 0.5}
confusion matrix:
      0  1
0  9342  0
1   772  0
early stop counter: 7
val acc:0.975796103477478, best validation acc: 0.975796103477478, corresponding to test acc:                         0.9236701726913452 / 0.9236701726913452
after epoch: 8,now: 2024-05-06 16:48:22.026996,epoch time: 1:20:04.833185,used: 8:34:00.997563,model: dset_te_center4_dann_b99b8035b_not_commited_2024md_05md_06_08_14_20_seed_0_20367772
working direcotry: /lustre/groups/aih/sina.wendrich/MA_code/test
epoch: 9
---- Training Domain: 
scalar performance:
{'acc': 0.9759365, 'precision': 0.48796824, 'recall': 0.5, 'specificity': 0.5, 'f1': 0.49391088, 'auroc': 0.5}
confusion matrix:
       0  1
0  38975  0
1    961  0
---- Validation: 
scalar performance:
{'acc': 0.9757961, 'precision': 0.48789805, 'recall': 0.5, 'specificity': 0.5, 'f1': 0.4938749, 'auroc': 0.5}
confusion matrix:
       0  1
0  16731  0
1    415  0
---- Test Domain (oracle): 
scalar performance:
{'acc': 0.9236702, 'precision': 0.4618351, 'recall': 0.5, 'specificity': 0.5, 'f1': 0.48016036, 'auroc': 0.5}
confusion matrix:
      0  1
0  9342  0
1   772  0
early stop counter: 8
val acc:0.975796103477478, best validation acc: 0.975796103477478, corresponding to test acc:                         0.9236701726913452 / 0.9236701726913452
after epoch: 9,now: 2024-05-06 18:06:03.936405,epoch time: 1:17:41.909409,used: 9:51:42.906972,model: dset_te_center4_dann_b99b8035b_not_commited_2024md_05md_06_08_14_20_seed_0_20367772
working direcotry: /lustre/groups/aih/sina.wendrich/MA_code/test
epoch: 10
---- Training Domain: 
scalar performance:
{'acc': 0.9759365, 'precision': 0.48796824, 'recall': 0.5, 'specificity': 0.5, 'f1': 0.49391088, 'auroc': 0.5}
confusion matrix:
       0  1
0  38975  0
1    961  0
---- Validation: 
scalar performance:
{'acc': 0.9757961, 'precision': 0.48789805, 'recall': 0.5, 'specificity': 0.5, 'f1': 0.4938749, 'auroc': 0.5}
confusion matrix:
       0  1
0  16731  0
1    415  0
---- Test Domain (oracle): 
scalar performance:
{'acc': 0.9236702, 'precision': 0.4618351, 'recall': 0.5, 'specificity': 0.5, 'f1': 0.48016036, 'auroc': 0.5}
confusion matrix:
      0  1
0  9342  0
1   772  0
early stop counter: 9
val acc:0.975796103477478, best validation acc: 0.975796103477478, corresponding to test acc:                         0.9236701726913452 / 0.9236701726913452
after epoch: 10,now: 2024-05-06 19:24:35.189076,epoch time: 1:18:31.252671,used: 11:10:14.159643,model: dset_te_center4_dann_b99b8035b_not_commited_2024md_05md_06_08_14_20_seed_0_20367772
working direcotry: /lustre/groups/aih/sina.wendrich/MA_code/test
epoch: 11
---- Training Domain: 
scalar performance:
{'acc': 0.9759365, 'precision': 0.48796824, 'recall': 0.5, 'specificity': 0.5, 'f1': 0.49391088, 'auroc': 0.5}
confusion matrix:
       0  1
0  38975  0
1    961  0
---- Validation: 
scalar performance:
{'acc': 0.9757961, 'precision': 0.48789805, 'recall': 0.5, 'specificity': 0.5, 'f1': 0.4938749, 'auroc': 0.5}
confusion matrix:
       0  1
0  16731  0
1    415  0
---- Test Domain (oracle): 
scalar performance:
{'acc': 0.9236702, 'precision': 0.4618351, 'recall': 0.5, 'specificity': 0.5, 'f1': 0.48016036, 'auroc': 0.5}
confusion matrix:
      0  1
0  9342  0
1   772  0
early stop counter: 10
val acc:0.975796103477478, best validation acc: 0.975796103477478, corresponding to test acc:                         0.9236701726913452 / 0.9236701726913452
after epoch: 11,now: 2024-05-06 20:41:14.163752,epoch time: 1:16:38.974676,used: 12:26:53.134319,model: dset_te_center4_dann_b99b8035b_not_commited_2024md_05md_06_08_14_20_seed_0_20367772
working direcotry: /lustre/groups/aih/sina.wendrich/MA_code/test
early stop trigger
Experiment finished at epoch: 11 with time: 12:26:53.134319 at 2024-05-06 20:41:14.163752
[Errno 2] No such file or directory: 'zoutput/saved_models/dset_te_center4_dann_b99b8035b_not_commited_2024md_05md_06_08_14_20_seed_0_20367772.model'
this error can occur if model selection criteria                            is worsening, model never get persisted,                            no performance metric is reported
failed to remove model
/lustre/groups/aih/sina.wendrich/MA_code/test/domainlab/exp/exp_main.py:126: UserWarning: failed to remove model
  warnings.warn("failed to remove model")
