/lustre/groups/shared/histology_data/CAMELYON17/slides/center3/patient_073_node_1.tif
Processing scene 0, scaled size: (24653, 12081, 3)
patch count: 2918
Time taken:  17.705857031047344 seconds
Number of labeled patches: 314
/lustre/groups/shared/histology_data/CAMELYON17/slides/center0/patient_015_node_2.tif
Processing scene 0, scaled size: (24653, 12081, 3)
patch count: 636
Time taken:  9.769693007692695 seconds
Number of labeled patches: 34
/lustre/groups/shared/histology_data/CAMELYON17/slides/center0/patient_017_node_1.tif
Processing scene 0, scaled size: (24653, 12081, 3)
patch count: 300
Time taken:  8.31974883377552 seconds
Number of labeled patches: 2
/lustre/groups/shared/histology_data/CAMELYON17/slides/center4/patient_099_node_4.tif
Processing scene 0, scaled size: (10880, 14528, 3)
patch count: 1152
Time taken:  11.083350477740169 seconds
Number of labeled patches: 101
/lustre/groups/shared/histology_data/CAMELYON17/slides/center0/patient_004_node_4.tif
Processing scene 0, scaled size: (24653, 12081, 3)
patch count: 1378
Time taken:  13.243130752816796 seconds
Number of labeled patches: 2
/lustre/groups/shared/histology_data/CAMELYON17/slides/center1/patient_024_node_1.tif
Processing scene 0, scaled size: (26322, 11871, 3)
patch count: 1105
Time taken:  12.406201615929604 seconds
Number of labeled patches: 2
/lustre/groups/shared/histology_data/CAMELYON17/slides/center0/patient_016_node_1.tif
Processing scene 0, scaled size: (24653, 12081, 3)
patch count: 1054
Time taken:  12.32052044942975 seconds
Number of labeled patches: 2
/lustre/groups/shared/histology_data/CAMELYON17/slides/center1/patient_038_node_2.tif
Processing scene 0, scaled size: (26322, 11871, 3)
patch count: 1395
Time taken:  13.861486371606588 seconds
Number of labeled patches: 4
/lustre/groups/shared/histology_data/CAMELYON17/slides/center4/patient_086_node_4.tif
Processing scene 0, scaled size: (12352, 22464, 3)
patch count: 1422
Time taken:  15.417836466804147 seconds
Number of labeled patches: 1
/lustre/groups/shared/histology_data/CAMELYON17/slides/center1/patient_020_node_4.tif
Processing scene 0, scaled size: (26322, 11871, 3)
patch count: 2619
Time taken:  14.374342722818255 seconds
Number of labeled patches: 5
/lustre/groups/shared/histology_data/CAMELYON17/slides/center3/patient_064_node_0.tif
Processing scene 0, scaled size: (26322, 11871, 3)
patch count: 849
Time taken:  8.266784634441137 seconds
Number of labeled patches: 1
/lustre/groups/shared/histology_data/CAMELYON17/slides/center1/patient_021_node_3.tif
Processing scene 0, scaled size: (26322, 11871, 3)
patch count: 1982
Time taken:  12.473834600299597 seconds
Number of labeled patches: 1
/lustre/groups/shared/histology_data/CAMELYON17/slides/center0/patient_009_node_1.tif
Processing scene 0, scaled size: (26322, 11871, 3)
patch count: 1117
Time taken:  8.987667435780168 seconds
Number of labeled patches: 2
/lustre/groups/shared/histology_data/CAMELYON17/slides/center4/patient_081_node_4.tif
Processing scene 0, scaled size: (11392, 14016, 3)
patch count: 1848
Time taken:  10.739802669733763 seconds
Number of labeled patches: 2
/lustre/groups/shared/histology_data/CAMELYON17/slides/center4/patient_096_node_0.tif
Processing scene 0, scaled size: (9280, 21056, 3)
patch count: 2426
Time taken:  12.05919043533504 seconds
Number of labeled patches: 873
/lustre/groups/shared/histology_data/CAMELYON17/slides/center0/patient_017_node_4.tif
Processing scene 0, scaled size: (24653, 12081, 3)
patch count: 869
Time taken:  8.072252571582794 seconds
Number of labeled patches: 3
/lustre/groups/shared/histology_data/CAMELYON17/slides/center3/patient_061_node_4.tif
Processing scene 0, scaled size: (26322, 11871, 3)
patch count: 753
Time taken:  7.71453913114965 seconds
Number of labeled patches: 3
/lustre/groups/shared/histology_data/CAMELYON17/slides/center2/patient_051_node_2.tif
Processing scene 0, scaled size: (13888, 18432, 3)
patch count: 1462
Time taken:  10.210671741515398 seconds
Number of labeled patches: 257
/lustre/groups/shared/histology_data/CAMELYON17/slides/center2/patient_045_node_1.tif
Processing scene 0, scaled size: (12544, 14848, 3)
patch count: 2054
Time taken:  10.7613689545542 seconds
Number of labeled patches: 6
/lustre/groups/shared/histology_data/CAMELYON17/slides/center4/patient_092_node_1.tif
Processing scene 0, scaled size: (11712, 23040, 3)
patch count: 1594
Time taken:  11.045403931289911 seconds
Number of labeled patches: 117
/lustre/groups/shared/histology_data/CAMELYON17/slides/center2/patient_052_node_1.tif
Processing scene 0, scaled size: (12992, 15872, 3)
patch count: 1696
Time taken:  13.270438177511096 seconds
Number of labeled patches: 1
/lustre/groups/shared/histology_data/CAMELYON17/slides/center4/patient_086_node_0.tif
Processing scene 0, scaled size: (12032, 17984, 3)
patch count: 1488
Time taken:  13.966172773391008 seconds
Number of labeled patches: 2
/lustre/groups/shared/histology_data/CAMELYON17/slides/center2/patient_040_node_2.tif
Processing scene 0, scaled size: (12992, 22016, 3)
patch count: 522
Time taken:  11.03529354184866 seconds
Number of labeled patches: 2
/lustre/groups/shared/histology_data/CAMELYON17/slides/center0/patient_012_node_0.tif
Processing scene 0, scaled size: (24653, 12081, 3)
patch count: 433
Time taken:  8.566201033070683 seconds
Number of labeled patches: 206
/lustre/groups/shared/histology_data/CAMELYON17/slides/center3/patient_072_node_0.tif
Processing scene 0, scaled size: (26322, 11871, 3)
patch count: 1185
Time taken:  12.782316893339157 seconds
Number of labeled patches: 1
/lustre/groups/shared/histology_data/CAMELYON17/slides/center1/patient_034_node_3.tif
Processing scene 0, scaled size: (26322, 11871, 3)
patch count: 803
Time taken:  11.969340320676565 seconds
Number of labeled patches: 3
/lustre/groups/shared/histology_data/CAMELYON17/slides/center0/patient_015_node_1.tif
Processing scene 0, scaled size: (26322, 11871, 3)
patch count: 769
Time taken:  9.871963964775205 seconds
Number of labeled patches: 89
/lustre/groups/shared/histology_data/CAMELYON17/slides/center3/patient_062_node_2.tif
Processing scene 0, scaled size: (24653, 12081, 3)
patch count: 1308
Time taken:  10.976753536611795 seconds
Number of labeled patches: 34
/lustre/groups/shared/histology_data/CAMELYON17/slides/center3/patient_066_node_2.tif
Processing scene 0, scaled size: (24653, 12081, 3)
patch count: 808
Time taken:  7.933117689564824 seconds
Number of labeled patches: 3
/lustre/groups/shared/histology_data/CAMELYON17/slides/center3/patient_068_node_1.tif
Processing scene 0, scaled size: (26322, 11871, 3)
patch count: 2597
Time taken:  14.01412096247077 seconds
Number of labeled patches: 0
/lustre/groups/shared/histology_data/CAMELYON17/slides/center2/patient_042_node_3.tif
Processing scene 0, scaled size: (12544, 17408, 3)
patch count: 379
Time taken:  6.22886554338038 seconds
Number of labeled patches: 46
/lustre/groups/shared/histology_data/CAMELYON17/slides/center1/patient_036_node_3.tif
Processing scene 0, scaled size: (26322, 11871, 3)
patch count: 2471
Time taken:  14.0158049184829 seconds
Number of labeled patches: 8
/lustre/groups/shared/histology_data/CAMELYON17/slides/center3/patient_060_node_3.tif
Processing scene 0, scaled size: (24653, 12081, 3)
patch count: 2633
Time taken:  13.91576880402863 seconds
Number of labeled patches: 2
/lustre/groups/shared/histology_data/CAMELYON17/slides/center0/patient_010_node_4.tif
Processing scene 0, scaled size: (24653, 12081, 3)
patch count: 663
Time taken:  7.6840757839381695 seconds
Number of labeled patches: 1
/lustre/groups/shared/histology_data/CAMELYON17/slides/center3/patient_075_node_4.tif
Processing scene 0, scaled size: (24653, 12081, 3)
patch count: 1452
Time taken:  10.40559183806181 seconds
Number of labeled patches: 147
/lustre/groups/shared/histology_data/CAMELYON17/slides/center3/patient_067_node_4.tif
Processing scene 0, scaled size: (26322, 11871, 3)
patch count: 1468
Time taken:  10.31541302241385 seconds
Number of labeled patches: 0
/lustre/groups/shared/histology_data/CAMELYON17/slides/center0/patient_017_node_2.tif
Processing scene 0, scaled size: (26322, 11871, 3)
patch count: 1704
Time taken:  11.200073082000017 seconds
Number of labeled patches: 33
/lustre/groups/shared/histology_data/CAMELYON17/slides/center1/patient_024_node_2.tif
Processing scene 0, scaled size: (26322, 11871, 3)
patch count: 3981
Time taken:  18.676557056605816 seconds
Number of labeled patches: 1
/lustre/groups/shared/histology_data/CAMELYON17/slides/center4/patient_087_node_0.tif
Processing scene 0, scaled size: (9024, 22016, 3)
patch count: 1442
Time taken:  9.517750764265656 seconds
Number of labeled patches: 2
/lustre/groups/shared/histology_data/CAMELYON17/slides/center1/patient_039_node_1.tif
Processing scene 0, scaled size: (26322, 11871, 3)
patch count: 2991
Time taken:  15.384148873388767 seconds
Number of labeled patches: 3
/lustre/groups/shared/histology_data/CAMELYON17/slides/center4/patient_088_node_1.tif
Processing scene 0, scaled size: (10304, 17856, 3)
patch count: 1094
Time taken:  8.875070473179221 seconds
Number of labeled patches: 9
/lustre/groups/shared/histology_data/CAMELYON17/slides/center2/patient_046_node_3.tif
Processing scene 0, scaled size: (11648, 16384, 3)
patch count: 632
Time taken:  6.076539667323232 seconds
Number of labeled patches: 24
/lustre/groups/shared/histology_data/CAMELYON17/slides/center2/patient_046_node_4.tif
Processing scene 0, scaled size: (11200, 8192, 3)
patch count: 916
Time taken:  5.108476120978594 seconds
Number of labeled patches: 2
/lustre/groups/shared/histology_data/CAMELYON17/slides/center2/patient_044_node_4.tif
Processing scene 0, scaled size: (10752, 7168, 3)
patch count: 728
Time taken:  5.315353641286492 seconds
Number of labeled patches: 58
/lustre/groups/shared/histology_data/CAMELYON17/slides/center2/patient_048_node_1.tif
Processing scene 0, scaled size: (12992, 17920, 3)
patch count: 1139
Time taken:  11.735411016270518 seconds
Number of labeled patches: 4
/lustre/groups/shared/histology_data/CAMELYON17/slides/center4/patient_089_node_3.tif
Processing scene 0, scaled size: (8256, 19008, 3)
patch count: 889
Time taken:  8.733962904661894 seconds
Number of labeled patches: 2
/lustre/groups/shared/histology_data/CAMELYON17/slides/center1/patient_020_node_2.tif
Processing scene 0, scaled size: (26322, 11871, 3)
patch count: 2189
Time taken:  18.076694205403328 seconds
Number of labeled patches: 5
/lustre/groups/shared/histology_data/CAMELYON17/slides/center4/patient_080_node_1.tif
Processing scene 0, scaled size: (11008, 20800, 3)
patch count: 1070
Time taken:  12.758654987439513 seconds
Number of labeled patches: 4
/lustre/groups/shared/histology_data/CAMELYON17/slides/center2/patient_041_node_0.tif
Processing scene 0, scaled size: (12992, 18432, 3)
patch count: 874
Time taken:  11.621031671762466 seconds
Number of labeled patches: 1
/lustre/groups/shared/histology_data/CAMELYON17/slides/center1/patient_022_node_4.tif
Processing scene 0, scaled size: (26322, 11871, 3)
patch count: 2264
Time taken:  17.00054007768631 seconds
Number of labeled patches: 64
center3
center0
center4
center1
center2
