Failed to import backpack: cannot import name '_grad_input_padding' from 'torch.nn.grad' (/home/aih/sina.wendrich/miniconda3/envs/domainlab_py310/lib/python3.10/site-packages/torch/nn/grad.py)



no algorithm conf specified, going to use default



/lustre/groups/aih/sina.wendrich/MA_code/test/domainlab/arg_parser.py:355: UserWarning: no algorithm conf specified, going to use default
  warnings.warn("no algorithm conf specified, going to use default")

overriding args.task None to dset


using device: cuda

/home/aih/sina.wendrich/miniconda3/envs/domainlab_py310/lib/python3.10/site-packages/torch/nn/_reduction.py:42: UserWarning: size_average and reduce args will be deprecated, please use reduction='sum' instead.
  warnings.warn(warning.format(ret))
/home/aih/sina.wendrich/miniconda3/envs/domainlab_py310/lib/python3.10/site-packages/torchmetrics/utilities/prints.py:36: UserWarning: Metric `AUROC` will save all targets and predictions in buffer. For large datasets this may lead to large memory footprint.
  warnings.warn(*args, **kwargs)



!!!: not committed yet
/lustre/groups/aih/sina.wendrich/MA_code/test/domainlab/utils/get_git_tag.py:16: UserWarning: !!!: not committed yet
  warnings.warn("!!!: not committed yet")



b'99b8035b'
model name: dset_te_center4_dann_b99b8035b_not_commited_2024md_05md_07_18_57_53_seed_0_20427075

 Experiment start at: 2024-05-07 18:57:53.193946
Traceback (most recent call last):
  File "/lustre/groups/aih/sina.wendrich/MA_code/test/main_out.py", line 9, in <module>
    domainlab_cli()
  File "/lustre/groups/aih/sina.wendrich/MA_code/test/domainlab/cli.py", line 26, in domainlab_cli
    exp.execute()
  File "/lustre/groups/aih/sina.wendrich/MA_code/test/domainlab/exp/exp_main.py", line 76, in execute
    flag_stop = self.trainer.tr_epoch(epoch)
  File "/lustre/groups/aih/sina.wendrich/MA_code/test/domainlab/algos/trainers/train_hyper_scheduler.py", line 64, in tr_epoch
    return super().tr_epoch(epoch)
  File "/lustre/groups/aih/sina.wendrich/MA_code/test/domainlab/algos/trainers/train_basic.py", line 44, in tr_epoch
    self.tr_batch(tensor_x, tensor_y, tensor_d, others, ind_batch, epoch)
  File "/lustre/groups/aih/sina.wendrich/MA_code/test/domainlab/algos/trainers/train_basic.py", line 83, in tr_batch
    loss = self.cal_loss(tensor_x, tensor_y, tensor_d, others)
  File "/lustre/groups/aih/sina.wendrich/MA_code/test/domainlab/algos/trainers/train_basic.py", line 95, in cal_loss
    list_reg_tr_batch, list_mu_tr = self.cal_reg_loss(
  File "/lustre/groups/aih/sina.wendrich/MA_code/test/domainlab/algos/trainers/a_trainer.py", line 230, in cal_reg_loss
    list_reg_model, list_mu_model = self.decoratee.cal_reg_loss(
  File "/lustre/groups/aih/sina.wendrich/MA_code/test/domainlab/models/a_model.py", line 93, in cal_reg_loss
    loss_reg_, mu_ = self._cal_reg_loss(tensor_x, tensor_y, tensor_d, others)
  File "/lustre/groups/aih/sina.wendrich/MA_code/test/domainlab/models/model_dann.py", line 99, in _cal_reg_loss
    feat = self.extract_semantic_feat(tensor_x)
  File "/lustre/groups/aih/sina.wendrich/MA_code/test/domainlab/models/a_model_classif.py", line 95, in extract_semantic_feat
    feat_tensor = super().extract_semantic_feat(tensor_x)
  File "/lustre/groups/aih/sina.wendrich/MA_code/test/domainlab/models/a_model.py", line 124, in extract_semantic_feat
    feat = self._net_invar_feat(tensor_x)
  File "/home/aih/sina.wendrich/miniconda3/envs/domainlab_py310/lib/python3.10/site-packages/torch/nn/modules/module.py", line 1532, in _wrapped_call_impl
    return self._call_impl(*args, **kwargs)
  File "/home/aih/sina.wendrich/miniconda3/envs/domainlab_py310/lib/python3.10/site-packages/torch/nn/modules/module.py", line 1541, in _call_impl
    return forward_call(*args, **kwargs)
  File "/lustre/groups/aih/sina.wendrich/MA_code/test/domainlab/compos/nn_zoo/nn_torchvision.py", line 23, in forward
    out = self.net_torchvision(tensor)
  File "/home/aih/sina.wendrich/miniconda3/envs/domainlab_py310/lib/python3.10/site-packages/torch/nn/modules/module.py", line 1532, in _wrapped_call_impl
    return self._call_impl(*args, **kwargs)
  File "/home/aih/sina.wendrich/miniconda3/envs/domainlab_py310/lib/python3.10/site-packages/torch/nn/modules/module.py", line 1541, in _call_impl
    return forward_call(*args, **kwargs)
  File "/home/aih/sina.wendrich/miniconda3/envs/domainlab_py310/lib/python3.10/site-packages/timm/models/vision_transformer.py", line 704, in forward
    x = self.forward_features(x)
  File "/home/aih/sina.wendrich/miniconda3/envs/domainlab_py310/lib/python3.10/site-packages/timm/models/vision_transformer.py", line 688, in forward_features
    x = self.blocks(x)
  File "/home/aih/sina.wendrich/miniconda3/envs/domainlab_py310/lib/python3.10/site-packages/torch/nn/modules/module.py", line 1532, in _wrapped_call_impl
    return self._call_impl(*args, **kwargs)
  File "/home/aih/sina.wendrich/miniconda3/envs/domainlab_py310/lib/python3.10/site-packages/torch/nn/modules/module.py", line 1541, in _call_impl
    return forward_call(*args, **kwargs)
  File "/home/aih/sina.wendrich/miniconda3/envs/domainlab_py310/lib/python3.10/site-packages/torch/nn/modules/container.py", line 217, in forward
    input = module(input)
  File "/home/aih/sina.wendrich/miniconda3/envs/domainlab_py310/lib/python3.10/site-packages/torch/nn/modules/module.py", line 1532, in _wrapped_call_impl
    return self._call_impl(*args, **kwargs)
  File "/home/aih/sina.wendrich/miniconda3/envs/domainlab_py310/lib/python3.10/site-packages/torch/nn/modules/module.py", line 1541, in _call_impl
    return forward_call(*args, **kwargs)
  File "/home/aih/sina.wendrich/miniconda3/envs/domainlab_py310/lib/python3.10/site-packages/timm/models/vision_transformer.py", line 165, in forward
    x = x + self.drop_path2(self.ls2(self.mlp(self.norm2(x))))
  File "/home/aih/sina.wendrich/miniconda3/envs/domainlab_py310/lib/python3.10/site-packages/torch/nn/modules/module.py", line 1532, in _wrapped_call_impl
    return self._call_impl(*args, **kwargs)
  File "/home/aih/sina.wendrich/miniconda3/envs/domainlab_py310/lib/python3.10/site-packages/torch/nn/modules/module.py", line 1541, in _call_impl
    return forward_call(*args, **kwargs)
  File "/home/aih/sina.wendrich/miniconda3/envs/domainlab_py310/lib/python3.10/site-packages/timm/layers/mlp.py", line 42, in forward
    x = self.fc1(x)
  File "/home/aih/sina.wendrich/miniconda3/envs/domainlab_py310/lib/python3.10/site-packages/torch/nn/modules/module.py", line 1532, in _wrapped_call_impl
    return self._call_impl(*args, **kwargs)
  File "/home/aih/sina.wendrich/miniconda3/envs/domainlab_py310/lib/python3.10/site-packages/torch/nn/modules/module.py", line 1541, in _call_impl
    return forward_call(*args, **kwargs)
  File "/home/aih/sina.wendrich/miniconda3/envs/domainlab_py310/lib/python3.10/site-packages/torch/nn/modules/linear.py", line 116, in forward
    return F.linear(input, self.weight, self.bias)
torch.cuda.OutOfMemoryError: CUDA out of memory. Tried to allocate 100.00 MiB. GPU 
