Found 0 slide files with extension .svs.
0
Time taken:  18.385052436962724 seconds
Found 0 slide files with extension .svs.
0
Time taken:  22.2091751024127 seconds
Found 0 slide files with extension .svs.
0
Time taken:  12.86677368171513 seconds
Found 0 slide files with extension .svs.
0
Time taken:  4.316523242741823 seconds
Found 0 slide files with extension .svs.
0
Time taken:  3.2554279528558254 seconds
Found 0 slide files with extension .svs.
0
Time taken:  11.202495759353042 seconds
Found 0 slide files with extension .svs.
0
Time taken:  8.361863523721695 seconds
Found 0 slide files with extension .svs.
0
Time taken:  8.057979237288237 seconds
Found 0 slide files with extension .svs.
0
Time taken:  18.2398740965873 seconds
Found 0 slide files with extension .svs.
0
Time taken:  4.259488886222243 seconds
Found 0 slide files with extension .svs.
0
Time taken:  15.370197860524058 seconds
Found 0 slide files with extension .svs.
0
Time taken:  10.857087206095457 seconds
Found 0 slide files with extension .svs.
0
Time taken:  4.945909073576331 seconds
Found 0 slide files with extension .svs.
0
Time taken:  6.95468083024025 seconds
Found 0 slide files with extension .svs.
0
Time taken:  2.5189034156501293 seconds
Found 0 slide files with extension .svs.
0
Time taken:  21.29863541573286 seconds
Found 0 slide files with extension .svs.
0
Time taken:  18.430096123367548 seconds
Found 0 slide files with extension .svs.
0
Time taken:  9.36364428512752 seconds
Found 0 slide files with extension .svs.
0
Time taken:  13.702221415936947 seconds
Found 0 slide files with extension .svs.
0
Time taken:  6.9597065057605505 seconds
Found 0 slide files with extension .svs.
0
Time taken:  24.08378980308771 seconds
Found 0 slide files with extension .svs.
0
Time taken:  13.896666580811143 seconds
Found 0 slide files with extension .svs.
0
Time taken:  19.15589689835906 seconds
Found 0 slide files with extension .svs.
0
Time taken:  19.450244029983878 seconds
Found 0 slide files with extension .svs.
0
Time taken:  7.569973824545741 seconds
Found 0 slide files with extension .svs.
0
Time taken:  12.123870374634862 seconds
Found 0 slide files with extension .svs.
0
Time taken:  9.789103591814637 seconds
Found 0 slide files with extension .svs.
0
Time taken:  21.39938977919519 seconds
Found 0 slide files with extension .svs.
0
Time taken:  19.11771068535745 seconds
Found 0 slide files with extension .svs.
0
Time taken:  14.106613660231233 seconds
Found 0 slide files with extension .svs.
0
Time taken:  12.26780391484499 seconds
Found 0 slide files with extension .svs.
0
Time taken:  15.840075986459851 seconds
Found 0 slide files with extension .svs.
0
Time taken:  11.239084538072348 seconds
Found 0 slide files with extension .svs.
0
Time taken:  7.116491079330444 seconds
Found 0 slide files with extension .svs.
0
Time taken:  5.507495913654566 seconds
Found 0 slide files with extension .svs.
0
Time taken:  8.80361189134419 seconds
Found 0 slide files with extension .svs.
0
Time taken:  5.735778963193297 seconds
Found 0 slide files with extension .svs.
0
Time taken:  1.785214776173234 seconds
Found 0 slide files with extension .svs.
0
Time taken:  15.018355360254645 seconds
Found 0 slide files with extension .svs.
1
Time taken:  32.72240290790796 seconds
Found 0 slide files with extension .svs.
1
Time taken:  40.677262945100665 seconds
Found 0 slide files with extension .svs.
1
Time taken:  24.32710963487625 seconds
Found 0 slide files with extension .svs.
1
Time taken:  14.182664247229695 seconds
Found 0 slide files with extension .svs.
1
Time taken:  38.02452650107443 seconds
Found 0 slide files with extension .svs.
1
Time taken:  20.24933795258403 seconds
Found 0 slide files with extension .svs.
1
Time taken:  45.24584374204278 seconds
Found 0 slide files with extension .svs.
1
Time taken:  45.23092810064554 seconds
Found 0 slide files with extension .svs.
1
Time taken:  41.03395256958902 seconds
Found 0 slide files with extension .svs.
1
Time taken:  13.557392928749323 seconds
Found 0 slide files with extension .svs.
1
Time taken:  34.83215696923435 seconds
Found 0 slide files with extension .svs.
1
Time taken:  14.928824624046683 seconds
Found 0 slide files with extension .svs.
1
Time taken:  51.02406306564808 seconds
Found 0 slide files with extension .svs.
1
Time taken:  33.56289360113442 seconds
Found 0 slide files with extension .svs.
1
Time taken:  46.33869634754956 seconds
Found 0 slide files with extension .svs.
1
Time taken:  32.35750990733504 seconds
Found 0 slide files with extension .svs.
1
Time taken:  28.32519132643938 seconds
Found 0 slide files with extension .svs.
1
Time taken:  43.42794995382428 seconds
Found 0 slide files with extension .svs.
1
Time taken:  22.54768657311797 seconds
Found 0 slide files with extension .svs.
1
Time taken:  22.517712073400617 seconds
Found 0 slide files with extension .svs.
1
Time taken:  35.944784481078386 seconds
Found 0 slide files with extension .svs.
1
Time taken:  6.102974198758602 seconds
Found 0 slide files with extension .svs.
1
Time taken:  23.332499036565423 seconds
Found 0 slide files with extension .svs.
1
Time taken:  20.07775017991662 seconds
Found 0 slide files with extension .svs.
1
Time taken:  25.45030587911606 seconds
Found 0 slide files with extension .svs.
1
Time taken:  50.069780334830284 seconds
Found 0 slide files with extension .svs.
1
Time taken:  18.122879395261407 seconds
Found 0 slide files with extension .svs.
1
Time taken:  17.077247543260455 seconds
Found 0 slide files with extension .svs.
1
Time taken:  4.864628775045276 seconds
Found 0 slide files with extension .svs.
1
Time taken:  26.688880760222673 seconds
Found 0 slide files with extension .svs.
1
Time taken:  35.82022005878389 seconds
Found 0 slide files with extension .svs.
1
Time taken:  11.90114737674594 seconds
Found 0 slide files with extension .svs.
1
Time taken:  38.96788400784135 seconds
Found 0 slide files with extension .svs.
1
Time taken:  27.678774686530232 seconds
Found 0 slide files with extension .svs.
1
Time taken:  15.365721674636006 seconds
Found 0 slide files with extension .svs.
1
Time taken:  32.468025367707014 seconds
Found 0 slide files with extension .svs.
1
Time taken:  11.490008868277073 seconds
Found 0 slide files with extension .svs.
1
Time taken:  15.72908148355782 seconds
Found 0 slide files with extension .svs.
1
Time taken:  13.353752497583628 seconds
Found 0 slide files with extension .svs.
2
Time taken:  3.3235755544155836 seconds
Found 0 slide files with extension .svs.
2
Time taken:  24.949797609820962 seconds
Found 0 slide files with extension .svs.
2
Time taken:  2.4093812443315983 seconds
Found 0 slide files with extension .svs.
2
Time taken:  3.5791922714561224 seconds
Found 0 slide files with extension .svs.
2
Time taken:  6.32893961854279 seconds
Found 0 slide files with extension .svs.
2
Time taken:  4.872759368270636 seconds
Found 0 slide files with extension .svs.
2
Time taken:  16.191503416746855 seconds
Found 0 slide files with extension .svs.
2
Time taken:  2.8416286017745733 seconds
Found 0 slide files with extension .svs.
2
Time taken:  15.140868742018938 seconds
Found 0 slide files with extension .svs.
2
Time taken:  15.808346705511212 seconds
Found 0 slide files with extension .svs.
2
Time taken:  22.36542808264494 seconds
Found 0 slide files with extension .svs.
2
Time taken:  3.696454241871834 seconds
Found 0 slide files with extension .svs.
2
Time taken:  20.631235416978598 seconds
Found 0 slide files with extension .svs.
2
Time taken:  4.654235811904073 seconds
Found 0 slide files with extension .svs.
2
Time taken:  20.192339537665248 seconds
Found 0 slide files with extension .svs.
2
Time taken:  27.265648894011974 seconds
Found 0 slide files with extension .svs.
2
Time taken:  15.22516830638051 seconds
Found 0 slide files with extension .svs.
2
Time taken:  31.161948831751943 seconds
Found 0 slide files with extension .svs.
2
Time taken:  13.713619688525796 seconds
Found 0 slide files with extension .svs.
2
Time taken:  11.300965515896678 seconds
Found 0 slide files with extension .svs.
2
Time taken:  35.87525223195553 seconds
Found 0 slide files with extension .svs.
2
Time taken:  36.16211503371596 seconds
Found 0 slide files with extension .svs.
2
Time taken:  9.78759683482349 seconds
Found 0 slide files with extension .svs.
2
Time taken:  12.505243699997663 seconds
Found 0 slide files with extension .svs.
2
Time taken:  15.019306980073452 seconds
Found 0 slide files with extension .svs.
2
Time taken:  28.41676969639957 seconds
Found 0 slide files with extension .svs.
2
Time taken:  3.7846030816435814 seconds
Found 0 slide files with extension .svs.
2
Time taken:  24.028449757024646 seconds
Found 0 slide files with extension .svs.
2
Time taken:  27.916852386668324 seconds
Found 0 slide files with extension .svs.
2
Time taken:  11.91234921477735 seconds
Found 0 slide files with extension .svs.
2
Time taken:  25.656251911073923 seconds
Found 0 slide files with extension .svs.
2
Time taken:  10.02686496078968 seconds
Found 0 slide files with extension .svs.
2
Time taken:  19.135322315618396 seconds
Found 0 slide files with extension .svs.
2
Time taken:  2.6688299644738436 seconds
Found 0 slide files with extension .svs.
2
Time taken:  25.519572680816054 seconds
Found 0 slide files with extension .svs.
2
Time taken:  16.494039749726653 seconds
Found 0 slide files with extension .svs.
2
Time taken:  21.02874213643372 seconds
Found 0 slide files with extension .svs.
2
Time taken:  23.500388775020838 seconds
Found 0 slide files with extension .svs.
2
Time taken:  3.048309065401554 seconds
Washington University School of Medicine
Unknown
Johns Hopkins / University of Southern California
University of North Carolina
Harvard Medical School
Baylor College of Medicine
Broad Institute of MIT and Harvard
Canada's Michael Smith Genome Sciences Centre
