Found 0 slide files with extension .svs.
0
Time taken:  14.486208017915487 seconds
Found 0 slide files with extension .svs.
0
Time taken:  17.482182309031487 seconds
Found 0 slide files with extension .svs.
0
Time taken:  10.451600838452578 seconds
Found 0 slide files with extension .svs.
0
Time taken:  3.5458122454583645 seconds
Found 0 slide files with extension .svs.
0
Time taken:  2.494456036016345 seconds
Found 0 slide files with extension .svs.
0
Time taken:  8.862391967326403 seconds
Found 0 slide files with extension .svs.
0
Time taken:  6.679284809157252 seconds
Found 0 slide files with extension .svs.
0
Time taken:  6.525051023811102 seconds
Found 0 slide files with extension .svs.
0
Time taken:  14.721154170110822 seconds
Found 0 slide files with extension .svs.
0
Time taken:  3.0548934433609247 seconds
Found 0 slide files with extension .svs.
0
Time taken:  12.132071666419506 seconds
Found 0 slide files with extension .svs.
0
Time taken:  8.701854703947902 seconds
Found 0 slide files with extension .svs.
0
Time taken:  3.843532331287861 seconds
Found 0 slide files with extension .svs.
0
Time taken:  5.509350128471851 seconds
Found 0 slide files with extension .svs.
0
Time taken:  1.894193695858121 seconds
Found 0 slide files with extension .svs.
0
Time taken:  17.06213180348277 seconds
Found 0 slide files with extension .svs.
0
Time taken:  14.90677030570805 seconds
Found 0 slide files with extension .svs.
0
Time taken:  7.240579966455698 seconds
Found 0 slide files with extension .svs.
0
Time taken:  10.882350139319897 seconds
Found 0 slide files with extension .svs.
0
Time taken:  5.615742204710841 seconds
Found 0 slide files with extension .svs.
0
Time taken:  19.667029425501823 seconds
Found 0 slide files with extension .svs.
0
Time taken:  10.181266363710165 seconds
Found 0 slide files with extension .svs.
0
Time taken:  15.030329590663314 seconds
Found 0 slide files with extension .svs.
0
Time taken:  14.55101821385324 seconds
Found 0 slide files with extension .svs.
0
Time taken:  7.263292443007231 seconds
Found 0 slide files with extension .svs.
0
Time taken:  9.576108945533633 seconds
Found 0 slide files with extension .svs.
0
Time taken:  7.671418260782957 seconds
Found 0 slide files with extension .svs.
0
Time taken:  17.43655084259808 seconds
Found 0 slide files with extension .svs.
0
Time taken:  15.836155781522393 seconds
Found 0 slide files with extension .svs.
0
Time taken:  11.536817396059632 seconds
Found 0 slide files with extension .svs.
0
Time taken:  9.925721736624837 seconds
Found 0 slide files with extension .svs.
0
Time taken:  12.733556758612394 seconds
Found 0 slide files with extension .svs.
0
Time taken:  9.102928876876831 seconds
Found 0 slide files with extension .svs.
0
Time taken:  5.694850917905569 seconds
Found 0 slide files with extension .svs.
0
Time taken:  4.5264578480273485 seconds
Found 0 slide files with extension .svs.
0
Time taken:  6.957385329529643 seconds
Found 0 slide files with extension .svs.
0
Time taken:  4.354382393881679 seconds
Found 0 slide files with extension .svs.
0
Time taken:  1.7446399498730898 seconds
Found 0 slide files with extension .svs.
0
Time taken:  12.047308012843132 seconds
Found 0 slide files with extension .svs.
1
Time taken:  25.552391538396478 seconds
Found 0 slide files with extension .svs.
1
Time taken:  31.347480373457074 seconds
Found 0 slide files with extension .svs.
1
Time taken:  19.596615701913834 seconds
Found 0 slide files with extension .svs.
1
Time taken:  11.001669952645898 seconds
Found 0 slide files with extension .svs.
1
Time taken:  29.755424281582236 seconds
Found 0 slide files with extension .svs.
1
Time taken:  16.218627935275435 seconds
Found 0 slide files with extension .svs.
1
Time taken:  35.502224111929536 seconds
Found 0 slide files with extension .svs.
1
Time taken:  34.995336474850774 seconds
Found 0 slide files with extension .svs.
1
Time taken:  33.83439517579973 seconds
Found 0 slide files with extension .svs.
1
Time taken:  11.313786018639803 seconds
Found 0 slide files with extension .svs.
1
Time taken:  27.767786763608456 seconds
Found 0 slide files with extension .svs.
1
Time taken:  12.455259503796697 seconds
Found 0 slide files with extension .svs.
1
Time taken:  40.88670425489545 seconds
Found 0 slide files with extension .svs.
1
Time taken:  26.596714535728097 seconds
Found 0 slide files with extension .svs.
1
Time taken:  36.34816798195243 seconds
Found 0 slide files with extension .svs.
1
Time taken:  25.39936315640807 seconds
Found 0 slide files with extension .svs.
1
Time taken:  22.621522475034 seconds
Found 0 slide files with extension .svs.
1
Time taken:  34.680849477648735 seconds
Found 0 slide files with extension .svs.
1
Time taken:  17.9438898563385 seconds
Found 0 slide files with extension .svs.
1
Time taken:  18.347429286688566 seconds
Found 0 slide files with extension .svs.
1
Time taken:  29.12484130449593 seconds
Found 0 slide files with extension .svs.
1
Time taken:  5.583719624206424 seconds
Found 0 slide files with extension .svs.
1
Time taken:  19.179038697853684 seconds
Found 0 slide files with extension .svs.
1
Time taken:  16.151977512985468 seconds
Found 0 slide files with extension .svs.
1
Time taken:  19.229263622313738 seconds
Found 0 slide files with extension .svs.
1
Time taken:  41.270467380061746 seconds
Found 0 slide files with extension .svs.
1
Time taken:  14.683249182999134 seconds
Found 0 slide files with extension .svs.
1
Time taken:  13.34875075891614 seconds
Found 0 slide files with extension .svs.
1
Time taken:  3.7489458061754704 seconds
Found 0 slide files with extension .svs.
1
Time taken:  20.531493851915002 seconds
Found 0 slide files with extension .svs.
1
Time taken:  27.38332791440189 seconds
Found 0 slide files with extension .svs.
1
Time taken:  9.63199564628303 seconds
Found 0 slide files with extension .svs.
1
Time taken:  30.46987104602158 seconds
Found 0 slide files with extension .svs.
1
Time taken:  21.548145780339837 seconds
Found 0 slide files with extension .svs.
1
Time taken:  12.23949415050447 seconds
Found 0 slide files with extension .svs.
1
Time taken:  24.86530514061451 seconds
Found 0 slide files with extension .svs.
1
Time taken:  9.114957753568888 seconds
Found 0 slide files with extension .svs.
1
Time taken:  12.209467945620418 seconds
Found 0 slide files with extension .svs.
1
Time taken:  10.849204901605844 seconds
Found 0 slide files with extension .svs.
2
Time taken:  2.6748388670384884 seconds
Found 0 slide files with extension .svs.
2
Time taken:  19.94722913764417 seconds
Found 0 slide files with extension .svs.
2
Time taken:  1.8586430847644806 seconds
Found 0 slide files with extension .svs.
2
Time taken:  2.9309743251651525 seconds
Found 0 slide files with extension .svs.
2
Time taken:  5.131676223129034 seconds
Found 0 slide files with extension .svs.
2
Time taken:  3.926645888015628 seconds
Found 0 slide files with extension .svs.
2
Time taken:  12.550118884071708 seconds
Found 0 slide files with extension .svs.
2
Time taken:  2.1765301320701838 seconds
Found 0 slide files with extension .svs.
2
Time taken:  12.414046678692102 seconds
Found 0 slide files with extension .svs.
2
Time taken:  12.13644440099597 seconds
Found 0 slide files with extension .svs.
2
Time taken:  18.04014489799738 seconds
Found 0 slide files with extension .svs.
2
Time taken:  3.109227878972888 seconds
Found 0 slide files with extension .svs.
2
Time taken:  16.72878021746874 seconds
Found 0 slide files with extension .svs.
2
Time taken:  3.7732652481645346 seconds
Found 0 slide files with extension .svs.
2
Time taken:  16.401736797764897 seconds
Found 0 slide files with extension .svs.
2
Time taken:  22.00007595680654 seconds
Found 0 slide files with extension .svs.
2
Time taken:  12.177135314792395 seconds
Found 0 slide files with extension .svs.
2
Time taken:  24.582203842699528 seconds
Found 0 slide files with extension .svs.
2
Time taken:  10.41587520390749 seconds
Found 0 slide files with extension .svs.
2
Time taken:  8.63275595754385 seconds
Found 0 slide files with extension .svs.
2
Time taken:  28.434900427237153 seconds
Found 0 slide files with extension .svs.
2
Time taken:  29.40372379682958 seconds
Found 0 slide files with extension .svs.
2
Time taken:  7.838606022298336 seconds
Found 0 slide files with extension .svs.
2
Time taken:  10.143204882740974 seconds
Found 0 slide files with extension .svs.
2
Time taken:  13.084413334727287 seconds
Found 0 slide files with extension .svs.
2
Time taken:  23.590541938319802 seconds
Found 0 slide files with extension .svs.
2
Time taken:  2.939691688865423 seconds
Found 0 slide files with extension .svs.
2
Time taken:  19.143824189901352 seconds
Found 0 slide files with extension .svs.
2
Time taken:  21.748264940455556 seconds
Found 0 slide files with extension .svs.
2
Time taken:  9.909827267751098 seconds
Found 0 slide files with extension .svs.
2
Time taken:  20.68810153566301 seconds
Found 0 slide files with extension .svs.
2
Time taken:  8.01257947459817 seconds
Found 0 slide files with extension .svs.
2
Time taken:  15.413454752415419 seconds
Found 0 slide files with extension .svs.
2
Time taken:  2.1573851089924574 seconds
Found 0 slide files with extension .svs.
2
Time taken:  20.22756213694811 seconds
Found 0 slide files with extension .svs.
2
Time taken:  13.237591732293367 seconds
Found 0 slide files with extension .svs.
2
Time taken:  16.951408164575696 seconds
Found 0 slide files with extension .svs.
2
Time taken:  18.71081524901092 seconds
Found 0 slide files with extension .svs.
2
Time taken:  2.0523099284619093 seconds
Washington University School of Medicine
Unknown
Johns Hopkins / University of Southern California
University of North Carolina
Harvard Medical School
Baylor College of Medicine
Broad Institute of MIT and Harvard
Canada's Michael Smith Genome Sciences Centre
