Found 0 slide files with extension .svs.
0
Time taken:  16.095170804997906 seconds
Found 0 slide files with extension .svs.
0
Time taken:  21.926186503027566 seconds
Found 0 slide files with extension .svs.
0
Time taken:  12.528572138980962 seconds
Found 0 slide files with extension .svs.
0
Time taken:  4.330983113963157 seconds
Found 0 slide files with extension .svs.
0
Time taken:  3.1521034409524873 seconds
Found 0 slide files with extension .svs.
0
Time taken:  10.932971674017608 seconds
Found 0 slide files with extension .svs.
0
Time taken:  8.199896098929457 seconds
Found 0 slide files with extension .svs.
0
Time taken:  8.024975953972898 seconds
Found 0 slide files with extension .svs.
0
Time taken:  18.30127849697601 seconds
Found 0 slide files with extension .svs.
0
Time taken:  3.940822432981804 seconds
Found 0 slide files with extension .svs.
0
Time taken:  15.215440820087679 seconds
Found 0 slide files with extension .svs.
0
Time taken:  11.121208426891826 seconds
Found 0 slide files with extension .svs.
0
Time taken:  4.853876148932613 seconds
Found 0 slide files with extension .svs.
0
Time taken:  6.824865743983537 seconds
Found 0 slide files with extension .svs.
0
Time taken:  2.3625968920532614 seconds
Found 0 slide files with extension .svs.
0
Time taken:  21.231544318958186 seconds
Found 0 slide files with extension .svs.
0
Time taken:  18.251704827998765 seconds
Found 0 slide files with extension .svs.
0
Time taken:  9.174098524963483 seconds
Found 0 slide files with extension .svs.
0
Time taken:  13.513268706039526 seconds
Found 0 slide files with extension .svs.
0
Time taken:  6.944897460984066 seconds
Found 0 slide files with extension .svs.
0
Time taken:  23.862328032031655 seconds
Found 0 slide files with extension .svs.
0
Time taken:  11.819538293988444 seconds
Found 0 slide files with extension .svs.
0
Time taken:  18.476503693964332 seconds
Found 0 slide files with extension .svs.
0
Time taken:  18.148251186008565 seconds
Found 0 slide files with extension .svs.
0
Time taken:  7.333404723904096 seconds
Found 0 slide files with extension .svs.
0
Time taken:  11.902192718931474 seconds
Found 0 slide files with extension .svs.
0
Time taken:  9.53281883301679 seconds
Found 0 slide files with extension .svs.
0
Time taken:  21.26046864397358 seconds
Found 0 slide files with extension .svs.
0
Time taken:  18.87054249504581 seconds
Found 0 slide files with extension .svs.
0
Time taken:  13.652741288999096 seconds
Found 0 slide files with extension .svs.
0
Time taken:  12.047476529958658 seconds
Found 0 slide files with extension .svs.
0
Time taken:  15.725490291952156 seconds
Found 0 slide files with extension .svs.
0
Time taken:  11.08089232898783 seconds
Found 0 slide files with extension .svs.
0
Time taken:  6.9489352740347385 seconds
Found 0 slide files with extension .svs.
0
Time taken:  5.338290594052523 seconds
Found 0 slide files with extension .svs.
0
Time taken:  8.344253796967678 seconds
Found 0 slide files with extension .svs.
0
Time taken:  5.435985194053501 seconds
Found 0 slide files with extension .svs.
0
Time taken:  1.7506361480336636 seconds
Found 0 slide files with extension .svs.
0
Time taken:  14.67875440500211 seconds
Found 0 slide files with extension .svs.
1
Time taken:  32.27088727802038 seconds
Found 0 slide files with extension .svs.
1
Time taken:  40.700871407054365 seconds
Found 0 slide files with extension .svs.
1
Time taken:  24.032954404014163 seconds
Found 0 slide files with extension .svs.
1
Time taken:  13.964607132016681 seconds
Found 0 slide files with extension .svs.
1
Time taken:  37.670822115032934 seconds
Found 0 slide files with extension .svs.
1
Time taken:  20.151438164990395 seconds
Found 0 slide files with extension .svs.
1
Time taken:  45.05987084307708 seconds
Found 0 slide files with extension .svs.
1
Time taken:  45.165074398042634 seconds
Found 0 slide files with extension .svs.
1
Time taken:  41.13689493201673 seconds
Found 0 slide files with extension .svs.
1
Time taken:  13.441556438920088 seconds
Found 0 slide files with extension .svs.
1
Time taken:  35.252695350092836 seconds
Found 0 slide files with extension .svs.
1
Time taken:  14.770929028047249 seconds
Found 0 slide files with extension .svs.
1
Time taken:  50.901955775916576 seconds
Found 0 slide files with extension .svs.
1
Time taken:  33.57787237199955 seconds
Found 0 slide files with extension .svs.
1
Time taken:  46.25857126398478 seconds
Found 0 slide files with extension .svs.
1
Time taken:  32.3282332419185 seconds
Found 0 slide files with extension .svs.
1
Time taken:  28.589389935019426 seconds
Found 0 slide files with extension .svs.
1
Time taken:  43.553381373989396 seconds
Found 0 slide files with extension .svs.
1
Time taken:  22.637193729984574 seconds
Found 0 slide files with extension .svs.
1
Time taken:  22.123416495975107 seconds
Found 0 slide files with extension .svs.
1
Time taken:  35.872652677004226 seconds
Found 0 slide files with extension .svs.
1
Time taken:  6.035689448006451 seconds
Found 0 slide files with extension .svs.
1
Time taken:  23.275509870029055 seconds
Found 0 slide files with extension .svs.
1
Time taken:  19.870418770005926 seconds
Found 0 slide files with extension .svs.
1
Time taken:  24.826273421989754 seconds
Found 0 slide files with extension .svs.
1
Time taken:  50.47207234392408 seconds
Found 0 slide files with extension .svs.
1
Time taken:  17.973558168974705 seconds
Found 0 slide files with extension .svs.
1
Time taken:  17.051094508962706 seconds
Found 0 slide files with extension .svs.
1
Time taken:  4.879546920070425 seconds
Found 0 slide files with extension .svs.
1
Time taken:  26.61609062203206 seconds
Found 0 slide files with extension .svs.
1
Time taken:  34.86798734299373 seconds
Found 0 slide files with extension .svs.
1
Time taken:  11.997760000056587 seconds
Found 0 slide files with extension .svs.
1
Time taken:  38.83075646799989 seconds
Found 0 slide files with extension .svs.
1
Time taken:  27.48891694797203 seconds
Found 0 slide files with extension .svs.
1
Time taken:  15.19958307291381 seconds
Found 0 slide files with extension .svs.
1
Time taken:  32.55444380501285 seconds
Found 0 slide files with extension .svs.
1
Time taken:  11.282293777097948 seconds
Found 0 slide files with extension .svs.
1
Time taken:  15.573426180053502 seconds
Found 0 slide files with extension .svs.
1
Time taken:  13.240079332026653 seconds
Found 0 slide files with extension .svs.
2
Time taken:  3.17197257198859 seconds
Found 0 slide files with extension .svs.
2
Time taken:  24.696603619027883 seconds
Found 0 slide files with extension .svs.
2
Time taken:  2.296873547951691 seconds
Found 0 slide files with extension .svs.
2
Time taken:  3.526773379999213 seconds
Found 0 slide files with extension .svs.
2
Time taken:  6.1084988579386845 seconds
Found 0 slide files with extension .svs.
2
Time taken:  4.856214507017285 seconds
Found 0 slide files with extension .svs.
2
Time taken:  15.426380002056248 seconds
Found 0 slide files with extension .svs.
2
Time taken:  2.5940104220062494 seconds
Found 0 slide files with extension .svs.
2
Time taken:  14.980582582997158 seconds
Found 0 slide files with extension .svs.
2
Time taken:  15.53142520505935 seconds
Found 0 slide files with extension .svs.
2
Time taken:  22.306548901018687 seconds
Found 0 slide files with extension .svs.
2
Time taken:  3.680508141987957 seconds
Found 0 slide files with extension .svs.
2
Time taken:  20.315808881889097 seconds
Found 0 slide files with extension .svs.
2
Time taken:  4.634900406934321 seconds
Found 0 slide files with extension .svs.
2
Time taken:  19.880400261026807 seconds
Found 0 slide files with extension .svs.
2
Time taken:  27.184988794964738 seconds
Found 0 slide files with extension .svs.
2
Time taken:  14.932273695012555 seconds
Found 0 slide files with extension .svs.
2
Time taken:  29.99697057006415 seconds
Found 0 slide files with extension .svs.
2
Time taken:  12.745907445903867 seconds
Found 0 slide files with extension .svs.
2
Time taken:  10.716521986061707 seconds
Found 0 slide files with extension .svs.
2
Time taken:  35.22520072304178 seconds
Found 0 slide files with extension .svs.
2
Time taken:  35.78534619498532 seconds
Found 0 slide files with extension .svs.
2
Time taken:  9.47882043698337 seconds
Found 0 slide files with extension .svs.
2
Time taken:  12.160514889052138 seconds
Found 0 slide files with extension .svs.
2
Time taken:  14.622348802979104 seconds
Found 0 slide files with extension .svs.
2
Time taken:  28.25341029302217 seconds
Found 0 slide files with extension .svs.
2
Time taken:  3.422152096987702 seconds
Found 0 slide files with extension .svs.
2
Time taken:  23.824897055979818 seconds
Found 0 slide files with extension .svs.
2
Time taken:  27.669480385025963 seconds
Found 0 slide files with extension .svs.
2
Time taken:  11.405906400061212 seconds
Found 0 slide files with extension .svs.
2
Time taken:  25.474706111010164 seconds
Found 0 slide files with extension .svs.
2
Time taken:  9.722750397049822 seconds
Found 0 slide files with extension .svs.
2
Time taken:  18.835258592967875 seconds
Found 0 slide files with extension .svs.
2
Time taken:  2.437133651925251 seconds
Found 0 slide files with extension .svs.
2
Time taken:  25.16967883997131 seconds
Found 0 slide files with extension .svs.
2
Time taken:  16.22575952799525 seconds
Found 0 slide files with extension .svs.
2
Time taken:  20.737288448028266 seconds
Found 0 slide files with extension .svs.
2
Time taken:  22.898652306059375 seconds
Found 0 slide files with extension .svs.
2
Time taken:  2.3674472379498184 seconds
Washington University School of Medicine
Unknown
Johns Hopkins / University of Southern California
University of North Carolina
Harvard Medical School
Baylor College of Medicine
Broad Institute of MIT and Harvard
Canada's Michael Smith Genome Sciences Centre
VisionTransformer(
  (patch_embed): PatchEmbed(
    (proj): Conv2d(3, 1024, kernel_size=(16, 16), stride=(16, 16))
    (norm): Identity()
  )
  (pos_drop): Dropout(p=0.0, inplace=False)
  (patch_drop): Identity()
  (norm_pre): Identity()
  (blocks): Sequential(
    (0): Block(
      (norm1): LayerNorm((1024,), eps=1e-06, elementwise_affine=True)
      (attn): Attention(
        (qkv): Linear(in_features=1024, out_features=3072, bias=True)
        (q_norm): Identity()
        (k_norm): Identity()
        (attn_drop): Dropout(p=0.0, inplace=False)
        (proj): Linear(in_features=1024, out_features=1024, bias=True)
        (proj_drop): Dropout(p=0.0, inplace=False)
      )
      (ls1): Identity()
      (drop_path1): Identity()
      (norm2): LayerNorm((1024,), eps=1e-06, elementwise_affine=True)
      (mlp): Mlp(
        (fc1): Linear(in_features=1024, out_features=4096, bias=True)
        (act): GELU(approximate='none')
        (drop1): Dropout(p=0.0, inplace=False)
        (norm): Identity()
        (fc2): Linear(in_features=4096, out_features=1024, bias=True)
        (drop2): Dropout(p=0.0, inplace=False)
      )
      (ls2): Identity()
      (drop_path2): Identity()
    )
    (1): Block(
      (norm1): LayerNorm((1024,), eps=1e-06, elementwise_affine=True)
      (attn): Attention(
        (qkv): Linear(in_features=1024, out_features=3072, bias=True)
        (q_norm): Identity()
        (k_norm): Identity()
        (attn_drop): Dropout(p=0.0, inplace=False)
        (proj): Linear(in_features=1024, out_features=1024, bias=True)
        (proj_drop): Dropout(p=0.0, inplace=False)
      )
      (ls1): Identity()
      (drop_path1): Identity()
      (norm2): LayerNorm((1024,), eps=1e-06, elementwise_affine=True)
      (mlp): Mlp(
        (fc1): Linear(in_features=1024, out_features=4096, bias=True)
        (act): GELU(approximate='none')
        (drop1): Dropout(p=0.0, inplace=False)
        (norm): Identity()
        (fc2): Linear(in_features=4096, out_features=1024, bias=True)
        (drop2): Dropout(p=0.0, inplace=False)
      )
      (ls2): Identity()
      (drop_path2): Identity()
    )
    (2): Block(
      (norm1): LayerNorm((1024,), eps=1e-06, elementwise_affine=True)
      (attn): Attention(
        (qkv): Linear(in_features=1024, out_features=3072, bias=True)
        (q_norm): Identity()
        (k_norm): Identity()
        (attn_drop): Dropout(p=0.0, inplace=False)
        (proj): Linear(in_features=1024, out_features=1024, bias=True)
        (proj_drop): Dropout(p=0.0, inplace=False)
      )
      (ls1): Identity()
      (drop_path1): Identity()
      (norm2): LayerNorm((1024,), eps=1e-06, elementwise_affine=True)
      (mlp): Mlp(
        (fc1): Linear(in_features=1024, out_features=4096, bias=True)
        (act): GELU(approximate='none')
        (drop1): Dropout(p=0.0, inplace=False)
        (norm): Identity()
        (fc2): Linear(in_features=4096, out_features=1024, bias=True)
        (drop2): Dropout(p=0.0, inplace=False)
      )
      (ls2): Identity()
      (drop_path2): Identity()
    )
    (3): Block(
      (norm1): LayerNorm((1024,), eps=1e-06, elementwise_affine=True)
      (attn): Attention(
        (qkv): Linear(in_features=1024, out_features=3072, bias=True)
        (q_norm): Identity()
        (k_norm): Identity()
        (attn_drop): Dropout(p=0.0, inplace=False)
        (proj): Linear(in_features=1024, out_features=1024, bias=True)
        (proj_drop): Dropout(p=0.0, inplace=False)
      )
      (ls1): Identity()
      (drop_path1): Identity()
      (norm2): LayerNorm((1024,), eps=1e-06, elementwise_affine=True)
      (mlp): Mlp(
        (fc1): Linear(in_features=1024, out_features=4096, bias=True)
        (act): GELU(approximate='none')
        (drop1): Dropout(p=0.0, inplace=False)
        (norm): Identity()
        (fc2): Linear(in_features=4096, out_features=1024, bias=True)
        (drop2): Dropout(p=0.0, inplace=False)
      )
      (ls2): Identity()
      (drop_path2): Identity()
    )
    (4): Block(
      (norm1): LayerNorm((1024,), eps=1e-06, elementwise_affine=True)
      (attn): Attention(
        (qkv): Linear(in_features=1024, out_features=3072, bias=True)
        (q_norm): Identity()
        (k_norm): Identity()
        (attn_drop): Dropout(p=0.0, inplace=False)
        (proj): Linear(in_features=1024, out_features=1024, bias=True)
        (proj_drop): Dropout(p=0.0, inplace=False)
      )
      (ls1): Identity()
      (drop_path1): Identity()
      (norm2): LayerNorm((1024,), eps=1e-06, elementwise_affine=True)
      (mlp): Mlp(
        (fc1): Linear(in_features=1024, out_features=4096, bias=True)
        (act): GELU(approximate='none')
        (drop1): Dropout(p=0.0, inplace=False)
        (norm): Identity()
        (fc2): Linear(in_features=4096, out_features=1024, bias=True)
        (drop2): Dropout(p=0.0, inplace=False)
      )
      (ls2): Identity()
      (drop_path2): Identity()
    )
    (5): Block(
      (norm1): LayerNorm((1024,), eps=1e-06, elementwise_affine=True)
      (attn): Attention(
        (qkv): Linear(in_features=1024, out_features=3072, bias=True)
        (q_norm): Identity()
        (k_norm): Identity()
        (attn_drop): Dropout(p=0.0, inplace=False)
        (proj): Linear(in_features=1024, out_features=1024, bias=True)
        (proj_drop): Dropout(p=0.0, inplace=False)
      )
      (ls1): Identity()
      (drop_path1): Identity()
      (norm2): LayerNorm((1024,), eps=1e-06, elementwise_affine=True)
      (mlp): Mlp(
        (fc1): Linear(in_features=1024, out_features=4096, bias=True)
        (act): GELU(approximate='none')
        (drop1): Dropout(p=0.0, inplace=False)
        (norm): Identity()
        (fc2): Linear(in_features=4096, out_features=1024, bias=True)
        (drop2): Dropout(p=0.0, inplace=False)
      )
      (ls2): Identity()
      (drop_path2): Identity()
    )
    (6): Block(
      (norm1): LayerNorm((1024,), eps=1e-06, elementwise_affine=True)
      (attn): Attention(
        (qkv): Linear(in_features=1024, out_features=3072, bias=True)
        (q_norm): Identity()
        (k_norm): Identity()
        (attn_drop): Dropout(p=0.0, inplace=False)
        (proj): Linear(in_features=1024, out_features=1024, bias=True)
        (proj_drop): Dropout(p=0.0, inplace=False)
      )
      (ls1): Identity()
      (drop_path1): Identity()
      (norm2): LayerNorm((1024,), eps=1e-06, elementwise_affine=True)
      (mlp): Mlp(
        (fc1): Linear(in_features=1024, out_features=4096, bias=True)
        (act): GELU(approximate='none')
        (drop1): Dropout(p=0.0, inplace=False)
        (norm): Identity()
        (fc2): Linear(in_features=4096, out_features=1024, bias=True)
        (drop2): Dropout(p=0.0, inplace=False)
      )
      (ls2): Identity()
      (drop_path2): Identity()
    )
    (7): Block(
      (norm1): LayerNorm((1024,), eps=1e-06, elementwise_affine=True)
      (attn): Attention(
        (qkv): Linear(in_features=1024, out_features=3072, bias=True)
        (q_norm): Identity()
        (k_norm): Identity()
        (attn_drop): Dropout(p=0.0, inplace=False)
        (proj): Linear(in_features=1024, out_features=1024, bias=True)
        (proj_drop): Dropout(p=0.0, inplace=False)
      )
      (ls1): Identity()
      (drop_path1): Identity()
      (norm2): LayerNorm((1024,), eps=1e-06, elementwise_affine=True)
      (mlp): Mlp(
        (fc1): Linear(in_features=1024, out_features=4096, bias=True)
        (act): GELU(approximate='none')
        (drop1): Dropout(p=0.0, inplace=False)
        (norm): Identity()
        (fc2): Linear(in_features=4096, out_features=1024, bias=True)
        (drop2): Dropout(p=0.0, inplace=False)
      )
      (ls2): Identity()
      (drop_path2): Identity()
    )
    (8): Block(
      (norm1): LayerNorm((1024,), eps=1e-06, elementwise_affine=True)
      (attn): Attention(
        (qkv): Linear(in_features=1024, out_features=3072, bias=True)
        (q_norm): Identity()
        (k_norm): Identity()
        (attn_drop): Dropout(p=0.0, inplace=False)
        (proj): Linear(in_features=1024, out_features=1024, bias=True)
        (proj_drop): Dropout(p=0.0, inplace=False)
      )
      (ls1): Identity()
      (drop_path1): Identity()
      (norm2): LayerNorm((1024,), eps=1e-06, elementwise_affine=True)
      (mlp): Mlp(
        (fc1): Linear(in_features=1024, out_features=4096, bias=True)
        (act): GELU(approximate='none')
        (drop1): Dropout(p=0.0, inplace=False)
        (norm): Identity()
        (fc2): Linear(in_features=4096, out_features=1024, bias=True)
        (drop2): Dropout(p=0.0, inplace=False)
      )
      (ls2): Identity()
      (drop_path2): Identity()
    )
    (9): Block(
      (norm1): LayerNorm((1024,), eps=1e-06, elementwise_affine=True)
      (attn): Attention(
        (qkv): Linear(in_features=1024, out_features=3072, bias=True)
        (q_norm): Identity()
        (k_norm): Identity()
        (attn_drop): Dropout(p=0.0, inplace=False)
        (proj): Linear(in_features=1024, out_features=1024, bias=True)
        (proj_drop): Dropout(p=0.0, inplace=False)
      )
      (ls1): Identity()
      (drop_path1): Identity()
      (norm2): LayerNorm((1024,), eps=1e-06, elementwise_affine=True)
      (mlp): Mlp(
        (fc1): Linear(in_features=1024, out_features=4096, bias=True)
        (act): GELU(approximate='none')
        (drop1): Dropout(p=0.0, inplace=False)
        (norm): Identity()
        (fc2): Linear(in_features=4096, out_features=1024, bias=True)
        (drop2): Dropout(p=0.0, inplace=False)
      )
      (ls2): Identity()
      (drop_path2): Identity()
    )
    (10): Block(
      (norm1): LayerNorm((1024,), eps=1e-06, elementwise_affine=True)
      (attn): Attention(
        (qkv): Linear(in_features=1024, out_features=3072, bias=True)
        (q_norm): Identity()
        (k_norm): Identity()
        (attn_drop): Dropout(p=0.0, inplace=False)
        (proj): Linear(in_features=1024, out_features=1024, bias=True)
        (proj_drop): Dropout(p=0.0, inplace=False)
      )
      (ls1): Identity()
      (drop_path1): Identity()
      (norm2): LayerNorm((1024,), eps=1e-06, elementwise_affine=True)
      (mlp): Mlp(
        (fc1): Linear(in_features=1024, out_features=4096, bias=True)
        (act): GELU(approximate='none')
        (drop1): Dropout(p=0.0, inplace=False)
        (norm): Identity()
        (fc2): Linear(in_features=4096, out_features=1024, bias=True)
        (drop2): Dropout(p=0.0, inplace=False)
      )
      (ls2): Identity()
      (drop_path2): Identity()
    )
    (11): Block(
      (norm1): LayerNorm((1024,), eps=1e-06, elementwise_affine=True)
      (attn): Attention(
        (qkv): Linear(in_features=1024, out_features=3072, bias=True)
        (q_norm): Identity()
        (k_norm): Identity()
        (attn_drop): Dropout(p=0.0, inplace=False)
        (proj): Linear(in_features=1024, out_features=1024, bias=True)
        (proj_drop): Dropout(p=0.0, inplace=False)
      )
      (ls1): Identity()
      (drop_path1): Identity()
      (norm2): LayerNorm((1024,), eps=1e-06, elementwise_affine=True)
      (mlp): Mlp(
        (fc1): Linear(in_features=1024, out_features=4096, bias=True)
        (act): GELU(approximate='none')
        (drop1): Dropout(p=0.0, inplace=False)
        (norm): Identity()
        (fc2): Linear(in_features=4096, out_features=1024, bias=True)
        (drop2): Dropout(p=0.0, inplace=False)
      )
      (ls2): Identity()
      (drop_path2): Identity()
    )
    (12): Block(
      (norm1): LayerNorm((1024,), eps=1e-06, elementwise_affine=True)
      (attn): Attention(
        (qkv): Linear(in_features=1024, out_features=3072, bias=True)
        (q_norm): Identity()
        (k_norm): Identity()
        (attn_drop): Dropout(p=0.0, inplace=False)
        (proj): Linear(in_features=1024, out_features=1024, bias=True)
        (proj_drop): Dropout(p=0.0, inplace=False)
      )
      (ls1): Identity()
      (drop_path1): Identity()
      (norm2): LayerNorm((1024,), eps=1e-06, elementwise_affine=True)
      (mlp): Mlp(
        (fc1): Linear(in_features=1024, out_features=4096, bias=True)
        (act): GELU(approximate='none')
        (drop1): Dropout(p=0.0, inplace=False)
        (norm): Identity()
        (fc2): Linear(in_features=4096, out_features=1024, bias=True)
        (drop2): Dropout(p=0.0, inplace=False)
      )
      (ls2): Identity()
      (drop_path2): Identity()
    )
    (13): Block(
      (norm1): LayerNorm((1024,), eps=1e-06, elementwise_affine=True)
      (attn): Attention(
        (qkv): Linear(in_features=1024, out_features=3072, bias=True)
        (q_norm): Identity()
        (k_norm): Identity()
        (attn_drop): Dropout(p=0.0, inplace=False)
        (proj): Linear(in_features=1024, out_features=1024, bias=True)
        (proj_drop): Dropout(p=0.0, inplace=False)
      )
      (ls1): Identity()
      (drop_path1): Identity()
      (norm2): LayerNorm((1024,), eps=1e-06, elementwise_affine=True)
      (mlp): Mlp(
        (fc1): Linear(in_features=1024, out_features=4096, bias=True)
        (act): GELU(approximate='none')
        (drop1): Dropout(p=0.0, inplace=False)
        (norm): Identity()
        (fc2): Linear(in_features=4096, out_features=1024, bias=True)
        (drop2): Dropout(p=0.0, inplace=False)
      )
      (ls2): Identity()
      (drop_path2): Identity()
    )
    (14): Block(
      (norm1): LayerNorm((1024,), eps=1e-06, elementwise_affine=True)
      (attn): Attention(
        (qkv): Linear(in_features=1024, out_features=3072, bias=True)
        (q_norm): Identity()
        (k_norm): Identity()
        (attn_drop): Dropout(p=0.0, inplace=False)
        (proj): Linear(in_features=1024, out_features=1024, bias=True)
        (proj_drop): Dropout(p=0.0, inplace=False)
      )
      (ls1): Identity()
      (drop_path1): Identity()
      (norm2): LayerNorm((1024,), eps=1e-06, elementwise_affine=True)
      (mlp): Mlp(
        (fc1): Linear(in_features=1024, out_features=4096, bias=True)
        (act): GELU(approximate='none')
        (drop1): Dropout(p=0.0, inplace=False)
        (norm): Identity()
        (fc2): Linear(in_features=4096, out_features=1024, bias=True)
        (drop2): Dropout(p=0.0, inplace=False)
      )
      (ls2): Identity()
      (drop_path2): Identity()
    )
    (15): Block(
      (norm1): LayerNorm((1024,), eps=1e-06, elementwise_affine=True)
      (attn): Attention(
        (qkv): Linear(in_features=1024, out_features=3072, bias=True)
        (q_norm): Identity()
        (k_norm): Identity()
        (attn_drop): Dropout(p=0.0, inplace=False)
        (proj): Linear(in_features=1024, out_features=1024, bias=True)
        (proj_drop): Dropout(p=0.0, inplace=False)
      )
      (ls1): Identity()
      (drop_path1): Identity()
      (norm2): LayerNorm((1024,), eps=1e-06, elementwise_affine=True)
      (mlp): Mlp(
        (fc1): Linear(in_features=1024, out_features=4096, bias=True)
        (act): GELU(approximate='none')
        (drop1): Dropout(p=0.0, inplace=False)
        (norm): Identity()
        (fc2): Linear(in_features=4096, out_features=1024, bias=True)
        (drop2): Dropout(p=0.0, inplace=False)
      )
      (ls2): Identity()
      (drop_path2): Identity()
    )
    (16): Block(
      (norm1): LayerNorm((1024,), eps=1e-06, elementwise_affine=True)
      (attn): Attention(
        (qkv): Linear(in_features=1024, out_features=3072, bias=True)
        (q_norm): Identity()
        (k_norm): Identity()
        (attn_drop): Dropout(p=0.0, inplace=False)
        (proj): Linear(in_features=1024, out_features=1024, bias=True)
        (proj_drop): Dropout(p=0.0, inplace=False)
      )
      (ls1): Identity()
      (drop_path1): Identity()
      (norm2): LayerNorm((1024,), eps=1e-06, elementwise_affine=True)
      (mlp): Mlp(
        (fc1): Linear(in_features=1024, out_features=4096, bias=True)
        (act): GELU(approximate='none')
        (drop1): Dropout(p=0.0, inplace=False)
        (norm): Identity()
        (fc2): Linear(in_features=4096, out_features=1024, bias=True)
        (drop2): Dropout(p=0.0, inplace=False)
      )
      (ls2): Identity()
      (drop_path2): Identity()
    )
    (17): Block(
      (norm1): LayerNorm((1024,), eps=1e-06, elementwise_affine=True)
      (attn): Attention(
        (qkv): Linear(in_features=1024, out_features=3072, bias=True)
        (q_norm): Identity()
        (k_norm): Identity()
        (attn_drop): Dropout(p=0.0, inplace=False)
        (proj): Linear(in_features=1024, out_features=1024, bias=True)
        (proj_drop): Dropout(p=0.0, inplace=False)
      )
      (ls1): Identity()
      (drop_path1): Identity()
      (norm2): LayerNorm((1024,), eps=1e-06, elementwise_affine=True)
      (mlp): Mlp(
        (fc1): Linear(in_features=1024, out_features=4096, bias=True)
        (act): GELU(approximate='none')
        (drop1): Dropout(p=0.0, inplace=False)
        (norm): Identity()
        (fc2): Linear(in_features=4096, out_features=1024, bias=True)
        (drop2): Dropout(p=0.0, inplace=False)
      )
      (ls2): Identity()
      (drop_path2): Identity()
    )
    (18): Block(
      (norm1): LayerNorm((1024,), eps=1e-06, elementwise_affine=True)
      (attn): Attention(
        (qkv): Linear(in_features=1024, out_features=3072, bias=True)
        (q_norm): Identity()
        (k_norm): Identity()
        (attn_drop): Dropout(p=0.0, inplace=False)
        (proj): Linear(in_features=1024, out_features=1024, bias=True)
        (proj_drop): Dropout(p=0.0, inplace=False)
      )
      (ls1): Identity()
      (drop_path1): Identity()
      (norm2): LayerNorm((1024,), eps=1e-06, elementwise_affine=True)
      (mlp): Mlp(
        (fc1): Linear(in_features=1024, out_features=4096, bias=True)
        (act): GELU(approximate='none')
        (drop1): Dropout(p=0.0, inplace=False)
        (norm): Identity()
        (fc2): Linear(in_features=4096, out_features=1024, bias=True)
        (drop2): Dropout(p=0.0, inplace=False)
      )
      (ls2): Identity()
      (drop_path2): Identity()
    )
    (19): Block(
      (norm1): LayerNorm((1024,), eps=1e-06, elementwise_affine=True)
      (attn): Attention(
        (qkv): Linear(in_features=1024, out_features=3072, bias=True)
        (q_norm): Identity()
        (k_norm): Identity()
        (attn_drop): Dropout(p=0.0, inplace=False)
        (proj): Linear(in_features=1024, out_features=1024, bias=True)
        (proj_drop): Dropout(p=0.0, inplace=False)
      )
      (ls1): Identity()
      (drop_path1): Identity()
      (norm2): LayerNorm((1024,), eps=1e-06, elementwise_affine=True)
      (mlp): Mlp(
        (fc1): Linear(in_features=1024, out_features=4096, bias=True)
        (act): GELU(approximate='none')
        (drop1): Dropout(p=0.0, inplace=False)
        (norm): Identity()
        (fc2): Linear(in_features=4096, out_features=1024, bias=True)
        (drop2): Dropout(p=0.0, inplace=False)
      )
      (ls2): Identity()
      (drop_path2): Identity()
    )
    (20): Block(
      (norm1): LayerNorm((1024,), eps=1e-06, elementwise_affine=True)
      (attn): Attention(
        (qkv): Linear(in_features=1024, out_features=3072, bias=True)
        (q_norm): Identity()
        (k_norm): Identity()
        (attn_drop): Dropout(p=0.0, inplace=False)
        (proj): Linear(in_features=1024, out_features=1024, bias=True)
        (proj_drop): Dropout(p=0.0, inplace=False)
      )
      (ls1): Identity()
      (drop_path1): Identity()
      (norm2): LayerNorm((1024,), eps=1e-06, elementwise_affine=True)
      (mlp): Mlp(
        (fc1): Linear(in_features=1024, out_features=4096, bias=True)
        (act): GELU(approximate='none')
        (drop1): Dropout(p=0.0, inplace=False)
        (norm): Identity()
        (fc2): Linear(in_features=4096, out_features=1024, bias=True)
        (drop2): Dropout(p=0.0, inplace=False)
      )
      (ls2): Identity()
      (drop_path2): Identity()
    )
    (21): Block(
      (norm1): LayerNorm((1024,), eps=1e-06, elementwise_affine=True)
      (attn): Attention(
        (qkv): Linear(in_features=1024, out_features=3072, bias=True)
        (q_norm): Identity()
        (k_norm): Identity()
        (attn_drop): Dropout(p=0.0, inplace=False)
        (proj): Linear(in_features=1024, out_features=1024, bias=True)
        (proj_drop): Dropout(p=0.0, inplace=False)
      )
      (ls1): Identity()
      (drop_path1): Identity()
      (norm2): LayerNorm((1024,), eps=1e-06, elementwise_affine=True)
      (mlp): Mlp(
        (fc1): Linear(in_features=1024, out_features=4096, bias=True)
        (act): GELU(approximate='none')
        (drop1): Dropout(p=0.0, inplace=False)
        (norm): Identity()
        (fc2): Linear(in_features=4096, out_features=1024, bias=True)
        (drop2): Dropout(p=0.0, inplace=False)
      )
      (ls2): Identity()
      (drop_path2): Identity()
    )
    (22): Block(
      (norm1): LayerNorm((1024,), eps=1e-06, elementwise_affine=True)
      (attn): Attention(
        (qkv): Linear(in_features=1024, out_features=3072, bias=True)
        (q_norm): Identity()
        (k_norm): Identity()
        (attn_drop): Dropout(p=0.0, inplace=False)
        (proj): Linear(in_features=1024, out_features=1024, bias=True)
        (proj_drop): Dropout(p=0.0, inplace=False)
      )
      (ls1): Identity()
      (drop_path1): Identity()
      (norm2): LayerNorm((1024,), eps=1e-06, elementwise_affine=True)
      (mlp): Mlp(
        (fc1): Linear(in_features=1024, out_features=4096, bias=True)
        (act): GELU(approximate='none')
        (drop1): Dropout(p=0.0, inplace=False)
        (norm): Identity()
        (fc2): Linear(in_features=4096, out_features=1024, bias=True)
        (drop2): Dropout(p=0.0, inplace=False)
      )
      (ls2): Identity()
      (drop_path2): Identity()
    )
    (23): Block(
      (norm1): LayerNorm((1024,), eps=1e-06, elementwise_affine=True)
      (attn): Attention(
        (qkv): Linear(in_features=1024, out_features=3072, bias=True)
        (q_norm): Identity()
        (k_norm): Identity()
        (attn_drop): Dropout(p=0.0, inplace=False)
        (proj): Linear(in_features=1024, out_features=1024, bias=True)
        (proj_drop): Dropout(p=0.0, inplace=False)
      )
      (ls1): Identity()
      (drop_path1): Identity()
      (norm2): LayerNorm((1024,), eps=1e-06, elementwise_affine=True)
      (mlp): Mlp(
        (fc1): Linear(in_features=1024, out_features=4096, bias=True)
        (act): GELU(approximate='none')
        (drop1): Dropout(p=0.0, inplace=False)
        (norm): Identity()
        (fc2): Linear(in_features=4096, out_features=1024, bias=True)
        (drop2): Dropout(p=0.0, inplace=False)
      )
      (ls2): Identity()
      (drop_path2): Identity()
    )
  )
  (norm): LayerNorm((1024,), eps=1e-06, elementwise_affine=True)
  (fc_norm): Identity()
  (head_drop): Dropout(p=0.0, inplace=False)
  (head): Linear(in_features=1024, out_features=1000, bias=True)
)
