Found 0 slide files with extension .svs.
0
Time taken:  18.181539754965343 seconds
Found 0 slide files with extension .svs.
0
Time taken:  22.425793011963833 seconds
Found 0 slide files with extension .svs.
0
Time taken:  12.809019114996772 seconds
Found 0 slide files with extension .svs.
0
Time taken:  4.801247895986307 seconds
Found 0 slide files with extension .svs.
0
Time taken:  3.22660256101517 seconds
Found 0 slide files with extension .svs.
0
Time taken:  11.273694479954429 seconds
Found 0 slide files with extension .svs.
0
Time taken:  8.582479025993962 seconds
Found 0 slide files with extension .svs.
0
Time taken:  8.321104798000306 seconds
Found 0 slide files with extension .svs.
0
Time taken:  18.77773096197052 seconds
Found 0 slide files with extension .svs.
0
Time taken:  4.556257408985402 seconds
Found 0 slide files with extension .svs.
0
Time taken:  15.56994985905476 seconds
Found 0 slide files with extension .svs.
0
Time taken:  10.809317231993191 seconds
Found 0 slide files with extension .svs.
0
Time taken:  5.041065646044444 seconds
Found 0 slide files with extension .svs.
0
Time taken:  7.125891281990334 seconds
Found 0 slide files with extension .svs.
0
Time taken:  2.501721972017549 seconds
Found 0 slide files with extension .svs.
0
Time taken:  21.857103864022065 seconds
Found 0 slide files with extension .svs.
0
Time taken:  18.977176937041804 seconds
Found 0 slide files with extension .svs.
0
Time taken:  9.41701621800894 seconds
Found 0 slide files with extension .svs.
0
Time taken:  14.05824198096525 seconds
Found 0 slide files with extension .svs.
0
Time taken:  7.281494106049649 seconds
Found 0 slide files with extension .svs.
0
Time taken:  24.9895285370294 seconds
Found 0 slide files with extension .svs.
0
Time taken:  12.458959523006342 seconds
Found 0 slide files with extension .svs.
0
Time taken:  19.506832030019723 seconds
Found 0 slide files with extension .svs.
0
Time taken:  20.135701241029892 seconds
Found 0 slide files with extension .svs.
0
Time taken:  8.67083089100197 seconds
Found 0 slide files with extension .svs.
0
Time taken:  12.391799175995402 seconds
Found 0 slide files with extension .svs.
0
Time taken:  9.98031112604076 seconds
Found 0 slide files with extension .svs.
0
Time taken:  22.076069594011642 seconds
Found 0 slide files with extension .svs.
0
Time taken:  19.82428765896475 seconds
Found 0 slide files with extension .svs.
0
Time taken:  14.2931367320125 seconds
Found 0 slide files with extension .svs.
0
Time taken:  12.759457043022849 seconds
Found 0 slide files with extension .svs.
0
Time taken:  16.410079441033304 seconds
Found 0 slide files with extension .svs.
0
Time taken:  11.463800473022275 seconds
Found 0 slide files with extension .svs.
0
Time taken:  7.605167173023801 seconds
Found 0 slide files with extension .svs.
0
Time taken:  5.281889109988697 seconds
Found 0 slide files with extension .svs.
0
Time taken:  8.444782926002517 seconds
Found 0 slide files with extension .svs.
0
Time taken:  5.600755925057456 seconds
Found 0 slide files with extension .svs.
0
Time taken:  1.7071100790053606 seconds
Found 0 slide files with extension .svs.
0
Time taken:  15.227035173971672 seconds
Found 0 slide files with extension .svs.
1
Time taken:  33.24364991899347 seconds
Found 0 slide files with extension .svs.
1
Time taken:  41.71957327902783 seconds
Found 0 slide files with extension .svs.
1
Time taken:  25.457709994981997 seconds
Found 0 slide files with extension .svs.
1
Time taken:  14.410408802970778 seconds
Found 0 slide files with extension .svs.
1
Time taken:  38.792971101996955 seconds
Found 0 slide files with extension .svs.
1
Time taken:  20.769668900989927 seconds
Found 0 slide files with extension .svs.
1
Time taken:  46.11966141400626 seconds
Found 0 slide files with extension .svs.
1
Time taken:  46.80667891597841 seconds
Found 0 slide files with extension .svs.
1
Time taken:  42.25425348000135 seconds
Found 0 slide files with extension .svs.
1
Time taken:  14.002332340052817 seconds
Found 0 slide files with extension .svs.
1
Time taken:  35.15239223599201 seconds
Found 0 slide files with extension .svs.
1
Time taken:  15.731786118005402 seconds
Found 0 slide files with extension .svs.
1
Time taken:  52.77559042198118 seconds
Found 0 slide files with extension .svs.
1
Time taken:  34.45601787097985 seconds
Found 0 slide files with extension .svs.
1
Time taken:  47.48867572599556 seconds
Found 0 slide files with extension .svs.
1
Time taken:  33.377764485019725 seconds
Found 0 slide files with extension .svs.
1
Time taken:  29.071072468999773 seconds
Found 0 slide files with extension .svs.
1
Time taken:  44.83743636903819 seconds
Found 0 slide files with extension .svs.
1
Time taken:  23.03858550800942 seconds
Found 0 slide files with extension .svs.
1
Time taken:  23.214153137989342 seconds
Found 0 slide files with extension .svs.
1
Time taken:  36.82934856007341 seconds
Found 0 slide files with extension .svs.
1
Time taken:  6.284158064983785 seconds
Found 0 slide files with extension .svs.
1
Time taken:  23.940508200088516 seconds
Found 0 slide files with extension .svs.
1
Time taken:  20.58099712897092 seconds
Found 0 slide files with extension .svs.
1
Time taken:  25.667456615017727 seconds
Found 0 slide files with extension .svs.
1
Time taken:  53.386666573002 seconds
Found 0 slide files with extension .svs.
1
Time taken:  18.45239536499139 seconds
Found 0 slide files with extension .svs.
1
Time taken:  17.525426847976632 seconds
Found 0 slide files with extension .svs.
1
Time taken:  5.060511664953083 seconds
Found 0 slide files with extension .svs.
1
Time taken:  27.550951431971043 seconds
Found 0 slide files with extension .svs.
1
Time taken:  36.252754388027824 seconds
Found 0 slide files with extension .svs.
1
Time taken:  12.337757355999202 seconds
Found 0 slide files with extension .svs.
1
Time taken:  40.161088344990276 seconds
Found 0 slide files with extension .svs.
1
Time taken:  28.52617511106655 seconds
Found 0 slide files with extension .svs.
1
Time taken:  16.11306160397362 seconds
Found 0 slide files with extension .svs.
1
Time taken:  33.48459745198488 seconds
Found 0 slide files with extension .svs.
1
Time taken:  11.599501422955655 seconds
Found 0 slide files with extension .svs.
1
Time taken:  16.08584607404191 seconds
Found 0 slide files with extension .svs.
1
Time taken:  13.65432165004313 seconds
Found 0 slide files with extension .svs.
2
Time taken:  3.2707869509467855 seconds
Found 0 slide files with extension .svs.
2
Time taken:  25.584018811932765 seconds
Found 0 slide files with extension .svs.
2
Time taken:  2.300817679031752 seconds
Found 0 slide files with extension .svs.
2
Time taken:  3.730526917031966 seconds
Found 0 slide files with extension .svs.
2
Time taken:  6.434021387947723 seconds
Found 0 slide files with extension .svs.
2
Time taken:  5.173149257083423 seconds
Found 0 slide files with extension .svs.
2
Time taken:  16.0620949389413 seconds
Found 0 slide files with extension .svs.
2
Time taken:  2.7113815100165084 seconds
Found 0 slide files with extension .svs.
2
Time taken:  15.546393668046221 seconds
Found 0 slide files with extension .svs.
2
Time taken:  15.742713071987964 seconds
Found 0 slide files with extension .svs.
2
Time taken:  24.382668523001485 seconds
Found 0 slide files with extension .svs.
2
Time taken:  3.8349682480329648 seconds
Found 0 slide files with extension .svs.
2
Time taken:  21.034064917941578 seconds
Found 0 slide files with extension .svs.
2
Time taken:  4.705448773922399 seconds
Found 0 slide files with extension .svs.
2
Time taken:  21.006689081084915 seconds
Found 0 slide files with extension .svs.
2
Time taken:  28.25021257204935 seconds
Found 0 slide files with extension .svs.
2
Time taken:  15.58315414993558 seconds
Found 0 slide files with extension .svs.
2
Time taken:  31.00818431994412 seconds
Found 0 slide files with extension .svs.
2
Time taken:  13.482840751064941 seconds
Found 0 slide files with extension .svs.
2
Time taken:  11.023132218979299 seconds
Found 0 slide files with extension .svs.
2
Time taken:  36.76897868094966 seconds
Found 0 slide files with extension .svs.
2
Time taken:  37.23434572597034 seconds
Found 0 slide files with extension .svs.
2
Time taken:  10.025275271036662 seconds
Found 0 slide files with extension .svs.
2
Time taken:  12.64643354609143 seconds
Found 0 slide files with extension .svs.
2
Time taken:  15.392737466027029 seconds
Found 0 slide files with extension .svs.
2
Time taken:  29.3637242509285 seconds
Found 0 slide files with extension .svs.
2
Time taken:  3.612817996996455 seconds
Found 0 slide files with extension .svs.
2
Time taken:  24.954058494069614 seconds
Found 0 slide files with extension .svs.
2
Time taken:  28.505668455036357 seconds
Found 0 slide files with extension .svs.
2
Time taken:  13.16888311097864 seconds
Found 0 slide files with extension .svs.
2
Time taken:  26.328061723033898 seconds
Found 0 slide files with extension .svs.
2
Time taken:  10.23712313408032 seconds
Found 0 slide files with extension .svs.
2
Time taken:  19.748960678000003 seconds
Found 0 slide files with extension .svs.
2
Time taken:  2.6582712980452925 seconds
Found 0 slide files with extension .svs.
2
Time taken:  26.61385100602638 seconds
Found 0 slide files with extension .svs.
2
Time taken:  16.858550622011535 seconds
Found 0 slide files with extension .svs.
2
Time taken:  21.760603650007397 seconds
Found 0 slide files with extension .svs.
2
Time taken:  23.888483157963492 seconds
Found 0 slide files with extension .svs.
2
Time taken:  2.486630648956634 seconds
Washington University School of Medicine
Unknown
Johns Hopkins / University of Southern California
University of North Carolina
Harvard Medical School
Baylor College of Medicine
Broad Institute of MIT and Harvard
Canada's Michael Smith Genome Sciences Centre
