Building DAG of jobs...
Using shell: /usr/bin/bash
Provided cores: 2
Rules claiming more threads will be scaled down.
Provided resources: mem_mb=100000, mem_mib=95368, disk_mb=1000, disk_mib=954
Select jobs to execute...

[Sun Jun 23 02:14:16 2024]
rule parameter_sampling:
    input: /ictstr01/groups/aih/sina.wendrich/MA_code/MA_thesis/conf/CAMELYON_benchmark2.yaml
    output: zoutput/benchmarks/CAMELYON_center0_wirklich_irm_lr1e5_bs16_classbalancing3/hyperparameters.csv
    jobid: 0
    reason: Forced execution
    resources: mem_mb=100000, mem_mib=95368, disk_mb=1000, disk_mib=954, tmpdir=/tmp, partition=gpu_p, qos=gpu_normal




!!!: not committed yet
/ictstr01/groups/aih/sina.wendrich/MA_code/MA_thesis/DomainLab/domainlab/utils/get_git_tag.py:16: UserWarning: !!!: not committed yet
  warnings.warn("!!!: not committed yet")



b'44271c83'
[Sun Jun 23 02:14:21 2024]
Finished job 0.
1 of 1 steps (100%) done
