Failed to import backpack: cannot import name '_grad_input_padding' from 'torch.nn.grad' (/home/aih/sina.wendrich/miniconda3/envs/domainlab_py310/lib/python3.10/site-packages/torch/nn/grad.py)
disabling kde because cov matrix is singular for objectives acc & binary_specificity
disabling kde because cov matrix is singular for objectives precision & binary_specificity
disabling kde because cov matrix is singular for objectives recall & binary_specificity
disabling kde because cov matrix is singular for objectives specificity & binary_specificity
disabling kde because cov matrix is singular for objectives f1 & binary_specificity
disabling kde because cov matrix is singular for objectives auroc & binary_specificity
disabling kde because cov matrix is singular for objectives binary_precision & binary_specificity
disabling kde because cov matrix is singular for objectives binary_recall & binary_specificity
disabling kde because cov matrix is singular for objectives binary_specificity & binary_f1_score
disabling kde because cov matrix is singular for objectives binary_specificity & acc_oracle
disabling kde because cov matrix is singular for objectives binary_specificity & acc_val
WARNING: disabling kde because cov matrix is singular for objectives acc & binary_specificity
WARNING: disabling kde because cov matrix is singular for objectives precision & binary_specificity
WARNING: disabling kde because cov matrix is singular for objectives recall & specificity
WARNING: disabling kde because cov matrix is singular for objectives recall & binary_specificity
WARNING: disabling kde because cov matrix is singular for objectives specificity & binary_specificity
WARNING: disabling kde because cov matrix is singular for objectives f1 & binary_specificity
WARNING: disabling kde because cov matrix is singular for objectives auroc & binary_specificity
WARNING: disabling kde because cov matrix is singular for objectives binary_precision & binary_specificity
WARNING: disabling kde because cov matrix is singular for objectives binary_recall & binary_specificity
WARNING: disabling kde because cov matrix is singular for objectives binary_specificity & binary_f1_score
WARNING: disabling kde because cov matrix is singular for objectives binary_specificity & acc_oracle
WARNING: disabling kde because cov matrix is singular for objectives binary_specificity & acc_val
WARNING: disabling kde because cov matrix is singular for objectives acc & binary_specificity
WARNING: disabling kde because cov matrix is singular for objectives precision & binary_specificity
WARNING: disabling kde because cov matrix is singular for objectives recall & binary_specificity
WARNING: disabling kde because cov matrix is singular for objectives specificity & binary_specificity
WARNING: disabling kde because cov matrix is singular for objectives f1 & binary_specificity
WARNING: disabling kde because cov matrix is singular for objectives auroc & binary_specificity
WARNING: disabling kde because cov matrix is singular for objectives binary_precision & binary_specificity
WARNING: disabling kde because cov matrix is singular for objectives binary_recall & binary_specificity
WARNING: disabling kde because cov matrix is singular for objectives binary_specificity & binary_f1_score
WARNING: disabling kde because cov matrix is singular for objectives binary_specificity & acc_oracle
WARNING: disabling kde because cov matrix is singular for objectives binary_specificity & acc_val
WARNING: disabling kde because cov matrix is singular for objectives acc & binary_specificity
WARNING: disabling kde because cov matrix is singular for objectives precision & binary_specificity
WARNING: disabling kde because cov matrix is singular for objectives recall & binary_specificity
WARNING: disabling kde because cov matrix is singular for objectives specificity & binary_specificity
WARNING: disabling kde because cov matrix is singular for objectives f1 & binary_specificity
WARNING: disabling kde because cov matrix is singular for objectives auroc & binary_specificity
WARNING: disabling kde because cov matrix is singular for objectives binary_precision & binary_specificity
WARNING: disabling kde because cov matrix is singular for objectives binary_recall & binary_specificity
WARNING: disabling kde because cov matrix is singular for objectives binary_specificity & binary_f1_score
WARNING: disabling kde because cov matrix is singular for objectives binary_specificity & acc_oracle
WARNING: disabling kde because cov matrix is singular for objectives binary_specificity & acc_val
WARNING: disabling kde because cov matrix is singular for objectives acc & binary_specificity
WARNING: disabling kde because cov matrix is singular for objectives precision & binary_specificity
WARNING: disabling kde because cov matrix is singular for objectives recall & binary_specificity
WARNING: disabling kde because cov matrix is singular for objectives specificity & binary_specificity
WARNING: disabling kde because cov matrix is singular for objectives f1 & binary_specificity
WARNING: disabling kde because cov matrix is singular for objectives auroc & binary_specificity
WARNING: disabling kde because cov matrix is singular for objectives binary_precision & binary_specificity
WARNING: disabling kde because cov matrix is singular for objectives binary_recall & binary_specificity
WARNING: disabling kde because cov matrix is singular for objectives binary_specificity & binary_f1_score
WARNING: disabling kde because cov matrix is singular for objectives binary_specificity & acc_oracle
WARNING: disabling kde because cov matrix is singular for objectives binary_specificity & acc_val
WARNING: disabling kde because cov matrix is singular for objectives acc & binary_specificity
WARNING: disabling kde because cov matrix is singular for objectives precision & binary_specificity
WARNING: disabling kde because cov matrix is singular for objectives recall & specificity
WARNING: disabling kde because cov matrix is singular for objectives recall & binary_specificity
WARNING: disabling kde because cov matrix is singular for objectives specificity & binary_specificity
WARNING: disabling kde because cov matrix is singular for objectives f1 & binary_specificity
WARNING: disabling kde because cov matrix is singular for objectives auroc & binary_specificity
WARNING: disabling kde because cov matrix is singular for objectives binary_precision & binary_specificity
WARNING: disabling kde because cov matrix is singular for objectives binary_recall & binary_specificity
WARNING: disabling kde because cov matrix is singular for objectives binary_specificity & binary_f1_score
WARNING: disabling kde because cov matrix is singular for objectives binary_specificity & acc_oracle
WARNING: disabling kde because cov matrix is singular for objectives binary_specificity & acc_val
WARNING: disabling kde because cov matrix is singular for objectives acc & binary_specificity
WARNING: disabling kde because cov matrix is singular for objectives precision & binary_specificity
WARNING: disabling kde because cov matrix is singular for objectives recall & specificity
WARNING: disabling kde because cov matrix is singular for objectives recall & binary_specificity
WARNING: disabling kde because cov matrix is singular for objectives specificity & binary_specificity
WARNING: disabling kde because cov matrix is singular for objectives f1 & binary_specificity
WARNING: disabling kde because cov matrix is singular for objectives auroc & binary_specificity
WARNING: disabling kde because cov matrix is singular for objectives binary_precision & binary_specificity
WARNING: disabling kde because cov matrix is singular for objectives binary_recall & binary_specificity
WARNING: disabling kde because cov matrix is singular for objectives binary_specificity & binary_f1_score
WARNING: disabling kde because cov matrix is singular for objectives binary_specificity & acc_oracle
WARNING: disabling kde because cov matrix is singular for objectives binary_specificity & acc_val
