Failed to import backpack: cannot import name '_grad_input_padding' from 'torch.nn.grad' (/home/aih/sina.wendrich/miniconda3/envs/domainlab_py310/lib/python3.10/site-packages/torch/nn/grad.py)
before experiment loop: 
|===========================================================================|
|                  PyTorch CUDA memory summary, device ID 0                 |
|---------------------------------------------------------------------------|
|            CUDA OOMs: 0            |        cudaMalloc retries: 0         |
|===========================================================================|
|        Metric         | Cur Usage  | Peak Usage | Tot Alloc  | Tot Freed  |
|---------------------------------------------------------------------------|
| Allocated memory      |      0 B   |      0 B   |      0 B   |      0 B   |
|       from large pool |      0 B   |      0 B   |      0 B   |      0 B   |
|       from small pool |      0 B   |      0 B   |      0 B   |      0 B   |
|---------------------------------------------------------------------------|
| Active memory         |      0 B   |      0 B   |      0 B   |      0 B   |
|       from large pool |      0 B   |      0 B   |      0 B   |      0 B   |
|       from small pool |      0 B   |      0 B   |      0 B   |      0 B   |
|---------------------------------------------------------------------------|
| Requested memory      |      0 B   |      0 B   |      0 B   |      0 B   |
|       from large pool |      0 B   |      0 B   |      0 B   |      0 B   |
|       from small pool |      0 B   |      0 B   |      0 B   |      0 B   |
|---------------------------------------------------------------------------|
| GPU reserved memory   |      0 B   |      0 B   |      0 B   |      0 B   |
|       from large pool |      0 B   |      0 B   |      0 B   |      0 B   |
|       from small pool |      0 B   |      0 B   |      0 B   |      0 B   |
|---------------------------------------------------------------------------|
| Non-releasable memory |      0 B   |      0 B   |      0 B   |      0 B   |
|       from large pool |      0 B   |      0 B   |      0 B   |      0 B   |
|       from small pool |      0 B   |      0 B   |      0 B   |      0 B   |
|---------------------------------------------------------------------------|
| Allocations           |       0    |       0    |       0    |       0    |
|       from large pool |       0    |       0    |       0    |       0    |
|       from small pool |       0    |       0    |       0    |       0    |
|---------------------------------------------------------------------------|
| Active allocs         |       0    |       0    |       0    |       0    |
|       from large pool |       0    |       0    |       0    |       0    |
|       from small pool |       0    |       0    |       0    |       0    |
|---------------------------------------------------------------------------|
| GPU reserved segments |       0    |       0    |       0    |       0    |
|       from large pool |       0    |       0    |       0    |       0    |
|       from small pool |       0    |       0    |       0    |       0    |
|---------------------------------------------------------------------------|
| Non-releasable allocs |       0    |       0    |       0    |       0    |
|       from large pool |       0    |       0    |       0    |       0    |
|       from small pool |       0    |       0    |       0    |       0    |
|---------------------------------------------------------------------------|
| Oversize allocations  |       0    |       0    |       0    |       0    |
|---------------------------------------------------------------------------|
| Oversize GPU segments |       0    |       0    |       0    |       0    |
|===========================================================================|

before experiment starts
|===========================================================================|
|                  PyTorch CUDA memory summary, device ID 0                 |
|---------------------------------------------------------------------------|
|            CUDA OOMs: 0            |        cudaMalloc retries: 0         |
|===========================================================================|
|        Metric         | Cur Usage  | Peak Usage | Tot Alloc  | Tot Freed  |
|---------------------------------------------------------------------------|
| Allocated memory      |      0 B   |      0 B   |      0 B   |      0 B   |
|       from large pool |      0 B   |      0 B   |      0 B   |      0 B   |
|       from small pool |      0 B   |      0 B   |      0 B   |      0 B   |
|---------------------------------------------------------------------------|
| Active memory         |      0 B   |      0 B   |      0 B   |      0 B   |
|       from large pool |      0 B   |      0 B   |      0 B   |      0 B   |
|       from small pool |      0 B   |      0 B   |      0 B   |      0 B   |
|---------------------------------------------------------------------------|
| Requested memory      |      0 B   |      0 B   |      0 B   |      0 B   |
|       from large pool |      0 B   |      0 B   |      0 B   |      0 B   |
|       from small pool |      0 B   |      0 B   |      0 B   |      0 B   |
|---------------------------------------------------------------------------|
| GPU reserved memory   |      0 B   |      0 B   |      0 B   |      0 B   |
|       from large pool |      0 B   |      0 B   |      0 B   |      0 B   |
|       from small pool |      0 B   |      0 B   |      0 B   |      0 B   |
|---------------------------------------------------------------------------|
| Non-releasable memory |      0 B   |      0 B   |      0 B   |      0 B   |
|       from large pool |      0 B   |      0 B   |      0 B   |      0 B   |
|       from small pool |      0 B   |      0 B   |      0 B   |      0 B   |
|---------------------------------------------------------------------------|
| Allocations           |       0    |       0    |       0    |       0    |
|       from large pool |       0    |       0    |       0    |       0    |
|       from small pool |       0    |       0    |       0    |       0    |
|---------------------------------------------------------------------------|
| Active allocs         |       0    |       0    |       0    |       0    |
|       from large pool |       0    |       0    |       0    |       0    |
|       from small pool |       0    |       0    |       0    |       0    |
|---------------------------------------------------------------------------|
| GPU reserved segments |       0    |       0    |       0    |       0    |
|       from large pool |       0    |       0    |       0    |       0    |
|       from small pool |       0    |       0    |       0    |       0    |
|---------------------------------------------------------------------------|
| Non-releasable allocs |       0    |       0    |       0    |       0    |
|       from large pool |       0    |       0    |       0    |       0    |
|       from small pool |       0    |       0    |       0    |       0    |
|---------------------------------------------------------------------------|
| Oversize allocations  |       0    |       0    |       0    |       0    |
|---------------------------------------------------------------------------|
| Oversize GPU segments |       0    |       0    |       0    |       0    |
|===========================================================================|


overriding args.task None to dset


using device: cuda:0




!!!: not committed yet



b'44271c83'
model name: dset_te_center0_erm_b44271c83_not_commited_2024md_06md_19_13_53_20_seed_0_21507357

 Experiment start at: 2024-06-19 13:53:21.028477
before training, model accuracy: 0.31622418761253357
epoch: 1
---- Training Domain: 
scalar performance:
{'acc': 0.9055437, 'precision': 0.45277184, 'recall': 0.5, 'specificity': 0.5, 'f1': 0.47521538, 'auroc': 0.5676302, 'binary_precision': 0.0, 'binary_recall': 0.0, 'binary_specificity': 1.0, 'binary_f1_score': 0.0}
confusion matrix:
       0  1
0  42307  0
1   4413  0
---- Validation: 
scalar performance:
{'acc': 0.9657833, 'precision': 0.48289165, 'recall': 0.5, 'specificity': 0.5, 'f1': 0.49129692, 'auroc': 0.33919707, 'binary_precision': 0.0, 'binary_recall': 0.0, 'binary_specificity': 1.0, 'binary_f1_score': 0.0}
confusion matrix:
       0  1
0  18149  0
1    643  0
---- Test Domain (oracle): 
scalar performance:
{'acc': 0.88451326, 'precision': 0.44225663, 'recall': 0.5, 'specificity': 0.5, 'f1': 0.469359, 'auroc': 0.2979071, 'binary_precision': 0.0, 'binary_recall': 0.0, 'binary_specificity': 1.0, 'binary_f1_score': 0.0}
confusion matrix:
      0  1
0  5997  0
1   783  0
t-SNE plot saved as /localscratch/sina.wendrich/tsne/t-SNE_Test_center0_21507357_1.png
new oracle model saved
better model found
persisted
after epoch: 1,now: 2024-06-19 14:59:21.772917,epoch time: 1:06:00.744440,used: 1:06:00.744440,model: dset_te_center0_erm_b44271c83_not_commited_2024md_06md_19_13_53_20_seed_0_21507357
working direcotry: /ictstr01/groups/aih/sina.wendrich/MA_code/MA_thesis/DomainLab
epoch: 2
---- Training Domain: 
scalar performance:
{'acc': 0.9055437, 'precision': 0.45277184, 'recall': 0.5, 'specificity': 0.5, 'f1': 0.47521538, 'auroc': 0.7337785, 'binary_precision': 0.0, 'binary_recall': 0.0, 'binary_specificity': 1.0, 'binary_f1_score': 0.0}
confusion matrix:
       0  1
0  42307  0
1   4413  0
---- Validation: 
scalar performance:
{'acc': 0.9657833, 'precision': 0.48289165, 'recall': 0.5, 'specificity': 0.5, 'f1': 0.49129692, 'auroc': 0.3537314, 'binary_precision': 0.0, 'binary_recall': 0.0, 'binary_specificity': 1.0, 'binary_f1_score': 0.0}
confusion matrix:
       0  1
0  18149  0
1    643  0
---- Test Domain (oracle): 
scalar performance:
{'acc': 0.88451326, 'precision': 0.44225663, 'recall': 0.5, 'specificity': 0.5, 'f1': 0.469359, 'auroc': 0.36073208, 'binary_precision': 0.0, 'binary_recall': 0.0, 'binary_specificity': 1.0, 'binary_f1_score': 0.0}
confusion matrix:
      0  1
0  5997  0
1   783  0
t-SNE plot saved as /localscratch/sina.wendrich/tsne/t-SNE_Test_center0_21507357_2.png
early stop counter: 1
val acc:0.9657832980155945, best validation acc: 0.9657832980155945, corresponding to test acc:                         0.884513258934021 / 0.884513258934021
after epoch: 2,now: 2024-06-19 15:51:14.335937,epoch time: 0:51:52.563020,used: 1:57:53.307460,model: dset_te_center0_erm_b44271c83_not_commited_2024md_06md_19_13_53_20_seed_0_21507357
working direcotry: /ictstr01/groups/aih/sina.wendrich/MA_code/MA_thesis/DomainLab
epoch: 3
---- Training Domain: 
scalar performance:
{'acc': 0.9084118, 'precision': 0.9189142, 'recall': 0.5162987, 'specificity': 0.5162987, 'f1': 0.5076614, 'auroc': 0.87439275, 'binary_precision': 0.92948717, 'binary_recall': 0.032857466, 'binary_specificity': 0.99974, 'binary_f1_score': 0.06347122}
confusion matrix:
       0    1
0  42296   11
1   4268  145
---- Validation: 
scalar performance:
{'acc': 0.9657833, 'precision': 0.48289165, 'recall': 0.5, 'specificity': 0.5, 'f1': 0.49129692, 'auroc': 0.43397453, 'binary_precision': 0.0, 'binary_recall': 0.0, 'binary_specificity': 1.0, 'binary_f1_score': 0.0}
confusion matrix:
       0  1
0  18149  0
1    643  0
---- Test Domain (oracle): 
scalar performance:
{'acc': 0.88451326, 'precision': 0.44225663, 'recall': 0.5, 'specificity': 0.5, 'f1': 0.469359, 'auroc': 0.55771375, 'binary_precision': 0.0, 'binary_recall': 0.0, 'binary_specificity': 1.0, 'binary_f1_score': 0.0}
confusion matrix:
      0  1
0  5997  0
1   783  0
t-SNE plot saved as /localscratch/sina.wendrich/tsne/t-SNE_Test_center0_21507357_3.png
early stop counter: 2
val acc:0.9657832980155945, best validation acc: 0.9657832980155945, corresponding to test acc:                         0.884513258934021 / 0.884513258934021
after epoch: 3,now: 2024-06-19 16:46:38.419290,epoch time: 0:55:24.083353,used: 2:53:17.390813,model: dset_te_center0_erm_b44271c83_not_commited_2024md_06md_19_13_53_20_seed_0_21507357
working direcotry: /ictstr01/groups/aih/sina.wendrich/MA_code/MA_thesis/DomainLab
epoch: 4
---- Training Domain: 
scalar performance:
{'acc': 0.92422944, 'precision': 0.9480813, 'recall': 0.6014494, 'specificity': 0.6014494, 'f1': 0.648201, 'auroc': 0.90701413, 'binary_precision': 0.9729144, 'binary_recall': 0.20348969, 'binary_specificity': 0.9994091, 'binary_f1_score': 0.3365817}
confusion matrix:
       0    1
0  42282   25
1   3515  898
---- Validation: 
scalar performance:
{'acc': 0.96546406, 'precision': 0.4828862, 'recall': 0.49983472, 'specificity': 0.49983472, 'f1': 0.4912143, 'auroc': 0.46739843, 'binary_precision': 0.0, 'binary_recall': 0.0, 'binary_specificity': 0.99966943, 'binary_f1_score': 0.0}
confusion matrix:
       0  1
0  18143  6
1    643  0
---- Test Domain (oracle): 
scalar performance:
{'acc': 0.88451326, 'precision': 0.44225663, 'recall': 0.5, 'specificity': 0.5, 'f1': 0.469359, 'auroc': 0.5879396, 'binary_precision': 0.0, 'binary_recall': 0.0, 'binary_specificity': 1.0, 'binary_f1_score': 0.0}
confusion matrix:
      0  1
0  5997  0
1   783  0
t-SNE plot saved as /localscratch/sina.wendrich/tsne/t-SNE_Test_center0_21507357_4.png
early stop counter: 3
val acc:0.9654640555381775, best validation acc: 0.9657832980155945, corresponding to test acc:                         0.884513258934021 / 0.884513258934021
after epoch: 4,now: 2024-06-19 17:35:33.019398,epoch time: 0:48:54.600108,used: 3:42:11.990921,model: dset_te_center0_erm_b44271c83_not_commited_2024md_06md_19_13_53_20_seed_0_21507357
working direcotry: /ictstr01/groups/aih/sina.wendrich/MA_code/MA_thesis/DomainLab
epoch: 5
---- Training Domain: 
scalar performance:
{'acc': 0.93589467, 'precision': 0.9437635, 'recall': 0.66834784, 'specificity': 0.66834784, 'f1': 0.7325848, 'auroc': 0.92258996, 'binary_precision': 0.95219886, 'binary_recall': 0.33846852, 'binary_specificity': 0.9982272, 'binary_f1_score': 0.499415}
confusion matrix:
       0     1
0  42231    75
1   2920  1494
---- Validation: 
scalar performance:
{'acc': 0.9648787, 'precision': 0.48287615, 'recall': 0.49953166, 'specificity': 0.49953166, 'f1': 0.4910627, 'auroc': 0.5245019, 'binary_precision': 0.0, 'binary_recall': 0.0, 'binary_specificity': 0.9990633, 'binary_f1_score': 0.0}
confusion matrix:
       0   1
0  18132  17
1    643   0
---- Test Domain (oracle): 
scalar performance:
{'acc': 0.88628316, 'precision': 0.8183837, 'recall': 0.510994, 'specificity': 0.510994, 'f1': 0.49207667, 'auroc': 0.7059687, 'binary_precision': 0.75, 'binary_recall': 0.022988506, 'binary_specificity': 0.9989995, 'binary_f1_score': 0.044609666}
confusion matrix:
      0   1
0  5991   6
1   765  18
t-SNE plot saved as /localscratch/sina.wendrich/tsne/t-SNE_Test_center0_21507357_5.png
new oracle model saved
early stop counter: 4
val acc:0.9648786783218384, best validation acc: 0.9657832980155945, corresponding to test acc:                         0.884513258934021 / 0.8862831592559814
after epoch: 5,now: 2024-06-19 18:27:12.860818,epoch time: 0:51:39.841420,used: 4:33:51.832341,model: dset_te_center0_erm_b44271c83_not_commited_2024md_06md_19_13_53_20_seed_0_21507357
working direcotry: /ictstr01/groups/aih/sina.wendrich/MA_code/MA_thesis/DomainLab
epoch: 6
---- Training Domain: 
scalar performance:
{'acc': 0.9470248, 'precision': 0.9493944, 'recall': 0.73015296, 'specificity': 0.73015296, 'f1': 0.7971415, 'auroc': 0.9387503, 'binary_precision': 0.9520037, 'binary_recall': 0.46274066, 'binary_specificity': 0.9975653, 'binary_f1_score': 0.6227709}
confusion matrix:
       0     1
0  42202   103
1   2372  2043
---- Validation: 
scalar performance:
{'acc': 0.96392083, 'precision': 0.49639806, 'recall': 0.4997858, 'specificity': 0.4997858, 'f1': 0.4922846, 'auroc': 0.5458171, 'binary_precision': 0.027027028, 'binary_recall': 0.00155521, 'binary_specificity': 0.9980164, 'binary_f1_score': 0.0029411763}
confusion matrix:
       0   1
0  18113  36
1    642   1
---- Test Domain (oracle): 
scalar performance:
{'acc': 0.8920354, 'precision': 0.8432124, 'recall': 0.5425606, 'specificity': 0.5425606, 'f1': 0.55046874, 'auroc': 0.71175563, 'binary_precision': 0.79310346, 'binary_recall': 0.08812261, 'binary_specificity': 0.9969985, 'binary_f1_score': 0.15862069}
confusion matrix:
      0   1
0  5979  18
1   714  69
t-SNE plot saved as /localscratch/sina.wendrich/tsne/t-SNE_Test_center0_21507357_6.png
new oracle model saved
early stop counter: 5
val acc:0.9639208316802979, best validation acc: 0.9657832980155945, corresponding to test acc:                         0.884513258934021 / 0.8920354247093201
after epoch: 6,now: 2024-06-19 18:57:51.414371,epoch time: 0:30:38.553553,used: 5:04:30.385894,model: dset_te_center0_erm_b44271c83_not_commited_2024md_06md_19_13_53_20_seed_0_21507357
working direcotry: /ictstr01/groups/aih/sina.wendrich/MA_code/MA_thesis/DomainLab
epoch: 7
---- Training Domain: 
scalar performance:
{'acc': 0.9525471, 'precision': 0.9399655, 'recall': 0.7680377, 'specificity': 0.7680377, 'f1': 0.8284811, 'auroc': 0.9440571, 'binary_precision': 0.92582524, 'binary_recall': 0.5405896, 'binary_specificity': 0.9954857, 'binary_f1_score': 0.68260556}
confusion matrix:
       0     1
0  42119   191
1   2026  2384
---- Validation: 
scalar performance:
{'acc': 0.9626969, 'precision': 0.50635076, 'recall': 0.5006523, 'specificity': 0.5006523, 'f1': 0.49473873, 'auroc': 0.5590652, 'binary_precision': 0.046875, 'binary_recall': 0.00466563, 'binary_specificity': 0.99663895, 'binary_f1_score': 0.008486563}
confusion matrix:
       0   1
0  18088  61
1    640   3
---- Test Domain (oracle): 
scalar performance:
{'acc': 0.8960177, 'precision': 0.85358965, 'recall': 0.5631331, 'specificity': 0.5631331, 'f1': 0.5843478, 'auroc': 0.72432125, 'binary_precision': 0.8095238, 'binary_recall': 0.1302682, 'binary_specificity': 0.995998, 'binary_f1_score': 0.22442244}
confusion matrix:
      0    1
0  5973   24
1   681  102
t-SNE plot saved as /localscratch/sina.wendrich/tsne/t-SNE_Test_center0_21507357_7.png
new oracle model saved
early stop counter: 6
val acc:0.96269690990448, best validation acc: 0.9657832980155945, corresponding to test acc:                         0.884513258934021 / 0.8960176706314087
after epoch: 7,now: 2024-06-19 19:26:58.851408,epoch time: 0:29:07.437037,used: 5:33:37.822931,model: dset_te_center0_erm_b44271c83_not_commited_2024md_06md_19_13_53_20_seed_0_21507357
working direcotry: /ictstr01/groups/aih/sina.wendrich/MA_code/MA_thesis/DomainLab
epoch: 8
---- Training Domain: 
scalar performance:
{'acc': 0.95753425, 'precision': 0.9348149, 'recall': 0.8027116, 'specificity': 0.8027116, 'f1': 0.8541281, 'auroc': 0.95488787, 'binary_precision': 0.9087849, 'binary_recall': 0.6118287, 'binary_specificity': 0.99359447, 'binary_f1_score': 0.7313109}
confusion matrix:
       0     1
0  42036   271
1   1713  2700
---- Validation: 
scalar performance:
{'acc': 0.959983, 'precision': 0.55040544, 'recall': 0.5119982, 'specificity': 0.5119982, 'f1': 0.51503295, 'auroc': 0.6442293, 'binary_precision': 0.13422818, 'binary_recall': 0.0311042, 'binary_specificity': 0.99289215, 'binary_f1_score': 0.050505057}
confusion matrix:
       0    1
0  18020  129
1    623   20
---- Test Domain (oracle): 
scalar performance:
{'acc': 0.9131268, 'precision': 0.87777257, 'recall': 0.64942145, 'specificity': 0.64942145, 'f1': 0.7009319, 'auroc': 0.79357684, 'binary_precision': 0.83916086, 'binary_recall': 0.3065134, 'binary_specificity': 0.9923295, 'binary_f1_score': 0.44901776}
confusion matrix:
      0    1
0  5951   46
1   543  240
t-SNE plot saved as /localscratch/sina.wendrich/tsne/t-SNE_Test_center0_21507357_8.png
new oracle model saved
early stop counter: 7
val acc:0.9599829912185669, best validation acc: 0.9657832980155945, corresponding to test acc:                         0.884513258934021 / 0.9131268262863159
after epoch: 8,now: 2024-06-19 19:55:58.908663,epoch time: 0:29:00.057255,used: 6:02:37.880186,model: dset_te_center0_erm_b44271c83_not_commited_2024md_06md_19_13_53_20_seed_0_21507357
working direcotry: /ictstr01/groups/aih/sina.wendrich/MA_code/MA_thesis/DomainLab
epoch: 9
---- Training Domain: 
scalar performance:
{'acc': 0.95905393, 'precision': 0.9360256, 'recall': 0.8112214, 'specificity': 0.8112214, 'f1': 0.8607093, 'auroc': 0.95295596, 'binary_precision': 0.90953785, 'binary_recall': 0.62896645, 'binary_specificity': 0.9934764, 'binary_f1_score': 0.74366874}
confusion matrix:
       0     1
0  42032   276
1   1637  2775
---- Validation: 
scalar performance:
{'acc': 0.9600894, 'precision': 0.569383, 'recall': 0.5180537, 'specificity': 0.5180537, 'f1': 0.52454317, 'auroc': 0.6515653, 'binary_precision': 0.17177914, 'binary_recall': 0.04354588, 'binary_specificity': 0.9925616, 'binary_f1_score': 0.06947891}
confusion matrix:
       0    1
0  18014  135
1    615   28
---- Test Domain (oracle): 
scalar performance:
{'acc': 0.9123894, 'precision': 0.85893273, 'recall': 0.65566695, 'specificity': 0.65566695, 'f1': 0.7056758, 'auroc': 0.8009231, 'binary_precision': 0.8, 'binary_recall': 0.3218391, 'binary_specificity': 0.98949474, 'binary_f1_score': 0.45901647}
confusion matrix:
      0    1
0  5934   63
1   531  252
t-SNE plot saved as /localscratch/sina.wendrich/tsne/t-SNE_Test_center0_21507357_9.png
early stop counter: 8
val acc:0.960089385509491, best validation acc: 0.9657832980155945, corresponding to test acc:                         0.884513258934021 / 0.9131268262863159
after epoch: 9,now: 2024-06-19 20:25:35.552824,epoch time: 0:29:36.644161,used: 6:32:14.524347,model: dset_te_center0_erm_b44271c83_not_commited_2024md_06md_19_13_53_20_seed_0_21507357
working direcotry: /ictstr01/groups/aih/sina.wendrich/MA_code/MA_thesis/DomainLab
epoch: 10
---- Training Domain: 
scalar performance:
{'acc': 0.96123713, 'precision': 0.934396, 'recall': 0.82643515, 'specificity': 0.82643515, 'f1': 0.87087923, 'auroc': 0.9556496, 'binary_precision': 0.9032558, 'binary_recall': 0.66024476, 'binary_specificity': 0.99262553, 'binary_f1_score': 0.76286495}
confusion matrix:
       0     1
0  41996   312
1   1499  2913
---- Validation: 
scalar performance:
{'acc': 0.9590783, 'precision': 0.5777872, 'recall': 0.52503085, 'specificity': 0.52503085, 'f1': 0.5345047, 'auroc': 0.64717793, 'binary_precision': 0.18811882, 'binary_recall': 0.05909798, 'binary_specificity': 0.9909637, 'binary_f1_score': 0.08994083}
confusion matrix:
       0    1
0  17985  164
1    605   38
---- Test Domain (oracle): 
scalar performance:
{'acc': 0.91504425, 'precision': 0.8606061, 'recall': 0.6704923, 'specificity': 0.6704923, 'f1': 0.7215148, 'auroc': 0.7955414, 'binary_precision': 0.8, 'binary_recall': 0.35249043, 'binary_specificity': 0.9884942, 'binary_f1_score': 0.48936173}
confusion matrix:
      0    1
0  5928   69
1   507  276
t-SNE plot saved as /localscratch/sina.wendrich/tsne/t-SNE_Test_center0_21507357_10.png
new oracle model saved
early stop counter: 9
val acc:0.959078311920166, best validation acc: 0.9657832980155945, corresponding to test acc:                         0.884513258934021 / 0.9150442481040955
after epoch: 10,now: 2024-06-19 20:55:23.877395,epoch time: 0:29:48.324571,used: 7:02:02.848918,model: dset_te_center0_erm_b44271c83_not_commited_2024md_06md_19_13_53_20_seed_0_21507357
working direcotry: /ictstr01/groups/aih/sina.wendrich/MA_code/MA_thesis/DomainLab
epoch: 11
---- Training Domain: 
scalar performance:
{'acc': 0.96014553, 'precision': 0.9372381, 'recall': 0.81718385, 'specificity': 0.81718385, 'f1': 0.86536115, 'auroc': 0.9561098, 'binary_precision': 0.91081774, 'binary_recall': 0.6409153, 'binary_specificity': 0.9934525, 'binary_f1_score': 0.7523936}
confusion matrix:
       0     1
0  42029   277
1   1585  2829
---- Validation: 
scalar performance:
{'acc': 0.9608876, 'precision': 0.5934634, 'recall': 0.5244674, 'specificity': 0.5244674, 'f1': 0.534617, 'auroc': 0.663743, 'binary_precision': 0.2195122, 'binary_recall': 0.05598756, 'binary_specificity': 0.9929473, 'binary_f1_score': 0.089219324}
confusion matrix:
       0    1
0  18021  128
1    607   36
---- Test Domain (oracle): 
scalar performance:
{'acc': 0.91651917, 'precision': 0.88755995, 'recall': 0.6629982, 'specificity': 0.6629982, 'f1': 0.7171989, 'auroc': 0.8095427, 'binary_precision': 0.8557377, 'binary_recall': 0.33333334, 'binary_specificity': 0.992663, 'binary_f1_score': 0.4797794}
confusion matrix:
      0    1
0  5953   44
1   522  261
t-SNE plot saved as /localscratch/sina.wendrich/tsne/t-SNE_Test_center0_21507357_11.png
new oracle model saved
early stop counter: 10
val acc:0.960887610912323, best validation acc: 0.9657832980155945, corresponding to test acc:                         0.884513258934021 / 0.9165191650390625
after epoch: 11,now: 2024-06-19 21:26:23.313631,epoch time: 0:30:59.436236,used: 7:33:02.285154,model: dset_te_center0_erm_b44271c83_not_commited_2024md_06md_19_13_53_20_seed_0_21507357
working direcotry: /ictstr01/groups/aih/sina.wendrich/MA_code/MA_thesis/DomainLab
epoch: 12
---- Training Domain: 
scalar performance:
{'acc': 0.9651113, 'precision': 0.9427758, 'recall': 0.8434961, 'specificity': 0.8434961, 'f1': 0.8853277, 'auroc': 0.962222, 'binary_precision': 0.9167166, 'binary_recall': 0.693563, 'binary_specificity': 0.9934291, 'binary_f1_score': 0.7896774}
confusion matrix:
       0     1
0  42030   278
1   1352  3060
---- Validation: 
scalar performance:
{'acc': 0.96030223, 'precision': 0.60050416, 'recall': 0.5309149, 'specificity': 0.5309149, 'f1': 0.54367757, 'auroc': 0.67750674, 'binary_precision': 0.23316061, 'binary_recall': 0.06998445, 'binary_specificity': 0.9918453, 'binary_f1_score': 0.10765551}
confusion matrix:
       0    1
0  18001  148
1    598   45
---- Test Domain (oracle): 
scalar performance:
{'acc': 0.9199115, 'precision': 0.87904984, 'recall': 0.6865684, 'specificity': 0.6865684, 'f1': 0.740602, 'auroc': 0.8121978, 'binary_precision': 0.8333333, 'binary_recall': 0.38314176, 'binary_specificity': 0.989995, 'binary_f1_score': 0.5249344}
confusion matrix:
      0    1
0  5937   60
1   483  300
t-SNE plot saved as /localscratch/sina.wendrich/tsne/t-SNE_Test_center0_21507357_12.png
new oracle model saved
early stop counter: 11
val acc:0.9603022336959839, best validation acc: 0.9657832980155945, corresponding to test acc:                         0.884513258934021 / 0.9199115037918091
after epoch: 12,now: 2024-06-19 21:57:01.375869,epoch time: 0:30:38.062238,used: 8:03:40.347392,model: dset_te_center0_erm_b44271c83_not_commited_2024md_06md_19_13_53_20_seed_0_21507357
working direcotry: /ictstr01/groups/aih/sina.wendrich/MA_code/MA_thesis/DomainLab
epoch: 13
---- Training Domain: 
scalar performance:
{'acc': 0.9635488, 'precision': 0.9290403, 'recall': 0.84652436, 'specificity': 0.84652436, 'f1': 0.88227427, 'auroc': 0.96277714, 'binary_precision': 0.88847476, 'binary_recall': 0.7022434, 'binary_specificity': 0.9908053, 'binary_f1_score': 0.7844576}
confusion matrix:
       0     1
0  41918   389
1   1314  3099
---- Validation: 
scalar performance:
{'acc': 0.9586526, 'precision': 0.59799564, 'recall': 0.5383114, 'specificity': 0.5383114, 'f1': 0.5524049, 'auroc': 0.67097324, 'binary_precision': 0.22764228, 'binary_recall': 0.08709176, 'binary_specificity': 0.9895311, 'binary_f1_score': 0.12598427}
confusion matrix:
       0    1
0  17959  190
1    587   56
---- Test Domain (oracle): 
scalar performance:
{'acc': 0.9179941, 'precision': 0.8504548, 'recall': 0.69714355, 'specificity': 0.69714355, 'f1': 0.7454583, 'auroc': 0.8112261, 'binary_precision': 0.773494, 'binary_recall': 0.4099617, 'binary_specificity': 0.98432547, 'binary_f1_score': 0.53589314}
confusion matrix:
      0    1
0  5903   94
1   462  321
t-SNE plot saved as /localscratch/sina.wendrich/tsne/t-SNE_Test_center0_21507357_13.png
early stop counter: 12
val acc:0.9586526155471802, best validation acc: 0.9657832980155945, corresponding to test acc:                         0.884513258934021 / 0.9199115037918091
after epoch: 13,now: 2024-06-19 22:31:17.647208,epoch time: 0:34:16.271339,used: 8:37:56.618731,model: dset_te_center0_erm_b44271c83_not_commited_2024md_06md_19_13_53_20_seed_0_21507357
working direcotry: /ictstr01/groups/aih/sina.wendrich/MA_code/MA_thesis/DomainLab
epoch: 14
---- Training Domain: 
