Failed to import backpack: cannot import name '_grad_input_padding' from 'torch.nn.grad' (/home/aih/sina.wendrich/miniconda3/envs/domainlab_py310/lib/python3.10/site-packages/torch/nn/grad.py)
before experiment loop: 
|===========================================================================|
|                  PyTorch CUDA memory summary, device ID 0                 |
|---------------------------------------------------------------------------|
|            CUDA OOMs: 0            |        cudaMalloc retries: 0         |
|===========================================================================|
|        Metric         | Cur Usage  | Peak Usage | Tot Alloc  | Tot Freed  |
|---------------------------------------------------------------------------|
| Allocated memory      |      0 B   |      0 B   |      0 B   |      0 B   |
|       from large pool |      0 B   |      0 B   |      0 B   |      0 B   |
|       from small pool |      0 B   |      0 B   |      0 B   |      0 B   |
|---------------------------------------------------------------------------|
| Active memory         |      0 B   |      0 B   |      0 B   |      0 B   |
|       from large pool |      0 B   |      0 B   |      0 B   |      0 B   |
|       from small pool |      0 B   |      0 B   |      0 B   |      0 B   |
|---------------------------------------------------------------------------|
| Requested memory      |      0 B   |      0 B   |      0 B   |      0 B   |
|       from large pool |      0 B   |      0 B   |      0 B   |      0 B   |
|       from small pool |      0 B   |      0 B   |      0 B   |      0 B   |
|---------------------------------------------------------------------------|
| GPU reserved memory   |      0 B   |      0 B   |      0 B   |      0 B   |
|       from large pool |      0 B   |      0 B   |      0 B   |      0 B   |
|       from small pool |      0 B   |      0 B   |      0 B   |      0 B   |
|---------------------------------------------------------------------------|
| Non-releasable memory |      0 B   |      0 B   |      0 B   |      0 B   |
|       from large pool |      0 B   |      0 B   |      0 B   |      0 B   |
|       from small pool |      0 B   |      0 B   |      0 B   |      0 B   |
|---------------------------------------------------------------------------|
| Allocations           |       0    |       0    |       0    |       0    |
|       from large pool |       0    |       0    |       0    |       0    |
|       from small pool |       0    |       0    |       0    |       0    |
|---------------------------------------------------------------------------|
| Active allocs         |       0    |       0    |       0    |       0    |
|       from large pool |       0    |       0    |       0    |       0    |
|       from small pool |       0    |       0    |       0    |       0    |
|---------------------------------------------------------------------------|
| GPU reserved segments |       0    |       0    |       0    |       0    |
|       from large pool |       0    |       0    |       0    |       0    |
|       from small pool |       0    |       0    |       0    |       0    |
|---------------------------------------------------------------------------|
| Non-releasable allocs |       0    |       0    |       0    |       0    |
|       from large pool |       0    |       0    |       0    |       0    |
|       from small pool |       0    |       0    |       0    |       0    |
|---------------------------------------------------------------------------|
| Oversize allocations  |       0    |       0    |       0    |       0    |
|---------------------------------------------------------------------------|
| Oversize GPU segments |       0    |       0    |       0    |       0    |
|===========================================================================|

before experiment starts
|===========================================================================|
|                  PyTorch CUDA memory summary, device ID 0                 |
|---------------------------------------------------------------------------|
|            CUDA OOMs: 0            |        cudaMalloc retries: 0         |
|===========================================================================|
|        Metric         | Cur Usage  | Peak Usage | Tot Alloc  | Tot Freed  |
|---------------------------------------------------------------------------|
| Allocated memory      |      0 B   |      0 B   |      0 B   |      0 B   |
|       from large pool |      0 B   |      0 B   |      0 B   |      0 B   |
|       from small pool |      0 B   |      0 B   |      0 B   |      0 B   |
|---------------------------------------------------------------------------|
| Active memory         |      0 B   |      0 B   |      0 B   |      0 B   |
|       from large pool |      0 B   |      0 B   |      0 B   |      0 B   |
|       from small pool |      0 B   |      0 B   |      0 B   |      0 B   |
|---------------------------------------------------------------------------|
| Requested memory      |      0 B   |      0 B   |      0 B   |      0 B   |
|       from large pool |      0 B   |      0 B   |      0 B   |      0 B   |
|       from small pool |      0 B   |      0 B   |      0 B   |      0 B   |
|---------------------------------------------------------------------------|
| GPU reserved memory   |      0 B   |      0 B   |      0 B   |      0 B   |
|       from large pool |      0 B   |      0 B   |      0 B   |      0 B   |
|       from small pool |      0 B   |      0 B   |      0 B   |      0 B   |
|---------------------------------------------------------------------------|
| Non-releasable memory |      0 B   |      0 B   |      0 B   |      0 B   |
|       from large pool |      0 B   |      0 B   |      0 B   |      0 B   |
|       from small pool |      0 B   |      0 B   |      0 B   |      0 B   |
|---------------------------------------------------------------------------|
| Allocations           |       0    |       0    |       0    |       0    |
|       from large pool |       0    |       0    |       0    |       0    |
|       from small pool |       0    |       0    |       0    |       0    |
|---------------------------------------------------------------------------|
| Active allocs         |       0    |       0    |       0    |       0    |
|       from large pool |       0    |       0    |       0    |       0    |
|       from small pool |       0    |       0    |       0    |       0    |
|---------------------------------------------------------------------------|
| GPU reserved segments |       0    |       0    |       0    |       0    |
|       from large pool |       0    |       0    |       0    |       0    |
|       from small pool |       0    |       0    |       0    |       0    |
|---------------------------------------------------------------------------|
| Non-releasable allocs |       0    |       0    |       0    |       0    |
|       from large pool |       0    |       0    |       0    |       0    |
|       from small pool |       0    |       0    |       0    |       0    |
|---------------------------------------------------------------------------|
| Oversize allocations  |       0    |       0    |       0    |       0    |
|---------------------------------------------------------------------------|
| Oversize GPU segments |       0    |       0    |       0    |       0    |
|===========================================================================|


overriding args.task None to dset


using device: cuda:0




!!!: not committed yet



b'44271c83'
model name: dset_te_center0_erm_b44271c83_not_commited_2024md_06md_19_13_30_36_seed_0_21507259

 Experiment start at: 2024-06-19 13:30:36.129861
before training, model accuracy: 0.31622418761253357
epoch: 1
---- Training Domain: 
scalar performance:
{'acc': 0.9055223, 'precision': 0.45276114, 'recall': 0.5, 'specificity': 0.5, 'f1': 0.47520947, 'auroc': 0.5535052, 'binary_precision': 0.0, 'binary_recall': 0.0, 'binary_specificity': 1.0, 'binary_f1_score': 0.0}
confusion matrix:
       0  1
0  42306  0
1   4414  0
---- Validation: 
scalar performance:
{'acc': 0.9657833, 'precision': 0.48289165, 'recall': 0.5, 'specificity': 0.5, 'f1': 0.49129692, 'auroc': 0.3305213, 'binary_precision': 0.0, 'binary_recall': 0.0, 'binary_specificity': 1.0, 'binary_f1_score': 0.0}
confusion matrix:
       0  1
0  18149  0
1    643  0
---- Test Domain (oracle): 
scalar performance:
{'acc': 0.88451326, 'precision': 0.44225663, 'recall': 0.5, 'specificity': 0.5, 'f1': 0.469359, 'auroc': 0.2812658, 'binary_precision': 0.0, 'binary_recall': 0.0, 'binary_specificity': 1.0, 'binary_f1_score': 0.0}
confusion matrix:
      0  1
0  5997  0
1   783  0
t-SNE plot saved as /localscratch/sina.wendrich/tsne/t-SNE_Test_center0_21507259_1.png
new oracle model saved
better model found
persisted
after epoch: 1,now: 2024-06-19 14:27:36.874304,epoch time: 0:57:00.744443,used: 0:57:00.744443,model: dset_te_center0_erm_b44271c83_not_commited_2024md_06md_19_13_30_36_seed_0_21507259
working direcotry: /ictstr01/groups/aih/sina.wendrich/MA_code/MA_thesis/DomainLab
epoch: 2
---- Training Domain: 
scalar performance:
{'acc': 0.9055223, 'precision': 0.9527601, 'recall': 0.50011325, 'specificity': 0.50011325, 'f1': 0.4754354, 'auroc': 0.77936584, 'binary_precision': 1.0, 'binary_recall': 0.00022650056, 'binary_specificity': 1.0, 'binary_f1_score': 0.00045289853}
confusion matrix:
       0  1
0  42305  0
1   4414  1
---- Validation: 
scalar performance:
{'acc': 0.9657833, 'precision': 0.48289165, 'recall': 0.5, 'specificity': 0.5, 'f1': 0.49129692, 'auroc': 0.37709314, 'binary_precision': 0.0, 'binary_recall': 0.0, 'binary_specificity': 1.0, 'binary_f1_score': 0.0}
confusion matrix:
       0  1
0  18149  0
1    643  0
---- Test Domain (oracle): 
scalar performance:
{'acc': 0.88451326, 'precision': 0.44225663, 'recall': 0.5, 'specificity': 0.5, 'f1': 0.469359, 'auroc': 0.4410879, 'binary_precision': 0.0, 'binary_recall': 0.0, 'binary_specificity': 1.0, 'binary_f1_score': 0.0}
confusion matrix:
      0  1
0  5997  0
1   783  0
t-SNE plot saved as /localscratch/sina.wendrich/tsne/t-SNE_Test_center0_21507259_2.png
early stop counter: 1
val acc:0.9657832980155945, best validation acc: 0.9657832980155945, corresponding to test acc:                         0.884513258934021 / 0.884513258934021
after epoch: 2,now: 2024-06-19 15:25:39.682589,epoch time: 0:58:02.808285,used: 1:55:03.552728,model: dset_te_center0_erm_b44271c83_not_commited_2024md_06md_19_13_30_36_seed_0_21507259
working direcotry: /ictstr01/groups/aih/sina.wendrich/MA_code/MA_thesis/DomainLab
epoch: 3
---- Training Domain: 
scalar performance:
{'acc': 0.910381, 'precision': 0.94247234, 'recall': 0.52632236, 'specificity': 0.52632236, 'f1': 0.5264963, 'auroc': 0.8833152, 'binary_precision': 0.9748954, 'binary_recall': 0.05278659, 'binary_specificity': 0.9998582, 'binary_f1_score': 0.100150436}
confusion matrix:
       0    1
0  42300    6
1   4181  233
---- Validation: 
scalar performance:
{'acc': 0.9657833, 'precision': 0.48289165, 'recall': 0.5, 'specificity': 0.5, 'f1': 0.49129692, 'auroc': 0.46685982, 'binary_precision': 0.0, 'binary_recall': 0.0, 'binary_specificity': 1.0, 'binary_f1_score': 0.0}
confusion matrix:
       0  1
0  18149  0
1    643  0
---- Test Domain (oracle): 
scalar performance:
{'acc': 0.88451326, 'precision': 0.44225663, 'recall': 0.5, 'specificity': 0.5, 'f1': 0.469359, 'auroc': 0.6507781, 'binary_precision': 0.0, 'binary_recall': 0.0, 'binary_specificity': 1.0, 'binary_f1_score': 0.0}
confusion matrix:
      0  1
0  5997  0
1   783  0
t-SNE plot saved as /localscratch/sina.wendrich/tsne/t-SNE_Test_center0_21507259_3.png
early stop counter: 2
val acc:0.9657832980155945, best validation acc: 0.9657832980155945, corresponding to test acc:                         0.884513258934021 / 0.884513258934021
after epoch: 3,now: 2024-06-19 16:17:46.425338,epoch time: 0:52:06.742749,used: 2:47:10.295477,model: dset_te_center0_erm_b44271c83_not_commited_2024md_06md_19_13_30_36_seed_0_21507259
working direcotry: /ictstr01/groups/aih/sina.wendrich/MA_code/MA_thesis/DomainLab
epoch: 4
---- Training Domain: 
scalar performance:
{'acc': 0.92833906, 'precision': 0.94705117, 'recall': 0.6246075, 'specificity': 0.6246075, 'f1': 0.67965627, 'auroc': 0.9147645, 'binary_precision': 0.96672505, 'binary_recall': 0.25011328, 'binary_specificity': 0.99910176, 'binary_f1_score': 0.3974082}
confusion matrix:
       0     1
0  42268    38
1   3310  1104
---- Validation: 
scalar performance:
{'acc': 0.9655172, 'precision': 0.4828871, 'recall': 0.49986225, 'specificity': 0.49986225, 'f1': 0.49122804, 'auroc': 0.5216321, 'binary_precision': 0.0, 'binary_recall': 0.0, 'binary_specificity': 0.9997245, 'binary_f1_score': 0.0}
confusion matrix:
       0  1
0  18144  5
1    643  0
---- Test Domain (oracle): 
scalar performance:
{'acc': 0.8861357, 'precision': 0.9045708, 'recall': 0.50757945, 'specificity': 0.50757945, 'f1': 0.4848341, 'auroc': 0.72020686, 'binary_precision': 0.9230769, 'binary_recall': 0.01532567, 'binary_specificity': 0.9998332, 'binary_f1_score': 0.030150753}
confusion matrix:
      0   1
0  5996   1
1   771  12
t-SNE plot saved as /localscratch/sina.wendrich/tsne/t-SNE_Test_center0_21507259_4.png
new oracle model saved
early stop counter: 3
val acc:0.9655172228813171, best validation acc: 0.9657832980155945, corresponding to test acc:                         0.884513258934021 / 0.8861356973648071
after epoch: 4,now: 2024-06-19 17:02:59.202619,epoch time: 0:45:12.777281,used: 3:32:23.072758,model: dset_te_center0_erm_b44271c83_not_commited_2024md_06md_19_13_30_36_seed_0_21507259
working direcotry: /ictstr01/groups/aih/sina.wendrich/MA_code/MA_thesis/DomainLab
epoch: 5
---- Training Domain: 
scalar performance:
{'acc': 0.94407105, 'precision': 0.9484196, 'recall': 0.7133808, 'specificity': 0.7133808, 'f1': 0.7808174, 'auroc': 0.9317262, 'binary_precision': 0.9531722, 'binary_recall': 0.4289599, 'binary_specificity': 0.9978018, 'binary_f1_score': 0.591655}
confusion matrix:
       0     1
0  42214    93
1   2520  1893
---- Validation: 
scalar performance:
{'acc': 0.964453, 'precision': 0.5435742, 'recall': 0.50231147, 'specificity': 0.50231147, 'f1': 0.49686763, 'auroc': 0.58927023, 'binary_precision': 0.121212125, 'binary_recall': 0.00622084, 'binary_specificity': 0.9984021, 'binary_f1_score': 0.01183432}
confusion matrix:
       0   1
0  18120  29
1    639   4
---- Test Domain (oracle): 
scalar performance:
{'acc': 0.899115, 'precision': 0.88322043, 'recall': 0.5732119, 'specificity': 0.5732119, 'f1': 0.6003983, 'auroc': 0.777834, 'binary_precision': 0.8666667, 'binary_recall': 0.14942528, 'binary_specificity': 0.9969985, 'binary_f1_score': 0.25490195}
confusion matrix:
      0    1
0  5979   18
1   666  117
t-SNE plot saved as /localscratch/sina.wendrich/tsne/t-SNE_Test_center0_21507259_5.png
new oracle model saved
early stop counter: 4
val acc:0.9644529819488525, best validation acc: 0.9657832980155945, corresponding to test acc:                         0.884513258934021 / 0.8991150259971619
after epoch: 5,now: 2024-06-19 17:49:57.161456,epoch time: 0:46:57.958837,used: 4:19:21.031595,model: dset_te_center0_erm_b44271c83_not_commited_2024md_06md_19_13_30_36_seed_0_21507259
working direcotry: /ictstr01/groups/aih/sina.wendrich/MA_code/MA_thesis/DomainLab
epoch: 6
---- Training Domain: 
scalar performance:
{'acc': 0.9530608, 'precision': 0.94181925, 'recall': 0.76999784, 'specificity': 0.76999784, 'f1': 0.8305608, 'auroc': 0.9413836, 'binary_precision': 0.92917955, 'binary_recall': 0.544321, 'binary_specificity': 0.99567467, 'binary_f1_score': 0.68649036}
confusion matrix:
       0     1
0  42126   183
1   2010  2401
---- Validation: 
scalar performance:
{'acc': 0.9616326, 'precision': 0.5456443, 'recall': 0.50760186, 'specificity': 0.50760186, 'f1': 0.5076166, 'auroc': 0.61903846, 'binary_precision': 0.125, 'binary_recall': 0.02021773, 'binary_specificity': 0.99498594, 'binary_f1_score': 0.03480589}
confusion matrix:
       0   1
0  18058  91
1    630  13
---- Test Domain (oracle): 
scalar performance:
{'acc': 0.9123894, 'precision': 0.8843592, 'recall': 0.64234227, 'specificity': 0.64234227, 'f1': 0.6934019, 'auroc': 0.7976632, 'binary_precision': 0.85393256, 'binary_recall': 0.29118773, 'binary_specificity': 0.9934968, 'binary_f1_score': 0.43428573}
confusion matrix:
      0    1
0  5958   39
1   555  228
t-SNE plot saved as /localscratch/sina.wendrich/tsne/t-SNE_Test_center0_21507259_6.png
new oracle model saved
early stop counter: 5
val acc:0.9616326093673706, best validation acc: 0.9657832980155945, corresponding to test acc:                         0.884513258934021 / 0.9123893976211548
after epoch: 6,now: 2024-06-19 18:28:32.700134,epoch time: 0:38:35.538678,used: 4:57:56.570273,model: dset_te_center0_erm_b44271c83_not_commited_2024md_06md_19_13_30_36_seed_0_21507259
working direcotry: /ictstr01/groups/aih/sina.wendrich/MA_code/MA_thesis/DomainLab
epoch: 7
---- Training Domain: 
scalar performance:
{'acc': 0.95648545, 'precision': 0.9291332, 'recall': 0.800756, 'specificity': 0.800756, 'f1': 0.8509497, 'auroc': 0.94069374, 'binary_precision': 0.89776146, 'binary_recall': 0.6087449, 'binary_specificity': 0.992767, 'binary_f1_score': 0.72552985}
confusion matrix:
       0     1
0  42000   306
1   1727  2687
---- Validation: 
scalar performance:
{'acc': 0.9604619, 'precision': 0.56675786, 'recall': 0.5159964, 'specificity': 0.5159964, 'f1': 0.5214282, 'auroc': 0.6159983, 'binary_precision': 0.16666667, 'binary_recall': 0.038880248, 'binary_specificity': 0.99311256, 'binary_f1_score': 0.0630517}
confusion matrix:
       0    1
0  18024  125
1    618   25
---- Test Domain (oracle): 
scalar performance:
{'acc': 0.9144543, 'precision': 0.87762606, 'recall': 0.6568342, 'specificity': 0.6568342, 'f1': 0.7092277, 'auroc': 0.7966026, 'binary_precision': 0.8372093, 'binary_recall': 0.3218391, 'binary_specificity': 0.9918293, 'binary_f1_score': 0.46494466}
confusion matrix:
      0    1
0  5948   49
1   531  252
t-SNE plot saved as /localscratch/sina.wendrich/tsne/t-SNE_Test_center0_21507259_7.png
new oracle model saved
early stop counter: 6
val acc:0.9604619145393372, best validation acc: 0.9657832980155945, corresponding to test acc:                         0.884513258934021 / 0.9144542813301086
after epoch: 7,now: 2024-06-19 18:57:49.177268,epoch time: 0:29:16.477134,used: 5:27:13.047407,model: dset_te_center0_erm_b44271c83_not_commited_2024md_06md_19_13_30_36_seed_0_21507259
working direcotry: /ictstr01/groups/aih/sina.wendrich/MA_code/MA_thesis/DomainLab
epoch: 8
---- Training Domain: 
scalar performance:
{'acc': 0.95714897, 'precision': 0.9243879, 'recall': 0.80917966, 'specificity': 0.80917966, 'f1': 0.8555184, 'auroc': 0.95007324, 'binary_precision': 0.8865748, 'binary_recall': 0.62672704, 'binary_specificity': 0.9916322, 'binary_f1_score': 0.7343418}
confusion matrix:
       0     1
0  41951   354
1   1648  2767
---- Validation: 
scalar performance:
{'acc': 0.959983, 'precision': 0.57034314, 'recall': 0.5187487, 'specificity': 0.5187487, 'f1': 0.52557784, 'auroc': 0.64836544, 'binary_precision': 0.1736527, 'binary_recall': 0.045101088, 'binary_specificity': 0.9923963, 'binary_f1_score': 0.07160494}
confusion matrix:
       0    1
0  18011  138
1    614   29
---- Test Domain (oracle): 
scalar performance:
{'acc': 0.91858405, 'precision': 0.8816954, 'recall': 0.6774901, 'specificity': 0.6774901, 'f1': 0.73182064, 'auroc': 0.8115808, 'binary_precision': 0.84070796, 'binary_recall': 0.36398467, 'binary_specificity': 0.9909955, 'binary_f1_score': 0.5080214}
confusion matrix:
      0    1
0  5943   54
1   498  285
t-SNE plot saved as /localscratch/sina.wendrich/tsne/t-SNE_Test_center0_21507259_8.png
new oracle model saved
early stop counter: 7
val acc:0.9599829912185669, best validation acc: 0.9657832980155945, corresponding to test acc:                         0.884513258934021 / 0.9185840487480164
after epoch: 8,now: 2024-06-19 19:26:58.520905,epoch time: 0:29:09.343637,used: 5:56:22.391044,model: dset_te_center0_erm_b44271c83_not_commited_2024md_06md_19_13_30_36_seed_0_21507259
working direcotry: /ictstr01/groups/aih/sina.wendrich/MA_code/MA_thesis/DomainLab
epoch: 9
---- Training Domain: 
scalar performance:
{'acc': 0.9588827, 'precision': 0.9269402, 'recall': 0.81815004, 'specificity': 0.81815004, 'f1': 0.8626431, 'auroc': 0.94855595, 'binary_precision': 0.8899312, 'binary_recall': 0.6446206, 'binary_specificity': 0.9916795, 'binary_f1_score': 0.74766845}
confusion matrix:
       0     1
0  41953   352
1   1569  2846
---- Validation: 
scalar performance:
{'acc': 0.9596637, 'precision': 0.596404, 'recall': 0.5320844, 'specificity': 0.5320844, 'f1': 0.54484636, 'auroc': 0.68018174, 'binary_precision': 0.22488038, 'binary_recall': 0.07309487, 'binary_specificity': 0.9910739, 'binary_f1_score': 0.11032864}
confusion matrix:
       0    1
0  17987  162
1    596   47
---- Test Domain (oracle): 
scalar performance:
{'acc': 0.9237463, 'precision': 0.88098353, 'recall': 0.7070576, 'specificity': 0.7070576, 'f1': 0.76060224, 'auroc': 0.82640874, 'binary_precision': 0.8325, 'binary_recall': 0.42528737, 'binary_specificity': 0.98882776, 'binary_f1_score': 0.56297547}
confusion matrix:
      0    1
0  5930   67
1   450  333
t-SNE plot saved as /localscratch/sina.wendrich/tsne/t-SNE_Test_center0_21507259_9.png
new oracle model saved
early stop counter: 8
val acc:0.9596636891365051, best validation acc: 0.9657832980155945, corresponding to test acc:                         0.884513258934021 / 0.9237462878227234
after epoch: 9,now: 2024-06-19 19:55:58.402319,epoch time: 0:28:59.881414,used: 6:25:22.272458,model: dset_te_center0_erm_b44271c83_not_commited_2024md_06md_19_13_30_36_seed_0_21507259
working direcotry: /ictstr01/groups/aih/sina.wendrich/MA_code/MA_thesis/DomainLab
epoch: 10
---- Training Domain: 
scalar performance:
{'acc': 0.9625, 'precision': 0.92195475, 'recall': 0.8470267, 'specificity': 0.8470267, 'f1': 0.8798933, 'auroc': 0.9620855, 'binary_precision': 0.87412196, 'binary_recall': 0.70464325, 'binary_specificity': 0.9894102, 'binary_f1_score': 0.78028595}
confusion matrix:
       0     1
0  41857   448
1   1304  3111
---- Validation: 
scalar performance:
{'acc': 0.95843977, 'precision': 0.5994812, 'recall': 0.5404514, 'specificity': 0.5404514, 'f1': 0.5549838, 'auroc': 0.69317305, 'binary_precision': 0.23046875, 'binary_recall': 0.09175739, 'binary_specificity': 0.9891454, 'binary_f1_score': 0.13125695}
confusion matrix:
       0    1
0  17952  197
1    584   59
---- Test Domain (oracle): 
scalar performance:
{'acc': 0.92728615, 'precision': 0.8831823, 'recall': 0.7257144, 'specificity': 0.7257144, 'f1': 0.777811, 'auroc': 0.8294294, 'binary_precision': 0.8325688, 'binary_recall': 0.46360153, 'binary_specificity': 0.98782724, 'binary_f1_score': 0.59557015}
confusion matrix:
      0    1
0  5924   73
1   420  363
t-SNE plot saved as /localscratch/sina.wendrich/tsne/t-SNE_Test_center0_21507259_10.png
new oracle model saved
early stop counter: 9
val acc:0.9584397673606873, best validation acc: 0.9657832980155945, corresponding to test acc:                         0.884513258934021 / 0.9272861480712891
after epoch: 10,now: 2024-06-19 20:25:36.180957,epoch time: 0:29:37.778638,used: 6:55:00.051096,model: dset_te_center0_erm_b44271c83_not_commited_2024md_06md_19_13_30_36_seed_0_21507259
working direcotry: /ictstr01/groups/aih/sina.wendrich/MA_code/MA_thesis/DomainLab
epoch: 11
---- Training Domain: 
scalar performance:
{'acc': 0.9605522, 'precision': 0.9150234, 'recall': 0.8411819, 'specificity': 0.8411819, 'f1': 0.8735542, 'auroc': 0.9542545, 'binary_precision': 0.8613221, 'binary_recall': 0.69401634, 'binary_specificity': 0.98834735, 'binary_f1_score': 0.7686708}
confusion matrix:
       0     1
0  41815   493
1   1350  3062
---- Validation: 
scalar performance:
{'acc': 0.9571626, 'precision': 0.5985484, 'recall': 0.5465407, 'specificity': 0.5465407, 'f1': 0.5612792, 'auroc': 0.67212087, 'binary_precision': 0.22818792, 'binary_recall': 0.10575428, 'binary_specificity': 0.9873271, 'binary_f1_score': 0.14452711}
confusion matrix:
       0    1
0  17919  230
1    575   68
---- Test Domain (oracle): 
scalar performance:
{'acc': 0.9234513, 'precision': 0.8596188, 'recall': 0.7235466, 'specificity': 0.7235466, 'f1': 0.77049446, 'auroc': 0.83119845, 'binary_precision': 0.78571427, 'binary_recall': 0.46360153, 'binary_specificity': 0.9834917, 'binary_f1_score': 0.58313257}
confusion matrix:
      0    1
0  5898   99
1   420  363
t-SNE plot saved as /localscratch/sina.wendrich/tsne/t-SNE_Test_center0_21507259_11.png
early stop counter: 10
val acc:0.957162618637085, best validation acc: 0.9657832980155945, corresponding to test acc:                         0.884513258934021 / 0.9272861480712891
after epoch: 11,now: 2024-06-19 20:55:22.786597,epoch time: 0:29:46.605640,used: 7:24:46.656736,model: dset_te_center0_erm_b44271c83_not_commited_2024md_06md_19_13_30_36_seed_0_21507259
working direcotry: /ictstr01/groups/aih/sina.wendrich/MA_code/MA_thesis/DomainLab
epoch: 12
---- Training Domain: 
scalar performance:
{'acc': 0.9623716, 'precision': 0.90981615, 'recall': 0.86034477, 'specificity': 0.86034477, 'f1': 0.8830596, 'auroc': 0.9597616, 'binary_precision': 0.84695745, 'binary_recall': 0.73454136, 'binary_specificity': 0.98614824, 'binary_f1_score': 0.786754}
confusion matrix:
       0     1
0  41719   586
1   1172  3243
---- Validation: 
scalar performance:
{'acc': 0.95466155, 'precision': 0.5931213, 'recall': 0.55424654, 'specificity': 0.55424654, 'f1': 0.56740314, 'auroc': 0.6966807, 'binary_precision': 0.21680216, 'binary_recall': 0.1244168, 'binary_specificity': 0.98407626, 'binary_f1_score': 0.15810277}
confusion matrix:
       0    1
0  17860  289
1    563   80
---- Test Domain (oracle): 
scalar performance:
{'acc': 0.9278761, 'precision': 0.85810155, 'recall': 0.7543628, 'specificity': 0.7543628, 'f1': 0.7943802, 'auroc': 0.8388933, 'binary_precision': 0.7752809, 'binary_recall': 0.52873564, 'binary_specificity': 0.97999, 'binary_f1_score': 0.62870157}
confusion matrix:
      0    1
0  5877  120
1   369  414
t-SNE plot saved as /localscratch/sina.wendrich/tsne/t-SNE_Test_center0_21507259_12.png
new oracle model saved
early stop counter: 11
val acc:0.9546615481376648, best validation acc: 0.9657832980155945, corresponding to test acc:                         0.884513258934021 / 0.9278761148452759
after epoch: 12,now: 2024-06-19 21:26:22.954834,epoch time: 0:31:00.168237,used: 7:55:46.824973,model: dset_te_center0_erm_b44271c83_not_commited_2024md_06md_19_13_30_36_seed_0_21507259
working direcotry: /ictstr01/groups/aih/sina.wendrich/MA_code/MA_thesis/DomainLab
epoch: 13
---- Training Domain: 
scalar performance:
{'acc': 0.9651969, 'precision': 0.9329216, 'recall': 0.853454, 'specificity': 0.853454, 'f1': 0.8881494, 'auroc': 0.958248, 'binary_precision': 0.89490086, 'binary_recall': 0.7156774, 'binary_specificity': 0.99123055, 'binary_f1_score': 0.7953172}
confusion matrix:
       0     1
0  41935   371
1   1255  3159
---- Validation: 
scalar performance:
{'acc': 0.95796084, 'precision': 0.6091671, 'recall': 0.55070424, 'specificity': 0.55070424, 'f1': 0.56721324, 'auroc': 0.69896126, 'binary_precision': 0.24914676, 'binary_recall': 0.11353032, 'binary_specificity': 0.98787814, 'binary_f1_score': 0.1559829}
confusion matrix:
       0    1
0  17929  220
1    570   73
---- Test Domain (oracle): 
scalar performance:
{'acc': 0.9278761, 'precision': 0.8667881, 'recall': 0.7443693, 'specificity': 0.7443693, 'f1': 0.78922147, 'auroc': 0.8378827, 'binary_precision': 0.79518074, 'binary_recall': 0.50574714, 'binary_specificity': 0.9829915, 'binary_f1_score': 0.618267}
confusion matrix:
      0    1
0  5895  102
1   387  396
t-SNE plot saved as /localscratch/sina.wendrich/tsne/t-SNE_Test_center0_21507259_13.png
early stop counter: 12
val acc:0.957960844039917, best validation acc: 0.9657832980155945, corresponding to test acc:                         0.884513258934021 / 0.9278761148452759
after epoch: 13,now: 2024-06-19 21:56:58.695503,epoch time: 0:30:35.740669,used: 8:26:22.565642,model: dset_te_center0_erm_b44271c83_not_commited_2024md_06md_19_13_30_36_seed_0_21507259
working direcotry: /ictstr01/groups/aih/sina.wendrich/MA_code/MA_thesis/DomainLab
epoch: 14
---- Training Domain: 
scalar performance:
{'acc': 0.9615154, 'precision': 0.89367384, 'recall': 0.8769629, 'specificity': 0.8769629, 'f1': 0.88508487, 'auroc': 0.96212626, 'binary_precision': 0.8109394, 'binary_recall': 0.772717, 'binary_specificity': 0.9812088, 'binary_f1_score': 0.79136693}
confusion matrix:
       0     1
0  41512   795
1   1003  3410
---- Validation: 
scalar performance:
{'acc': 0.9551405, 'precision': 0.6089244, 'recall': 0.5679955, 'specificity': 0.5679955, 'f1': 0.58278775, 'auroc': 0.7162906, 'binary_precision': 0.24747474, 'binary_recall': 0.15241058, 'binary_specificity': 0.98358035, 'binary_f1_score': 0.18864293}
confusion matrix:
       0    1
0  17851  298
1    545   98
---- Test Domain (oracle): 
scalar performance:
{'acc': 0.9278761, 'precision': 0.8530319, 'recall': 0.7610252, 'specificity': 0.7610252, 'f1': 0.79766357, 'auroc': 0.8422086, 'binary_precision': 0.76344085, 'binary_recall': 0.5440613, 'binary_specificity': 0.977989, 'binary_f1_score': 0.6353468}
confusion matrix:
      0    1
0  5865  132
1   357  426
t-SNE plot saved as /localscratch/sina.wendrich/tsne/t-SNE_Test_center0_21507259_14.png
early stop counter: 13
val acc:0.9551404714584351, best validation acc: 0.9657832980155945, corresponding to test acc:                         0.884513258934021 / 0.9278761148452759
after epoch: 14,now: 2024-06-19 22:31:16.705592,epoch time: 0:34:18.010089,used: 9:00:40.575731,model: dset_te_center0_erm_b44271c83_not_commited_2024md_06md_19_13_30_36_seed_0_21507259
working direcotry: /ictstr01/groups/aih/sina.wendrich/MA_code/MA_thesis/DomainLab
epoch: 15
---- Training Domain: 
