Failed to import backpack: cannot import name '_grad_input_padding' from 'torch.nn.grad' (/home/aih/sina.wendrich/miniconda3/envs/domainlab_py310/lib/python3.10/site-packages/torch/nn/grad.py)
before experiment loop: 
|===========================================================================|
|                  PyTorch CUDA memory summary, device ID 0                 |
|---------------------------------------------------------------------------|
|            CUDA OOMs: 0            |        cudaMalloc retries: 0         |
|===========================================================================|
|        Metric         | Cur Usage  | Peak Usage | Tot Alloc  | Tot Freed  |
|---------------------------------------------------------------------------|
| Allocated memory      |      0 B   |      0 B   |      0 B   |      0 B   |
|       from large pool |      0 B   |      0 B   |      0 B   |      0 B   |
|       from small pool |      0 B   |      0 B   |      0 B   |      0 B   |
|---------------------------------------------------------------------------|
| Active memory         |      0 B   |      0 B   |      0 B   |      0 B   |
|       from large pool |      0 B   |      0 B   |      0 B   |      0 B   |
|       from small pool |      0 B   |      0 B   |      0 B   |      0 B   |
|---------------------------------------------------------------------------|
| Requested memory      |      0 B   |      0 B   |      0 B   |      0 B   |
|       from large pool |      0 B   |      0 B   |      0 B   |      0 B   |
|       from small pool |      0 B   |      0 B   |      0 B   |      0 B   |
|---------------------------------------------------------------------------|
| GPU reserved memory   |      0 B   |      0 B   |      0 B   |      0 B   |
|       from large pool |      0 B   |      0 B   |      0 B   |      0 B   |
|       from small pool |      0 B   |      0 B   |      0 B   |      0 B   |
|---------------------------------------------------------------------------|
| Non-releasable memory |      0 B   |      0 B   |      0 B   |      0 B   |
|       from large pool |      0 B   |      0 B   |      0 B   |      0 B   |
|       from small pool |      0 B   |      0 B   |      0 B   |      0 B   |
|---------------------------------------------------------------------------|
| Allocations           |       0    |       0    |       0    |       0    |
|       from large pool |       0    |       0    |       0    |       0    |
|       from small pool |       0    |       0    |       0    |       0    |
|---------------------------------------------------------------------------|
| Active allocs         |       0    |       0    |       0    |       0    |
|       from large pool |       0    |       0    |       0    |       0    |
|       from small pool |       0    |       0    |       0    |       0    |
|---------------------------------------------------------------------------|
| GPU reserved segments |       0    |       0    |       0    |       0    |
|       from large pool |       0    |       0    |       0    |       0    |
|       from small pool |       0    |       0    |       0    |       0    |
|---------------------------------------------------------------------------|
| Non-releasable allocs |       0    |       0    |       0    |       0    |
|       from large pool |       0    |       0    |       0    |       0    |
|       from small pool |       0    |       0    |       0    |       0    |
|---------------------------------------------------------------------------|
| Oversize allocations  |       0    |       0    |       0    |       0    |
|---------------------------------------------------------------------------|
| Oversize GPU segments |       0    |       0    |       0    |       0    |
|===========================================================================|

before experiment starts
|===========================================================================|
|                  PyTorch CUDA memory summary, device ID 0                 |
|---------------------------------------------------------------------------|
|            CUDA OOMs: 0            |        cudaMalloc retries: 0         |
|===========================================================================|
|        Metric         | Cur Usage  | Peak Usage | Tot Alloc  | Tot Freed  |
|---------------------------------------------------------------------------|
| Allocated memory      |      0 B   |      0 B   |      0 B   |      0 B   |
|       from large pool |      0 B   |      0 B   |      0 B   |      0 B   |
|       from small pool |      0 B   |      0 B   |      0 B   |      0 B   |
|---------------------------------------------------------------------------|
| Active memory         |      0 B   |      0 B   |      0 B   |      0 B   |
|       from large pool |      0 B   |      0 B   |      0 B   |      0 B   |
|       from small pool |      0 B   |      0 B   |      0 B   |      0 B   |
|---------------------------------------------------------------------------|
| Requested memory      |      0 B   |      0 B   |      0 B   |      0 B   |
|       from large pool |      0 B   |      0 B   |      0 B   |      0 B   |
|       from small pool |      0 B   |      0 B   |      0 B   |      0 B   |
|---------------------------------------------------------------------------|
| GPU reserved memory   |      0 B   |      0 B   |      0 B   |      0 B   |
|       from large pool |      0 B   |      0 B   |      0 B   |      0 B   |
|       from small pool |      0 B   |      0 B   |      0 B   |      0 B   |
|---------------------------------------------------------------------------|
| Non-releasable memory |      0 B   |      0 B   |      0 B   |      0 B   |
|       from large pool |      0 B   |      0 B   |      0 B   |      0 B   |
|       from small pool |      0 B   |      0 B   |      0 B   |      0 B   |
|---------------------------------------------------------------------------|
| Allocations           |       0    |       0    |       0    |       0    |
|       from large pool |       0    |       0    |       0    |       0    |
|       from small pool |       0    |       0    |       0    |       0    |
|---------------------------------------------------------------------------|
| Active allocs         |       0    |       0    |       0    |       0    |
|       from large pool |       0    |       0    |       0    |       0    |
|       from small pool |       0    |       0    |       0    |       0    |
|---------------------------------------------------------------------------|
| GPU reserved segments |       0    |       0    |       0    |       0    |
|       from large pool |       0    |       0    |       0    |       0    |
|       from small pool |       0    |       0    |       0    |       0    |
|---------------------------------------------------------------------------|
| Non-releasable allocs |       0    |       0    |       0    |       0    |
|       from large pool |       0    |       0    |       0    |       0    |
|       from small pool |       0    |       0    |       0    |       0    |
|---------------------------------------------------------------------------|
| Oversize allocations  |       0    |       0    |       0    |       0    |
|---------------------------------------------------------------------------|
| Oversize GPU segments |       0    |       0    |       0    |       0    |
|===========================================================================|


overriding args.task None to dset


using device: cuda:0




!!!: not committed yet



b'44271c83'
model name: dset_te_center0_erm_b44271c83_not_commited_2024md_06md_24_00_50_08_seed_0_21553114

 Experiment start at: 2024-06-24 00:50:08.496760
before training, model accuracy: 0.3804730176925659
epoch: 1
---- Training Domain: 
scalar performance:
{'acc': 0.9653843, 'precision': 0.48269215, 'recall': 0.5, 'specificity': 0.5, 'f1': 0.49119368, 'auroc': 0.6414424, 'binary_precision': 0.0, 'binary_recall': 0.0, 'binary_specificity': 1.0, 'binary_f1_score': 0.0}
confusion matrix:
        0  1
0  193324  0
1    6932  0
---- Validation: 
scalar performance:
{'acc': 0.96476674, 'precision': 0.48238337, 'recall': 0.5, 'specificity': 0.5, 'f1': 0.49103373, 'auroc': 0.63320345, 'binary_precision': 0.0, 'binary_recall': 0.0, 'binary_specificity': 1.0, 'binary_f1_score': 0.0}
confusion matrix:
       0  1
0  82804  0
1   3024  0
---- Test Domain (oracle): 
scalar performance:
{'acc': 0.9653843, 'precision': 0.48269215, 'recall': 0.5, 'specificity': 0.5, 'f1': 0.49119368, 'auroc': 0.64154375, 'binary_precision': 0.0, 'binary_recall': 0.0, 'binary_specificity': 1.0, 'binary_f1_score': 0.0}
confusion matrix:
       0  1
0  48331  0
1   1733  0
t-SNE plot saved as /localscratch/sina.wendrich/tsne/t-SNE_Test_center0_21553114_1.png
new oracle model saved
better model found
persisted
after epoch: 1,now: 2024-06-24 03:08:11.972356,epoch time: 2:18:03.475596,used: 2:18:03.475596,model: dset_te_center0_erm_b44271c83_not_commited_2024md_06md_24_00_50_08_seed_0_21553114
working direcotry: /ictstr01/groups/aih/sina.wendrich/MA_code/MA_thesis/DomainLab
epoch: 2
---- Training Domain: 
scalar performance:
{'acc': 0.9654492, 'precision': 0.9493925, 'recall': 0.5010072, 'specificity': 0.5010072, 'f1': 0.4932251, 'auroc': 0.8382596, 'binary_precision': 0.93333334, 'binary_recall': 0.002019619, 'binary_specificity': 0.9999948, 'binary_f1_score': 0.0040305164}
confusion matrix:
        0   1
0  193323   1
1    6918  14
---- Validation: 
scalar performance:
{'acc': 0.96476674, 'precision': 0.48238337, 'recall': 0.5, 'specificity': 0.5, 'f1': 0.49103373, 'auroc': 0.84452915, 'binary_precision': 0.0, 'binary_recall': 0.0, 'binary_specificity': 1.0, 'binary_f1_score': 0.0}
confusion matrix:
       0  1
0  82804  0
1   3024  0
---- Test Domain (oracle): 
scalar performance:
{'acc': 0.96546423, 'precision': 0.98273075, 'recall': 0.50115407, 'specificity': 0.50115407, 'f1': 0.49351645, 'auroc': 0.83058405, 'binary_precision': 1.0, 'binary_recall': 0.002308136, 'binary_specificity': 1.0, 'binary_f1_score': 0.0046056416}
confusion matrix:
       0  1
0  48331  0
1   1729  4
t-SNE plot saved as /localscratch/sina.wendrich/tsne/t-SNE_Test_center0_21553114_2.png
new oracle model saved
early stop counter: 1
val acc:0.9647667407989502, best validation acc: 0.9647667407989502, corresponding to test acc:                         0.965384304523468 / 0.9654642343521118
after epoch: 2,now: 2024-06-24 05:12:54.786593,epoch time: 2:04:42.814237,used: 4:22:46.289833,model: dset_te_center0_erm_b44271c83_not_commited_2024md_06md_24_00_50_08_seed_0_21553114
working direcotry: /ictstr01/groups/aih/sina.wendrich/MA_code/MA_thesis/DomainLab
epoch: 3
---- Training Domain: 
scalar performance:
{'acc': 0.96619326, 'precision': 0.8496791, 'recall': 0.5181524, 'specificity': 0.5181524, 'f1': 0.52641934, 'auroc': 0.8640349, 'binary_precision': 0.73275864, 'binary_recall': 0.03678592, 'binary_specificity': 0.99951893, 'binary_f1_score': 0.07005495}
confusion matrix:
        0    1
0  193231   93
1    6677  255
---- Validation: 
scalar performance:
{'acc': 0.96513957, 'precision': 0.83269346, 'recall': 0.5091143, 'specificity': 0.5091143, 'f1': 0.50916564, 'auroc': 0.8630196, 'binary_precision': 0.7, 'binary_recall': 0.018518519, 'binary_specificity': 0.99971014, 'binary_f1_score': 0.036082473}
confusion matrix:
       0   1
0  82780  24
1   2968  56
---- Test Domain (oracle): 
scalar performance:
{'acc': 0.9662432, 'precision': 0.8597736, 'recall': 0.51824784, 'specificity': 0.51824784, 'f1': 0.5266082, 'auroc': 0.8691462, 'binary_precision': 0.7529412, 'binary_recall': 0.036930177, 'binary_specificity': 0.9995655, 'binary_f1_score': 0.07040704}
confusion matrix:
       0   1
0  48310  21
1   1669  64
t-SNE plot saved as /localscratch/sina.wendrich/tsne/t-SNE_Test_center0_21553114_3.png
new oracle model saved
better model found
persisted
after epoch: 3,now: 2024-06-24 07:18:06.942925,epoch time: 2:05:12.156332,used: 6:27:58.446165,model: dset_te_center0_erm_b44271c83_not_commited_2024md_06md_24_00_50_08_seed_0_21553114
working direcotry: /ictstr01/groups/aih/sina.wendrich/MA_code/MA_thesis/DomainLab
epoch: 4
---- Training Domain: 
scalar performance:
{'acc': 0.9668774, 'precision': 0.796309, 'recall': 0.5532087, 'specificity': 0.5532087, 'f1': 0.5841652, 'auroc': 0.8861204, 'binary_precision': 0.6236559, 'binary_recall': 0.108770914, 'binary_specificity': 0.99764645, 'binary_f1_score': 0.18523522}
confusion matrix:
        0    1
0  192869  455
1    6178  754
---- Validation: 
scalar performance:
{'acc': 0.9664445, 'precision': 0.8490368, 'recall': 0.53719115, 'specificity': 0.53719115, 'f1': 0.5597902, 'auroc': 0.88300693, 'binary_precision': 0.7307692, 'binary_recall': 0.07539683, 'binary_specificity': 0.9989855, 'binary_f1_score': 0.13669065}
confusion matrix:
       0    1
0  82720   84
1   2796  228
---- Test Domain (oracle): 
scalar performance:
{'acc': 0.96676254, 'precision': 0.79138637, 'recall': 0.55245376, 'specificity': 0.55245376, 'f1': 0.5828738, 'auroc': 0.888776, 'binary_precision': 0.6138614, 'binary_recall': 0.10732833, 'binary_specificity': 0.9975792, 'binary_f1_score': 0.18271118}
confusion matrix:
       0    1
0  48214  117
1   1547  186
t-SNE plot saved as /localscratch/sina.wendrich/tsne/t-SNE_Test_center0_21553114_4.png
new oracle model saved
better model found
persisted
after epoch: 4,now: 2024-06-24 09:23:22.728723,epoch time: 2:05:15.785798,used: 8:33:14.231963,model: dset_te_center0_erm_b44271c83_not_commited_2024md_06md_24_00_50_08_seed_0_21553114
working direcotry: /ictstr01/groups/aih/sina.wendrich/MA_code/MA_thesis/DomainLab
epoch: 5
---- Training Domain: 
scalar performance:
{'acc': 0.9670372, 'precision': 0.7905708, 'recall': 0.564001, 'specificity': 0.564001, 'f1': 0.59945935, 'auroc': 0.8962083, 'binary_precision': 0.6114478, 'binary_recall': 0.13098674, 'binary_specificity': 0.99701536, 'binary_f1_score': 0.21575384}
confusion matrix:
        0    1
0  192747  577
1    6024  908
---- Validation: 
scalar performance:
{'acc': 0.9663047, 'precision': 0.81718016, 'recall': 0.5428537, 'specificity': 0.5428537, 'f1': 0.5685979, 'auroc': 0.88388807, 'binary_precision': 0.6666667, 'binary_recall': 0.08730159, 'binary_specificity': 0.9984059, 'binary_f1_score': 0.15438595}
confusion matrix:
       0    1
0  82672  132
1   2760  264
---- Test Domain (oracle): 
scalar performance:
{'acc': 0.9661034, 'precision': 0.76022565, 'recall': 0.55405957, 'specificity': 0.55405957, 'f1': 0.58400065, 'auroc': 0.8989296, 'binary_precision': 0.55142856, 'binary_recall': 0.11136757, 'binary_specificity': 0.99675155, 'binary_f1_score': 0.18530965}
confusion matrix:
       0    1
0  48174  157
1   1540  193
t-SNE plot saved as /localscratch/sina.wendrich/tsne/t-SNE_Test_center0_21553114_5.png
early stop counter: 1
val acc:0.9663047194480896, best validation acc: 0.9664444923400879, corresponding to test acc:                         0.9667625427246094 / 0.9667625427246094
after epoch: 5,now: 2024-06-24 11:58:27.313745,epoch time: 2:35:04.585022,used: 11:08:18.816985,model: dset_te_center0_erm_b44271c83_not_commited_2024md_06md_24_00_50_08_seed_0_21553114
working direcotry: /ictstr01/groups/aih/sina.wendrich/MA_code/MA_thesis/DomainLab
epoch: 6
---- Training Domain: 
scalar performance:
{'acc': 0.967197, 'precision': 0.78538346, 'recall': 0.576532, 'specificity': 0.576532, 'f1': 0.61594427, 'auroc': 0.8996717, 'binary_precision': 0.60022086, 'binary_recall': 0.156809, 'binary_specificity': 0.996255, 'binary_f1_score': 0.24865605}
confusion matrix:
        0     1
0  192600   724
1    5845  1087
---- Validation: 
scalar performance:
{'acc': 0.96691054, 'precision': 0.8214823, 'recall': 0.55782384, 'specificity': 0.55782384, 'f1': 0.59177804, 'auroc': 0.8961392, 'binary_precision': 0.67424244, 'binary_recall': 0.117724866, 'binary_specificity': 0.9979228, 'binary_f1_score': 0.20045047}
confusion matrix:
       0    1
0  82632  172
1   2668  356
---- Test Domain (oracle): 
scalar performance:
{'acc': 0.967222, 'precision': 0.7861607, 'recall': 0.57661444, 'specificity': 0.57661444, 'f1': 0.6161078, 'auroc': 0.9041467, 'binary_precision': 0.6017699, 'binary_recall': 0.15695326, 'binary_specificity': 0.99627566, 'binary_f1_score': 0.24897024}
confusion matrix:
       0    1
0  48151  180
1   1461  272
t-SNE plot saved as /localscratch/sina.wendrich/tsne/t-SNE_Test_center0_21553114_6.png
new oracle model saved
better model found
persisted
after epoch: 6,now: 2024-06-24 14:21:17.542316,epoch time: 2:22:50.228571,used: 13:31:09.045556,model: dset_te_center0_erm_b44271c83_not_commited_2024md_06md_24_00_50_08_seed_0_21553114
working direcotry: /ictstr01/groups/aih/sina.wendrich/MA_code/MA_thesis/DomainLab
epoch: 7
---- Training Domain: 
scalar performance:
{'acc': 0.967197, 'precision': 0.77574724, 'recall': 0.5925964, 'specificity': 0.5925964, 'f1': 0.63478935, 'auroc': 0.90409863, 'binary_precision': 0.57985044, 'binary_recall': 0.19013272, 'binary_specificity': 0.9950601, 'binary_f1_score': 0.2863661}
confusion matrix:
        0     1
0  192369   955
1    5614  1318
---- Validation: 
scalar performance:
{'acc': 0.9672834, 'precision': 0.8191381, 'recall': 0.5694871, 'specificity': 0.5694871, 'f1': 0.6084547, 'auroc': 0.90285206, 'binary_precision': 0.66875, 'binary_recall': 0.14153439, 'binary_specificity': 0.99743974, 'binary_f1_score': 0.23362444}
confusion matrix:
       0    1
0  82592  212
1   2596  428
---- Test Domain (oracle): 
scalar performance:
{'acc': 0.96670264, 'precision': 0.76541257, 'recall': 0.586916, 'specificity': 0.586916, 'f1': 0.62702984, 'auroc': 0.8997322, 'binary_precision': 0.5595668, 'binary_recall': 0.17888056, 'binary_specificity': 0.9949515, 'binary_f1_score': 0.2710975}
confusion matrix:
       0    1
0  48087  244
1   1423  310
t-SNE plot saved as /localscratch/sina.wendrich/tsne/t-SNE_Test_center0_21553114_7.png
better model found
persisted
after epoch: 7,now: 2024-06-24 17:06:21.668183,epoch time: 2:45:04.125867,used: 16:16:13.171423,model: dset_te_center0_erm_b44271c83_not_commited_2024md_06md_24_00_50_08_seed_0_21553114
working direcotry: /ictstr01/groups/aih/sina.wendrich/MA_code/MA_thesis/DomainLab
epoch: 8
---- Training Domain: 
scalar performance:
{'acc': 0.96783614, 'precision': 0.7753993, 'recall': 0.62978524, 'specificity': 0.62978524, 'f1': 0.6740527, 'auroc': 0.91344166, 'binary_precision': 0.57659906, 'binary_recall': 0.26658973, 'binary_specificity': 0.9929807, 'binary_f1_score': 0.36460492}
confusion matrix:
        0     1
0  191967  1357
1    5084  1848
---- Validation: 
scalar performance:
{'acc': 0.9674232, 'precision': 0.80168533, 'recall': 0.588039, 'specificity': 0.588039, 'f1': 0.63172907, 'auroc': 0.90787446, 'binary_precision': 0.63255817, 'binary_recall': 0.17989418, 'binary_specificity': 0.99618375, 'binary_f1_score': 0.2801236}
confusion matrix:
       0    1
0  82488  316
1   2480  544
---- Test Domain (oracle): 
scalar performance:
{'acc': 0.967222, 'precision': 0.7650827, 'recall': 0.6277981, 'specificity': 0.6277981, 'f1': 0.6702045, 'auroc': 0.91064584, 'binary_precision': 0.55609757, 'binary_recall': 0.26312754, 'binary_specificity': 0.9924686, 'binary_f1_score': 0.3572268}
confusion matrix:
       0    1
0  47967  364
1   1277  456
t-SNE plot saved as /localscratch/sina.wendrich/tsne/t-SNE_Test_center0_21553114_8.png
better model found
persisted
after epoch: 8,now: 2024-06-24 21:24:26.294702,epoch time: 4:18:04.626519,used: 20:34:17.797942,model: dset_te_center0_erm_b44271c83_not_commited_2024md_06md_24_00_50_08_seed_0_21553114
working direcotry: /ictstr01/groups/aih/sina.wendrich/MA_code/MA_thesis/DomainLab
epoch: 9
---- Training Domain: 
scalar performance:
{'acc': 0.96762645, 'precision': 0.7701522, 'recall': 0.6355877, 'specificity': 0.6355877, 'f1': 0.67847323, 'auroc': 0.9126971, 'binary_precision': 0.5657009, 'binary_recall': 0.2788517, 'binary_specificity': 0.99232376, 'binary_f1_score': 0.37356263}
confusion matrix:
        0     1
0  191840  1484
1    4999  1933
---- Validation: 
scalar performance:
{'acc': 0.96756303, 'precision': 0.7936337, 'recall': 0.60340476, 'specificity': 0.60340476, 'f1': 0.64917445, 'auroc': 0.9136863, 'binary_precision': 0.61538464, 'binary_recall': 0.21164021, 'binary_specificity': 0.99516934, 'binary_f1_score': 0.31496063}
confusion matrix:
       0    1
0  82404  400
1   2384  640
---- Test Domain (oracle): 
scalar performance:
{'acc': 0.96838045, 'precision': 0.78197134, 'recall': 0.63952494, 'specificity': 0.63952494, 'f1': 0.6845078, 'auroc': 0.9129878, 'binary_precision': 0.58907366, 'binary_recall': 0.2862089, 'binary_specificity': 0.992841, 'binary_f1_score': 0.38524273}
confusion matrix:
       0    1
0  47985  346
1   1237  496
t-SNE plot saved as /localscratch/sina.wendrich/tsne/t-SNE_Test_center0_21553114_9.png
new oracle model saved
better model found
persisted
after epoch: 9,now: 2024-06-24 23:46:06.998673,epoch time: 2:21:40.703971,used: 22:55:58.501913,model: dset_te_center0_erm_b44271c83_not_commited_2024md_06md_24_00_50_08_seed_0_21553114
working direcotry: /ictstr01/groups/aih/sina.wendrich/MA_code/MA_thesis/DomainLab
epoch: 10
---- Training Domain: 
scalar performance:
{'acc': 0.9676364, 'precision': 0.7708186, 'recall': 0.63357615, 'specificity': 0.63357615, 'f1': 0.6767478, 'auroc': 0.90942883, 'binary_precision': 0.56717306, 'binary_recall': 0.27466822, 'binary_specificity': 0.9924841, 'binary_f1_score': 0.370104}
confusion matrix:
        0     1
0  191871  1453
1    5028  1904
---- Validation: 
scalar performance:
{'acc': 0.96770287, 'precision': 0.7963327, 'recall': 0.60475165, 'specificity': 0.60475165, 'f1': 0.6510218, 'auroc': 0.9111138, 'binary_precision': 0.62068963, 'binary_recall': 0.21428572, 'binary_specificity': 0.9952176, 'binary_f1_score': 0.31858405}
confusion matrix:
       0    1
0  82408  396
1   2376  648
---- Test Domain (oracle): 
scalar performance:
{'acc': 0.967961, 'precision': 0.77526784, 'recall': 0.6376387, 'specificity': 0.6376387, 'f1': 0.68140656, 'auroc': 0.9083077, 'binary_precision': 0.5757932, 'binary_recall': 0.28274667, 'binary_specificity': 0.9925307, 'binary_f1_score': 0.37925696}
confusion matrix:
       0    1
0  47970  361
1   1243  490
t-SNE plot saved as /localscratch/sina.wendrich/tsne/t-SNE_Test_center0_21553114_10.png
better model found
persisted
after epoch: 10,now: 2024-06-25 02:16:49.588430,epoch time: 2:30:42.589757,used: 1 day, 1:26:41.091670,model: dset_te_center0_erm_b44271c83_not_commited_2024md_06md_24_00_50_08_seed_0_21553114
working direcotry: /ictstr01/groups/aih/sina.wendrich/MA_code/MA_thesis/DomainLab
epoch: 11
---- Training Domain: 
scalar performance:
{'acc': 0.96769637, 'precision': 0.7763747, 'recall': 0.61879456, 'specificity': 0.61879456, 'f1': 0.6633781, 'auroc': 0.915146, 'binary_precision': 0.579308, 'binary_recall': 0.24394114, 'binary_specificity': 0.993648, 'binary_f1_score': 0.34331542}
confusion matrix:
        0     1
0  192096  1228
1    5241  1691
---- Validation: 
scalar performance:
{'acc': 0.96765625, 'precision': 0.81132364, 'recall': 0.5862481, 'specificity': 0.5862481, 'f1': 0.6302707, 'auroc': 0.90780723, 'binary_precision': 0.6519608, 'binary_recall': 0.17592593, 'binary_specificity': 0.9965702, 'binary_f1_score': 0.27708334}
confusion matrix:
       0    1
0  82520  284
1   2492  532
---- Test Domain (oracle): 
scalar performance:
{'acc': 0.9686801, 'precision': 0.79536206, 'recall': 0.62271166, 'specificity': 0.62271166, 'f1': 0.67039955, 'auroc': 0.9146733, 'binary_precision': 0.61702126, 'binary_recall': 0.25100982, 'binary_specificity': 0.9944135, 'binary_f1_score': 0.35684988}
confusion matrix:
       0    1
0  48061  270
1   1298  435
t-SNE plot saved as /localscratch/sina.wendrich/tsne/t-SNE_Test_center0_21553114_11.png
new oracle model saved
early stop counter: 1
val acc:0.9676562547683716, best validation acc: 0.9677028656005859, corresponding to test acc:                         0.9679610133171082 / 0.9686800837516785
after epoch: 11,now: 2024-06-25 04:45:39.606534,epoch time: 2:28:50.018104,used: 1 day, 3:55:31.109774,model: dset_te_center0_erm_b44271c83_not_commited_2024md_06md_24_00_50_08_seed_0_21553114
working direcotry: /ictstr01/groups/aih/sina.wendrich/MA_code/MA_thesis/DomainLab
epoch: 12
---- Training Domain: 
scalar performance:
{'acc': 0.9677313, 'precision': 0.7719207, 'recall': 0.6355725, 'specificity': 0.6355725, 'f1': 0.67881984, 'auroc': 0.9134617, 'binary_precision': 0.56923985, 'binary_recall': 0.27870744, 'binary_specificity': 0.99243754, 'binary_f1_score': 0.37420103}
confusion matrix:
        0     1
0  191862  1462
1    5000  1932
---- Validation: 
scalar performance:
{'acc': 0.9680291, 'precision': 0.7996435, 'recall': 0.6119302, 'specificity': 0.6119302, 'f1': 0.659446, 'auroc': 0.9104059, 'binary_precision': 0.6268116, 'binary_recall': 0.22883599, 'binary_specificity': 0.9950244, 'binary_f1_score': 0.33527133}
confusion matrix:
       0    1
0  82392  412
1   2332  692
---- Test Domain (oracle): 
scalar performance:
{'acc': 0.9670622, 'precision': 0.7620399, 'recall': 0.6296625, 'specificity': 0.6296625, 'f1': 0.671354, 'auroc': 0.90996754, 'binary_precision': 0.5498812, 'binary_recall': 0.26716676, 'binary_specificity': 0.99215823, 'binary_f1_score': 0.35961166}
confusion matrix:
       0    1
0  47952  379
1   1270  463
t-SNE plot saved as /localscratch/sina.wendrich/tsne/t-SNE_Test_center0_21553114_12.png
better model found
persisted
after epoch: 12,now: 2024-06-25 07:09:33.400750,epoch time: 2:23:53.794216,used: 1 day, 6:19:24.903990,model: dset_te_center0_erm_b44271c83_not_commited_2024md_06md_24_00_50_08_seed_0_21553114
working direcotry: /ictstr01/groups/aih/sina.wendrich/MA_code/MA_thesis/DomainLab
epoch: 13
---- Training Domain: 
scalar performance:
{'acc': 0.9682407, 'precision': 0.80145603, 'recall': 0.5973095, 'specificity': 0.5973095, 'f1': 0.643038, 'auroc': 0.91848505, 'binary_precision': 0.63095236, 'binary_recall': 0.19878823, 'binary_specificity': 0.99583083, 'binary_f1_score': 0.30232558}
confusion matrix:
        0     1
0  192518   806
1    5554  1378
---- Validation: 
scalar performance:
{'acc': 0.96695715, 'precision': 0.82405645, 'recall': 0.557848, 'specificity': 0.557848, 'f1': 0.5919032, 'auroc': 0.90784514, 'binary_precision': 0.6793893, 'binary_recall': 0.117724866, 'binary_specificity': 0.9979711, 'binary_f1_score': 0.20067644}
confusion matrix:
       0    1
0  82636  168
1   2668  356
---- Test Domain (oracle): 
scalar performance:
{'acc': 0.96854025, 'precision': 0.80764216, 'recall': 0.6003855, 'specificity': 0.6003855, 'f1': 0.6473124, 'auroc': 0.9192784, 'binary_precision': 0.64311594, 'binary_recall': 0.20484708, 'binary_specificity': 0.99592394, 'binary_f1_score': 0.31072208}
confusion matrix:
       0    1
0  48134  197
1   1378  355
t-SNE plot saved as /localscratch/sina.wendrich/tsne/t-SNE_Test_center0_21553114_13.png
early stop counter: 1
val acc:0.966957151889801, best validation acc: 0.9680290818214417, corresponding to test acc:                         0.9670621752738953 / 0.9686800837516785
after epoch: 13,now: 2024-06-25 09:33:55.777715,epoch time: 2:24:22.376965,used: 1 day, 8:43:47.280955,model: dset_te_center0_erm_b44271c83_not_commited_2024md_06md_24_00_50_08_seed_0_21553114
working direcotry: /ictstr01/groups/aih/sina.wendrich/MA_code/MA_thesis/DomainLab
epoch: 14
---- Training Domain: 
scalar performance:
{'acc': 0.96858025, 'precision': 0.77956915, 'recall': 0.6579877, 'specificity': 0.6579877, 'f1': 0.7003073, 'auroc': 0.91874635, 'binary_precision': 0.58298755, 'binary_recall': 0.32429314, 'binary_specificity': 0.99168235, 'binary_f1_score': 0.41675934}
confusion matrix:
        0     1
0  191716  1608
1    4684  2248
---- Validation: 
scalar performance:
{'acc': 0.9689612, 'precision': 0.8163279, 'recall': 0.62069714, 'specificity': 0.62069714, 'f1': 0.67123866, 'auroc': 0.9074114, 'binary_precision': 0.65957445, 'binary_recall': 0.24603175, 'binary_specificity': 0.9953625, 'binary_f1_score': 0.35838148}
confusion matrix:
       0    1
0  82420  384
1   2280  744
---- Test Domain (oracle): 
scalar performance:
{'acc': 0.9681408, 'precision': 0.7743455, 'recall': 0.6521967, 'specificity': 0.6521967, 'f1': 0.69413054, 'auroc': 0.92349386, 'binary_precision': 0.5729387, 'binary_recall': 0.31275246, 'binary_specificity': 0.991641, 'binary_f1_score': 0.40462857}
confusion matrix:
       0    1
0  47927  404
1   1191  542
t-SNE plot saved as /localscratch/sina.wendrich/tsne/t-SNE_Test_center0_21553114_14.png
better model found
persisted
after epoch: 14,now: 2024-06-25 11:54:06.775495,epoch time: 2:20:10.997780,used: 1 day, 11:03:58.278735,model: dset_te_center0_erm_b44271c83_not_commited_2024md_06md_24_00_50_08_seed_0_21553114
working direcotry: /ictstr01/groups/aih/sina.wendrich/MA_code/MA_thesis/DomainLab
epoch: 15
---- Training Domain: 
scalar performance:
{'acc': 0.96819574, 'precision': 0.7746366, 'recall': 0.65445054, 'specificity': 0.65445054, 'f1': 0.6961193, 'auroc': 0.920493, 'binary_precision': 0.5733646, 'binary_recall': 0.31736872, 'binary_specificity': 0.9915323, 'binary_f1_score': 0.40858015}
confusion matrix:
        0     1
0  191687  1637
1    4732  2200
---- Validation: 
scalar performance:
{'acc': 0.9682621, 'precision': 0.8054291, 'recall': 0.61205095, 'specificity': 0.61205095, 'f1': 0.6603228, 'auroc': 0.91494155, 'binary_precision': 0.63837636, 'binary_recall': 0.22883599, 'binary_specificity': 0.9952659, 'binary_f1_score': 0.3369036}
confusion matrix:
       0    1
0  82412  392
1   2332  692
---- Test Domain (oracle): 
scalar performance:
{'acc': 0.9688998, 'precision': 0.7833799, 'recall': 0.6617695, 'specificity': 0.6617695, 'f1': 0.70442116, 'auroc': 0.9185617, 'binary_precision': 0.5903491, 'binary_recall': 0.3317946, 'binary_specificity': 0.99174446, 'binary_f1_score': 0.42482454}
confusion matrix:
       0    1
0  47932  399
1   1158  575
t-SNE plot saved as /localscratch/sina.wendrich/tsne/t-SNE_Test_center0_21553114_15.png
new oracle model saved
early stop counter: 1
val acc:0.9682620763778687, best validation acc: 0.9689611792564392, corresponding to test acc:                         0.9681407809257507 / 0.9688997864723206
after epoch: 15,now: 2024-06-25 14:01:38.045549,epoch time: 2:07:31.270054,used: 1 day, 13:11:29.548789,model: dset_te_center0_erm_b44271c83_not_commited_2024md_06md_24_00_50_08_seed_0_21553114
working direcotry: /ictstr01/groups/aih/sina.wendrich/MA_code/MA_thesis/DomainLab
epoch: 16
---- Training Domain: 
scalar performance:
{'acc': 0.9680309, 'precision': 0.7698502, 'recall': 0.6661179, 'specificity': 0.6661179, 'f1': 0.7044362, 'auroc': 0.9210639, 'binary_precision': 0.5629753, 'binary_recall': 0.34174842, 'binary_specificity': 0.99048746, 'binary_f1_score': 0.4253142}
confusion matrix:
        0     1
0  191485  1839
1    4563  2369
---- Validation: 
scalar performance:
{'acc': 0.9679825, 'precision': 0.79381394, 'recall': 0.6195527, 'specificity': 0.6195527, 'f1': 0.6668171, 'auroc': 0.9181242, 'binary_precision': 0.61461794, 'binary_recall': 0.244709, 'binary_specificity': 0.9943964, 'binary_f1_score': 0.35004732}
confusion matrix:
       0    1
0  82340  464
1   2284  740
---- Test Domain (oracle): 
scalar performance:
{'acc': 0.9674816, 'precision': 0.7630068, 'recall': 0.66326034, 'specificity': 0.66326034, 'f1': 0.7002985, 'auroc': 0.9202887, 'binary_precision': 0.54948163, 'binary_recall': 0.33641085, 'binary_specificity': 0.99010986, 'binary_f1_score': 0.41732284}
confusion matrix:
       0    1
0  47853  478
1   1150  583
t-SNE plot saved as /localscratch/sina.wendrich/tsne/t-SNE_Test_center0_21553114_16.png
early stop counter: 2
val acc:0.9679824709892273, best validation acc: 0.9689611792564392, corresponding to test acc:                         0.9681407809257507 / 0.9688997864723206
after epoch: 16,now: 2024-06-25 16:05:35.285780,epoch time: 2:03:57.240231,used: 1 day, 15:15:26.789020,model: dset_te_center0_erm_b44271c83_not_commited_2024md_06md_24_00_50_08_seed_0_21553114
working direcotry: /ictstr01/groups/aih/sina.wendrich/MA_code/MA_thesis/DomainLab
epoch: 17
---- Training Domain: 
scalar performance:
{'acc': 0.9682157, 'precision': 0.77769315, 'recall': 0.644099, 'specificity': 0.644099, 'f1': 0.68778986, 'auroc': 0.9206077, 'binary_precision': 0.58019805, 'binary_recall': 0.2958742, 'binary_specificity': 0.99232376, 'binary_f1_score': 0.39189833}
confusion matrix:
        0     1
0  191840  1484
1    4881  2051
---- Validation: 
scalar performance:
{'acc': 0.96733004, 'precision': 0.7936436, 'recall': 0.5943629, 'specificity': 0.5943629, 'f1': 0.6386682, 'auroc': 0.9120593, 'binary_precision': 0.61603373, 'binary_recall': 0.19312169, 'binary_specificity': 0.9956041, 'binary_f1_score': 0.29405838}
confusion matrix:
       0    1
0  82440  364
1   2440  584
---- Test Domain (oracle): 
scalar performance:
{'acc': 0.9688798, 'precision': 0.78544605, 'recall': 0.65424854, 'specificity': 0.65424854, 'f1': 0.6984889, 'auroc': 0.9213846, 'binary_precision': 0.59500545, 'binary_recall': 0.31621465, 'binary_specificity': 0.9922824, 'binary_f1_score': 0.41296157}
confusion matrix:
       0    1
0  47958  373
1   1185  548
t-SNE plot saved as /localscratch/sina.wendrich/tsne/t-SNE_Test_center0_21553114_17.png
early stop counter: 3
val acc:0.9673300385475159, best validation acc: 0.9689611792564392, corresponding to test acc:                         0.9681407809257507 / 0.9688997864723206
after epoch: 17,now: 2024-06-25 19:46:41.986621,epoch time: 3:41:06.700841,used: 1 day, 18:56:33.489861,model: dset_te_center0_erm_b44271c83_not_commited_2024md_06md_24_00_50_08_seed_0_21553114
working direcotry: /ictstr01/groups/aih/sina.wendrich/MA_code/MA_thesis/DomainLab
epoch: 18
---- Training Domain: 
scalar performance:
{'acc': 0.9682407, 'precision': 0.77775896, 'recall': 0.6452942, 'specificity': 0.6452942, 'f1': 0.68887395, 'auroc': 0.92049444, 'binary_precision': 0.5802469, 'binary_recall': 0.2983266, 'binary_specificity': 0.9922617, 'binary_f1_score': 0.3940549}
confusion matrix:
        0     1
0  191828  1496
1    4864  2068
---- Validation: 
scalar performance:
{'acc': 0.9679825, 'precision': 0.8229115, 'recall': 0.58641714, 'specificity': 0.58641714, 'f1': 0.6313731, 'auroc': 0.9197837, 'binary_precision': 0.6751269, 'binary_recall': 0.17592593, 'binary_specificity': 0.99690837, 'binary_f1_score': 0.27911857}
confusion matrix:
       0    1
0  82548  256
1   2492  532
---- Test Domain (oracle): 
scalar performance:
{'acc': 0.9686202, 'precision': 0.7821541, 'recall': 0.6513323, 'specificity': 0.6513323, 'f1': 0.695191, 'auroc': 0.92413723, 'binary_precision': 0.58862144, 'binary_recall': 0.31044433, 'binary_specificity': 0.99222034, 'binary_f1_score': 0.40649796}
confusion matrix:
       0    1
0  47955  376
1   1195  538
t-SNE plot saved as /localscratch/sina.wendrich/tsne/t-SNE_Test_center0_21553114_18.png
early stop counter: 4
val acc:0.9679824709892273, best validation acc: 0.9689611792564392, corresponding to test acc:                         0.9681407809257507 / 0.9688997864723206
after epoch: 18,now: 2024-06-25 22:35:08.309178,epoch time: 2:48:26.322557,used: 1 day, 21:44:59.812418,model: dset_te_center0_erm_b44271c83_not_commited_2024md_06md_24_00_50_08_seed_0_21553114
working direcotry: /ictstr01/groups/aih/sina.wendrich/MA_code/MA_thesis/DomainLab
epoch: 19
---- Training Domain: 
