Failed to import backpack: cannot import name '_grad_input_padding' from 'torch.nn.grad' (/home/aih/sina.wendrich/miniconda3/envs/domainlab_py310/lib/python3.10/site-packages/torch/nn/grad.py)
before experiment loop: 
|===========================================================================|
|                  PyTorch CUDA memory summary, device ID 0                 |
|---------------------------------------------------------------------------|
|            CUDA OOMs: 0            |        cudaMalloc retries: 0         |
|===========================================================================|
|        Metric         | Cur Usage  | Peak Usage | Tot Alloc  | Tot Freed  |
|---------------------------------------------------------------------------|
| Allocated memory      |      0 B   |      0 B   |      0 B   |      0 B   |
|       from large pool |      0 B   |      0 B   |      0 B   |      0 B   |
|       from small pool |      0 B   |      0 B   |      0 B   |      0 B   |
|---------------------------------------------------------------------------|
| Active memory         |      0 B   |      0 B   |      0 B   |      0 B   |
|       from large pool |      0 B   |      0 B   |      0 B   |      0 B   |
|       from small pool |      0 B   |      0 B   |      0 B   |      0 B   |
|---------------------------------------------------------------------------|
| Requested memory      |      0 B   |      0 B   |      0 B   |      0 B   |
|       from large pool |      0 B   |      0 B   |      0 B   |      0 B   |
|       from small pool |      0 B   |      0 B   |      0 B   |      0 B   |
|---------------------------------------------------------------------------|
| GPU reserved memory   |      0 B   |      0 B   |      0 B   |      0 B   |
|       from large pool |      0 B   |      0 B   |      0 B   |      0 B   |
|       from small pool |      0 B   |      0 B   |      0 B   |      0 B   |
|---------------------------------------------------------------------------|
| Non-releasable memory |      0 B   |      0 B   |      0 B   |      0 B   |
|       from large pool |      0 B   |      0 B   |      0 B   |      0 B   |
|       from small pool |      0 B   |      0 B   |      0 B   |      0 B   |
|---------------------------------------------------------------------------|
| Allocations           |       0    |       0    |       0    |       0    |
|       from large pool |       0    |       0    |       0    |       0    |
|       from small pool |       0    |       0    |       0    |       0    |
|---------------------------------------------------------------------------|
| Active allocs         |       0    |       0    |       0    |       0    |
|       from large pool |       0    |       0    |       0    |       0    |
|       from small pool |       0    |       0    |       0    |       0    |
|---------------------------------------------------------------------------|
| GPU reserved segments |       0    |       0    |       0    |       0    |
|       from large pool |       0    |       0    |       0    |       0    |
|       from small pool |       0    |       0    |       0    |       0    |
|---------------------------------------------------------------------------|
| Non-releasable allocs |       0    |       0    |       0    |       0    |
|       from large pool |       0    |       0    |       0    |       0    |
|       from small pool |       0    |       0    |       0    |       0    |
|---------------------------------------------------------------------------|
| Oversize allocations  |       0    |       0    |       0    |       0    |
|---------------------------------------------------------------------------|
| Oversize GPU segments |       0    |       0    |       0    |       0    |
|===========================================================================|

before experiment starts
|===========================================================================|
|                  PyTorch CUDA memory summary, device ID 0                 |
|---------------------------------------------------------------------------|
|            CUDA OOMs: 0            |        cudaMalloc retries: 0         |
|===========================================================================|
|        Metric         | Cur Usage  | Peak Usage | Tot Alloc  | Tot Freed  |
|---------------------------------------------------------------------------|
| Allocated memory      |      0 B   |      0 B   |      0 B   |      0 B   |
|       from large pool |      0 B   |      0 B   |      0 B   |      0 B   |
|       from small pool |      0 B   |      0 B   |      0 B   |      0 B   |
|---------------------------------------------------------------------------|
| Active memory         |      0 B   |      0 B   |      0 B   |      0 B   |
|       from large pool |      0 B   |      0 B   |      0 B   |      0 B   |
|       from small pool |      0 B   |      0 B   |      0 B   |      0 B   |
|---------------------------------------------------------------------------|
| Requested memory      |      0 B   |      0 B   |      0 B   |      0 B   |
|       from large pool |      0 B   |      0 B   |      0 B   |      0 B   |
|       from small pool |      0 B   |      0 B   |      0 B   |      0 B   |
|---------------------------------------------------------------------------|
| GPU reserved memory   |      0 B   |      0 B   |      0 B   |      0 B   |
|       from large pool |      0 B   |      0 B   |      0 B   |      0 B   |
|       from small pool |      0 B   |      0 B   |      0 B   |      0 B   |
|---------------------------------------------------------------------------|
| Non-releasable memory |      0 B   |      0 B   |      0 B   |      0 B   |
|       from large pool |      0 B   |      0 B   |      0 B   |      0 B   |
|       from small pool |      0 B   |      0 B   |      0 B   |      0 B   |
|---------------------------------------------------------------------------|
| Allocations           |       0    |       0    |       0    |       0    |
|       from large pool |       0    |       0    |       0    |       0    |
|       from small pool |       0    |       0    |       0    |       0    |
|---------------------------------------------------------------------------|
| Active allocs         |       0    |       0    |       0    |       0    |
|       from large pool |       0    |       0    |       0    |       0    |
|       from small pool |       0    |       0    |       0    |       0    |
|---------------------------------------------------------------------------|
| GPU reserved segments |       0    |       0    |       0    |       0    |
|       from large pool |       0    |       0    |       0    |       0    |
|       from small pool |       0    |       0    |       0    |       0    |
|---------------------------------------------------------------------------|
| Non-releasable allocs |       0    |       0    |       0    |       0    |
|       from large pool |       0    |       0    |       0    |       0    |
|       from small pool |       0    |       0    |       0    |       0    |
|---------------------------------------------------------------------------|
| Oversize allocations  |       0    |       0    |       0    |       0    |
|---------------------------------------------------------------------------|
| Oversize GPU segments |       0    |       0    |       0    |       0    |
|===========================================================================|


overriding args.task None to dset


using device: cuda:0




!!!: not committed yet



b'44271c83'
model name: dset_te_center0_erm_b44271c83_not_commited_2024md_06md_23_11_37_09_seed_0_21550986

 Experiment start at: 2024-06-23 11:37:10.142591
before training, model accuracy: 0.31128156185150146
epoch: 1
---- Training Domain: 
scalar performance:
{'acc': 0.9055118, 'precision': 0.4527559, 'recall': 0.5, 'specificity': 0.5, 'f1': 0.47520658, 'auroc': 0.5157434, 'binary_precision': 0.0, 'binary_recall': 0.0, 'binary_specificity': 1.0, 'binary_f1_score': 0.0}
confusion matrix:
       0  1
0  42320  0
1   4416  0
---- Validation: 
scalar performance:
{'acc': 0.9657833, 'precision': 0.48289165, 'recall': 0.5, 'specificity': 0.5, 'f1': 0.49129692, 'auroc': 0.32121462, 'binary_precision': 0.0, 'binary_recall': 0.0, 'binary_specificity': 1.0, 'binary_f1_score': 0.0}
confusion matrix:
       0  1
0  18149  0
1    643  0
---- Test Domain (oracle): 
scalar performance:
{'acc': 0.9582934, 'precision': 0.4791467, 'recall': 0.5, 'specificity': 0.5, 'f1': 0.48935127, 'auroc': 0.3299632, 'binary_precision': 0.0, 'binary_recall': 0.0, 'binary_specificity': 1.0, 'binary_f1_score': 0.0}
confusion matrix:
      0  1
0  5997  0
1   261  0
t-SNE plot saved as /localscratch/sina.wendrich/tsne/t-SNE_Test_center0_21550986_1.png
new oracle model saved
better model found
persisted
after epoch: 1,now: 2024-06-23 11:55:47.688187,epoch time: 0:18:37.545596,used: 0:18:37.545596,model: dset_te_center0_erm_b44271c83_not_commited_2024md_06md_23_11_37_09_seed_0_21550986
working direcotry: /ictstr01/groups/aih/sina.wendrich/MA_code/MA_thesis/DomainLab
epoch: 2
---- Training Domain: 
scalar performance:
{'acc': 0.9055546, 'precision': 0.4527773, 'recall': 0.5, 'specificity': 0.5, 'f1': 0.47521842, 'auroc': 0.62923205, 'binary_precision': 0.0, 'binary_recall': 0.0, 'binary_specificity': 1.0, 'binary_f1_score': 0.0}
confusion matrix:
       0  1
0  42322  0
1   4414  0
---- Validation: 
scalar performance:
{'acc': 0.9657833, 'precision': 0.48289165, 'recall': 0.5, 'specificity': 0.5, 'f1': 0.49129692, 'auroc': 0.34975523, 'binary_precision': 0.0, 'binary_recall': 0.0, 'binary_specificity': 1.0, 'binary_f1_score': 0.0}
confusion matrix:
       0  1
0  18149  0
1    643  0
---- Test Domain (oracle): 
scalar performance:
{'acc': 0.9582934, 'precision': 0.4791467, 'recall': 0.5, 'specificity': 0.5, 'f1': 0.48935127, 'auroc': 0.4022292, 'binary_precision': 0.0, 'binary_recall': 0.0, 'binary_specificity': 1.0, 'binary_f1_score': 0.0}
confusion matrix:
      0  1
0  5997  0
1   261  0
t-SNE plot saved as /localscratch/sina.wendrich/tsne/t-SNE_Test_center0_21550986_2.png
early stop counter: 1
val acc:0.9657832980155945, best validation acc: 0.9657832980155945, corresponding to test acc:                         0.9582933783531189 / 0.9582933783531189
after epoch: 2,now: 2024-06-23 12:11:17.245635,epoch time: 0:15:29.557448,used: 0:34:07.103044,model: dset_te_center0_erm_b44271c83_not_commited_2024md_06md_23_11_37_09_seed_0_21550986
working direcotry: /ictstr01/groups/aih/sina.wendrich/MA_code/MA_thesis/DomainLab
epoch: 3
---- Training Domain: 
scalar performance:
{'acc': 0.9055118, 'precision': 0.4527559, 'recall': 0.5, 'specificity': 0.5, 'f1': 0.47520658, 'auroc': 0.7293829, 'binary_precision': 0.0, 'binary_recall': 0.0, 'binary_specificity': 1.0, 'binary_f1_score': 0.0}
confusion matrix:
       0  1
0  42320  0
1   4416  0
---- Validation: 
scalar performance:
{'acc': 0.9657833, 'precision': 0.48289165, 'recall': 0.5, 'specificity': 0.5, 'f1': 0.49129692, 'auroc': 0.33818617, 'binary_precision': 0.0, 'binary_recall': 0.0, 'binary_specificity': 1.0, 'binary_f1_score': 0.0}
confusion matrix:
       0  1
0  18149  0
1    643  0
---- Test Domain (oracle): 
scalar performance:
{'acc': 0.9582934, 'precision': 0.4791467, 'recall': 0.5, 'specificity': 0.5, 'f1': 0.48935127, 'auroc': 0.36667424, 'binary_precision': 0.0, 'binary_recall': 0.0, 'binary_specificity': 1.0, 'binary_f1_score': 0.0}
confusion matrix:
      0  1
0  5997  0
1   261  0
t-SNE plot saved as /localscratch/sina.wendrich/tsne/t-SNE_Test_center0_21550986_3.png
early stop counter: 2
val acc:0.9657832980155945, best validation acc: 0.9657832980155945, corresponding to test acc:                         0.9582933783531189 / 0.9582933783531189
after epoch: 3,now: 2024-06-23 12:27:17.132069,epoch time: 0:15:59.886434,used: 0:50:06.989478,model: dset_te_center0_erm_b44271c83_not_commited_2024md_06md_23_11_37_09_seed_0_21550986
working direcotry: /ictstr01/groups/aih/sina.wendrich/MA_code/MA_thesis/DomainLab
epoch: 4
---- Training Domain: 
scalar performance:
{'acc': 0.9051267, 'precision': 0.6471519, 'recall': 0.5031229, 'specificity': 0.5031229, 'f1': 0.48241538, 'auroc': 0.84534264, 'binary_precision': 0.3882353, 'binary_recall': 0.007474519, 'binary_specificity': 0.9987713, 'binary_f1_score': 0.014666667}
confusion matrix:
       0   1
0  42269  52
1   4382  33
---- Validation: 
scalar performance:
{'acc': 0.96546406, 'precision': 0.4828862, 'recall': 0.49983472, 'specificity': 0.49983472, 'f1': 0.4912143, 'auroc': 0.4007218, 'binary_precision': 0.0, 'binary_recall': 0.0, 'binary_specificity': 0.99966943, 'binary_f1_score': 0.0}
confusion matrix:
       0  1
0  18143  6
1    643  0
---- Test Domain (oracle): 
scalar performance:
{'acc': 0.9582934, 'precision': 0.4791467, 'recall': 0.5, 'specificity': 0.5, 'f1': 0.48935127, 'auroc': 0.5820254, 'binary_precision': 0.0, 'binary_recall': 0.0, 'binary_specificity': 1.0, 'binary_f1_score': 0.0}
confusion matrix:
      0  1
0  5997  0
1   261  0
t-SNE plot saved as /localscratch/sina.wendrich/tsne/t-SNE_Test_center0_21550986_4.png
early stop counter: 3
val acc:0.9654640555381775, best validation acc: 0.9657832980155945, corresponding to test acc:                         0.9582933783531189 / 0.9582933783531189
after epoch: 4,now: 2024-06-23 12:46:06.945120,epoch time: 0:18:49.813051,used: 1:08:56.802529,model: dset_te_center0_erm_b44271c83_not_commited_2024md_06md_23_11_37_09_seed_0_21550986
working direcotry: /ictstr01/groups/aih/sina.wendrich/MA_code/MA_thesis/DomainLab
epoch: 5
---- Training Domain: 
scalar performance:
{'acc': 0.9074803, 'precision': 0.7563232, 'recall': 0.52764124, 'specificity': 0.52764124, 'f1': 0.5296477, 'auroc': 0.8685025, 'binary_precision': 0.60229886, 'binary_recall': 0.059370045, 'binary_specificity': 0.9959124, 'binary_f1_score': 0.10808581}
confusion matrix:
       0    1
0  42150  173
1   4151  262
---- Validation: 
scalar performance:
{'acc': 0.96365476, 'precision': 0.48285517, 'recall': 0.498898, 'specificity': 0.498898, 'f1': 0.4907455, 'auroc': 0.46896812, 'binary_precision': 0.0, 'binary_recall': 0.0, 'binary_specificity': 0.997796, 'binary_f1_score': 0.0}
confusion matrix:
       0   1
0  18109  40
1    643   0
---- Test Domain (oracle): 
scalar performance:
{'acc': 0.9582934, 'precision': 0.4791467, 'recall': 0.5, 'specificity': 0.5, 'f1': 0.48935127, 'auroc': 0.64737797, 'binary_precision': 0.0, 'binary_recall': 0.0, 'binary_specificity': 1.0, 'binary_f1_score': 0.0}
confusion matrix:
      0  1
0  5997  0
1   261  0
t-SNE plot saved as /localscratch/sina.wendrich/tsne/t-SNE_Test_center0_21550986_5.png
early stop counter: 4
val acc:0.9636547565460205, best validation acc: 0.9657832980155945, corresponding to test acc:                         0.9582933783531189 / 0.9582933783531189
after epoch: 5,now: 2024-06-23 13:01:26.472542,epoch time: 0:15:19.527422,used: 1:24:16.329951,model: dset_te_center0_erm_b44271c83_not_commited_2024md_06md_23_11_37_09_seed_0_21550986
working direcotry: /ictstr01/groups/aih/sina.wendrich/MA_code/MA_thesis/DomainLab
epoch: 6
---- Training Domain: 
