Failed to import backpack: cannot import name '_grad_input_padding' from 'torch.nn.grad' (/home/aih/sina.wendrich/miniconda3/envs/domainlab_py310/lib/python3.10/site-packages/torch/nn/grad.py)
disabling kde because cov matrix is singular for objectives recall & specificity
WARNING: disabling kde because cov matrix is singular for objectives recall & specificity
WARNING: disabling kde because cov matrix is singular for objectives recall & specificity
WARNING: disabling kde because cov matrix is singular for objectives acc & recall
WARNING: disabling kde because cov matrix is singular for objectives acc & specificity
WARNING: disabling kde because cov matrix is singular for objectives acc & binary_precision
WARNING: disabling kde because cov matrix is singular for objectives acc & binary_recall
WARNING: disabling kde because cov matrix is singular for objectives acc & binary_specificity
WARNING: disabling kde because cov matrix is singular for objectives acc & binary_f1_score
WARNING: disabling kde because cov matrix is singular for objectives precision & recall
WARNING: disabling kde because cov matrix is singular for objectives precision & specificity
WARNING: disabling kde because cov matrix is singular for objectives precision & binary_precision
WARNING: disabling kde because cov matrix is singular for objectives precision & binary_recall
WARNING: disabling kde because cov matrix is singular for objectives precision & binary_specificity
WARNING: disabling kde because cov matrix is singular for objectives precision & binary_f1_score
WARNING: disabling kde because cov matrix is singular for objectives recall & specificity
WARNING: disabling kde because cov matrix is singular for objectives recall & f1
WARNING: disabling kde because cov matrix is singular for objectives recall & auroc
WARNING: disabling kde because cov matrix is singular for objectives recall & binary_precision
WARNING: disabling kde because cov matrix is singular for objectives recall & binary_recall
WARNING: disabling kde because cov matrix is singular for objectives recall & binary_specificity
WARNING: disabling kde because cov matrix is singular for objectives recall & binary_f1_score
WARNING: disabling kde because cov matrix is singular for objectives recall & acc_oracle
WARNING: disabling kde because cov matrix is singular for objectives recall & acc_val
WARNING: disabling kde because cov matrix is singular for objectives specificity & f1
WARNING: disabling kde because cov matrix is singular for objectives specificity & auroc
WARNING: disabling kde because cov matrix is singular for objectives specificity & binary_precision
WARNING: disabling kde because cov matrix is singular for objectives specificity & binary_recall
WARNING: disabling kde because cov matrix is singular for objectives specificity & binary_specificity
WARNING: disabling kde because cov matrix is singular for objectives specificity & binary_f1_score
WARNING: disabling kde because cov matrix is singular for objectives specificity & acc_oracle
WARNING: disabling kde because cov matrix is singular for objectives specificity & acc_val
WARNING: disabling kde because cov matrix is singular for objectives f1 & binary_precision
WARNING: disabling kde because cov matrix is singular for objectives f1 & binary_recall
WARNING: disabling kde because cov matrix is singular for objectives f1 & binary_specificity
WARNING: disabling kde because cov matrix is singular for objectives f1 & binary_f1_score
WARNING: disabling kde because cov matrix is singular for objectives auroc & binary_precision
WARNING: disabling kde because cov matrix is singular for objectives auroc & binary_recall
WARNING: disabling kde because cov matrix is singular for objectives auroc & binary_specificity
WARNING: disabling kde because cov matrix is singular for objectives auroc & binary_f1_score
WARNING: disabling kde because cov matrix is singular for objectives binary_precision & binary_recall
WARNING: disabling kde because cov matrix is singular for objectives binary_precision & binary_specificity
WARNING: disabling kde because cov matrix is singular for objectives binary_precision & binary_f1_score
WARNING: disabling kde because cov matrix is singular for objectives binary_precision & acc_oracle
WARNING: disabling kde because cov matrix is singular for objectives binary_precision & acc_val
WARNING: disabling kde because cov matrix is singular for objectives binary_recall & binary_specificity
WARNING: disabling kde because cov matrix is singular for objectives binary_recall & binary_f1_score
WARNING: disabling kde because cov matrix is singular for objectives binary_recall & acc_oracle
WARNING: disabling kde because cov matrix is singular for objectives binary_recall & acc_val
WARNING: disabling kde because cov matrix is singular for objectives binary_specificity & binary_f1_score
WARNING: disabling kde because cov matrix is singular for objectives binary_specificity & acc_oracle
WARNING: disabling kde because cov matrix is singular for objectives binary_specificity & acc_val
WARNING: disabling kde because cov matrix is singular for objectives binary_f1_score & acc_oracle
WARNING: disabling kde because cov matrix is singular for objectives binary_f1_score & acc_val
WARNING: disabling kde because cov matrix is singular for objectives acc & recall
WARNING: disabling kde because cov matrix is singular for objectives acc & specificity
WARNING: disabling kde because cov matrix is singular for objectives acc & binary_precision
WARNING: disabling kde because cov matrix is singular for objectives acc & binary_recall
WARNING: disabling kde because cov matrix is singular for objectives acc & binary_specificity
WARNING: disabling kde because cov matrix is singular for objectives acc & binary_f1_score
WARNING: disabling kde because cov matrix is singular for objectives precision & recall
WARNING: disabling kde because cov matrix is singular for objectives precision & specificity
WARNING: disabling kde because cov matrix is singular for objectives precision & binary_precision
WARNING: disabling kde because cov matrix is singular for objectives precision & binary_recall
WARNING: disabling kde because cov matrix is singular for objectives precision & binary_specificity
WARNING: disabling kde because cov matrix is singular for objectives precision & binary_f1_score
WARNING: disabling kde because cov matrix is singular for objectives recall & specificity
WARNING: disabling kde because cov matrix is singular for objectives recall & f1
WARNING: disabling kde because cov matrix is singular for objectives recall & auroc
WARNING: disabling kde because cov matrix is singular for objectives recall & binary_precision
WARNING: disabling kde because cov matrix is singular for objectives recall & binary_recall
WARNING: disabling kde because cov matrix is singular for objectives recall & binary_specificity
WARNING: disabling kde because cov matrix is singular for objectives recall & binary_f1_score
WARNING: disabling kde because cov matrix is singular for objectives recall & acc_oracle
WARNING: disabling kde because cov matrix is singular for objectives recall & acc_val
WARNING: disabling kde because cov matrix is singular for objectives specificity & f1
WARNING: disabling kde because cov matrix is singular for objectives specificity & auroc
WARNING: disabling kde because cov matrix is singular for objectives specificity & binary_precision
WARNING: disabling kde because cov matrix is singular for objectives specificity & binary_recall
WARNING: disabling kde because cov matrix is singular for objectives specificity & binary_specificity
WARNING: disabling kde because cov matrix is singular for objectives specificity & binary_f1_score
WARNING: disabling kde because cov matrix is singular for objectives specificity & acc_oracle
WARNING: disabling kde because cov matrix is singular for objectives specificity & acc_val
WARNING: disabling kde because cov matrix is singular for objectives f1 & binary_precision
WARNING: disabling kde because cov matrix is singular for objectives f1 & binary_recall
WARNING: disabling kde because cov matrix is singular for objectives f1 & binary_specificity
WARNING: disabling kde because cov matrix is singular for objectives f1 & binary_f1_score
WARNING: disabling kde because cov matrix is singular for objectives auroc & binary_precision
WARNING: disabling kde because cov matrix is singular for objectives auroc & binary_recall
WARNING: disabling kde because cov matrix is singular for objectives auroc & binary_specificity
WARNING: disabling kde because cov matrix is singular for objectives auroc & binary_f1_score
WARNING: disabling kde because cov matrix is singular for objectives binary_precision & binary_recall
WARNING: disabling kde because cov matrix is singular for objectives binary_precision & binary_specificity
WARNING: disabling kde because cov matrix is singular for objectives binary_precision & binary_f1_score
WARNING: disabling kde because cov matrix is singular for objectives binary_precision & acc_oracle
WARNING: disabling kde because cov matrix is singular for objectives binary_precision & acc_val
WARNING: disabling kde because cov matrix is singular for objectives binary_recall & binary_specificity
WARNING: disabling kde because cov matrix is singular for objectives binary_recall & binary_f1_score
WARNING: disabling kde because cov matrix is singular for objectives binary_recall & acc_oracle
WARNING: disabling kde because cov matrix is singular for objectives binary_recall & acc_val
WARNING: disabling kde because cov matrix is singular for objectives binary_specificity & binary_f1_score
WARNING: disabling kde because cov matrix is singular for objectives binary_specificity & acc_oracle
WARNING: disabling kde because cov matrix is singular for objectives binary_specificity & acc_val
WARNING: disabling kde because cov matrix is singular for objectives binary_f1_score & acc_oracle
WARNING: disabling kde because cov matrix is singular for objectives binary_f1_score & acc_val
WARNING: disabling kde because cov matrix is singular for objectives acc & recall
WARNING: disabling kde because cov matrix is singular for objectives acc & specificity
WARNING: disabling kde because cov matrix is singular for objectives acc & binary_precision
WARNING: disabling kde because cov matrix is singular for objectives acc & binary_recall
WARNING: disabling kde because cov matrix is singular for objectives acc & binary_specificity
WARNING: disabling kde because cov matrix is singular for objectives acc & binary_f1_score
WARNING: disabling kde because cov matrix is singular for objectives precision & recall
WARNING: disabling kde because cov matrix is singular for objectives precision & specificity
WARNING: disabling kde because cov matrix is singular for objectives precision & binary_precision
WARNING: disabling kde because cov matrix is singular for objectives precision & binary_recall
WARNING: disabling kde because cov matrix is singular for objectives precision & binary_specificity
WARNING: disabling kde because cov matrix is singular for objectives precision & binary_f1_score
WARNING: disabling kde because cov matrix is singular for objectives recall & specificity
WARNING: disabling kde because cov matrix is singular for objectives recall & f1
WARNING: disabling kde because cov matrix is singular for objectives recall & auroc
WARNING: disabling kde because cov matrix is singular for objectives recall & binary_precision
WARNING: disabling kde because cov matrix is singular for objectives recall & binary_recall
WARNING: disabling kde because cov matrix is singular for objectives recall & binary_specificity
WARNING: disabling kde because cov matrix is singular for objectives recall & binary_f1_score
WARNING: disabling kde because cov matrix is singular for objectives recall & acc_oracle
WARNING: disabling kde because cov matrix is singular for objectives recall & acc_val
WARNING: disabling kde because cov matrix is singular for objectives specificity & f1
WARNING: disabling kde because cov matrix is singular for objectives specificity & auroc
WARNING: disabling kde because cov matrix is singular for objectives specificity & binary_precision
WARNING: disabling kde because cov matrix is singular for objectives specificity & binary_recall
WARNING: disabling kde because cov matrix is singular for objectives specificity & binary_specificity
WARNING: disabling kde because cov matrix is singular for objectives specificity & binary_f1_score
WARNING: disabling kde because cov matrix is singular for objectives specificity & acc_oracle
WARNING: disabling kde because cov matrix is singular for objectives specificity & acc_val
WARNING: disabling kde because cov matrix is singular for objectives f1 & binary_precision
WARNING: disabling kde because cov matrix is singular for objectives f1 & binary_recall
WARNING: disabling kde because cov matrix is singular for objectives f1 & binary_specificity
WARNING: disabling kde because cov matrix is singular for objectives f1 & binary_f1_score
WARNING: disabling kde because cov matrix is singular for objectives auroc & binary_precision
WARNING: disabling kde because cov matrix is singular for objectives auroc & binary_recall
WARNING: disabling kde because cov matrix is singular for objectives auroc & binary_specificity
WARNING: disabling kde because cov matrix is singular for objectives auroc & binary_f1_score
WARNING: disabling kde because cov matrix is singular for objectives binary_precision & binary_recall
WARNING: disabling kde because cov matrix is singular for objectives binary_precision & binary_specificity
WARNING: disabling kde because cov matrix is singular for objectives binary_precision & binary_f1_score
WARNING: disabling kde because cov matrix is singular for objectives binary_precision & acc_oracle
WARNING: disabling kde because cov matrix is singular for objectives binary_precision & acc_val
WARNING: disabling kde because cov matrix is singular for objectives binary_recall & binary_specificity
WARNING: disabling kde because cov matrix is singular for objectives binary_recall & binary_f1_score
WARNING: disabling kde because cov matrix is singular for objectives binary_recall & acc_oracle
WARNING: disabling kde because cov matrix is singular for objectives binary_recall & acc_val
WARNING: disabling kde because cov matrix is singular for objectives binary_specificity & binary_f1_score
WARNING: disabling kde because cov matrix is singular for objectives binary_specificity & acc_oracle
WARNING: disabling kde because cov matrix is singular for objectives binary_specificity & acc_val
WARNING: disabling kde because cov matrix is singular for objectives binary_f1_score & acc_oracle
WARNING: disabling kde because cov matrix is singular for objectives binary_f1_score & acc_val
WARNING: disabling kde because cov matrix is singular for objectives recall & specificity
WARNING: disabling kde because cov matrix is singular for objectives recall & specificity
