Failed to import backpack: cannot import name '_grad_input_padding' from 'torch.nn.grad' (/home/aih/sina.wendrich/miniconda3/envs/domainlab_py310/lib/python3.10/site-packages/torch/nn/grad.py)
before experiment loop: 
|===========================================================================|
|                  PyTorch CUDA memory summary, device ID 0                 |
|---------------------------------------------------------------------------|
|            CUDA OOMs: 0            |        cudaMalloc retries: 0         |
|===========================================================================|
|        Metric         | Cur Usage  | Peak Usage | Tot Alloc  | Tot Freed  |
|---------------------------------------------------------------------------|
| Allocated memory      |      0 B   |      0 B   |      0 B   |      0 B   |
|       from large pool |      0 B   |      0 B   |      0 B   |      0 B   |
|       from small pool |      0 B   |      0 B   |      0 B   |      0 B   |
|---------------------------------------------------------------------------|
| Active memory         |      0 B   |      0 B   |      0 B   |      0 B   |
|       from large pool |      0 B   |      0 B   |      0 B   |      0 B   |
|       from small pool |      0 B   |      0 B   |      0 B   |      0 B   |
|---------------------------------------------------------------------------|
| Requested memory      |      0 B   |      0 B   |      0 B   |      0 B   |
|       from large pool |      0 B   |      0 B   |      0 B   |      0 B   |
|       from small pool |      0 B   |      0 B   |      0 B   |      0 B   |
|---------------------------------------------------------------------------|
| GPU reserved memory   |      0 B   |      0 B   |      0 B   |      0 B   |
|       from large pool |      0 B   |      0 B   |      0 B   |      0 B   |
|       from small pool |      0 B   |      0 B   |      0 B   |      0 B   |
|---------------------------------------------------------------------------|
| Non-releasable memory |      0 B   |      0 B   |      0 B   |      0 B   |
|       from large pool |      0 B   |      0 B   |      0 B   |      0 B   |
|       from small pool |      0 B   |      0 B   |      0 B   |      0 B   |
|---------------------------------------------------------------------------|
| Allocations           |       0    |       0    |       0    |       0    |
|       from large pool |       0    |       0    |       0    |       0    |
|       from small pool |       0    |       0    |       0    |       0    |
|---------------------------------------------------------------------------|
| Active allocs         |       0    |       0    |       0    |       0    |
|       from large pool |       0    |       0    |       0    |       0    |
|       from small pool |       0    |       0    |       0    |       0    |
|---------------------------------------------------------------------------|
| GPU reserved segments |       0    |       0    |       0    |       0    |
|       from large pool |       0    |       0    |       0    |       0    |
|       from small pool |       0    |       0    |       0    |       0    |
|---------------------------------------------------------------------------|
| Non-releasable allocs |       0    |       0    |       0    |       0    |
|       from large pool |       0    |       0    |       0    |       0    |
|       from small pool |       0    |       0    |       0    |       0    |
|---------------------------------------------------------------------------|
| Oversize allocations  |       0    |       0    |       0    |       0    |
|---------------------------------------------------------------------------|
| Oversize GPU segments |       0    |       0    |       0    |       0    |
|===========================================================================|

before experiment starts
|===========================================================================|
|                  PyTorch CUDA memory summary, device ID 0                 |
|---------------------------------------------------------------------------|
|            CUDA OOMs: 0            |        cudaMalloc retries: 0         |
|===========================================================================|
|        Metric         | Cur Usage  | Peak Usage | Tot Alloc  | Tot Freed  |
|---------------------------------------------------------------------------|
| Allocated memory      |      0 B   |      0 B   |      0 B   |      0 B   |
|       from large pool |      0 B   |      0 B   |      0 B   |      0 B   |
|       from small pool |      0 B   |      0 B   |      0 B   |      0 B   |
|---------------------------------------------------------------------------|
| Active memory         |      0 B   |      0 B   |      0 B   |      0 B   |
|       from large pool |      0 B   |      0 B   |      0 B   |      0 B   |
|       from small pool |      0 B   |      0 B   |      0 B   |      0 B   |
|---------------------------------------------------------------------------|
| Requested memory      |      0 B   |      0 B   |      0 B   |      0 B   |
|       from large pool |      0 B   |      0 B   |      0 B   |      0 B   |
|       from small pool |      0 B   |      0 B   |      0 B   |      0 B   |
|---------------------------------------------------------------------------|
| GPU reserved memory   |      0 B   |      0 B   |      0 B   |      0 B   |
|       from large pool |      0 B   |      0 B   |      0 B   |      0 B   |
|       from small pool |      0 B   |      0 B   |      0 B   |      0 B   |
|---------------------------------------------------------------------------|
| Non-releasable memory |      0 B   |      0 B   |      0 B   |      0 B   |
|       from large pool |      0 B   |      0 B   |      0 B   |      0 B   |
|       from small pool |      0 B   |      0 B   |      0 B   |      0 B   |
|---------------------------------------------------------------------------|
| Allocations           |       0    |       0    |       0    |       0    |
|       from large pool |       0    |       0    |       0    |       0    |
|       from small pool |       0    |       0    |       0    |       0    |
|---------------------------------------------------------------------------|
| Active allocs         |       0    |       0    |       0    |       0    |
|       from large pool |       0    |       0    |       0    |       0    |
|       from small pool |       0    |       0    |       0    |       0    |
|---------------------------------------------------------------------------|
| GPU reserved segments |       0    |       0    |       0    |       0    |
|       from large pool |       0    |       0    |       0    |       0    |
|       from small pool |       0    |       0    |       0    |       0    |
|---------------------------------------------------------------------------|
| Non-releasable allocs |       0    |       0    |       0    |       0    |
|       from large pool |       0    |       0    |       0    |       0    |
|       from small pool |       0    |       0    |       0    |       0    |
|---------------------------------------------------------------------------|
| Oversize allocations  |       0    |       0    |       0    |       0    |
|---------------------------------------------------------------------------|
| Oversize GPU segments |       0    |       0    |       0    |       0    |
|===========================================================================|


overriding args.task None to dset


using device: cuda:0




!!!: not committed yet



b'44271c83'
model name: dset_te_center0_erm_b44271c83_not_commited_2024md_06md_19_02_48_55_seed_0_21504942

 Experiment start at: 2024-06-19 02:48:55.941462
before training, model accuracy: 0.31622418761253357
epoch: 1
---- Training Domain: 
scalar performance:
{'acc': 0.9055223, 'precision': 0.45276114, 'recall': 0.5, 'specificity': 0.5, 'f1': 0.47520947, 'auroc': 0.5645176, 'binary_precision': 0.0, 'binary_recall': 0.0, 'binary_specificity': 1.0, 'binary_f1_score': 0.0}
confusion matrix:
       0  1
0  42306  0
1   4414  0
---- Validation: 
scalar performance:
{'acc': 0.9657833, 'precision': 0.48289165, 'recall': 0.5, 'specificity': 0.5, 'f1': 0.49129692, 'auroc': 0.34287298, 'binary_precision': 0.0, 'binary_recall': 0.0, 'binary_specificity': 1.0, 'binary_f1_score': 0.0}
confusion matrix:
       0  1
0  18149  0
1    643  0
---- Test Domain (oracle): 
scalar performance:
{'acc': 0.88451326, 'precision': 0.44225663, 'recall': 0.5, 'specificity': 0.5, 'f1': 0.469359, 'auroc': 0.3279737, 'binary_precision': 0.0, 'binary_recall': 0.0, 'binary_specificity': 1.0, 'binary_f1_score': 0.0}
confusion matrix:
      0  1
0  5997  0
1   783  0
t-SNE plot saved as /localscratch/sina.wendrich/tsne/t-SNE_Test_center0_21504942_1.png
new oracle model saved
better model found
persisted
after epoch: 1,now: 2024-06-19 03:25:34.279132,epoch time: 0:36:38.337670,used: 0:36:38.337670,model: dset_te_center0_erm_b44271c83_not_commited_2024md_06md_19_02_48_55_seed_0_21504942
working direcotry: /ictstr01/groups/aih/sina.wendrich/MA_code/MA_thesis/DomainLab
epoch: 2
---- Training Domain: 
scalar performance:
{'acc': 0.9055865, 'precision': 0.9527922, 'recall': 0.5001133, 'specificity': 0.5001133, 'f1': 0.47545323, 'auroc': 0.7510139, 'binary_precision': 1.0, 'binary_recall': 0.00022665458, 'binary_specificity': 1.0, 'binary_f1_score': 0.00045320645}
confusion matrix:
       0  1
0  42308  0
1   4411  1
---- Validation: 
scalar performance:
{'acc': 0.9657833, 'precision': 0.48289165, 'recall': 0.5, 'specificity': 0.5, 'f1': 0.49129692, 'auroc': 0.3603388, 'binary_precision': 0.0, 'binary_recall': 0.0, 'binary_specificity': 1.0, 'binary_f1_score': 0.0}
confusion matrix:
       0  1
0  18149  0
1    643  0
---- Test Domain (oracle): 
scalar performance:
{'acc': 0.88451326, 'precision': 0.44225663, 'recall': 0.5, 'specificity': 0.5, 'f1': 0.469359, 'auroc': 0.37185916, 'binary_precision': 0.0, 'binary_recall': 0.0, 'binary_specificity': 1.0, 'binary_f1_score': 0.0}
confusion matrix:
      0  1
0  5997  0
1   783  0
t-SNE plot saved as /localscratch/sina.wendrich/tsne/t-SNE_Test_center0_21504942_2.png
early stop counter: 1
val acc:0.9657832980155945, best validation acc: 0.9657832980155945, corresponding to test acc:                         0.884513258934021 / 0.884513258934021
after epoch: 2,now: 2024-06-19 03:54:18.960435,epoch time: 0:28:44.681303,used: 1:05:23.018973,model: dset_te_center0_erm_b44271c83_not_commited_2024md_06md_19_02_48_55_seed_0_21504942
working direcotry: /ictstr01/groups/aih/sina.wendrich/MA_code/MA_thesis/DomainLab
epoch: 3
---- Training Domain: 
scalar performance:
{'acc': 0.9087115, 'precision': 0.9355133, 'recall': 0.51737756, 'specificity': 0.51737756, 'f1': 0.50967944, 'auroc': 0.8734772, 'binary_precision': 0.9625, 'binary_recall': 0.034896895, 'binary_specificity': 0.9998582, 'binary_f1_score': 0.06735185}
confusion matrix:
       0    1
0  42301    6
1   4259  154
---- Validation: 
scalar performance:
{'acc': 0.9657301, 'precision': 0.48289075, 'recall': 0.49997246, 'specificity': 0.49997246, 'f1': 0.4912832, 'auroc': 0.41530216, 'binary_precision': 0.0, 'binary_recall': 0.0, 'binary_specificity': 0.9999449, 'binary_f1_score': 0.0}
confusion matrix:
       0  1
0  18148  1
1    643  0
---- Test Domain (oracle): 
scalar performance:
{'acc': 0.88451326, 'precision': 0.44225663, 'recall': 0.5, 'specificity': 0.5, 'f1': 0.469359, 'auroc': 0.52241004, 'binary_precision': 0.0, 'binary_recall': 0.0, 'binary_specificity': 1.0, 'binary_f1_score': 0.0}
confusion matrix:
      0  1
0  5997  0
1   783  0
t-SNE plot saved as /localscratch/sina.wendrich/tsne/t-SNE_Test_center0_21504942_3.png
early stop counter: 2
val acc:0.9657300710678101, best validation acc: 0.9657832980155945, corresponding to test acc:                         0.884513258934021 / 0.884513258934021
after epoch: 3,now: 2024-06-19 04:22:53.026810,epoch time: 0:28:34.066375,used: 1:33:57.085348,model: dset_te_center0_erm_b44271c83_not_commited_2024md_06md_19_02_48_55_seed_0_21504942
working direcotry: /ictstr01/groups/aih/sina.wendrich/MA_code/MA_thesis/DomainLab
epoch: 4
---- Training Domain: 
scalar performance:
{'acc': 0.92737585, 'precision': 0.9467584, 'recall': 0.6193933, 'specificity': 0.6193933, 'f1': 0.6727558, 'auroc': 0.91815555, 'binary_precision': 0.9670932, 'binary_recall': 0.2396376, 'binary_specificity': 0.999149, 'binary_f1_score': 0.38409874}
confusion matrix:
       0     1
0  42269    36
1   3357  1058
---- Validation: 
scalar performance:
{'acc': 0.9655172, 'precision': 0.4828871, 'recall': 0.49986225, 'specificity': 0.49986225, 'f1': 0.49122804, 'auroc': 0.5040237, 'binary_precision': 0.0, 'binary_recall': 0.0, 'binary_specificity': 0.9997245, 'binary_f1_score': 0.0}
confusion matrix:
       0  1
0  18144  5
1    643  0
---- Test Domain (oracle): 
scalar performance:
{'acc': 0.88495576, 'precision': 0.94245243, 'recall': 0.5019157, 'specificity': 0.5019157, 'f1': 0.473286, 'auroc': 0.67412806, 'binary_precision': 1.0, 'binary_recall': 0.0038314175, 'binary_specificity': 1.0, 'binary_f1_score': 0.007633588}
confusion matrix:
      0  1
0  5997  0
1   780  3
t-SNE plot saved as /localscratch/sina.wendrich/tsne/t-SNE_Test_center0_21504942_4.png
new oracle model saved
early stop counter: 3
val acc:0.9655172228813171, best validation acc: 0.9657832980155945, corresponding to test acc:                         0.884513258934021 / 0.8849557638168335
after epoch: 4,now: 2024-06-19 04:51:44.713891,epoch time: 0:28:51.687081,used: 2:02:48.772429,model: dset_te_center0_erm_b44271c83_not_commited_2024md_06md_19_02_48_55_seed_0_21504942
working direcotry: /ictstr01/groups/aih/sina.wendrich/MA_code/MA_thesis/DomainLab
epoch: 5
---- Training Domain: 
scalar performance:
{'acc': 0.9424872, 'precision': 0.949231, 'recall': 0.70374644, 'specificity': 0.70374644, 'f1': 0.77129465, 'auroc': 0.935249, 'binary_precision': 0.9565678, 'binary_recall': 0.40943098, 'binary_specificity': 0.9980619, 'binary_f1_score': 0.5734244}
confusion matrix:
       0     1
0  42227    82
1   2605  1806
---- Validation: 
scalar performance:
{'acc': 0.9647722, 'precision': 0.5067087, 'recall': 0.5002266, 'specificity': 0.5002266, 'f1': 0.4925407, 'auroc': 0.54269767, 'binary_precision': 0.04761905, 'binary_recall': 0.00155521, 'binary_specificity': 0.998898, 'binary_f1_score': 0.0030120485}
confusion matrix:
       0   1
0  18129  20
1    642   1
---- Test Domain (oracle): 
scalar performance:
{'acc': 0.88952804, 'precision': 0.864948, 'recall': 0.5261529, 'specificity': 0.5261529, 'f1': 0.52099454, 'auroc': 0.71443576, 'binary_precision': 0.84, 'binary_recall': 0.053639848, 'binary_specificity': 0.998666, 'binary_f1_score': 0.100840345}
confusion matrix:
      0   1
0  5989   8
1   741  42
t-SNE plot saved as /localscratch/sina.wendrich/tsne/t-SNE_Test_center0_21504942_5.png
new oracle model saved
early stop counter: 4
val acc:0.9647722244262695, best validation acc: 0.9657832980155945, corresponding to test acc:                         0.884513258934021 / 0.8895280361175537
after epoch: 5,now: 2024-06-19 05:20:17.880293,epoch time: 0:28:33.166402,used: 2:31:21.938831,model: dset_te_center0_erm_b44271c83_not_commited_2024md_06md_19_02_48_55_seed_0_21504942
working direcotry: /ictstr01/groups/aih/sina.wendrich/MA_code/MA_thesis/DomainLab
epoch: 6
---- Training Domain: 
scalar performance:
{'acc': 0.9467038, 'precision': 0.94492435, 'recall': 0.73064494, 'specificity': 0.73064494, 'f1': 0.7967423, 'auroc': 0.93131673, 'binary_precision': 0.9429623, 'binary_recall': 0.464221, 'binary_specificity': 0.9970688, 'binary_f1_score': 0.6221548}
confusion matrix:
       0     1
0  42180   124
1   2366  2050
---- Validation: 
scalar performance:
{'acc': 0.9640272, 'precision': 0.50993824, 'recall': 0.500591, 'specificity': 0.500591, 'f1': 0.49378228, 'auroc': 0.54546165, 'binary_precision': 0.054054055, 'binary_recall': 0.00311042, 'binary_specificity': 0.9980715, 'binary_f1_score': 0.0058823526}
confusion matrix:
       0   1
0  18114  35
1    641   2
---- Test Domain (oracle): 
scalar performance:
{'acc': 0.8933628, 'precision': 0.8637519, 'recall': 0.54664207, 'specificity': 0.54664207, 'f1': 0.5574169, 'auroc': 0.722877, 'binary_precision': 0.8333333, 'binary_recall': 0.09578544, 'binary_specificity': 0.99749875, 'binary_f1_score': 0.17182131}
confusion matrix:
      0   1
0  5982  15
1   708  75
t-SNE plot saved as /localscratch/sina.wendrich/tsne/t-SNE_Test_center0_21504942_6.png
new oracle model saved
early stop counter: 5
val acc:0.9640272259712219, best validation acc: 0.9657832980155945, corresponding to test acc:                         0.884513258934021 / 0.893362820148468
after epoch: 6,now: 2024-06-19 05:48:56.406131,epoch time: 0:28:38.525838,used: 3:00:00.464669,model: dset_te_center0_erm_b44271c83_not_commited_2024md_06md_19_02_48_55_seed_0_21504942
working direcotry: /ictstr01/groups/aih/sina.wendrich/MA_code/MA_thesis/DomainLab
epoch: 7
---- Training Domain: 
scalar performance:
{'acc': 0.9546233, 'precision': 0.9445472, 'recall': 0.7778628, 'specificity': 0.7778628, 'f1': 0.83767146, 'auroc': 0.9421191, 'binary_precision': 0.93318236, 'binary_recall': 0.5599094, 'binary_specificity': 0.9958161, 'binary_f1_score': 0.69988674}
confusion matrix:
       0     1
0  42128   177
1   1943  2472
---- Validation: 
scalar performance:
{'acc': 0.9623244, 'precision': 0.54190475, 'recall': 0.5057098, 'specificity': 0.5057098, 'f1': 0.5041313, 'auroc': 0.61856306, 'binary_precision': 0.11764706, 'binary_recall': 0.0155521, 'binary_specificity': 0.99586755, 'binary_f1_score': 0.027472528}
confusion matrix:
       0   1
0  18074  75
1    633  10
---- Test Domain (oracle): 
scalar performance:
{'acc': 0.9054572, 'precision': 0.8862997, 'recall': 0.60511196, 'specificity': 0.60511196, 'f1': 0.6464841, 'auroc': 0.7747047, 'binary_precision': 0.8659794, 'binary_recall': 0.21455939, 'binary_specificity': 0.9956645, 'binary_f1_score': 0.34390995}
confusion matrix:
      0    1
0  5971   26
1   615  168
t-SNE plot saved as /localscratch/sina.wendrich/tsne/t-SNE_Test_center0_21504942_7.png
new oracle model saved
early stop counter: 6
val acc:0.9623243808746338, best validation acc: 0.9657832980155945, corresponding to test acc:                         0.884513258934021 / 0.9054571986198425
after epoch: 7,now: 2024-06-19 06:18:57.791602,epoch time: 0:30:01.385471,used: 3:30:01.850140,model: dset_te_center0_erm_b44271c83_not_commited_2024md_06md_19_02_48_55_seed_0_21504942
working direcotry: /ictstr01/groups/aih/sina.wendrich/MA_code/MA_thesis/DomainLab
epoch: 8
---- Training Domain: 
scalar performance:
{'acc': 0.956357, 'precision': 0.9364772, 'recall': 0.79395247, 'specificity': 0.79395247, 'f1': 0.84806883, 'auroc': 0.9459468, 'binary_precision': 0.91381717, 'binary_recall': 0.5937429, 'binary_specificity': 0.994162, 'binary_f1_score': 0.7198021}
confusion matrix:
       0     1
0  42062   247
1   1792  2619
---- Validation: 
scalar performance:
{'acc': 0.9613133, 'precision': 0.5349757, 'recall': 0.50593644, 'specificity': 0.50593644, 'f1': 0.5048179, 'auroc': 0.6174831, 'binary_precision': 0.10377359, 'binary_recall': 0.01710731, 'binary_specificity': 0.9947656, 'binary_f1_score': 0.029372497}
confusion matrix:
       0   1
0  18054  95
1    632  11
---- Test Domain (oracle): 
scalar performance:
{'acc': 0.9084071, 'precision': 0.8827598, 'recall': 0.62176967, 'specificity': 0.62176967, 'f1': 0.6681353, 'auroc': 0.77186406, 'binary_precision': 0.8552632, 'binary_recall': 0.24904214, 'binary_specificity': 0.99449724, 'binary_f1_score': 0.3857567}
confusion matrix:
      0    1
0  5964   33
1   588  195
t-SNE plot saved as /localscratch/sina.wendrich/tsne/t-SNE_Test_center0_21504942_8.png
new oracle model saved
early stop counter: 7
val acc:0.9613133072853088, best validation acc: 0.9657832980155945, corresponding to test acc:                         0.884513258934021 / 0.9084070920944214
after epoch: 8,now: 2024-06-19 06:48:39.821638,epoch time: 0:29:42.030036,used: 3:59:43.880176,model: dset_te_center0_erm_b44271c83_not_commited_2024md_06md_19_02_48_55_seed_0_21504942
working direcotry: /ictstr01/groups/aih/sina.wendrich/MA_code/MA_thesis/DomainLab
epoch: 9
---- Training Domain: 
scalar performance:
{'acc': 0.95969605, 'precision': 0.93600035, 'recall': 0.8154957, 'specificity': 0.8154957, 'f1': 0.86376, 'auroc': 0.95559835, 'binary_precision': 0.9086802, 'binary_recall': 0.6376812, 'binary_specificity': 0.99331033, 'binary_f1_score': 0.7494345}
confusion matrix:
       0     1
0  42021   283
1   1600  2816
---- Validation: 
scalar performance:
{'acc': 0.9597169, 'precision': 0.5529572, 'recall': 0.51336056, 'specificity': 0.51336056, 'f1': 0.51717556, 'auroc': 0.657279, 'binary_precision': 0.1392405, 'binary_recall': 0.03421462, 'binary_specificity': 0.99250644, 'binary_f1_score': 0.05493134}
confusion matrix:
       0    1
0  18013  136
1    621   22
---- Test Domain (oracle): 
scalar performance:
{'acc': 0.9144543, 'precision': 0.880862, 'recall': 0.65516853, 'specificity': 0.65516853, 'f1': 0.70774984, 'auroc': 0.80026984, 'binary_precision': 0.8440678, 'binary_recall': 0.31800765, 'binary_specificity': 0.9923295, 'binary_f1_score': 0.46196654}
confusion matrix:
      0    1
0  5951   46
1   534  249
t-SNE plot saved as /localscratch/sina.wendrich/tsne/t-SNE_Test_center0_21504942_9.png
new oracle model saved
early stop counter: 8
val acc:0.9597169160842896, best validation acc: 0.9657832980155945, corresponding to test acc:                         0.884513258934021 / 0.9144542813301086
after epoch: 9,now: 2024-06-19 07:17:28.459763,epoch time: 0:28:48.638125,used: 4:28:32.518301,model: dset_te_center0_erm_b44271c83_not_commited_2024md_06md_19_02_48_55_seed_0_21504942
working direcotry: /ictstr01/groups/aih/sina.wendrich/MA_code/MA_thesis/DomainLab
epoch: 10
---- Training Domain: 
scalar performance:
{'acc': 0.959482, 'precision': 0.9297257, 'recall': 0.8194554, 'specificity': 0.8194554, 'f1': 0.864483, 'auroc': 0.9563434, 'binary_precision': 0.895265, 'binary_recall': 0.64680564, 'binary_specificity': 0.9921051, 'binary_f1_score': 0.75101936}
confusion matrix:
       0     1
0  41972   334
1   1559  2855
---- Validation: 
scalar performance:
{'acc': 0.95955724, 'precision': 0.5644095, 'recall': 0.5177782, 'specificity': 0.5177782, 'f1': 0.52397865, 'auroc': 0.6518775, 'binary_precision': 0.1618497, 'binary_recall': 0.04354588, 'binary_specificity': 0.9920106, 'binary_f1_score': 0.068627454}
confusion matrix:
       0    1
0  18004  145
1    615   28
---- Test Domain (oracle): 
scalar performance:
{'acc': 0.91887903, 'precision': 0.8901913, 'recall': 0.67432564, 'specificity': 0.67432564, 'f1': 0.72972023, 'auroc': 0.8048343, 'binary_precision': 0.85846156, 'binary_recall': 0.35632184, 'binary_specificity': 0.9923295, 'binary_f1_score': 0.5036101}
confusion matrix:
      0    1
0  5951   46
1   504  279
t-SNE plot saved as /localscratch/sina.wendrich/tsne/t-SNE_Test_center0_21504942_10.png
new oracle model saved
early stop counter: 9
val acc:0.9595572352409363, best validation acc: 0.9657832980155945, corresponding to test acc:                         0.884513258934021 / 0.9188790321350098
after epoch: 10,now: 2024-06-19 07:46:36.849561,epoch time: 0:29:08.389798,used: 4:57:40.908099,model: dset_te_center0_erm_b44271c83_not_commited_2024md_06md_19_02_48_55_seed_0_21504942
working direcotry: /ictstr01/groups/aih/sina.wendrich/MA_code/MA_thesis/DomainLab
epoch: 11
---- Training Domain: 
scalar performance:
{'acc': 0.9619435, 'precision': 0.9348988, 'recall': 0.83044195, 'specificity': 0.83044195, 'f1': 0.8737889, 'auroc': 0.9585122, 'binary_precision': 0.90346307, 'binary_recall': 0.6683292, 'binary_specificity': 0.9925548, 'binary_f1_score': 0.7683086}
confusion matrix:
       0     1
0  41994   315
1   1463  2948
---- Validation: 
scalar performance:
{'acc': 0.96030223, 'precision': 0.60591507, 'recall': 0.5339151, 'specificity': 0.5339151, 'f1': 0.54790443, 'auroc': 0.6817404, 'binary_precision': 0.24378109, 'binary_recall': 0.07620529, 'binary_specificity': 0.9916249, 'binary_f1_score': 0.116113745}
confusion matrix:
       0    1
0  17997  152
1    594   49
---- Test Domain (oracle): 
scalar performance:
{'acc': 0.9196165, 'precision': 0.8793079, 'recall': 0.6847361, 'specificity': 0.6847361, 'f1': 0.7388164, 'auroc': 0.8185619, 'binary_precision': 0.83426964, 'binary_recall': 0.37931034, 'binary_specificity': 0.9901618, 'binary_f1_score': 0.52151006}
confusion matrix:
      0    1
0  5938   59
1   486  297
t-SNE plot saved as /localscratch/sina.wendrich/tsne/t-SNE_Test_center0_21504942_11.png
new oracle model saved
early stop counter: 10
val acc:0.9603022336959839, best validation acc: 0.9657832980155945, corresponding to test acc:                         0.884513258934021 / 0.9196165204048157
after epoch: 11,now: 2024-06-19 08:17:05.399467,epoch time: 0:30:28.549906,used: 5:28:09.458005,model: dset_te_center0_erm_b44271c83_not_commited_2024md_06md_19_02_48_55_seed_0_21504942
working direcotry: /ictstr01/groups/aih/sina.wendrich/MA_code/MA_thesis/DomainLab
epoch: 12
---- Training Domain: 
scalar performance:
{'acc': 0.9614084, 'precision': 0.91894025, 'recall': 0.84283966, 'specificity': 0.84283966, 'f1': 0.8761011, 'auroc': 0.9582931, 'binary_precision': 0.8688895, 'binary_recall': 0.69664705, 'binary_specificity': 0.98903227, 'binary_f1_score': 0.77329314}
confusion matrix:
       0     1
0  41842   464
1   1339  3075
---- Validation: 
scalar performance:
{'acc': 0.957003, 'precision': 0.585231, 'recall': 0.5374574, 'specificity': 0.5374574, 'f1': 0.5498506, 'auroc': 0.67309386, 'binary_precision': 0.20216607, 'binary_recall': 0.08709176, 'binary_specificity': 0.987823, 'binary_f1_score': 0.12173913}
confusion matrix:
       0    1
0  17928  221
1    587   56
---- Test Domain (oracle): 
scalar performance:
{'acc': 0.9196165, 'precision': 0.8518777, 'recall': 0.70638865, 'specificity': 0.70638865, 'f1': 0.75401145, 'auroc': 0.8183824, 'binary_precision': 0.7741935, 'binary_recall': 0.42911878, 'binary_specificity': 0.9836585, 'binary_f1_score': 0.5521775}
confusion matrix:
      0    1
0  5899   98
1   447  336
t-SNE plot saved as /localscratch/sina.wendrich/tsne/t-SNE_Test_center0_21504942_12.png
early stop counter: 11
val acc:0.9570029973983765, best validation acc: 0.9657832980155945, corresponding to test acc:                         0.884513258934021 / 0.9196165204048157
after epoch: 12,now: 2024-06-19 08:46:21.901994,epoch time: 0:29:16.502527,used: 5:57:25.960532,model: dset_te_center0_erm_b44271c83_not_commited_2024md_06md_19_02_48_55_seed_0_21504942
working direcotry: /ictstr01/groups/aih/sina.wendrich/MA_code/MA_thesis/DomainLab
epoch: 13
---- Training Domain: 
scalar performance:
{'acc': 0.96496147, 'precision': 0.9295102, 'recall': 0.85525835, 'specificity': 0.85525835, 'f1': 0.88796806, 'auroc': 0.96250534, 'binary_precision': 0.88764673, 'binary_recall': 0.72001815, 'binary_specificity': 0.9904985, 'binary_f1_score': 0.7950933}
confusion matrix:
       0     1
0  41907   402
1   1235  3176
---- Validation: 
scalar performance:
{'acc': 0.95875907, 'precision': 0.60542154, 'recall': 0.5428668, 'specificity': 0.5428668, 'f1': 0.5584026, 'auroc': 0.6919657, 'binary_precision': 0.2421875, 'binary_recall': 0.096423015, 'binary_specificity': 0.9893107, 'binary_f1_score': 0.13793103}
confusion matrix:
       0    1
0  17955  194
1    581   62
---- Test Domain (oracle): 
scalar performance:
{'acc': 0.9221239, 'precision': 0.8762814, 'recall': 0.7011437, 'specificity': 0.7011437, 'f1': 0.75419235, 'auroc': 0.8181907, 'binary_precision': 0.8244275, 'binary_recall': 0.41379312, 'binary_specificity': 0.9884942, 'binary_f1_score': 0.55102044}
confusion matrix:
      0    1
0  5928   69
1   459  324
t-SNE plot saved as /localscratch/sina.wendrich/tsne/t-SNE_Test_center0_21504942_13.png
new oracle model saved
early stop counter: 12
val acc:0.958759069442749, best validation acc: 0.9657832980155945, corresponding to test acc:                         0.884513258934021 / 0.922123908996582
after epoch: 13,now: 2024-06-19 09:18:56.100652,epoch time: 0:32:34.198658,used: 6:30:00.159190,model: dset_te_center0_erm_b44271c83_not_commited_2024md_06md_19_02_48_55_seed_0_21504942
working direcotry: /ictstr01/groups/aih/sina.wendrich/MA_code/MA_thesis/DomainLab
epoch: 14
---- Training Domain: 
scalar performance:
{'acc': 0.9640197, 'precision': 0.9280529, 'recall': 0.8506407, 'specificity': 0.8506407, 'f1': 0.8845111, 'auroc': 0.9622074, 'binary_precision': 0.88565785, 'binary_recall': 0.7108543, 'binary_specificity': 0.99042714, 'binary_f1_score': 0.78868645}
confusion matrix:
       0     1
0  41902   405
1   1276  3137
---- Validation: 
scalar performance:
{'acc': 0.95843977, 'precision': 0.6026434, 'recall': 0.54270154, 'specificity': 0.54270154, 'f1': 0.55786186, 'auroc': 0.68670094, 'binary_precision': 0.23664123, 'binary_recall': 0.096423015, 'binary_specificity': 0.9889801, 'binary_f1_score': 0.13701656}
confusion matrix:
       0    1
0  17949  200
1    581   62
---- Test Domain (oracle): 
scalar performance:
{'acc': 0.92153394, 'precision': 0.8658552, 'recall': 0.705807, 'specificity': 0.705807, 'f1': 0.75644577, 'auroc': 0.8188609, 'binary_precision': 0.80240965, 'binary_recall': 0.42528737, 'binary_specificity': 0.9863265, 'binary_f1_score': 0.55592656}
confusion matrix:
      0    1
0  5915   82
1   450  333
t-SNE plot saved as /localscratch/sina.wendrich/tsne/t-SNE_Test_center0_21504942_14.png
early stop counter: 13
val acc:0.9584397673606873, best validation acc: 0.9657832980155945, corresponding to test acc:                         0.884513258934021 / 0.922123908996582
after epoch: 14,now: 2024-06-19 09:50:31.762752,epoch time: 0:31:35.662100,used: 7:01:35.821290,model: dset_te_center0_erm_b44271c83_not_commited_2024md_06md_19_02_48_55_seed_0_21504942
working direcotry: /ictstr01/groups/aih/sina.wendrich/MA_code/MA_thesis/DomainLab
epoch: 15
---- Training Domain: 
scalar performance:
{'acc': 0.96633136, 'precision': 0.9162669, 'recall': 0.88012946, 'specificity': 0.88012946, 'f1': 0.89715356, 'auroc': 0.9693942, 'binary_precision': 0.85588974, 'binary_recall': 0.77384996, 'binary_specificity': 0.9864089, 'binary_f1_score': 0.81280494}
confusion matrix:
       0     1
0  41732   575
1    998  3415
---- Validation: 
scalar performance:
{'acc': 0.9566837, 'precision': 0.6139269, 'recall': 0.56354403, 'specificity': 0.56354403, 'f1': 0.58024156, 'auroc': 0.69740236, 'binary_precision': 0.25779036, 'binary_recall': 0.1415241, 'binary_specificity': 0.98556393, 'binary_f1_score': 0.18273091}
confusion matrix:
       0    1
0  17887  262
1    552   91
---- Test Domain (oracle): 
scalar performance:
{'acc': 0.9238938, 'precision': 0.8605318, 'recall': 0.7254623, 'specificity': 0.7254623, 'f1': 0.7723141, 'auroc': 0.8205482, 'binary_precision': 0.7870968, 'binary_recall': 0.46743295, 'binary_specificity': 0.9834917, 'binary_f1_score': 0.5865385}
confusion matrix:
      0    1
0  5898   99
1   417  366
t-SNE plot saved as /localscratch/sina.wendrich/tsne/t-SNE_Test_center0_21504942_15.png
new oracle model saved
early stop counter: 14
val acc:0.9566836953163147, best validation acc: 0.9657832980155945, corresponding to test acc:                         0.884513258934021 / 0.9238938093185425
after epoch: 15,now: 2024-06-19 10:24:09.684455,epoch time: 0:33:37.921703,used: 7:35:13.742993,model: dset_te_center0_erm_b44271c83_not_commited_2024md_06md_19_02_48_55_seed_0_21504942
working direcotry: /ictstr01/groups/aih/sina.wendrich/MA_code/MA_thesis/DomainLab
epoch: 16
---- Training Domain: 
scalar performance:
{'acc': 0.96389127, 'precision': 0.9172739, 'recall': 0.86170316, 'specificity': 0.86170316, 'f1': 0.88697684, 'auroc': 0.9633629, 'binary_precision': 0.8616937, 'binary_recall': 0.73572075, 'binary_specificity': 0.98768556, 'binary_f1_score': 0.79374003}
confusion matrix:
       0     1
0  41787   521
1   1166  3246
---- Validation: 
scalar performance:
{'acc': 0.9571094, 'precision': 0.6117482, 'recall': 0.558514, 'specificity': 0.558514, 'f1': 0.57523435, 'auroc': 0.71059155, 'binary_precision': 0.25377643, 'binary_recall': 0.13063763, 'binary_specificity': 0.9863904, 'binary_f1_score': 0.17248459}
confusion matrix:
       0    1
0  17902  247
1    559   84
---- Test Domain (oracle): 
scalar performance:
{'acc': 0.9300885, 'precision': 0.879209, 'recall': 0.74561995, 'specificity': 0.74561995, 'f1': 0.79351854, 'auroc': 0.8360528, 'binary_precision': 0.8198758, 'binary_recall': 0.50574714, 'binary_specificity': 0.98549277, 'binary_f1_score': 0.6255924}
confusion matrix:
      0    1
0  5910   87
1   387  396
t-SNE plot saved as /localscratch/sina.wendrich/tsne/t-SNE_Test_center0_21504942_16.png
new oracle model saved
early stop counter: 15
val acc:0.9571093916893005, best validation acc: 0.9657832980155945, corresponding to test acc:                         0.884513258934021 / 0.9300885200500488
after epoch: 16,now: 2024-06-19 10:58:26.304161,epoch time: 0:34:16.619706,used: 8:09:30.362699,model: dset_te_center0_erm_b44271c83_not_commited_2024md_06md_19_02_48_55_seed_0_21504942
working direcotry: /ictstr01/groups/aih/sina.wendrich/MA_code/MA_thesis/DomainLab
epoch: 17
---- Training Domain: 
scalar performance:
{'acc': 0.965518, 'precision': 0.91175115, 'recall': 0.88046646, 'specificity': 0.88046646, 'f1': 0.89531964, 'auroc': 0.971241, 'binary_precision': 0.84672433, 'binary_recall': 0.77558875, 'binary_specificity': 0.9853442, 'binary_f1_score': 0.80959696}
confusion matrix:
       0     1
0  41684   620
1    991  3425
---- Validation: 
scalar performance:
{'acc': 0.95583224, 'precision': 0.6117954, 'recall': 0.5668535, 'specificity': 0.5668535, 'f1': 0.5825829, 'auroc': 0.7338176, 'binary_precision': 0.25329816, 'binary_recall': 0.14930016, 'binary_specificity': 0.9844068, 'binary_f1_score': 0.18786693}
confusion matrix:
       0    1
0  17866  283
1    547   96
---- Test Domain (oracle): 
scalar performance:
{'acc': 0.93053097, 'precision': 0.87170875, 'recall': 0.75586355, 'specificity': 0.75586355, 'f1': 0.7994995, 'auroc': 0.8435546, 'binary_precision': 0.8023256, 'binary_recall': 0.52873564, 'binary_specificity': 0.9829915, 'binary_f1_score': 0.63741344}
confusion matrix:
      0    1
0  5895  102
1   369  414
t-SNE plot saved as /localscratch/sina.wendrich/tsne/t-SNE_Test_center0_21504942_17.png
new oracle model saved
early stop counter: 16
val acc:0.9558322429656982, best validation acc: 0.9657832980155945, corresponding to test acc:                         0.884513258934021 / 0.9305309653282166
after epoch: 17,now: 2024-06-19 11:38:12.611659,epoch time: 0:39:46.307498,used: 8:49:16.670197,model: dset_te_center0_erm_b44271c83_not_commited_2024md_06md_19_02_48_55_seed_0_21504942
working direcotry: /ictstr01/groups/aih/sina.wendrich/MA_code/MA_thesis/DomainLab
epoch: 18
---- Training Domain: 
scalar performance:
{'acc': 0.9634418, 'precision': 0.90751994, 'recall': 0.87105155, 'specificity': 0.87105155, 'f1': 0.88819504, 'auroc': 0.9674417, 'binary_precision': 0.8401207, 'binary_recall': 0.7571364, 'binary_specificity': 0.9849667, 'binary_f1_score': 0.7964728}
confusion matrix:
       0     1
0  41670   636
1   1072  3342
---- Validation: 
scalar performance:
{'acc': 0.9557791, 'precision': 0.6086993, 'recall': 0.5638257, 'specificity': 0.5638257, 'f1': 0.57927835, 'auroc': 0.7058429, 'binary_precision': 0.24731183, 'binary_recall': 0.14307931, 'binary_specificity': 0.9845722, 'binary_f1_score': 0.18128079}
confusion matrix:
       0    1
0  17869  280
1    551   92
---- Test Domain (oracle): 
scalar performance:
{'acc': 0.9274336, 'precision': 0.86594343, 'recall': 0.7424536, 'specificity': 0.7424536, 'f1': 0.7874825, 'auroc': 0.8324021, 'binary_precision': 0.7939394, 'binary_recall': 0.5019157, 'binary_specificity': 0.9829915, 'binary_f1_score': 0.6150235}
confusion matrix:
      0    1
0  5895  102
1   390  393
t-SNE plot saved as /localscratch/sina.wendrich/tsne/t-SNE_Test_center0_21504942_18.png
early stop counter: 17
val acc:0.9557790756225586, best validation acc: 0.9657832980155945, corresponding to test acc:                         0.884513258934021 / 0.9305309653282166
after epoch: 18,now: 2024-06-19 12:16:53.841778,epoch time: 0:38:41.230119,used: 9:27:57.900316,model: dset_te_center0_erm_b44271c83_not_commited_2024md_06md_19_02_48_55_seed_0_21504942
working direcotry: /ictstr01/groups/aih/sina.wendrich/MA_code/MA_thesis/DomainLab
epoch: 19
---- Training Domain: 
scalar performance:
{'acc': 0.9638485, 'precision': 0.9012244, 'recall': 0.8831223, 'specificity': 0.8831223, 'f1': 0.8919047, 'auroc': 0.9669709, 'binary_precision': 0.82490456, 'binary_recall': 0.78359395, 'binary_specificity': 0.98265064, 'binary_f1_score': 0.8037187}
confusion matrix:
       0     1
0  41573   734
1    955  3458
---- Validation: 
scalar performance:
{'acc': 0.9548744, 'precision': 0.60933834, 'recall': 0.5701079, 'specificity': 0.5701079, 'f1': 0.58458483, 'auroc': 0.71981144, 'binary_precision': 0.24815725, 'binary_recall': 0.15707621, 'binary_specificity': 0.9831396, 'binary_f1_score': 0.19238096}
confusion matrix:
       0    1
0  17843  306
1    542  101
---- Test Domain (oracle): 
scalar performance:
{'acc': 0.93112093, 'precision': 0.86880064, 'recall': 0.7628594, 'specificity': 0.7628594, 'f1': 0.8038968, 'auroc': 0.8427242, 'binary_precision': 0.79477614, 'binary_recall': 0.5440613, 'binary_specificity': 0.9816575, 'binary_f1_score': 0.64594394}
confusion matrix:
      0    1
0  5887  110
1   357  426
t-SNE plot saved as /localscratch/sina.wendrich/tsne/t-SNE_Test_center0_21504942_19.png
new oracle model saved
early stop counter: 18
val acc:0.9548743963241577, best validation acc: 0.9657832980155945, corresponding to test acc:                         0.884513258934021 / 0.9311209321022034
after epoch: 19,now: 2024-06-19 12:50:30.793387,epoch time: 0:33:36.951609,used: 10:01:34.851925,model: dset_te_center0_erm_b44271c83_not_commited_2024md_06md_19_02_48_55_seed_0_21504942
working direcotry: /ictstr01/groups/aih/sina.wendrich/MA_code/MA_thesis/DomainLab
epoch: 20
---- Training Domain: 
scalar performance:
{'acc': 0.96712327, 'precision': 0.9079348, 'recall': 0.897637, 'specificity': 0.897637, 'f1': 0.90270126, 'auroc': 0.973334, 'binary_precision': 0.8354312, 'binary_recall': 0.81196195, 'binary_specificity': 0.9833121, 'binary_f1_score': 0.82352936}
confusion matrix:
       0     1
0  41600   706
1    830  3584
---- Validation: 
scalar performance:
{'acc': 0.9554598, 'precision': 0.6134348, 'recall': 0.571161, 'specificity': 0.571161, 'f1': 0.58653045, 'auroc': 0.72173727, 'binary_precision': 0.2562814, 'binary_recall': 0.15863141, 'binary_specificity': 0.98369056, 'binary_f1_score': 0.19596542}
confusion matrix:
       0    1
0  17853  296
1    541  102
---- Test Domain (oracle): 
scalar performance:
{'acc': 0.93112093, 'precision': 0.87486166, 'recall': 0.7561971, 'specificity': 0.7561971, 'f1': 0.8006532, 'auroc': 0.8394644, 'binary_precision': 0.80859375, 'binary_recall': 0.52873564, 'binary_specificity': 0.9836585, 'binary_f1_score': 0.63938224}
confusion matrix:
      0    1
0  5899   98
1   369  414
t-SNE plot saved as /localscratch/sina.wendrich/tsne/t-SNE_Test_center0_21504942_20.png
early stop counter: 19
val acc:0.9554597735404968, best validation acc: 0.9657832980155945, corresponding to test acc:                         0.884513258934021 / 0.9311209321022034
after epoch: 20,now: 2024-06-19 13:25:53.974054,epoch time: 0:35:23.180667,used: 10:36:58.032592,model: dset_te_center0_erm_b44271c83_not_commited_2024md_06md_19_02_48_55_seed_0_21504942
working direcotry: /ictstr01/groups/aih/sina.wendrich/MA_code/MA_thesis/DomainLab
