Failed to import backpack: cannot import name '_grad_input_padding' from 'torch.nn.grad' (/home/aih/sina.wendrich/miniconda3/envs/domainlab_py310/lib/python3.10/site-packages/torch/nn/grad.py)
before experiment loop: 
|===========================================================================|
|                  PyTorch CUDA memory summary, device ID 0                 |
|---------------------------------------------------------------------------|
|            CUDA OOMs: 0            |        cudaMalloc retries: 0         |
|===========================================================================|
|        Metric         | Cur Usage  | Peak Usage | Tot Alloc  | Tot Freed  |
|---------------------------------------------------------------------------|
| Allocated memory      |      0 B   |      0 B   |      0 B   |      0 B   |
|       from large pool |      0 B   |      0 B   |      0 B   |      0 B   |
|       from small pool |      0 B   |      0 B   |      0 B   |      0 B   |
|---------------------------------------------------------------------------|
| Active memory         |      0 B   |      0 B   |      0 B   |      0 B   |
|       from large pool |      0 B   |      0 B   |      0 B   |      0 B   |
|       from small pool |      0 B   |      0 B   |      0 B   |      0 B   |
|---------------------------------------------------------------------------|
| Requested memory      |      0 B   |      0 B   |      0 B   |      0 B   |
|       from large pool |      0 B   |      0 B   |      0 B   |      0 B   |
|       from small pool |      0 B   |      0 B   |      0 B   |      0 B   |
|---------------------------------------------------------------------------|
| GPU reserved memory   |      0 B   |      0 B   |      0 B   |      0 B   |
|       from large pool |      0 B   |      0 B   |      0 B   |      0 B   |
|       from small pool |      0 B   |      0 B   |      0 B   |      0 B   |
|---------------------------------------------------------------------------|
| Non-releasable memory |      0 B   |      0 B   |      0 B   |      0 B   |
|       from large pool |      0 B   |      0 B   |      0 B   |      0 B   |
|       from small pool |      0 B   |      0 B   |      0 B   |      0 B   |
|---------------------------------------------------------------------------|
| Allocations           |       0    |       0    |       0    |       0    |
|       from large pool |       0    |       0    |       0    |       0    |
|       from small pool |       0    |       0    |       0    |       0    |
|---------------------------------------------------------------------------|
| Active allocs         |       0    |       0    |       0    |       0    |
|       from large pool |       0    |       0    |       0    |       0    |
|       from small pool |       0    |       0    |       0    |       0    |
|---------------------------------------------------------------------------|
| GPU reserved segments |       0    |       0    |       0    |       0    |
|       from large pool |       0    |       0    |       0    |       0    |
|       from small pool |       0    |       0    |       0    |       0    |
|---------------------------------------------------------------------------|
| Non-releasable allocs |       0    |       0    |       0    |       0    |
|       from large pool |       0    |       0    |       0    |       0    |
|       from small pool |       0    |       0    |       0    |       0    |
|---------------------------------------------------------------------------|
| Oversize allocations  |       0    |       0    |       0    |       0    |
|---------------------------------------------------------------------------|
| Oversize GPU segments |       0    |       0    |       0    |       0    |
|===========================================================================|

before experiment starts
|===========================================================================|
|                  PyTorch CUDA memory summary, device ID 0                 |
|---------------------------------------------------------------------------|
|            CUDA OOMs: 0            |        cudaMalloc retries: 0         |
|===========================================================================|
|        Metric         | Cur Usage  | Peak Usage | Tot Alloc  | Tot Freed  |
|---------------------------------------------------------------------------|
| Allocated memory      |      0 B   |      0 B   |      0 B   |      0 B   |
|       from large pool |      0 B   |      0 B   |      0 B   |      0 B   |
|       from small pool |      0 B   |      0 B   |      0 B   |      0 B   |
|---------------------------------------------------------------------------|
| Active memory         |      0 B   |      0 B   |      0 B   |      0 B   |
|       from large pool |      0 B   |      0 B   |      0 B   |      0 B   |
|       from small pool |      0 B   |      0 B   |      0 B   |      0 B   |
|---------------------------------------------------------------------------|
| Requested memory      |      0 B   |      0 B   |      0 B   |      0 B   |
|       from large pool |      0 B   |      0 B   |      0 B   |      0 B   |
|       from small pool |      0 B   |      0 B   |      0 B   |      0 B   |
|---------------------------------------------------------------------------|
| GPU reserved memory   |      0 B   |      0 B   |      0 B   |      0 B   |
|       from large pool |      0 B   |      0 B   |      0 B   |      0 B   |
|       from small pool |      0 B   |      0 B   |      0 B   |      0 B   |
|---------------------------------------------------------------------------|
| Non-releasable memory |      0 B   |      0 B   |      0 B   |      0 B   |
|       from large pool |      0 B   |      0 B   |      0 B   |      0 B   |
|       from small pool |      0 B   |      0 B   |      0 B   |      0 B   |
|---------------------------------------------------------------------------|
| Allocations           |       0    |       0    |       0    |       0    |
|       from large pool |       0    |       0    |       0    |       0    |
|       from small pool |       0    |       0    |       0    |       0    |
|---------------------------------------------------------------------------|
| Active allocs         |       0    |       0    |       0    |       0    |
|       from large pool |       0    |       0    |       0    |       0    |
|       from small pool |       0    |       0    |       0    |       0    |
|---------------------------------------------------------------------------|
| GPU reserved segments |       0    |       0    |       0    |       0    |
|       from large pool |       0    |       0    |       0    |       0    |
|       from small pool |       0    |       0    |       0    |       0    |
|---------------------------------------------------------------------------|
| Non-releasable allocs |       0    |       0    |       0    |       0    |
|       from large pool |       0    |       0    |       0    |       0    |
|       from small pool |       0    |       0    |       0    |       0    |
|---------------------------------------------------------------------------|
| Oversize allocations  |       0    |       0    |       0    |       0    |
|---------------------------------------------------------------------------|
| Oversize GPU segments |       0    |       0    |       0    |       0    |
|===========================================================================|


overriding args.task None to dset


using device: cuda:0




!!!: not committed yet



b'44271c83'
model name: dset_te_center0_erm_b44271c83_not_commited_2024md_06md_13_16_52_51_seed_0_21316519

 Experiment start at: 2024-06-13 16:52:51.583402
before training, model accuracy: 0.9563758969306946
epoch: 1
---- Training Domain: 
scalar performance:
{'acc': 0.96579283, 'precision': 0.5004464, 'recall': 0.5000091, 'specificity': 0.5000091, 'f1': 0.4919659, 'auroc': 0.6300912, 'binary_precision': 0.03448276, 'binary_recall': 0.00067980966, 'binary_specificity': 0.9993384, 'binary_f1_score': 0.0013333334}
confusion matrix:
       0   1
0  42293  28
1   1470   1
---- Validation: 
scalar performance:
{'acc': 0.96546406, 'precision': 0.4828862, 'recall': 0.49983472, 'specificity': 0.49983472, 'f1': 0.4912143, 'auroc': 0.6468725, 'binary_precision': 0.0, 'binary_recall': 0.0, 'binary_specificity': 0.99966943, 'binary_f1_score': 0.0}
confusion matrix:
       0  1
0  18143  6
1    643  0
---- Test Domain (oracle): 
scalar performance:
{'acc': 0.9582934, 'precision': 0.4791467, 'recall': 0.5, 'specificity': 0.5, 'f1': 0.48935127, 'auroc': 0.6494788, 'binary_precision': 0.0, 'binary_recall': 0.0, 'binary_specificity': 1.0, 'binary_f1_score': 0.0}
confusion matrix:
      0  1
0  5997  0
1   261  0
t-SNE plot saved as /localscratch/sina.wendrich/tsne/t-SNE_Test_center0_21316519_1.png
new oracle model saved
better model found
persisted
after epoch: 1,now: 2024-06-13 17:19:09.135862,epoch time: 0:26:17.552460,used: 0:26:17.552460,model: dset_te_center0_erm_b44271c83_not_commited_2024md_06md_13_16_52_51_seed_0_21316519
working direcotry: /ictstr01/groups/aih/sina.wendrich/MA_code/MA_thesis/DomainLab
epoch: 2
---- Training Domain: 
scalar performance:
{'acc': 0.9659527, 'precision': 0.48318598, 'recall': 0.49977553, 'specificity': 0.49977553, 'f1': 0.49134073, 'auroc': 0.69095135, 'binary_precision': 0.0, 'binary_recall': 0.0, 'binary_specificity': 0.99955106, 'binary_f1_score': 0.0}
confusion matrix:
       0   1
0  42301  19
1   1472   0
---- Validation: 
scalar performance:
{'acc': 0.9655172, 'precision': 0.4828871, 'recall': 0.49986225, 'specificity': 0.49986225, 'f1': 0.49122804, 'auroc': 0.6961775, 'binary_precision': 0.0, 'binary_recall': 0.0, 'binary_specificity': 0.9997245, 'binary_f1_score': 0.0}
confusion matrix:
       0  1
0  18144  5
1    643  0
---- Test Domain (oracle): 
scalar performance:
{'acc': 0.9582934, 'precision': 0.4791467, 'recall': 0.5, 'specificity': 0.5, 'f1': 0.48935127, 'auroc': 0.69850314, 'binary_precision': 0.0, 'binary_recall': 0.0, 'binary_specificity': 1.0, 'binary_f1_score': 0.0}
confusion matrix:
      0  1
0  5997  0
1   261  0
t-SNE plot saved as /localscratch/sina.wendrich/tsne/t-SNE_Test_center0_21316519_2.png
better model found
persisted
after epoch: 2,now: 2024-06-13 17:44:25.349277,epoch time: 0:25:16.213415,used: 0:51:33.765875,model: dset_te_center0_erm_b44271c83_not_commited_2024md_06md_13_16_52_51_seed_0_21316519
working direcotry: /ictstr01/groups/aih/sina.wendrich/MA_code/MA_thesis/DomainLab
epoch: 3
---- Training Domain: 
scalar performance:
{'acc': 0.96606684, 'precision': 0.4831879, 'recall': 0.4998346, 'specificity': 0.4998346, 'f1': 0.49137032, 'auroc': 0.73685986, 'binary_precision': 0.0, 'binary_recall': 0.0, 'binary_specificity': 0.9996692, 'binary_f1_score': 0.0}
confusion matrix:
       0   1
0  42306  14
1   1472   0
---- Validation: 
scalar performance:
{'acc': 0.96557045, 'precision': 0.482888, 'recall': 0.4998898, 'specificity': 0.4998898, 'f1': 0.49124184, 'auroc': 0.7387597, 'binary_precision': 0.0, 'binary_recall': 0.0, 'binary_specificity': 0.9997796, 'binary_f1_score': 0.0}
confusion matrix:
       0  1
0  18145  4
1    643  0
---- Test Domain (oracle): 
scalar performance:
{'acc': 0.9582934, 'precision': 0.4791467, 'recall': 0.5, 'specificity': 0.5, 'f1': 0.48935127, 'auroc': 0.7387051, 'binary_precision': 0.0, 'binary_recall': 0.0, 'binary_specificity': 1.0, 'binary_f1_score': 0.0}
confusion matrix:
      0  1
0  5997  0
1   261  0
t-SNE plot saved as /localscratch/sina.wendrich/tsne/t-SNE_Test_center0_21316519_3.png
better model found
persisted
after epoch: 3,now: 2024-06-13 18:09:48.037726,epoch time: 0:25:22.688449,used: 1:16:56.454324,model: dset_te_center0_erm_b44271c83_not_commited_2024md_06md_13_16_52_51_seed_0_21316519
working direcotry: /ictstr01/groups/aih/sina.wendrich/MA_code/MA_thesis/DomainLab
epoch: 4
---- Training Domain: 
scalar performance:
{'acc': 0.9661582, 'precision': 0.48321152, 'recall': 0.49985823, 'specificity': 0.49985823, 'f1': 0.49139392, 'auroc': 0.77503383, 'binary_precision': 0.0, 'binary_recall': 0.0, 'binary_specificity': 0.99971646, 'binary_f1_score': 0.0}
confusion matrix:
       0   1
0  42310  12
1   1470   0
---- Validation: 
scalar performance:
{'acc': 0.9656769, 'precision': 0.48288983, 'recall': 0.4999449, 'specificity': 0.4999449, 'f1': 0.49126938, 'auroc': 0.7728751, 'binary_precision': 0.0, 'binary_recall': 0.0, 'binary_specificity': 0.9998898, 'binary_f1_score': 0.0}
confusion matrix:
       0  1
0  18147  2
1    643  0
---- Test Domain (oracle): 
scalar performance:
{'acc': 0.9582934, 'precision': 0.4791467, 'recall': 0.5, 'specificity': 0.5, 'f1': 0.48935127, 'auroc': 0.77187777, 'binary_precision': 0.0, 'binary_recall': 0.0, 'binary_specificity': 1.0, 'binary_f1_score': 0.0}
confusion matrix:
      0  1
0  5997  0
1   261  0
t-SNE plot saved as /localscratch/sina.wendrich/tsne/t-SNE_Test_center0_21316519_4.png
better model found
persisted
after epoch: 4,now: 2024-06-13 18:35:19.322802,epoch time: 0:25:31.285076,used: 1:42:27.739400,model: dset_te_center0_erm_b44271c83_not_commited_2024md_06md_13_16_52_51_seed_0_21316519
working direcotry: /ictstr01/groups/aih/sina.wendrich/MA_code/MA_thesis/DomainLab
epoch: 5
---- Training Domain: 
scalar performance:
{'acc': 0.96606684, 'precision': 0.4831879, 'recall': 0.4998346, 'specificity': 0.4998346, 'f1': 0.49137032, 'auroc': 0.7991077, 'binary_precision': 0.0, 'binary_recall': 0.0, 'binary_specificity': 0.9996692, 'binary_f1_score': 0.0}
confusion matrix:
       0   1
0  42306  14
1   1472   0
---- Validation: 
scalar performance:
{'acc': 0.9656769, 'precision': 0.48288983, 'recall': 0.4999449, 'specificity': 0.4999449, 'f1': 0.49126938, 'auroc': 0.7995014, 'binary_precision': 0.0, 'binary_recall': 0.0, 'binary_specificity': 0.9998898, 'binary_f1_score': 0.0}
confusion matrix:
       0  1
0  18147  2
1    643  0
---- Test Domain (oracle): 
scalar performance:
{'acc': 0.9582934, 'precision': 0.4791467, 'recall': 0.5, 'specificity': 0.5, 'f1': 0.48935127, 'auroc': 0.7975148, 'binary_precision': 0.0, 'binary_recall': 0.0, 'binary_specificity': 1.0, 'binary_f1_score': 0.0}
confusion matrix:
      0  1
0  5997  0
1   261  0
t-SNE plot saved as /localscratch/sina.wendrich/tsne/t-SNE_Test_center0_21316519_5.png
early stop counter: 1
val acc:0.9656769037246704, best validation acc: 0.9656769037246704, corresponding to test acc:                         0.9582933783531189 / 0.9582933783531189
after epoch: 5,now: 2024-06-13 19:00:44.677793,epoch time: 0:25:25.354991,used: 2:07:53.094391,model: dset_te_center0_erm_b44271c83_not_commited_2024md_06md_13_16_52_51_seed_0_21316519
working direcotry: /ictstr01/groups/aih/sina.wendrich/MA_code/MA_thesis/DomainLab
epoch: 6
---- Training Domain: 
scalar performance:
{'acc': 0.9660897, 'precision': 0.4831883, 'recall': 0.4998464, 'specificity': 0.4998464, 'f1': 0.4913762, 'auroc': 0.8238517, 'binary_precision': 0.0, 'binary_recall': 0.0, 'binary_specificity': 0.9996928, 'binary_f1_score': 0.0}
confusion matrix:
       0   1
0  42307  13
1   1472   0
---- Validation: 
scalar performance:
{'acc': 0.9656769, 'precision': 0.48288983, 'recall': 0.4999449, 'specificity': 0.4999449, 'f1': 0.49126938, 'auroc': 0.81997895, 'binary_precision': 0.0, 'binary_recall': 0.0, 'binary_specificity': 0.9998898, 'binary_f1_score': 0.0}
confusion matrix:
       0  1
0  18147  2
1    643  0
---- Test Domain (oracle): 
scalar performance:
{'acc': 0.9582934, 'precision': 0.4791467, 'recall': 0.5, 'specificity': 0.5, 'f1': 0.48935127, 'auroc': 0.8173097, 'binary_precision': 0.0, 'binary_recall': 0.0, 'binary_specificity': 1.0, 'binary_f1_score': 0.0}
confusion matrix:
      0  1
0  5997  0
1   261  0
t-SNE plot saved as /localscratch/sina.wendrich/tsne/t-SNE_Test_center0_21316519_6.png
early stop counter: 2
val acc:0.9656769037246704, best validation acc: 0.9656769037246704, corresponding to test acc:                         0.9582933783531189 / 0.9582933783531189
after epoch: 6,now: 2024-06-13 19:26:08.232475,epoch time: 0:25:23.554682,used: 2:33:16.649073,model: dset_te_center0_erm_b44271c83_not_commited_2024md_06md_13_16_52_51_seed_0_21316519
working direcotry: /ictstr01/groups/aih/sina.wendrich/MA_code/MA_thesis/DomainLab
epoch: 7
---- Training Domain: 
scalar performance:
{'acc': 0.9661354, 'precision': 0.48318905, 'recall': 0.49987003, 'specificity': 0.49987003, 'f1': 0.49138805, 'auroc': 0.84294176, 'binary_precision': 0.0, 'binary_recall': 0.0, 'binary_specificity': 0.99974006, 'binary_f1_score': 0.0}
confusion matrix:
       0   1
0  42309  11
1   1472   0
---- Validation: 
scalar performance:
{'acc': 0.9656237, 'precision': 0.48288894, 'recall': 0.49991736, 'specificity': 0.49991736, 'f1': 0.4912556, 'auroc': 0.83569556, 'binary_precision': 0.0, 'binary_recall': 0.0, 'binary_specificity': 0.9998347, 'binary_f1_score': 0.0}
confusion matrix:
       0  1
0  18146  3
1    643  0
---- Test Domain (oracle): 
scalar performance:
{'acc': 0.9582934, 'precision': 0.4791467, 'recall': 0.5, 'specificity': 0.5, 'f1': 0.48935127, 'auroc': 0.83219063, 'binary_precision': 0.0, 'binary_recall': 0.0, 'binary_specificity': 1.0, 'binary_f1_score': 0.0}
confusion matrix:
      0  1
0  5997  0
1   261  0
t-SNE plot saved as /localscratch/sina.wendrich/tsne/t-SNE_Test_center0_21316519_7.png
early stop counter: 3
val acc:0.965623676776886, best validation acc: 0.9656769037246704, corresponding to test acc:                         0.9582933783531189 / 0.9582933783531189
after epoch: 7,now: 2024-06-13 19:51:34.353146,epoch time: 0:25:26.120671,used: 2:58:42.769744,model: dset_te_center0_erm_b44271c83_not_commited_2024md_06md_13_16_52_51_seed_0_21316519
working direcotry: /ictstr01/groups/aih/sina.wendrich/MA_code/MA_thesis/DomainLab
epoch: 8
---- Training Domain: 
scalar performance:
{'acc': 0.9660897, 'precision': 0.5165323, 'recall': 0.5001743, 'specificity': 0.5001743, 'f1': 0.49204847, 'auroc': 0.85780394, 'binary_precision': 0.06666667, 'binary_recall': 0.00067934784, 'binary_specificity': 0.9996692, 'binary_f1_score': 0.0013449899}
confusion matrix:
       0   1
0  42306  14
1   1471   1
---- Validation: 
scalar performance:
{'acc': 0.9656769, 'precision': 0.6079146, 'recall': 0.500695, 'specificity': 0.500695, 'f1': 0.49281454, 'auroc': 0.84818614, 'binary_precision': 0.25, 'binary_recall': 0.00155521, 'binary_specificity': 0.9998347, 'binary_f1_score': 0.0030911902}
confusion matrix:
       0  1
0  18146  3
1    642  1
---- Test Domain (oracle): 
scalar performance:
{'acc': 0.9581336, 'precision': 0.47914335, 'recall': 0.4999166, 'specificity': 0.4999166, 'f1': 0.48930964, 'auroc': 0.8443264, 'binary_precision': 0.0, 'binary_recall': 0.0, 'binary_specificity': 0.9998332, 'binary_f1_score': 0.0}
confusion matrix:
      0  1
0  5996  1
1   261  0
t-SNE plot saved as /localscratch/sina.wendrich/tsne/t-SNE_Test_center0_21316519_8.png
early stop counter: 4
val acc:0.9656769037246704, best validation acc: 0.9656769037246704, corresponding to test acc:                         0.9582933783531189 / 0.9582933783531189
after epoch: 8,now: 2024-06-13 20:16:55.488046,epoch time: 0:25:21.134900,used: 3:24:03.904644,model: dset_te_center0_erm_b44271c83_not_commited_2024md_06md_13_16_52_51_seed_0_21316519
working direcotry: /ictstr01/groups/aih/sina.wendrich/MA_code/MA_thesis/DomainLab
epoch: 9
---- Training Domain: 
scalar performance:
{'acc': 0.9661582, 'precision': 0.60230136, 'recall': 0.5015105, 'specificity': 0.5015105, 'f1': 0.49474412, 'auroc': 0.86491245, 'binary_precision': 0.23809524, 'binary_recall': 0.0033990482, 'binary_specificity': 0.9996219, 'binary_f1_score': 0.006702413}
confusion matrix:
       0   1
0  42305  16
1   1466   5
---- Validation: 
scalar performance:
{'acc': 0.9656769, 'precision': 0.6496061, 'recall': 0.501445, 'specificity': 0.501445, 'f1': 0.49435008, 'auroc': 0.858209, 'binary_precision': 0.33333334, 'binary_recall': 0.00311042, 'binary_specificity': 0.9997796, 'binary_f1_score': 0.006163329}
confusion matrix:
       0  1
0  18145  4
1    641  2
---- Test Domain (oracle): 
scalar performance:
{'acc': 0.9581336, 'precision': 0.47914335, 'recall': 0.4999166, 'specificity': 0.4999166, 'f1': 0.48930964, 'auroc': 0.85417455, 'binary_precision': 0.0, 'binary_recall': 0.0, 'binary_specificity': 0.9998332, 'binary_f1_score': 0.0}
confusion matrix:
      0  1
0  5996  1
1   261  0
t-SNE plot saved as /localscratch/sina.wendrich/tsne/t-SNE_Test_center0_21316519_9.png
early stop counter: 5
val acc:0.9656769037246704, best validation acc: 0.9656769037246704, corresponding to test acc:                         0.9582933783531189 / 0.9582933783531189
after epoch: 9,now: 2024-06-13 20:42:19.374958,epoch time: 0:25:23.886912,used: 3:49:27.791556,model: dset_te_center0_erm_b44271c83_not_commited_2024md_06md_13_16_52_51_seed_0_21316519
working direcotry: /ictstr01/groups/aih/sina.wendrich/MA_code/MA_thesis/DomainLab
epoch: 10
---- Training Domain: 
scalar performance:
{'acc': 0.9661354, 'precision': 0.608264, 'recall': 0.50182676, 'specificity': 0.50182676, 'f1': 0.49540022, 'auroc': 0.87882006, 'binary_precision': 0.25, 'binary_recall': 0.004078858, 'binary_specificity': 0.99957466, 'binary_f1_score': 0.008026756}
confusion matrix:
       0   1
0  42303  18
1   1465   6
---- Validation: 
scalar performance:
{'acc': 0.9656769, 'precision': 0.6496061, 'recall': 0.501445, 'specificity': 0.501445, 'f1': 0.49435008, 'auroc': 0.866236, 'binary_precision': 0.33333334, 'binary_recall': 0.00311042, 'binary_specificity': 0.9997796, 'binary_f1_score': 0.006163329}
confusion matrix:
       0  1
0  18145  4
1    641  2
---- Test Domain (oracle): 
scalar performance:
{'acc': 0.9581336, 'precision': 0.47914335, 'recall': 0.4999166, 'specificity': 0.4999166, 'f1': 0.48930964, 'auroc': 0.8615181, 'binary_precision': 0.0, 'binary_recall': 0.0, 'binary_specificity': 0.9998332, 'binary_f1_score': 0.0}
confusion matrix:
      0  1
0  5996  1
1   261  0
t-SNE plot saved as /localscratch/sina.wendrich/tsne/t-SNE_Test_center0_21316519_10.png
early stop counter: 6
val acc:0.9656769037246704, best validation acc: 0.9656769037246704, corresponding to test acc:                         0.9582933783531189 / 0.9582933783531189
after epoch: 10,now: 2024-06-13 21:07:40.425278,epoch time: 0:25:21.050320,used: 4:14:48.841876,model: dset_te_center0_erm_b44271c83_not_commited_2024md_06md_13_16_52_51_seed_0_21316519
working direcotry: /ictstr01/groups/aih/sina.wendrich/MA_code/MA_thesis/DomainLab
epoch: 11
---- Training Domain: 
scalar performance:
{'acc': 0.9663637, 'precision': 0.7177388, 'recall': 0.5048977, 'specificity': 0.5048977, 'f1': 0.50142413, 'auroc': 0.88161755, 'binary_precision': 0.46875, 'binary_recall': 0.010197145, 'binary_specificity': 0.9995983, 'binary_f1_score': 0.01996008}
confusion matrix:
       0   1
0  42304  17
1   1456  15
---- Validation: 
scalar performance:
{'acc': 0.9656769, 'precision': 0.68298906, 'recall': 0.5029451, 'specificity': 0.5029451, 'f1': 0.4973931, 'auroc': 0.87313735, 'binary_precision': 0.4, 'binary_recall': 0.00622084, 'binary_specificity': 0.99966943, 'binary_f1_score': 0.012251149}
confusion matrix:
       0  1
0  18143  6
1    639  4
---- Test Domain (oracle): 
scalar performance:
{'acc': 0.9581336, 'precision': 0.47914335, 'recall': 0.4999166, 'specificity': 0.4999166, 'f1': 0.48930964, 'auroc': 0.867771, 'binary_precision': 0.0, 'binary_recall': 0.0, 'binary_specificity': 0.9998332, 'binary_f1_score': 0.0}
confusion matrix:
      0  1
0  5996  1
1   261  0
t-SNE plot saved as /localscratch/sina.wendrich/tsne/t-SNE_Test_center0_21316519_11.png
early stop counter: 7
val acc:0.9656769037246704, best validation acc: 0.9656769037246704, corresponding to test acc:                         0.9582933783531189 / 0.9582933783531189
after epoch: 11,now: 2024-06-13 21:33:08.521792,epoch time: 0:25:28.096514,used: 4:40:16.938390,model: dset_te_center0_erm_b44271c83_not_commited_2024md_06md_13_16_52_51_seed_0_21316519
working direcotry: /ictstr01/groups/aih/sina.wendrich/MA_code/MA_thesis/DomainLab
epoch: 12
---- Training Domain: 
scalar performance:
{'acc': 0.9664094, 'precision': 0.7333752, 'recall': 0.50524944, 'specificity': 0.50524944, 'f1': 0.5021011, 'auroc': 0.88391006, 'binary_precision': 0.5, 'binary_recall': 0.0108769545, 'binary_specificity': 0.9996219, 'binary_f1_score': 0.021290751}
confusion matrix:
       0   1
0  42305  16
1   1455  16
---- Validation: 
scalar performance:
{'acc': 0.96557045, 'precision': 0.6496539, 'recall': 0.50289005, 'specificity': 0.50289005, 'f1': 0.49734685, 'auroc': 0.87878454, 'binary_precision': 0.33333334, 'binary_recall': 0.00622084, 'binary_specificity': 0.9995592, 'binary_f1_score': 0.0122137405}
confusion matrix:
       0  1
0  18141  8
1    639  4
---- Test Domain (oracle): 
scalar performance:
{'acc': 0.9581336, 'precision': 0.47914335, 'recall': 0.4999166, 'specificity': 0.4999166, 'f1': 0.48930964, 'auroc': 0.87261957, 'binary_precision': 0.0, 'binary_recall': 0.0, 'binary_specificity': 0.9998332, 'binary_f1_score': 0.0}
confusion matrix:
      0  1
0  5996  1
1   261  0
t-SNE plot saved as /localscratch/sina.wendrich/tsne/t-SNE_Test_center0_21316519_12.png
early stop counter: 8
val acc:0.9655704498291016, best validation acc: 0.9656769037246704, corresponding to test acc:                         0.9582933783531189 / 0.9582933783531189
after epoch: 12,now: 2024-06-13 21:58:40.128504,epoch time: 0:25:31.606712,used: 5:05:48.545102,model: dset_te_center0_erm_b44271c83_not_commited_2024md_06md_13_16_52_51_seed_0_21316519
working direcotry: /ictstr01/groups/aih/sina.wendrich/MA_code/MA_thesis/DomainLab
epoch: 13
---- Training Domain: 
scalar performance:
{'acc': 0.9664094, 'precision': 0.73951507, 'recall': 0.50689685, 'specificity': 0.50689685, 'f1': 0.50533444, 'auroc': 0.8930435, 'binary_precision': 0.5121951, 'binary_recall': 0.014266305, 'binary_specificity': 0.9995274, 'binary_f1_score': 0.027759418}
confusion matrix:
       0   1
0  42300  20
1   1451  21
---- Validation: 
scalar performance:
{'acc': 0.96557045, 'precision': 0.6496539, 'recall': 0.50289005, 'specificity': 0.50289005, 'f1': 0.49734685, 'auroc': 0.88337696, 'binary_precision': 0.33333334, 'binary_recall': 0.00622084, 'binary_specificity': 0.9995592, 'binary_f1_score': 0.0122137405}
confusion matrix:
       0  1
0  18141  8
1    639  4
---- Test Domain (oracle): 
scalar performance:
{'acc': 0.9581336, 'precision': 0.47914335, 'recall': 0.4999166, 'specificity': 0.4999166, 'f1': 0.48930964, 'auroc': 0.8762368, 'binary_precision': 0.0, 'binary_recall': 0.0, 'binary_specificity': 0.9998332, 'binary_f1_score': 0.0}
confusion matrix:
      0  1
0  5996  1
1   261  0
t-SNE plot saved as /localscratch/sina.wendrich/tsne/t-SNE_Test_center0_21316519_13.png
early stop counter: 9
val acc:0.9655704498291016, best validation acc: 0.9656769037246704, corresponding to test acc:                         0.9582933783531189 / 0.9582933783531189
after epoch: 13,now: 2024-06-13 22:23:57.132345,epoch time: 0:25:17.003841,used: 5:31:05.548943,model: dset_te_center0_erm_b44271c83_not_commited_2024md_06md_13_16_52_51_seed_0_21316519
working direcotry: /ictstr01/groups/aih/sina.wendrich/MA_code/MA_thesis/DomainLab
epoch: 14
---- Training Domain: 
scalar performance:
{'acc': 0.96645504, 'precision': 0.7458308, 'recall': 0.51052696, 'specificity': 0.51052696, 'f1': 0.51233846, 'auroc': 0.896516, 'binary_precision': 0.52459013, 'binary_recall': 0.02173913, 'binary_specificity': 0.9993147, 'binary_f1_score': 0.041748207}
confusion matrix:
       0   1
0  42291  29
1   1440  32
---- Validation: 
scalar performance:
{'acc': 0.9656237, 'precision': 0.68303776, 'recall': 0.50441766, 'specificity': 0.50441766, 'f1': 0.50037134, 'auroc': 0.88722754, 'binary_precision': 0.4, 'binary_recall': 0.00933126, 'binary_specificity': 0.9995041, 'binary_f1_score': 0.018237082}
confusion matrix:
       0  1
0  18140  9
1    637  6
---- Test Domain (oracle): 
scalar performance:
{'acc': 0.9581336, 'precision': 0.47914335, 'recall': 0.4999166, 'specificity': 0.4999166, 'f1': 0.48930964, 'auroc': 0.87929595, 'binary_precision': 0.0, 'binary_recall': 0.0, 'binary_specificity': 0.9998332, 'binary_f1_score': 0.0}
confusion matrix:
      0  1
0  5996  1
1   261  0
t-SNE plot saved as /localscratch/sina.wendrich/tsne/t-SNE_Test_center0_21316519_14.png
early stop counter: 10
val acc:0.965623676776886, best validation acc: 0.9656769037246704, corresponding to test acc:                         0.9582933783531189 / 0.9582933783531189
after epoch: 14,now: 2024-06-13 22:49:15.803115,epoch time: 0:25:18.670770,used: 5:56:24.219713,model: dset_te_center0_erm_b44271c83_not_commited_2024md_06md_13_16_52_51_seed_0_21316519
working direcotry: /ictstr01/groups/aih/sina.wendrich/MA_code/MA_thesis/DomainLab
epoch: 15
---- Training Domain: 
scalar performance:
{'acc': 0.9661582, 'precision': 0.69118077, 'recall': 0.5087285, 'specificity': 0.5087285, 'f1': 0.5089667, 'auroc': 0.89648765, 'binary_precision': 0.41538462, 'binary_recall': 0.018354861, 'binary_specificity': 0.9991021, 'binary_f1_score': 0.03515625}
confusion matrix:
       0   1
0  42283  38
1   1444  27
---- Validation: 
scalar performance:
{'acc': 0.96546406, 'precision': 0.6649029, 'recall': 0.5058351, 'specificity': 0.5058351, 'f1': 0.5032405, 'auroc': 0.8909813, 'binary_precision': 0.36363637, 'binary_recall': 0.01244168, 'binary_specificity': 0.9992286, 'binary_f1_score': 0.024060149}
confusion matrix:
       0   1
0  18135  14
1    635   8
---- Test Domain (oracle): 
scalar performance:
{'acc': 0.9581336, 'precision': 0.47914335, 'recall': 0.4999166, 'specificity': 0.4999166, 'f1': 0.48930964, 'auroc': 0.8823714, 'binary_precision': 0.0, 'binary_recall': 0.0, 'binary_specificity': 0.9998332, 'binary_f1_score': 0.0}
confusion matrix:
      0  1
0  5996  1
1   261  0
t-SNE plot saved as /localscratch/sina.wendrich/tsne/t-SNE_Test_center0_21316519_15.png
early stop counter: 11
val acc:0.9654640555381775, best validation acc: 0.9656769037246704, corresponding to test acc:                         0.9582933783531189 / 0.9582933783531189
after epoch: 15,now: 2024-06-13 23:14:42.899507,epoch time: 0:25:27.096392,used: 6:21:51.316105,model: dset_te_center0_erm_b44271c83_not_commited_2024md_06md_13_16_52_51_seed_0_21316519
working direcotry: /ictstr01/groups/aih/sina.wendrich/MA_code/MA_thesis/DomainLab
epoch: 16
---- Training Domain: 
scalar performance:
{'acc': 0.96627235, 'precision': 0.72079575, 'recall': 0.51502246, 'specificity': 0.51502246, 'f1': 0.5207323, 'auroc': 0.90321076, 'binary_precision': 0.4742268, 'binary_recall': 0.03125, 'binary_specificity': 0.9987949, 'binary_f1_score': 0.05863607}
confusion matrix:
       0   1
0  42269  51
1   1426  46
---- Validation: 
scalar performance:
{'acc': 0.9653044, 'precision': 0.6605759, 'recall': 0.5080027, 'specificity': 0.5080027, 'f1': 0.5074882, 'auroc': 0.8938093, 'binary_precision': 0.3548387, 'binary_recall': 0.01710731, 'binary_specificity': 0.998898, 'binary_f1_score': 0.03264095}
confusion matrix:
       0   1
0  18129  20
1    632  11
---- Test Domain (oracle): 
scalar performance:
{'acc': 0.9581336, 'precision': 0.47914335, 'recall': 0.4999166, 'specificity': 0.4999166, 'f1': 0.48930964, 'auroc': 0.8845158, 'binary_precision': 0.0, 'binary_recall': 0.0, 'binary_specificity': 0.9998332, 'binary_f1_score': 0.0}
confusion matrix:
      0  1
0  5996  1
1   261  0
t-SNE plot saved as /localscratch/sina.wendrich/tsne/t-SNE_Test_center0_21316519_16.png
early stop counter: 12
val acc:0.9653043746948242, best validation acc: 0.9656769037246704, corresponding to test acc:                         0.9582933783531189 / 0.9582933783531189
after epoch: 16,now: 2024-06-13 23:40:13.335217,epoch time: 0:25:30.435710,used: 6:47:21.751815,model: dset_te_center0_erm_b44271c83_not_commited_2024md_06md_13_16_52_51_seed_0_21316519
working direcotry: /ictstr01/groups/aih/sina.wendrich/MA_code/MA_thesis/DomainLab
epoch: 17
---- Training Domain: 
scalar performance:
{'acc': 0.96599835, 'precision': 0.69423664, 'recall': 0.5155357, 'specificity': 0.5155357, 'f1': 0.52162683, 'auroc': 0.90360487, 'binary_precision': 0.42105263, 'binary_recall': 0.032630865, 'binary_specificity': 0.9984405, 'binary_f1_score': 0.060567826}
confusion matrix:
       0   1
0  42255  66
1   1423  48
---- Validation: 
scalar performance:
{'acc': 0.96525115, 'precision': 0.6550306, 'recall': 0.5079751, 'specificity': 0.5079751, 'f1': 0.50745016, 'auroc': 0.8962934, 'binary_precision': 0.34375, 'binary_recall': 0.01710731, 'binary_specificity': 0.9988429, 'binary_f1_score': 0.03259259}
confusion matrix:
       0   1
0  18128  21
1    632  11
---- Test Domain (oracle): 
scalar performance:
{'acc': 0.9582934, 'precision': 0.4791467, 'recall': 0.5, 'specificity': 0.5, 'f1': 0.48935127, 'auroc': 0.8864324, 'binary_precision': 0.0, 'binary_recall': 0.0, 'binary_specificity': 1.0, 'binary_f1_score': 0.0}
confusion matrix:
      0  1
0  5997  0
1   261  0
t-SNE plot saved as /localscratch/sina.wendrich/tsne/t-SNE_Test_center0_21316519_17.png
early stop counter: 13
val acc:0.9652511477470398, best validation acc: 0.9656769037246704, corresponding to test acc:                         0.9582933783531189 / 0.9582933783531189
after epoch: 17,now: 2024-06-14 00:06:03.101669,epoch time: 0:25:49.766452,used: 7:13:11.518267,model: dset_te_center0_erm_b44271c83_not_commited_2024md_06md_13_16_52_51_seed_0_21316519
working direcotry: /ictstr01/groups/aih/sina.wendrich/MA_code/MA_thesis/DomainLab
epoch: 18
---- Training Domain: 
scalar performance:
{'acc': 0.9663181, 'precision': 0.7281506, 'recall': 0.5209476, 'specificity': 0.5209476, 'f1': 0.5313477, 'auroc': 0.90303695, 'binary_precision': 0.48854962, 'binary_recall': 0.04347826, 'binary_specificity': 0.99841684, 'binary_f1_score': 0.07985028}
confusion matrix:
       0   1
0  42253  67
1   1408  64
---- Validation: 
scalar performance:
{'acc': 0.9653576, 'precision': 0.67438364, 'recall': 0.5095303, 'specificity': 0.5095303, 'f1': 0.5103829, 'auroc': 0.8986145, 'binary_precision': 0.38235295, 'binary_recall': 0.02021773, 'binary_specificity': 0.9988429, 'binary_f1_score': 0.03840473}
confusion matrix:
       0   1
0  18128  21
1    630  13
---- Test Domain (oracle): 
scalar performance:
{'acc': 0.9582934, 'precision': 0.4791467, 'recall': 0.5, 'specificity': 0.5, 'f1': 0.48935127, 'auroc': 0.888204, 'binary_precision': 0.0, 'binary_recall': 0.0, 'binary_specificity': 1.0, 'binary_f1_score': 0.0}
confusion matrix:
      0  1
0  5997  0
1   261  0
t-SNE plot saved as /localscratch/sina.wendrich/tsne/t-SNE_Test_center0_21316519_18.png
early stop counter: 14
val acc:0.9653576016426086, best validation acc: 0.9656769037246704, corresponding to test acc:                         0.9582933783531189 / 0.9582933783531189
after epoch: 18,now: 2024-06-14 00:31:40.946466,epoch time: 0:25:37.844797,used: 7:38:49.363064,model: dset_te_center0_erm_b44271c83_not_commited_2024md_06md_13_16_52_51_seed_0_21316519
working direcotry: /ictstr01/groups/aih/sina.wendrich/MA_code/MA_thesis/DomainLab
epoch: 19
---- Training Domain: 
scalar performance:
{'acc': 0.9662495, 'precision': 0.7255771, 'recall': 0.52779716, 'specificity': 0.52779716, 'f1': 0.5429782, 'auroc': 0.9074715, 'binary_precision': 0.48295453, 'binary_recall': 0.057744566, 'binary_specificity': 0.9978497, 'binary_f1_score': 0.10315534}
confusion matrix:
       0   1
0  42229  91
1   1387  85
---- Validation: 
scalar performance:
{'acc': 0.96514475, 'precision': 0.6650964, 'recall': 0.5116703, 'specificity': 0.5116703, 'f1': 0.5144136, 'auroc': 0.9005801, 'binary_precision': 0.36363637, 'binary_recall': 0.02488336, 'binary_specificity': 0.9984572, 'binary_f1_score': 0.04657933}
confusion matrix:
       0   1
0  18121  28
1    627  16
---- Test Domain (oracle): 
scalar performance:
{'acc': 0.9582934, 'precision': 0.4791467, 'recall': 0.5, 'specificity': 0.5, 'f1': 0.48935127, 'auroc': 0.8895634, 'binary_precision': 0.0, 'binary_recall': 0.0, 'binary_specificity': 1.0, 'binary_f1_score': 0.0}
confusion matrix:
      0  1
0  5997  0
1   261  0
t-SNE plot saved as /localscratch/sina.wendrich/tsne/t-SNE_Test_center0_21316519_19.png
early stop counter: 15
val acc:0.9651447534561157, best validation acc: 0.9656769037246704, corresponding to test acc:                         0.9582933783531189 / 0.9582933783531189
after epoch: 19,now: 2024-06-14 00:57:22.214285,epoch time: 0:25:41.267819,used: 8:04:30.630883,model: dset_te_center0_erm_b44271c83_not_commited_2024md_06md_13_16_52_51_seed_0_21316519
working direcotry: /ictstr01/groups/aih/sina.wendrich/MA_code/MA_thesis/DomainLab
epoch: 20
---- Training Domain: 
scalar performance:
{'acc': 0.96638656, 'precision': 0.73270607, 'recall': 0.528532, 'specificity': 0.528532, 'f1': 0.5442911, 'auroc': 0.9090651, 'binary_precision': 0.49714285, 'binary_recall': 0.05914344, 'binary_specificity': 0.99792063, 'binary_f1_score': 0.10571082}
confusion matrix:
       0   1
0  42233  88
1   1384  87
---- Validation: 
scalar performance:
{'acc': 0.965198, 'precision': 0.6794571, 'recall': 0.514698, 'specificity': 0.514698, 'f1': 0.51995426, 'auroc': 0.90234506, 'binary_precision': 0.39215687, 'binary_recall': 0.0311042, 'binary_specificity': 0.9982919, 'binary_f1_score': 0.057636887}
confusion matrix:
       0   1
0  18118  31
1    623  20
---- Test Domain (oracle): 
scalar performance:
{'acc': 0.9582934, 'precision': 0.4791467, 'recall': 0.5, 'specificity': 0.5, 'f1': 0.48935127, 'auroc': 0.8909091, 'binary_precision': 0.0, 'binary_recall': 0.0, 'binary_specificity': 1.0, 'binary_f1_score': 0.0}
confusion matrix:
      0  1
0  5997  0
1   261  0
t-SNE plot saved as /localscratch/sina.wendrich/tsne/t-SNE_Test_center0_21316519_20.png
early stop counter: 16
val acc:0.9651979804039001, best validation acc: 0.9656769037246704, corresponding to test acc:                         0.9582933783531189 / 0.9582933783531189
after epoch: 20,now: 2024-06-14 01:22:55.668723,epoch time: 0:25:33.454438,used: 8:30:04.085321,model: dset_te_center0_erm_b44271c83_not_commited_2024md_06md_13_16_52_51_seed_0_21316519
working direcotry: /ictstr01/groups/aih/sina.wendrich/MA_code/MA_thesis/DomainLab
epoch: 21
---- Training Domain: 
scalar performance:
{'acc': 0.9663637, 'precision': 0.7328, 'recall': 0.52982336, 'specificity': 0.52982336, 'f1': 0.5464139, 'auroc': 0.90993726, 'binary_precision': 0.49726775, 'binary_recall': 0.061820652, 'binary_specificity': 0.9978261, 'binary_f1_score': 0.109969795}
confusion matrix:
       0   1
0  42228  92
1   1381  91
---- Validation: 
scalar performance:
{'acc': 0.96514475, 'precision': 0.6798562, 'recall': 0.5161706, 'specificity': 0.5161706, 'f1': 0.52259463, 'auroc': 0.9038061, 'binary_precision': 0.39285713, 'binary_recall': 0.03421462, 'binary_specificity': 0.9981266, 'binary_f1_score': 0.06294707}
confusion matrix:
       0   1
0  18115  34
1    621  22
---- Test Domain (oracle): 
scalar performance:
{'acc': 0.9582934, 'precision': 0.4791467, 'recall': 0.5, 'specificity': 0.5, 'f1': 0.48935127, 'auroc': 0.8920225, 'binary_precision': 0.0, 'binary_recall': 0.0, 'binary_specificity': 1.0, 'binary_f1_score': 0.0}
confusion matrix:
      0  1
0  5997  0
1   261  0
t-SNE plot saved as /localscratch/sina.wendrich/tsne/t-SNE_Test_center0_21316519_21.png
early stop counter: 17
val acc:0.9651447534561157, best validation acc: 0.9656769037246704, corresponding to test acc:                         0.9582933783531189 / 0.9582933783531189
after epoch: 21,now: 2024-06-14 01:48:30.588723,epoch time: 0:25:34.920000,used: 8:55:39.005321,model: dset_te_center0_erm_b44271c83_not_commited_2024md_06md_13_16_52_51_seed_0_21316519
working direcotry: /ictstr01/groups/aih/sina.wendrich/MA_code/MA_thesis/DomainLab
epoch: 22
---- Training Domain: 
scalar performance:
{'acc': 0.9662267, 'precision': 0.72725266, 'recall': 0.5386047, 'specificity': 0.5386047, 'f1': 0.5601927, 'auroc': 0.91199136, 'binary_precision': 0.48559672, 'binary_recall': 0.08016305, 'binary_specificity': 0.9970463, 'binary_f1_score': 0.13760932}
confusion matrix:
       0    1
0  42195  125
1   1354  118
---- Validation: 
scalar performance:
{'acc': 0.9650915, 'precision': 0.68352646, 'recall': 0.5191433, 'specificity': 0.5191433, 'f1': 0.5278285, 'auroc': 0.90518135, 'binary_precision': 0.4, 'binary_recall': 0.04043546, 'binary_specificity': 0.99785113, 'binary_f1_score': 0.073446326}
confusion matrix:
       0   1
0  18110  39
1    617  26
---- Test Domain (oracle): 
scalar performance:
{'acc': 0.9582934, 'precision': 0.4791467, 'recall': 0.5, 'specificity': 0.5, 'f1': 0.48935127, 'auroc': 0.89313686, 'binary_precision': 0.0, 'binary_recall': 0.0, 'binary_specificity': 1.0, 'binary_f1_score': 0.0}
confusion matrix:
      0  1
0  5997  0
1   261  0
t-SNE plot saved as /localscratch/sina.wendrich/tsne/t-SNE_Test_center0_21316519_22.png
early stop counter: 18
val acc:0.9650915265083313, best validation acc: 0.9656769037246704, corresponding to test acc:                         0.9582933783531189 / 0.9582933783531189
after epoch: 22,now: 2024-06-14 02:14:13.452548,epoch time: 0:25:42.863825,used: 9:21:21.869146,model: dset_te_center0_erm_b44271c83_not_commited_2024md_06md_13_16_52_51_seed_0_21316519
working direcotry: /ictstr01/groups/aih/sina.wendrich/MA_code/MA_thesis/DomainLab
epoch: 23
---- Training Domain: 
scalar performance:
{'acc': 0.96650076, 'precision': 0.7394356, 'recall': 0.54333645, 'specificity': 0.54333645, 'f1': 0.56771284, 'auroc': 0.912917, 'binary_precision': 0.5096525, 'binary_recall': 0.089673914, 'binary_specificity': 0.996999, 'binary_f1_score': 0.152513}
confusion matrix:
       0    1
0  42193  127
1   1340  132
---- Validation: 
scalar performance:
{'acc': 0.96514475, 'precision': 0.6952405, 'recall': 0.5244212, 'specificity': 0.5244212, 'f1': 0.5368855, 'auroc': 0.90640163, 'binary_precision': 0.42307693, 'binary_recall': 0.051321927, 'binary_specificity': 0.9975205, 'binary_f1_score': 0.091539524}
confusion matrix:
       0   1
0  18104  45
1    610  33
---- Test Domain (oracle): 
scalar performance:
{'acc': 0.9584532, 'precision': 0.97922325, 'recall': 0.5019157, 'specificity': 0.5019157, 'f1': 0.49320802, 'auroc': 0.8939513, 'binary_precision': 1.0, 'binary_recall': 0.0038314175, 'binary_specificity': 1.0, 'binary_f1_score': 0.007633588}
confusion matrix:
      0  1
0  5997  0
1   260  1
t-SNE plot saved as /localscratch/sina.wendrich/tsne/t-SNE_Test_center0_21316519_23.png
new oracle model saved
early stop counter: 19
val acc:0.9651447534561157, best validation acc: 0.9656769037246704, corresponding to test acc:                         0.9582933783531189 / 0.9584531784057617
after epoch: 23,now: 2024-06-14 02:40:10.418753,epoch time: 0:25:56.966205,used: 9:47:18.835351,model: dset_te_center0_erm_b44271c83_not_commited_2024md_06md_13_16_52_51_seed_0_21316519
working direcotry: /ictstr01/groups/aih/sina.wendrich/MA_code/MA_thesis/DomainLab
epoch: 24
---- Training Domain: 
scalar performance:
{'acc': 0.9664094, 'precision': 0.73465145, 'recall': 0.5442922, 'specificity': 0.5442922, 'f1': 0.56897366, 'auroc': 0.91108584, 'binary_precision': 0.5, 'binary_recall': 0.0917743, 'binary_specificity': 0.9968101, 'binary_f1_score': 0.15508328}
confusion matrix:
       0    1
0  42186  135
1   1336  135
---- Validation: 
scalar performance:
{'acc': 0.965198, 'precision': 0.7006453, 'recall': 0.52669895, 'specificity': 0.52669895, 'f1': 0.54071486, 'auroc': 0.9074509, 'binary_precision': 0.43373495, 'binary_recall': 0.05598756, 'binary_specificity': 0.9974103, 'binary_f1_score': 0.09917355}
confusion matrix:
       0   1
0  18102  47
1    607  36
---- Test Domain (oracle): 
scalar performance:
{'acc': 0.958613, 'precision': 0.9792999, 'recall': 0.50383145, 'specificity': 0.50383145, 'f1': 0.4970357, 'auroc': 0.8947239, 'binary_precision': 1.0, 'binary_recall': 0.007662835, 'binary_specificity': 1.0, 'binary_f1_score': 0.015209124}
confusion matrix:
      0  1
0  5997  0
1   259  2
t-SNE plot saved as /localscratch/sina.wendrich/tsne/t-SNE_Test_center0_21316519_24.png
new oracle model saved
early stop counter: 20
val acc:0.9651979804039001, best validation acc: 0.9656769037246704, corresponding to test acc:                         0.9582933783531189 / 0.9586129784584045
after epoch: 24,now: 2024-06-14 03:05:59.773984,epoch time: 0:25:49.355231,used: 10:13:08.190582,model: dset_te_center0_erm_b44271c83_not_commited_2024md_06md_13_16_52_51_seed_0_21316519
working direcotry: /ictstr01/groups/aih/sina.wendrich/MA_code/MA_thesis/DomainLab
early stop trigger
Experiment finished at epoch: 24 with time: 10:13:08.190582 at 2024-06-14 03:05:59.773984
persisted model performance metric: 

scalar performance:
{'acc': 0.9582934, 'precision': 0.4791467, 'recall': 0.5, 'specificity': 0.5, 'f1': 0.48935127, 'auroc': 0.77187777, 'binary_precision': 0.0, 'binary_recall': 0.0, 'binary_specificity': 1.0, 'binary_f1_score': 0.0}
confusion matrix:
      0  1
0  5997  0
1   261  0
oracle model performance metric: 

scalar performance:
{'acc': 0.958613, 'precision': 0.9792999, 'recall': 0.50383145, 'specificity': 0.50383145, 'f1': 0.4970357, 'auroc': 0.8947239, 'binary_precision': 1.0, 'binary_recall': 0.007662835, 'binary_specificity': 1.0, 'binary_f1_score': 0.015209124}
confusion matrix:
      0  1
0  5997  0
1   259  2
results aggregation path: zoutput/benchmarks/CAMELYON_center0_erm_vit_resnet_dinov2_bs16_different_learningrates/rule_results/6.csv
results aggregation path: zoutput/benchmarks/CAMELYON_center0_erm_vit_resnet_dinov2_bs16_different_learningrates/rule_results/6.csv
confusion matrix saved in file: zoutput/benchmarks/CAMELYON_center0_erm_vit_resnet_dinov2_bs16_different_learningrates/confusion_matrix/6.csv.txt
before torch memory clean up
|===========================================================================|
|                  PyTorch CUDA memory summary, device ID 0                 |
|---------------------------------------------------------------------------|
|            CUDA OOMs: 0            |        cudaMalloc retries: 0         |
|===========================================================================|
|        Metric         | Cur Usage  | Peak Usage | Tot Alloc  | Tot Freed  |
|---------------------------------------------------------------------------|
| Allocated memory      | 688276 KiB |   1449 MiB | 367099 GiB | 367099 GiB |
|       from large pool | 684800 KiB |   1444 MiB | 358383 GiB | 358382 GiB |
|       from small pool |   3476 KiB |      8 MiB |   8716 GiB |   8716 GiB |
|---------------------------------------------------------------------------|
| Active memory         | 688276 KiB |   1449 MiB | 367099 GiB | 367099 GiB |
|       from large pool | 684800 KiB |   1444 MiB | 358383 GiB | 358382 GiB |
|       from small pool |   3476 KiB |      8 MiB |   8716 GiB |   8716 GiB |
|---------------------------------------------------------------------------|
| Requested memory      | 687268 KiB |   1445 MiB | 366456 GiB | 366455 GiB |
|       from large pool | 684800 KiB |   1441 MiB | 357754 GiB | 357754 GiB |
|       from small pool |   2468 KiB |      6 MiB |   8701 GiB |   8701 GiB |
|---------------------------------------------------------------------------|
| GPU reserved memory   |   1622 MiB |   1622 MiB |   1622 MiB |      0 B   |
|       from large pool |   1612 MiB |   1612 MiB |   1612 MiB |      0 B   |
|       from small pool |     10 MiB |     10 MiB |     10 MiB |      0 B   |
|---------------------------------------------------------------------------|
| Non-releasable memory | 116587 KiB | 208944 KiB | 161301 GiB | 161301 GiB |
|       from large pool | 113920 KiB | 207616 KiB | 152556 GiB | 152556 GiB |
|       from small pool |   2667 KiB |   3932 KiB |   8745 GiB |   8745 GiB |
|---------------------------------------------------------------------------|
| Allocations           |    2916    |    5887    |   72830 K  |   72827 K  |
|       from large pool |     100    |     205    |   22447 K  |   22447 K  |
|       from small pool |    2816    |    5786    |   50382 K  |   50379 K  |
|---------------------------------------------------------------------------|
| Active allocs         |    2916    |    5887    |   72830 K  |   72827 K  |
|       from large pool |     100    |     205    |   22447 K  |   22447 K  |
|       from small pool |    2816    |    5786    |   50382 K  |   50379 K  |
|---------------------------------------------------------------------------|
| GPU reserved segments |      79    |      79    |      79    |       0    |
|       from large pool |      74    |      74    |      74    |       0    |
|       from small pool |       5    |       5    |       5    |       0    |
|---------------------------------------------------------------------------|
| Non-releasable allocs |      53    |    2784    |   31201 K  |   31201 K  |
|       from large pool |      39    |      69    |    8817 K  |    8817 K  |
|       from small pool |      14    |    2745    |   22384 K  |   22384 K  |
|---------------------------------------------------------------------------|
| Oversize allocations  |       0    |       0    |       0    |       0    |
|---------------------------------------------------------------------------|
| Oversize GPU segments |       0    |       0    |       0    |       0    |
|===========================================================================|

after torch memory clean up
|===========================================================================|
|                  PyTorch CUDA memory summary, device ID 0                 |
|---------------------------------------------------------------------------|
|            CUDA OOMs: 0            |        cudaMalloc retries: 0         |
|===========================================================================|
|        Metric         | Cur Usage  | Peak Usage | Tot Alloc  | Tot Freed  |
|---------------------------------------------------------------------------|
| Allocated memory      |  16640 KiB |   1449 MiB | 367099 GiB | 367099 GiB |
|       from large pool |  16640 KiB |   1444 MiB | 358383 GiB | 358383 GiB |
|       from small pool |      0 KiB |      8 MiB |   8716 GiB |   8716 GiB |
|---------------------------------------------------------------------------|
| Active memory         |  16640 KiB |   1449 MiB | 367099 GiB | 367099 GiB |
|       from large pool |  16640 KiB |   1444 MiB | 358383 GiB | 358383 GiB |
|       from small pool |      0 KiB |      8 MiB |   8716 GiB |   8716 GiB |
|---------------------------------------------------------------------------|
| Requested memory      |  16640 KiB |   1445 MiB | 366456 GiB | 366456 GiB |
|       from large pool |  16640 KiB |   1441 MiB | 357754 GiB | 357754 GiB |
|       from small pool |      0 KiB |      6 MiB |   8701 GiB |   8701 GiB |
|---------------------------------------------------------------------------|
| GPU reserved memory   |    786 MiB |   1622 MiB |   1622 MiB |    836 MiB |
|       from large pool |    780 MiB |   1612 MiB |   1612 MiB |    832 MiB |
|       from small pool |      6 MiB |     10 MiB |     10 MiB |      4 MiB |
|---------------------------------------------------------------------------|
| Non-releasable memory |  24320 KiB | 208944 KiB | 161301 GiB | 161301 GiB |
|       from large pool |  24320 KiB | 207616 KiB | 152556 GiB | 152556 GiB |
|       from small pool |      0 KiB |   5274 KiB |   8745 GiB |   8745 GiB |
|---------------------------------------------------------------------------|
| Allocations           |       2    |    5887    |   72830 K  |   72830 K  |
|       from large pool |       2    |     205    |   22447 K  |   22447 K  |
|       from small pool |       0    |    5786    |   50382 K  |   50382 K  |
|---------------------------------------------------------------------------|
| Active allocs         |       2    |    5887    |   72830 K  |   72830 K  |
|       from large pool |       2    |     205    |   22447 K  |   22447 K  |
|       from small pool |       0    |    5786    |   50382 K  |   50382 K  |
|---------------------------------------------------------------------------|
| GPU reserved segments |      42    |      79    |      79    |      37    |
|       from large pool |      39    |      74    |      74    |      35    |
|       from small pool |       3    |       5    |       5    |       2    |
|---------------------------------------------------------------------------|
| Non-releasable allocs |       2    |    2784    |   31203 K  |   31203 K  |
|       from large pool |       2    |      69    |    8817 K  |    8817 K  |
|       from small pool |       0    |    2745    |   22385 K  |   22385 K  |
|---------------------------------------------------------------------------|
| Oversize allocations  |       0    |       0    |       0    |       0    |
|---------------------------------------------------------------------------|
| Oversize GPU segments |       0    |       0    |       0    |       0    |
|===========================================================================|

before experiment starts
|===========================================================================|
|                  PyTorch CUDA memory summary, device ID 0                 |
|---------------------------------------------------------------------------|
|            CUDA OOMs: 0            |        cudaMalloc retries: 0         |
|===========================================================================|
|        Metric         | Cur Usage  | Peak Usage | Tot Alloc  | Tot Freed  |
|---------------------------------------------------------------------------|
| Allocated memory      |  16640 KiB |   1449 MiB | 367099 GiB | 367099 GiB |
|       from large pool |  16640 KiB |   1444 MiB | 358383 GiB | 358383 GiB |
|       from small pool |      0 KiB |      8 MiB |   8716 GiB |   8716 GiB |
|---------------------------------------------------------------------------|
| Active memory         |  16640 KiB |   1449 MiB | 367099 GiB | 367099 GiB |
|       from large pool |  16640 KiB |   1444 MiB | 358383 GiB | 358383 GiB |
|       from small pool |      0 KiB |      8 MiB |   8716 GiB |   8716 GiB |
|---------------------------------------------------------------------------|
| Requested memory      |  16640 KiB |   1445 MiB | 366456 GiB | 366456 GiB |
|       from large pool |  16640 KiB |   1441 MiB | 357754 GiB | 357754 GiB |
|       from small pool |      0 KiB |      6 MiB |   8701 GiB |   8701 GiB |
|---------------------------------------------------------------------------|
| GPU reserved memory   |    786 MiB |   1622 MiB |   1622 MiB |    836 MiB |
|       from large pool |    780 MiB |   1612 MiB |   1612 MiB |    832 MiB |
|       from small pool |      6 MiB |     10 MiB |     10 MiB |      4 MiB |
|---------------------------------------------------------------------------|
| Non-releasable memory |  24320 KiB | 208944 KiB | 161301 GiB | 161301 GiB |
|       from large pool |  24320 KiB | 207616 KiB | 152556 GiB | 152556 GiB |
|       from small pool |      0 KiB |   5274 KiB |   8745 GiB |   8745 GiB |
|---------------------------------------------------------------------------|
| Allocations           |       2    |    5887    |   72830 K  |   72830 K  |
|       from large pool |       2    |     205    |   22447 K  |   22447 K  |
|       from small pool |       0    |    5786    |   50382 K  |   50382 K  |
|---------------------------------------------------------------------------|
| Active allocs         |       2    |    5887    |   72830 K  |   72830 K  |
|       from large pool |       2    |     205    |   22447 K  |   22447 K  |
|       from small pool |       0    |    5786    |   50382 K  |   50382 K  |
|---------------------------------------------------------------------------|
| GPU reserved segments |      42    |      79    |      79    |      37    |
|       from large pool |      39    |      74    |      74    |      35    |
|       from small pool |       3    |       5    |       5    |       2    |
|---------------------------------------------------------------------------|
| Non-releasable allocs |       2    |    2784    |   31203 K  |   31203 K  |
|       from large pool |       2    |      69    |    8817 K  |    8817 K  |
|       from small pool |       0    |    2745    |   22385 K  |   22385 K  |
|---------------------------------------------------------------------------|
| Oversize allocations  |       0    |       0    |       0    |       0    |
|---------------------------------------------------------------------------|
| Oversize GPU segments |       0    |       0    |       0    |       0    |
|===========================================================================|


overriding args.task None to dset


using device: cuda:0




!!!: not committed yet



b'44271c83'
model name: dset_te_center0_erm_b44271c83_not_commited_2024md_06md_14_03_15_36_seed_1_21316519

 Experiment start at: 2024-06-14 03:15:36.845596
before training, model accuracy: 0.04785691574215889
epoch: 1
---- Training Domain: 
scalar performance:
{'acc': 0.9207406, 'precision': 0.48631096, 'recall': 0.4807114, 'specificity': 0.4807114, 'f1': 0.48335606, 'auroc': 0.5408957, 'binary_precision': 0.0067895246, 'binary_recall': 0.009708738, 'binary_specificity': 0.95171404, 'binary_f1_score': 0.007990868}
confusion matrix:
       0     1
0  40366  2048
1   1428    14
---- Validation: 
scalar performance:
{'acc': 0.9298826, 'precision': 0.4861555, 'recall': 0.4865521, 'specificity': 0.4865521, 'f1': 0.48635262, 'auroc': 0.5898739, 'binary_precision': 0.0091883615, 'binary_recall': 0.008915304, 'binary_specificity': 0.9641889, 'binary_f1_score': 0.009049773}
confusion matrix:
       0    1
0  17420  647
1    667    6
---- Test Domain (oracle): 
scalar performance:
{'acc': 0.92281663, 'precision': 0.4917318, 'recall': 0.4926182, 'specificity': 0.4926182, 'f1': 0.4921294, 'auroc': 0.53150344, 'binary_precision': 0.025974026, 'binary_recall': 0.023076924, 'binary_specificity': 0.96215945, 'binary_f1_score': 0.024439918}
confusion matrix:
      0    1
0  5721  225
1   254    6
t-SNE plot saved as /localscratch/sina.wendrich/tsne/t-SNE_Test_center0_21316519_1.png
new oracle model saved
better model found
persisted
after epoch: 1,now: 2024-06-14 03:42:07.523269,epoch time: 0:26:30.677673,used: 0:26:30.677673,model: dset_te_center0_erm_b44271c83_not_commited_2024md_06md_14_03_15_36_seed_1_21316519
working direcotry: /ictstr01/groups/aih/sina.wendrich/MA_code/MA_thesis/DomainLab
epoch: 2
---- Training Domain: 
scalar performance:
{'acc': 0.9611, 'precision': 0.48346028, 'recall': 0.49688783, 'specificity': 0.49688783, 'f1': 0.4900821, 'auroc': 0.58490485, 'binary_precision': 0.0, 'binary_recall': 0.0, 'binary_specificity': 0.99377567, 'binary_f1_score': 0.0}
confusion matrix:
       0    1
0  42150  264
1   1442    0
---- Validation: 
scalar performance:
{'acc': 0.95821774, 'precision': 0.48642695, 'recall': 0.49767104, 'specificity': 0.49767104, 'f1': 0.49060482, 'auroc': 0.6209936, 'binary_precision': 0.008928572, 'binary_recall': 0.0014858841, 'binary_specificity': 0.9938562, 'binary_f1_score': 0.0025477707}
confusion matrix:
       0    1
0  17956  111
1    672    1
---- Test Domain (oracle): 
scalar performance:
{'acc': 0.95230424, 'precision': 0.4789303, 'recall': 0.49697277, 'specificity': 0.49697277, 'f1': 0.48778474, 'auroc': 0.59375453, 'binary_precision': 0.0, 'binary_recall': 0.0, 'binary_specificity': 0.99394554, 'binary_f1_score': 0.0}
confusion matrix:
      0   1
0  5910  36
1   260   0
t-SNE plot saved as /localscratch/sina.wendrich/tsne/t-SNE_Test_center0_21316519_2.png
new oracle model saved
better model found
persisted
after epoch: 2,now: 2024-06-14 04:08:00.096599,epoch time: 0:25:52.573330,used: 0:52:23.251003,model: dset_te_center0_erm_b44271c83_not_commited_2024md_06md_14_03_15_36_seed_1_21316519
working direcotry: /ictstr01/groups/aih/sina.wendrich/MA_code/MA_thesis/DomainLab
epoch: 3
---- Training Domain: 
scalar performance:
{'acc': 0.9650903, 'precision': 0.4835264, 'recall': 0.4989508, 'specificity': 0.4989508, 'f1': 0.49111754, 'auroc': 0.63372487, 'binary_precision': 0.0, 'binary_recall': 0.0, 'binary_specificity': 0.9979016, 'binary_f1_score': 0.0}
confusion matrix:
       0   1
0  42325  89
1   1442   0
---- Validation: 
scalar performance:
{'acc': 0.96109927, 'precision': 0.48198995, 'recall': 0.49845022, 'specificity': 0.49845022, 'f1': 0.49008194, 'auroc': 0.6735895, 'binary_precision': 0.0, 'binary_recall': 0.0, 'binary_specificity': 0.99690044, 'binary_f1_score': 0.0}
confusion matrix:
       0   1
0  18011  56
1    673   0
---- Test Domain (oracle): 
scalar performance:
{'acc': 0.9550435, 'precision': 0.4789882, 'recall': 0.4984023, 'specificity': 0.4984023, 'f1': 0.4885024, 'auroc': 0.6466675, 'binary_precision': 0.0, 'binary_recall': 0.0, 'binary_specificity': 0.9968046, 'binary_f1_score': 0.0}
confusion matrix:
      0   1
0  5927  19
1   260   0
t-SNE plot saved as /localscratch/sina.wendrich/tsne/t-SNE_Test_center0_21316519_3.png
new oracle model saved
better model found
persisted
after epoch: 3,now: 2024-06-14 04:33:51.262529,epoch time: 0:25:51.165930,used: 1:18:14.416933,model: dset_te_center0_erm_b44271c83_not_commited_2024md_06md_14_03_15_36_seed_1_21316519
working direcotry: /ictstr01/groups/aih/sina.wendrich/MA_code/MA_thesis/DomainLab
epoch: 4
---- Training Domain: 
scalar performance:
{'acc': 0.966276, 'precision': 0.48354596, 'recall': 0.4995638, 'specificity': 0.4995638, 'f1': 0.4914244, 'auroc': 0.696422, 'binary_precision': 0.0, 'binary_recall': 0.0, 'binary_specificity': 0.9991276, 'binary_f1_score': 0.0}
confusion matrix:
       0   1
0  42377  37
1   1442   0
---- Validation: 
scalar performance:
{'acc': 0.9623266, 'precision': 0.4820121, 'recall': 0.49908674, 'specificity': 0.49908674, 'f1': 0.49040082, 'auroc': 0.7322831, 'binary_precision': 0.0, 'binary_recall': 0.0, 'binary_specificity': 0.9981735, 'binary_f1_score': 0.0}
confusion matrix:
       0   1
0  18034  33
1    673   0
---- Test Domain (oracle): 
scalar performance:
{'acc': 0.95601034, 'precision': 0.47900856, 'recall': 0.49890682, 'specificity': 0.49890682, 'f1': 0.48875523, 'auroc': 0.69541335, 'binary_precision': 0.0, 'binary_recall': 0.0, 'binary_specificity': 0.99781364, 'binary_f1_score': 0.0}
confusion matrix:
      0   1
0  5933  13
1   260   0
t-SNE plot saved as /localscratch/sina.wendrich/tsne/t-SNE_Test_center0_21316519_4.png
new oracle model saved
better model found
persisted
after epoch: 4,now: 2024-06-14 04:59:41.233768,epoch time: 0:25:49.971239,used: 1:44:04.388172,model: dset_te_center0_erm_b44271c83_not_commited_2024md_06md_14_03_15_36_seed_1_21316519
working direcotry: /ictstr01/groups/aih/sina.wendrich/MA_code/MA_thesis/DomainLab
epoch: 5
---- Training Domain: 
scalar performance:
{'acc': 0.96639, 'precision': 0.48354784, 'recall': 0.49962276, 'specificity': 0.49962276, 'f1': 0.4914539, 'auroc': 0.7386962, 'binary_precision': 0.0, 'binary_recall': 0.0, 'binary_specificity': 0.9992455, 'binary_f1_score': 0.0}
confusion matrix:
       0   1
0  42382  32
1   1442   0
---- Validation: 
scalar performance:
{'acc': 0.9629669, 'precision': 0.48202363, 'recall': 0.49941882, 'specificity': 0.49941882, 'f1': 0.49056706, 'auroc': 0.78054965, 'binary_precision': 0.0, 'binary_recall': 0.0, 'binary_specificity': 0.99883765, 'binary_f1_score': 0.0}
confusion matrix:
       0   1
0  18046  21
1    673   0
---- Test Domain (oracle): 
scalar performance:
{'acc': 0.95633256, 'precision': 0.47901532, 'recall': 0.499075, 'specificity': 0.499075, 'f1': 0.48883948, 'auroc': 0.73724014, 'binary_precision': 0.0, 'binary_recall': 0.0, 'binary_specificity': 0.99815, 'binary_f1_score': 0.0}
confusion matrix:
      0   1
0  5935  11
1   260   0
t-SNE plot saved as /localscratch/sina.wendrich/tsne/t-SNE_Test_center0_21316519_5.png
new oracle model saved
better model found
persisted
after epoch: 5,now: 2024-06-14 05:25:37.638553,epoch time: 0:25:56.404785,used: 2:10:00.792957,model: dset_te_center0_erm_b44271c83_not_commited_2024md_06md_14_03_15_36_seed_1_21316519
working direcotry: /ictstr01/groups/aih/sina.wendrich/MA_code/MA_thesis/DomainLab
epoch: 6
---- Training Domain: 
scalar performance:
{'acc': 0.9667776, 'precision': 0.4835542, 'recall': 0.49982318, 'specificity': 0.49982318, 'f1': 0.4915541, 'auroc': 0.77687675, 'binary_precision': 0.0, 'binary_recall': 0.0, 'binary_specificity': 0.99964637, 'binary_f1_score': 0.0}
confusion matrix:
       0   1
0  42399  15
1   1442   0
---- Validation: 
scalar performance:
{'acc': 0.96334046, 'precision': 0.48203033, 'recall': 0.49961254, 'specificity': 0.49961254, 'f1': 0.49066398, 'auroc': 0.81524366, 'binary_precision': 0.0, 'binary_recall': 0.0, 'binary_specificity': 0.9992251, 'binary_f1_score': 0.0}
confusion matrix:
       0   1
0  18053  14
1    673   0
---- Test Domain (oracle): 
scalar performance:
{'acc': 0.95649374, 'precision': 0.47901872, 'recall': 0.4991591, 'specificity': 0.4991591, 'f1': 0.4888816, 'auroc': 0.7720717, 'binary_precision': 0.0, 'binary_recall': 0.0, 'binary_specificity': 0.9983182, 'binary_f1_score': 0.0}
confusion matrix:
      0   1
0  5936  10
1   260   0
t-SNE plot saved as /localscratch/sina.wendrich/tsne/t-SNE_Test_center0_21316519_6.png
new oracle model saved
better model found
persisted
after epoch: 6,now: 2024-06-14 05:51:43.068491,epoch time: 0:26:05.429938,used: 2:36:06.222895,model: dset_te_center0_erm_b44271c83_not_commited_2024md_06md_14_03_15_36_seed_1_21316519
working direcotry: /ictstr01/groups/aih/sina.wendrich/MA_code/MA_thesis/DomainLab
epoch: 7
---- Training Domain: 
scalar performance:
{'acc': 0.96680045, 'precision': 0.48355457, 'recall': 0.49983495, 'specificity': 0.49983495, 'f1': 0.49156, 'auroc': 0.80572295, 'binary_precision': 0.0, 'binary_recall': 0.0, 'binary_specificity': 0.9996699, 'binary_f1_score': 0.0}
confusion matrix:
       0   1
0  42400  14
1   1442   0
---- Validation: 
scalar performance:
{'acc': 0.96376735, 'precision': 0.482038, 'recall': 0.49983394, 'specificity': 0.49983394, 'f1': 0.49077466, 'auroc': 0.84049547, 'binary_precision': 0.0, 'binary_recall': 0.0, 'binary_specificity': 0.9996679, 'binary_f1_score': 0.0}
confusion matrix:
       0  1
0  18061  6
1    673  0
---- Test Domain (oracle): 
scalar performance:
{'acc': 0.95649374, 'precision': 0.47901872, 'recall': 0.4991591, 'specificity': 0.4991591, 'f1': 0.4888816, 'auroc': 0.80089086, 'binary_precision': 0.0, 'binary_recall': 0.0, 'binary_specificity': 0.9983182, 'binary_f1_score': 0.0}
confusion matrix:
      0   1
0  5936  10
1   260   0
t-SNE plot saved as /localscratch/sina.wendrich/tsne/t-SNE_Test_center0_21316519_7.png
better model found
persisted
after epoch: 7,now: 2024-06-14 06:17:52.261831,epoch time: 0:26:09.193340,used: 3:02:15.416235,model: dset_te_center0_erm_b44271c83_not_commited_2024md_06md_14_03_15_36_seed_1_21316519
working direcotry: /ictstr01/groups/aih/sina.wendrich/MA_code/MA_thesis/DomainLab
epoch: 8
---- Training Domain: 
scalar performance:
{'acc': 0.96698284, 'precision': 0.48355758, 'recall': 0.49992928, 'specificity': 0.49992928, 'f1': 0.49160716, 'auroc': 0.83031166, 'binary_precision': 0.0, 'binary_recall': 0.0, 'binary_specificity': 0.99985856, 'binary_f1_score': 0.0}
confusion matrix:
       0  1
0  42408  6
1   1442  0
---- Validation: 
scalar performance:
{'acc': 0.9638207, 'precision': 0.48203897, 'recall': 0.49986163, 'specificity': 0.49986163, 'f1': 0.49078858, 'auroc': 0.8582532, 'binary_precision': 0.0, 'binary_recall': 0.0, 'binary_specificity': 0.99972326, 'binary_f1_score': 0.0}
confusion matrix:
       0  1
0  18062  5
1    673  0
---- Test Domain (oracle): 
scalar performance:
{'acc': 0.95665485, 'precision': 0.47902212, 'recall': 0.4992432, 'specificity': 0.4992432, 'f1': 0.48892367, 'auroc': 0.8237215, 'binary_precision': 0.0, 'binary_recall': 0.0, 'binary_specificity': 0.9984864, 'binary_f1_score': 0.0}
confusion matrix:
      0  1
0  5937  9
1   260  0
t-SNE plot saved as /localscratch/sina.wendrich/tsne/t-SNE_Test_center0_21316519_8.png
new oracle model saved
better model found
persisted
after epoch: 8,now: 2024-06-14 06:43:54.291000,epoch time: 0:26:02.029169,used: 3:28:17.445404,model: dset_te_center0_erm_b44271c83_not_commited_2024md_06md_14_03_15_36_seed_1_21316519
working direcotry: /ictstr01/groups/aih/sina.wendrich/MA_code/MA_thesis/DomainLab
epoch: 9
---- Training Domain: 
scalar performance:
{'acc': 0.9669601, 'precision': 0.4835572, 'recall': 0.49991748, 'specificity': 0.49991748, 'f1': 0.49160126, 'auroc': 0.8441195, 'binary_precision': 0.0, 'binary_recall': 0.0, 'binary_specificity': 0.99983495, 'binary_f1_score': 0.0}
confusion matrix:
       0  1
0  42407  7
1   1442  0
---- Validation: 
scalar performance:
{'acc': 0.9639808, 'precision': 0.48204184, 'recall': 0.49994466, 'specificity': 0.49994466, 'f1': 0.49083003, 'auroc': 0.87075734, 'binary_precision': 0.0, 'binary_recall': 0.0, 'binary_specificity': 0.9998893, 'binary_f1_score': 0.0}
confusion matrix:
       0  1
0  18065  2
1    673  0
---- Test Domain (oracle): 
scalar performance:
{'acc': 0.9569771, 'precision': 0.47902888, 'recall': 0.49941137, 'specificity': 0.49941137, 'f1': 0.4890078, 'auroc': 0.8411464, 'binary_precision': 0.0, 'binary_recall': 0.0, 'binary_specificity': 0.99882275, 'binary_f1_score': 0.0}
confusion matrix:
      0  1
0  5939  7
1   260  0
t-SNE plot saved as /localscratch/sina.wendrich/tsne/t-SNE_Test_center0_21316519_9.png
new oracle model saved
better model found
persisted
after epoch: 9,now: 2024-06-14 07:09:44.290103,epoch time: 0:25:49.999103,used: 3:54:07.444507,model: dset_te_center0_erm_b44271c83_not_commited_2024md_06md_14_03_15_36_seed_1_21316519
working direcotry: /ictstr01/groups/aih/sina.wendrich/MA_code/MA_thesis/DomainLab
epoch: 10
---- Training Domain: 
scalar performance:
{'acc': 0.96698284, 'precision': 0.48355758, 'recall': 0.49992928, 'specificity': 0.49992928, 'f1': 0.49160716, 'auroc': 0.85884297, 'binary_precision': 0.0, 'binary_recall': 0.0, 'binary_specificity': 0.99985856, 'binary_f1_score': 0.0}
confusion matrix:
       0  1
0  42408  6
1   1442  0
---- Validation: 
scalar performance:
{'acc': 0.9639808, 'precision': 0.48204184, 'recall': 0.49994466, 'specificity': 0.49994466, 'f1': 0.49083003, 'auroc': 0.8800853, 'binary_precision': 0.0, 'binary_recall': 0.0, 'binary_specificity': 0.9998893, 'binary_f1_score': 0.0}
confusion matrix:
       0  1
0  18065  2
1    673  0
---- Test Domain (oracle): 
scalar performance:
{'acc': 0.9569771, 'precision': 0.47902888, 'recall': 0.49941137, 'specificity': 0.49941137, 'f1': 0.4890078, 'auroc': 0.85478944, 'binary_precision': 0.0, 'binary_recall': 0.0, 'binary_specificity': 0.99882275, 'binary_f1_score': 0.0}
confusion matrix:
      0  1
0  5939  7
1   260  0
t-SNE plot saved as /localscratch/sina.wendrich/tsne/t-SNE_Test_center0_21316519_10.png
early stop counter: 1
val acc:0.9639807939529419, best validation acc: 0.9639807939529419, corresponding to test acc:                         0.956977128982544 / 0.956977128982544
after epoch: 10,now: 2024-06-14 07:35:37.578763,epoch time: 0:25:53.288660,used: 4:20:00.733167,model: dset_te_center0_erm_b44271c83_not_commited_2024md_06md_14_03_15_36_seed_1_21316519
working direcotry: /ictstr01/groups/aih/sina.wendrich/MA_code/MA_thesis/DomainLab
epoch: 11
---- Training Domain: 
scalar performance:
{'acc': 0.96702844, 'precision': 0.48355833, 'recall': 0.49995285, 'specificity': 0.49995285, 'f1': 0.49161893, 'auroc': 0.8680562, 'binary_precision': 0.0, 'binary_recall': 0.0, 'binary_specificity': 0.9999057, 'binary_f1_score': 0.0}
confusion matrix:
       0  1
0  42410  4
1   1442  0
---- Validation: 
scalar performance:
{'acc': 0.96403414, 'precision': 0.4820428, 'recall': 0.4999723, 'specificity': 0.4999723, 'f1': 0.49084386, 'auroc': 0.8873872, 'binary_precision': 0.0, 'binary_recall': 0.0, 'binary_specificity': 0.9999446, 'binary_f1_score': 0.0}
confusion matrix:
       0  1
0  18066  1
1    673  0
---- Test Domain (oracle): 
scalar performance:
{'acc': 0.9569771, 'precision': 0.47902888, 'recall': 0.49941137, 'specificity': 0.49941137, 'f1': 0.4890078, 'auroc': 0.8650261, 'binary_precision': 0.0, 'binary_recall': 0.0, 'binary_specificity': 0.99882275, 'binary_f1_score': 0.0}
confusion matrix:
      0  1
0  5939  7
1   260  0
t-SNE plot saved as /localscratch/sina.wendrich/tsne/t-SNE_Test_center0_21316519_11.png
better model found
persisted
after epoch: 11,now: 2024-06-14 08:01:22.631227,epoch time: 0:25:45.052464,used: 4:45:45.785631,model: dset_te_center0_erm_b44271c83_not_commited_2024md_06md_14_03_15_36_seed_1_21316519
working direcotry: /ictstr01/groups/aih/sina.wendrich/MA_code/MA_thesis/DomainLab
epoch: 12
---- Training Domain: 
scalar performance:
{'acc': 0.96693724, 'precision': 0.5335675, 'recall': 0.5002406, 'specificity': 0.5002406, 'f1': 0.49228388, 'auroc': 0.87255955, 'binary_precision': 0.1, 'binary_recall': 0.0006934813, 'binary_specificity': 0.9997878, 'binary_f1_score': 0.0013774106}
confusion matrix:
       0  1
0  42405  9
1   1441  1
---- Validation: 
scalar performance:
{'acc': 0.9640875, 'precision': 0.48204374, 'recall': 0.5, 'specificity': 0.5, 'f1': 0.49085772, 'auroc': 0.8930621, 'binary_precision': 0.0, 'binary_recall': 0.0, 'binary_specificity': 1.0, 'binary_f1_score': 0.0}
confusion matrix:
       0  1
0  18067  0
1    673  0
---- Test Domain (oracle): 
scalar performance:
{'acc': 0.9569771, 'precision': 0.47902888, 'recall': 0.49941137, 'specificity': 0.49941137, 'f1': 0.4890078, 'auroc': 0.8728733, 'binary_precision': 0.0, 'binary_recall': 0.0, 'binary_specificity': 0.99882275, 'binary_f1_score': 0.0}
confusion matrix:
      0  1
0  5939  7
1   260  0
t-SNE plot saved as /localscratch/sina.wendrich/tsne/t-SNE_Test_center0_21316519_12.png
better model found
persisted
after epoch: 12,now: 2024-06-14 08:27:12.094477,epoch time: 0:25:49.463250,used: 5:11:35.248881,model: dset_te_center0_erm_b44271c83_not_commited_2024md_06md_14_03_15_36_seed_1_21316519
working direcotry: /ictstr01/groups/aih/sina.wendrich/MA_code/MA_thesis/DomainLab
epoch: 13
---- Training Domain: 
scalar performance:
{'acc': 0.96709687, 'precision': 0.71088547, 'recall': 0.50166297, 'specificity': 0.50166297, 'f1': 0.49507684, 'auroc': 0.88110435, 'binary_precision': 0.45454547, 'binary_recall': 0.0034674064, 'binary_specificity': 0.99985856, 'binary_f1_score': 0.0068823122}
confusion matrix:
       0  1
0  42408  6
1   1437  5
---- Validation: 
scalar performance:
{'acc': 0.9640875, 'precision': 0.48204374, 'recall': 0.5, 'specificity': 0.5, 'f1': 0.49085772, 'auroc': 0.89794147, 'binary_precision': 0.0, 'binary_recall': 0.0, 'binary_specificity': 1.0, 'binary_f1_score': 0.0}
confusion matrix:
       0  1
0  18067  0
1    673  0
---- Test Domain (oracle): 
scalar performance:
{'acc': 0.95713824, 'precision': 0.47903225, 'recall': 0.49949545, 'specificity': 0.49949545, 'f1': 0.4890499, 'auroc': 0.8792944, 'binary_precision': 0.0, 'binary_recall': 0.0, 'binary_specificity': 0.9989909, 'binary_f1_score': 0.0}
confusion matrix:
      0  1
0  5940  6
1   260  0
t-SNE plot saved as /localscratch/sina.wendrich/tsne/t-SNE_Test_center0_21316519_13.png
new oracle model saved
early stop counter: 1
val acc:0.9640874862670898, best validation acc: 0.9640874862670898, corresponding to test acc:                         0.956977128982544 / 0.9571382403373718
after epoch: 13,now: 2024-06-14 08:52:38.743304,epoch time: 0:25:26.648827,used: 5:37:01.897708,model: dset_te_center0_erm_b44271c83_not_commited_2024md_06md_14_03_15_36_seed_1_21316519
working direcotry: /ictstr01/groups/aih/sina.wendrich/MA_code/MA_thesis/DomainLab
epoch: 14
---- Training Domain: 
scalar performance:
{'acc': 0.9671197, 'precision': 0.73362374, 'recall': 0.50200975, 'specificity': 0.50200975, 'f1': 0.4957679, 'auroc': 0.8825039, 'binary_precision': 0.5, 'binary_recall': 0.0041608876, 'binary_specificity': 0.99985856, 'binary_f1_score': 0.008253095}
confusion matrix:
       0  1
0  42408  6
1   1436  6
---- Validation: 
scalar performance:
{'acc': 0.9640875, 'precision': 0.48204374, 'recall': 0.5, 'specificity': 0.5, 'f1': 0.49085772, 'auroc': 0.9014975, 'binary_precision': 0.0, 'binary_recall': 0.0, 'binary_specificity': 1.0, 'binary_f1_score': 0.0}
confusion matrix:
       0  1
0  18067  0
1    673  0
---- Test Domain (oracle): 
scalar performance:
{'acc': 0.9572994, 'precision': 0.47903565, 'recall': 0.49957955, 'specificity': 0.49957955, 'f1': 0.489092, 'auroc': 0.88409376, 'binary_precision': 0.0, 'binary_recall': 0.0, 'binary_specificity': 0.9991591, 'binary_f1_score': 0.0}
confusion matrix:
      0  1
0  5941  5
1   260  0
t-SNE plot saved as /localscratch/sina.wendrich/tsne/t-SNE_Test_center0_21316519_14.png
new oracle model saved
early stop counter: 2
val acc:0.9640874862670898, best validation acc: 0.9640874862670898, corresponding to test acc:                         0.956977128982544 / 0.9572994112968445
after epoch: 14,now: 2024-06-14 09:18:09.501003,epoch time: 0:25:30.757699,used: 6:02:32.655407,model: dset_te_center0_erm_b44271c83_not_commited_2024md_06md_14_03_15_36_seed_1_21316519
working direcotry: /ictstr01/groups/aih/sina.wendrich/MA_code/MA_thesis/DomainLab
epoch: 15
---- Training Domain: 
scalar performance:
{'acc': 0.96714246, 'precision': 0.7445576, 'recall': 0.50403124, 'specificity': 0.50403124, 'f1': 0.49983722, 'auroc': 0.88755286, 'binary_precision': 0.5217391, 'binary_recall': 0.008321775, 'binary_specificity': 0.99974066, 'binary_f1_score': 0.016382253}
confusion matrix:
       0   1
0  42403  11
1   1430  12
---- Validation: 
scalar performance:
{'acc': 0.96403414, 'precision': 0.4820428, 'recall': 0.4999723, 'specificity': 0.4999723, 'f1': 0.49084386, 'auroc': 0.9049782, 'binary_precision': 0.0, 'binary_recall': 0.0, 'binary_specificity': 0.9999446, 'binary_f1_score': 0.0}
confusion matrix:
       0  1
0  18066  1
1    673  0
---- Test Domain (oracle): 
scalar performance:
{'acc': 0.9572994, 'precision': 0.47903565, 'recall': 0.49957955, 'specificity': 0.49957955, 'f1': 0.489092, 'auroc': 0.88835156, 'binary_precision': 0.0, 'binary_recall': 0.0, 'binary_specificity': 0.9991591, 'binary_f1_score': 0.0}
confusion matrix:
      0  1
0  5941  5
1   260  0
t-SNE plot saved as /localscratch/sina.wendrich/tsne/t-SNE_Test_center0_21316519_15.png
early stop counter: 3
val acc:0.9640341401100159, best validation acc: 0.9640874862670898, corresponding to test acc:                         0.956977128982544 / 0.9572994112968445
after epoch: 15,now: 2024-06-14 09:43:28.315070,epoch time: 0:25:18.814067,used: 6:27:51.469474,model: dset_te_center0_erm_b44271c83_not_commited_2024md_06md_14_03_15_36_seed_1_21316519
working direcotry: /ictstr01/groups/aih/sina.wendrich/MA_code/MA_thesis/DomainLab
epoch: 16
---- Training Domain: 
scalar performance:
{'acc': 0.96727926, 'precision': 0.7837863, 'recall': 0.5071165, 'specificity': 0.5071165, 'f1': 0.50589776, 'auroc': 0.8901262, 'binary_precision': 0.6, 'binary_recall': 0.014563107, 'binary_specificity': 0.9996699, 'binary_f1_score': 0.028436022}
confusion matrix:
       0   1
0  42400  14
1   1421  21
---- Validation: 
scalar performance:
{'acc': 0.9640875, 'precision': 0.73209333, 'recall': 0.5014305, 'specificity': 0.5014305, 'f1': 0.49381095, 'auroc': 0.90767074, 'binary_precision': 0.5, 'binary_recall': 0.0029717681, 'binary_specificity': 0.9998893, 'binary_f1_score': 0.0059084194}
confusion matrix:
       0  1
0  18065  2
1    671  2
---- Test Domain (oracle): 
scalar performance:
{'acc': 0.95713824, 'precision': 0.47903225, 'recall': 0.49949545, 'specificity': 0.49949545, 'f1': 0.4890499, 'auroc': 0.891475, 'binary_precision': 0.0, 'binary_recall': 0.0, 'binary_specificity': 0.9989909, 'binary_f1_score': 0.0}
confusion matrix:
      0  1
0  5940  6
1   260  0
t-SNE plot saved as /localscratch/sina.wendrich/tsne/t-SNE_Test_center0_21316519_16.png
early stop counter: 4
val acc:0.9640874862670898, best validation acc: 0.9640874862670898, corresponding to test acc:                         0.956977128982544 / 0.9572994112968445
after epoch: 16,now: 2024-06-14 10:08:56.857294,epoch time: 0:25:28.542224,used: 6:53:20.011698,model: dset_te_center0_erm_b44271c83_not_commited_2024md_06md_14_03_15_36_seed_1_21316519
working direcotry: /ictstr01/groups/aih/sina.wendrich/MA_code/MA_thesis/DomainLab
epoch: 17
---- Training Domain: 
scalar performance:
{'acc': 0.96727926, 'precision': 0.7710844, 'recall': 0.50912625, 'specificity': 0.50912625, 'f1': 0.5098116, 'auroc': 0.89800036, 'binary_precision': 0.5744681, 'binary_recall': 0.018723994, 'binary_specificity': 0.99952847, 'binary_f1_score': 0.036265947}
confusion matrix:
       0   1
0  42394  20
1   1415  27
---- Validation: 
scalar performance:
{'acc': 0.9640875, 'precision': 0.7321924, 'recall': 0.5042916, 'specificity': 0.5042916, 'f1': 0.49961385, 'auroc': 0.90997994, 'binary_precision': 0.5, 'binary_recall': 0.008915304, 'binary_specificity': 0.9996679, 'binary_f1_score': 0.017518247}
confusion matrix:
       0  1
0  18061  6
1    667  6
---- Test Domain (oracle): 
scalar performance:
{'acc': 0.95713824, 'precision': 0.47903225, 'recall': 0.49949545, 'specificity': 0.49949545, 'f1': 0.4890499, 'auroc': 0.8941481, 'binary_precision': 0.0, 'binary_recall': 0.0, 'binary_specificity': 0.9989909, 'binary_f1_score': 0.0}
confusion matrix:
      0  1
0  5940  6
1   260  0
t-SNE plot saved as /localscratch/sina.wendrich/tsne/t-SNE_Test_center0_21316519_17.png
early stop counter: 5
