Failed to import backpack: cannot import name '_grad_input_padding' from 'torch.nn.grad' (/home/aih/sina.wendrich/miniconda3/envs/domainlab_py310/lib/python3.10/site-packages/torch/nn/grad.py)
before experiment loop: 
|===========================================================================|
|                  PyTorch CUDA memory summary, device ID 0                 |
|---------------------------------------------------------------------------|
|            CUDA OOMs: 0            |        cudaMalloc retries: 0         |
|===========================================================================|
|        Metric         | Cur Usage  | Peak Usage | Tot Alloc  | Tot Freed  |
|---------------------------------------------------------------------------|
| Allocated memory      |      0 B   |      0 B   |      0 B   |      0 B   |
|       from large pool |      0 B   |      0 B   |      0 B   |      0 B   |
|       from small pool |      0 B   |      0 B   |      0 B   |      0 B   |
|---------------------------------------------------------------------------|
| Active memory         |      0 B   |      0 B   |      0 B   |      0 B   |
|       from large pool |      0 B   |      0 B   |      0 B   |      0 B   |
|       from small pool |      0 B   |      0 B   |      0 B   |      0 B   |
|---------------------------------------------------------------------------|
| Requested memory      |      0 B   |      0 B   |      0 B   |      0 B   |
|       from large pool |      0 B   |      0 B   |      0 B   |      0 B   |
|       from small pool |      0 B   |      0 B   |      0 B   |      0 B   |
|---------------------------------------------------------------------------|
| GPU reserved memory   |      0 B   |      0 B   |      0 B   |      0 B   |
|       from large pool |      0 B   |      0 B   |      0 B   |      0 B   |
|       from small pool |      0 B   |      0 B   |      0 B   |      0 B   |
|---------------------------------------------------------------------------|
| Non-releasable memory |      0 B   |      0 B   |      0 B   |      0 B   |
|       from large pool |      0 B   |      0 B   |      0 B   |      0 B   |
|       from small pool |      0 B   |      0 B   |      0 B   |      0 B   |
|---------------------------------------------------------------------------|
| Allocations           |       0    |       0    |       0    |       0    |
|       from large pool |       0    |       0    |       0    |       0    |
|       from small pool |       0    |       0    |       0    |       0    |
|---------------------------------------------------------------------------|
| Active allocs         |       0    |       0    |       0    |       0    |
|       from large pool |       0    |       0    |       0    |       0    |
|       from small pool |       0    |       0    |       0    |       0    |
|---------------------------------------------------------------------------|
| GPU reserved segments |       0    |       0    |       0    |       0    |
|       from large pool |       0    |       0    |       0    |       0    |
|       from small pool |       0    |       0    |       0    |       0    |
|---------------------------------------------------------------------------|
| Non-releasable allocs |       0    |       0    |       0    |       0    |
|       from large pool |       0    |       0    |       0    |       0    |
|       from small pool |       0    |       0    |       0    |       0    |
|---------------------------------------------------------------------------|
| Oversize allocations  |       0    |       0    |       0    |       0    |
|---------------------------------------------------------------------------|
| Oversize GPU segments |       0    |       0    |       0    |       0    |
|===========================================================================|

before experiment starts
|===========================================================================|
|                  PyTorch CUDA memory summary, device ID 0                 |
|---------------------------------------------------------------------------|
|            CUDA OOMs: 0            |        cudaMalloc retries: 0         |
|===========================================================================|
|        Metric         | Cur Usage  | Peak Usage | Tot Alloc  | Tot Freed  |
|---------------------------------------------------------------------------|
| Allocated memory      |      0 B   |      0 B   |      0 B   |      0 B   |
|       from large pool |      0 B   |      0 B   |      0 B   |      0 B   |
|       from small pool |      0 B   |      0 B   |      0 B   |      0 B   |
|---------------------------------------------------------------------------|
| Active memory         |      0 B   |      0 B   |      0 B   |      0 B   |
|       from large pool |      0 B   |      0 B   |      0 B   |      0 B   |
|       from small pool |      0 B   |      0 B   |      0 B   |      0 B   |
|---------------------------------------------------------------------------|
| Requested memory      |      0 B   |      0 B   |      0 B   |      0 B   |
|       from large pool |      0 B   |      0 B   |      0 B   |      0 B   |
|       from small pool |      0 B   |      0 B   |      0 B   |      0 B   |
|---------------------------------------------------------------------------|
| GPU reserved memory   |      0 B   |      0 B   |      0 B   |      0 B   |
|       from large pool |      0 B   |      0 B   |      0 B   |      0 B   |
|       from small pool |      0 B   |      0 B   |      0 B   |      0 B   |
|---------------------------------------------------------------------------|
| Non-releasable memory |      0 B   |      0 B   |      0 B   |      0 B   |
|       from large pool |      0 B   |      0 B   |      0 B   |      0 B   |
|       from small pool |      0 B   |      0 B   |      0 B   |      0 B   |
|---------------------------------------------------------------------------|
| Allocations           |       0    |       0    |       0    |       0    |
|       from large pool |       0    |       0    |       0    |       0    |
|       from small pool |       0    |       0    |       0    |       0    |
|---------------------------------------------------------------------------|
| Active allocs         |       0    |       0    |       0    |       0    |
|       from large pool |       0    |       0    |       0    |       0    |
|       from small pool |       0    |       0    |       0    |       0    |
|---------------------------------------------------------------------------|
| GPU reserved segments |       0    |       0    |       0    |       0    |
|       from large pool |       0    |       0    |       0    |       0    |
|       from small pool |       0    |       0    |       0    |       0    |
|---------------------------------------------------------------------------|
| Non-releasable allocs |       0    |       0    |       0    |       0    |
|       from large pool |       0    |       0    |       0    |       0    |
|       from small pool |       0    |       0    |       0    |       0    |
|---------------------------------------------------------------------------|
| Oversize allocations  |       0    |       0    |       0    |       0    |
|---------------------------------------------------------------------------|
| Oversize GPU segments |       0    |       0    |       0    |       0    |
|===========================================================================|


overriding args.task None to dset


using device: cuda:0




!!!: not committed yet



b'44271c83'
model name: dset_te_center0_erm_b44271c83_not_commited_2024md_06md_19_18_37_49_seed_0_21510955

 Experiment start at: 2024-06-19 18:37:49.593042
before training, model accuracy: 0.31622418761253357
epoch: 1
---- Training Domain: 
scalar performance:
{'acc': 0.9055008, 'precision': 0.4527504, 'recall': 0.5, 'specificity': 0.5, 'f1': 0.47520357, 'auroc': 0.5493926, 'binary_precision': 0.0, 'binary_recall': 0.0, 'binary_specificity': 1.0, 'binary_f1_score': 0.0}
confusion matrix:
       0  1
0  42305  0
1   4415  0
---- Validation: 
scalar performance:
{'acc': 0.9657833, 'precision': 0.48289165, 'recall': 0.5, 'specificity': 0.5, 'f1': 0.49129692, 'auroc': 0.32293907, 'binary_precision': 0.0, 'binary_recall': 0.0, 'binary_specificity': 1.0, 'binary_f1_score': 0.0}
confusion matrix:
       0  1
0  18149  0
1    643  0
---- Test Domain (oracle): 
scalar performance:
{'acc': 0.88451326, 'precision': 0.44225663, 'recall': 0.5, 'specificity': 0.5, 'f1': 0.469359, 'auroc': 0.28899124, 'binary_precision': 0.0, 'binary_recall': 0.0, 'binary_specificity': 1.0, 'binary_f1_score': 0.0}
confusion matrix:
      0  1
0  5997  0
1   783  0
t-SNE plot saved as /localscratch/sina.wendrich/tsne/t-SNE_Test_center0_21510955_1.png
new oracle model saved
better model found
persisted
after epoch: 1,now: 2024-06-19 18:53:34.183417,epoch time: 0:15:44.590375,used: 0:15:44.590375,model: dset_te_center0_erm_b44271c83_not_commited_2024md_06md_19_18_37_49_seed_0_21510955
working direcotry: /ictstr01/groups/aih/sina.wendrich/MA_code/MA_thesis/DomainLab
epoch: 2
---- Training Domain: 
scalar performance:
{'acc': 0.9055223, 'precision': 0.45276114, 'recall': 0.5, 'specificity': 0.5, 'f1': 0.47520947, 'auroc': 0.7619314, 'binary_precision': 0.0, 'binary_recall': 0.0, 'binary_specificity': 1.0, 'binary_f1_score': 0.0}
confusion matrix:
       0  1
0  42306  0
1   4414  0
---- Validation: 
scalar performance:
{'acc': 0.9657833, 'precision': 0.48289165, 'recall': 0.5, 'specificity': 0.5, 'f1': 0.49129692, 'auroc': 0.37296307, 'binary_precision': 0.0, 'binary_recall': 0.0, 'binary_specificity': 1.0, 'binary_f1_score': 0.0}
confusion matrix:
       0  1
0  18149  0
1    643  0
---- Test Domain (oracle): 
scalar performance:
{'acc': 0.88451326, 'precision': 0.44225663, 'recall': 0.5, 'specificity': 0.5, 'f1': 0.469359, 'auroc': 0.45272255, 'binary_precision': 0.0, 'binary_recall': 0.0, 'binary_specificity': 1.0, 'binary_f1_score': 0.0}
confusion matrix:
      0  1
0  5997  0
1   783  0
t-SNE plot saved as /localscratch/sina.wendrich/tsne/t-SNE_Test_center0_21510955_2.png
early stop counter: 1
val acc:0.9657832980155945, best validation acc: 0.9657832980155945, corresponding to test acc:                         0.884513258934021 / 0.884513258934021
after epoch: 2,now: 2024-06-19 19:10:02.673145,epoch time: 0:16:28.489728,used: 0:32:13.080103,model: dset_te_center0_erm_b44271c83_not_commited_2024md_06md_19_18_37_49_seed_0_21510955
working direcotry: /ictstr01/groups/aih/sina.wendrich/MA_code/MA_thesis/DomainLab
epoch: 3
---- Training Domain: 
scalar performance:
{'acc': 0.9097817, 'precision': 0.94497895, 'recall': 0.52273154, 'specificity': 0.52273154, 'f1': 0.5198078, 'auroc': 0.86556065, 'binary_precision': 0.9804878, 'binary_recall': 0.04555757, 'binary_specificity': 0.99990547, 'binary_f1_score': 0.08706952}
confusion matrix:
       0    1
0  42304    4
1   4211  201
---- Validation: 
scalar performance:
{'acc': 0.9657833, 'precision': 0.48289165, 'recall': 0.5, 'specificity': 0.5, 'f1': 0.49129692, 'auroc': 0.4337649, 'binary_precision': 0.0, 'binary_recall': 0.0, 'binary_specificity': 1.0, 'binary_f1_score': 0.0}
confusion matrix:
       0  1
0  18149  0
1    643  0
---- Test Domain (oracle): 
scalar performance:
{'acc': 0.88451326, 'precision': 0.44225663, 'recall': 0.5, 'specificity': 0.5, 'f1': 0.469359, 'auroc': 0.60631883, 'binary_precision': 0.0, 'binary_recall': 0.0, 'binary_specificity': 1.0, 'binary_f1_score': 0.0}
confusion matrix:
      0  1
0  5997  0
1   783  0
t-SNE plot saved as /localscratch/sina.wendrich/tsne/t-SNE_Test_center0_21510955_3.png
early stop counter: 2
val acc:0.9657832980155945, best validation acc: 0.9657832980155945, corresponding to test acc:                         0.884513258934021 / 0.884513258934021
after epoch: 3,now: 2024-06-19 19:25:05.403327,epoch time: 0:15:02.730182,used: 0:47:15.810285,model: dset_te_center0_erm_b44271c83_not_commited_2024md_06md_19_18_37_49_seed_0_21510955
working direcotry: /ictstr01/groups/aih/sina.wendrich/MA_code/MA_thesis/DomainLab
epoch: 4
---- Training Domain: 
scalar performance:
{'acc': 0.92848885, 'precision': 0.9437072, 'recall': 0.62631357, 'specificity': 0.62631357, 'f1': 0.68166745, 'auroc': 0.9147172, 'binary_precision': 0.9597258, 'binary_recall': 0.2537381, 'binary_specificity': 0.998889, 'binary_f1_score': 0.40136176}
confusion matrix:
       0     1
0  42259    47
1   3294  1120
---- Validation: 
scalar performance:
{'acc': 0.96546406, 'precision': 0.4828862, 'recall': 0.49983472, 'specificity': 0.49983472, 'f1': 0.4912143, 'auroc': 0.48952895, 'binary_precision': 0.0, 'binary_recall': 0.0, 'binary_specificity': 0.99966943, 'binary_f1_score': 0.0}
confusion matrix:
       0  1
0  18143  6
1    643  0
---- Test Domain (oracle): 
scalar performance:
{'acc': 0.8859882, 'precision': 0.8715954, 'recall': 0.5074961, 'specificity': 0.5074961, 'f1': 0.48477364, 'auroc': 0.6845616, 'binary_precision': 0.85714287, 'binary_recall': 0.01532567, 'binary_specificity': 0.9996665, 'binary_f1_score': 0.030112924}
confusion matrix:
      0   1
0  5995   2
1   771  12
t-SNE plot saved as /localscratch/sina.wendrich/tsne/t-SNE_Test_center0_21510955_4.png
new oracle model saved
early stop counter: 3
val acc:0.9654640555381775, best validation acc: 0.9657832980155945, corresponding to test acc:                         0.884513258934021 / 0.885988175868988
after epoch: 4,now: 2024-06-19 19:40:40.894295,epoch time: 0:15:35.490968,used: 1:02:51.301253,model: dset_te_center0_erm_b44271c83_not_commited_2024md_06md_19_18_37_49_seed_0_21510955
working direcotry: /ictstr01/groups/aih/sina.wendrich/MA_code/MA_thesis/DomainLab
epoch: 5
---- Training Domain: 
scalar performance:
{'acc': 0.94332194, 'precision': 0.94589496, 'recall': 0.71035784, 'specificity': 0.71035784, 'f1': 0.77739793, 'auroc': 0.92948675, 'binary_precision': 0.9487049, 'binary_recall': 0.42310306, 'binary_specificity': 0.9976126, 'binary_f1_score': 0.585213}
confusion matrix:
       0     1
0  42204   101
1   2547  1868
---- Validation: 
scalar performance:
{'acc': 0.96466583, 'precision': 0.5385025, 'recall': 0.5016716, 'specificity': 0.5016716, 'f1': 0.49548376, 'auroc': 0.546628, 'binary_precision': 0.11111111, 'binary_recall': 0.00466563, 'binary_specificity': 0.9986776, 'binary_f1_score': 0.0089552235}
confusion matrix:
       0   1
0  18125  24
1    640   3
---- Test Domain (oracle): 
scalar performance:
{'acc': 0.89749265, 'precision': 0.8987256, 'recall': 0.5623013, 'specificity': 0.5623013, 'f1': 0.5834288, 'auroc': 0.7524961, 'binary_precision': 0.9, 'binary_recall': 0.12643678, 'binary_specificity': 0.9981657, 'binary_f1_score': 0.22172453}
confusion matrix:
      0   1
0  5986  11
1   684  99
t-SNE plot saved as /localscratch/sina.wendrich/tsne/t-SNE_Test_center0_21510955_5.png
new oracle model saved
early stop counter: 4
val acc:0.9646658301353455, best validation acc: 0.9657832980155945, corresponding to test acc:                         0.884513258934021 / 0.8974926471710205
after epoch: 5,now: 2024-06-19 19:55:22.961888,epoch time: 0:14:42.067593,used: 1:17:33.368846,model: dset_te_center0_erm_b44271c83_not_commited_2024md_06md_19_18_37_49_seed_0_21510955
working direcotry: /ictstr01/groups/aih/sina.wendrich/MA_code/MA_thesis/DomainLab
epoch: 6
---- Training Domain: 
scalar performance:
{'acc': 0.9489084, 'precision': 0.9510439, 'recall': 0.73998606, 'specificity': 0.73998606, 'f1': 0.8065867, 'auroc': 0.92910373, 'binary_precision': 0.953405, 'binary_recall': 0.48243028, 'binary_specificity': 0.9975419, 'binary_f1_score': 0.64067435}
confusion matrix:
       0     1
0  42205   104
1   2283  2128
---- Validation: 
scalar performance:
{'acc': 0.96322906, 'precision': 0.51866156, 'recall': 0.5016778, 'specificity': 0.5016778, 'f1': 0.49635547, 'auroc': 0.5376688, 'binary_precision': 0.071428575, 'binary_recall': 0.00622084, 'binary_specificity': 0.9971348, 'binary_f1_score': 0.011444922}
confusion matrix:
       0   1
0  18097  52
1    639   4
---- Test Domain (oracle): 
scalar performance:
{'acc': 0.89882004, 'precision': 0.8568667, 'recall': 0.5780419, 'specificity': 0.5780419, 'f1': 0.60715365, 'auroc': 0.7365496, 'binary_precision': 0.8129032, 'binary_recall': 0.16091955, 'binary_specificity': 0.9951643, 'binary_f1_score': 0.26865673}
confusion matrix:
      0    1
0  5968   29
1   657  126
t-SNE plot saved as /localscratch/sina.wendrich/tsne/t-SNE_Test_center0_21510955_6.png
new oracle model saved
early stop counter: 5
val acc:0.9632290601730347, best validation acc: 0.9657832980155945, corresponding to test acc:                         0.884513258934021 / 0.8988200426101685
after epoch: 6,now: 2024-06-19 20:09:49.714865,epoch time: 0:14:26.752977,used: 1:32:00.121823,model: dset_te_center0_erm_b44271c83_not_commited_2024md_06md_19_18_37_49_seed_0_21510955
working direcotry: /ictstr01/groups/aih/sina.wendrich/MA_code/MA_thesis/DomainLab
epoch: 7
---- Training Domain: 
scalar performance:
{'acc': 0.95325345, 'precision': 0.93662506, 'recall': 0.77472377, 'specificity': 0.77472377, 'f1': 0.8330747, 'auroc': 0.9359565, 'binary_precision': 0.9178545, 'binary_recall': 0.5546238, 'binary_specificity': 0.9948237, 'binary_f1_score': 0.69143826}
confusion matrix:
       0     1
0  42089   219
1   1965  2447
---- Validation: 
scalar performance:
{'acc': 0.9619519, 'precision': 0.5374227, 'recall': 0.50551695, 'specificity': 0.50551695, 'f1': 0.5039037, 'auroc': 0.5680371, 'binary_precision': 0.10869565, 'binary_recall': 0.0155521, 'binary_specificity': 0.99548185, 'binary_f1_score': 0.027210886}
confusion matrix:
       0   1
0  18067  82
1    633  10
---- Test Domain (oracle): 
scalar performance:
{'acc': 0.9091445, 'precision': 0.86749196, 'recall': 0.6321801, 'specificity': 0.6321801, 'f1': 0.67981, 'auroc': 0.7650907, 'binary_precision': 0.82239383, 'binary_recall': 0.27203065, 'binary_specificity': 0.9923295, 'binary_f1_score': 0.40882918}
confusion matrix:
      0    1
0  5951   46
1   570  213
t-SNE plot saved as /localscratch/sina.wendrich/tsne/t-SNE_Test_center0_21510955_7.png
new oracle model saved
early stop counter: 6
val acc:0.9619519114494324, best validation acc: 0.9657832980155945, corresponding to test acc:                         0.884513258934021 / 0.9091445207595825
after epoch: 7,now: 2024-06-19 20:24:10.147814,epoch time: 0:14:20.432949,used: 1:46:20.554772,model: dset_te_center0_erm_b44271c83_not_commited_2024md_06md_19_18_37_49_seed_0_21510955
working direcotry: /ictstr01/groups/aih/sina.wendrich/MA_code/MA_thesis/DomainLab
epoch: 8
---- Training Domain: 
scalar performance:
{'acc': 0.9583476, 'precision': 0.93799937, 'recall': 0.8053785, 'specificity': 0.8053785, 'f1': 0.85706353, 'auroc': 0.94887775, 'binary_precision': 0.9146792, 'binary_recall': 0.616761, 'binary_specificity': 0.99399596, 'binary_f1_score': 0.73674244}
confusion matrix:
       0     1
0  42051   254
1   1692  2723
---- Validation: 
scalar performance:
{'acc': 0.96067476, 'precision': 0.5776841, 'recall': 0.5191068, 'specificity': 0.5191068, 'f1': 0.52634215, 'auroc': 0.63335615, 'binary_precision': 0.18831168, 'binary_recall': 0.045101088, 'binary_specificity': 0.99311256, 'binary_f1_score': 0.07277289}
confusion matrix:
       0    1
0  18024  125
1    614   29
---- Test Domain (oracle): 
scalar performance:
{'acc': 0.9179941, 'precision': 0.874122, 'recall': 0.67882216, 'specificity': 0.67882216, 'f1': 0.73204803, 'auroc': 0.8099912, 'binary_precision': 0.8252149, 'binary_recall': 0.3678161, 'binary_specificity': 0.9898282, 'binary_f1_score': 0.5088339}
confusion matrix:
      0    1
0  5936   61
1   495  288
t-SNE plot saved as /localscratch/sina.wendrich/tsne/t-SNE_Test_center0_21510955_8.png
new oracle model saved
early stop counter: 7
val acc:0.9606747627258301, best validation acc: 0.9657832980155945, corresponding to test acc:                         0.884513258934021 / 0.9179940819740295
after epoch: 8,now: 2024-06-19 20:38:49.808310,epoch time: 0:14:39.660496,used: 2:01:00.215268,model: dset_te_center0_erm_b44271c83_not_commited_2024md_06md_19_18_37_49_seed_0_21510955
working direcotry: /ictstr01/groups/aih/sina.wendrich/MA_code/MA_thesis/DomainLab
epoch: 9
---- Training Domain: 
scalar performance:
{'acc': 0.9594178, 'precision': 0.9432523, 'recall': 0.8078109, 'specificity': 0.8078109, 'f1': 0.86046004, 'auroc': 0.94766283, 'binary_precision': 0.92473847, 'binary_recall': 0.6208928, 'binary_specificity': 0.994729, 'binary_f1_score': 0.74295014}
confusion matrix:
       0     1
0  42084   223
1   1673  2740
---- Validation: 
scalar performance:
{'acc': 0.9611537, 'precision': 0.57923084, 'recall': 0.5178547, 'specificity': 0.5178547, 'f1': 0.52452034, 'auroc': 0.6237328, 'binary_precision': 0.19148937, 'binary_recall': 0.041990668, 'binary_specificity': 0.9937187, 'binary_f1_score': 0.06887755}
confusion matrix:
       0    1
0  18035  114
1    616   27
---- Test Domain (oracle): 
scalar performance:
{'acc': 0.9156342, 'precision': 0.8733561, 'recall': 0.66582906, 'specificity': 0.66582906, 'f1': 0.718446, 'auroc': 0.80015296, 'binary_precision': 0.8266254, 'binary_recall': 0.34099618, 'binary_specificity': 0.990662, 'binary_f1_score': 0.482821}
confusion matrix:
      0    1
0  5941   56
1   516  267
t-SNE plot saved as /localscratch/sina.wendrich/tsne/t-SNE_Test_center0_21510955_9.png
early stop counter: 8
val acc:0.9611536860466003, best validation acc: 0.9657832980155945, corresponding to test acc:                         0.884513258934021 / 0.9179940819740295
after epoch: 9,now: 2024-06-19 20:53:21.990012,epoch time: 0:14:32.181702,used: 2:15:32.396970,model: dset_te_center0_erm_b44271c83_not_commited_2024md_06md_19_18_37_49_seed_0_21510955
working direcotry: /ictstr01/groups/aih/sina.wendrich/MA_code/MA_thesis/DomainLab
epoch: 10
---- Training Domain: 
scalar performance:
{'acc': 0.96181506, 'precision': 0.9384556, 'recall': 0.8265512, 'specificity': 0.8265512, 'f1': 0.872332, 'auroc': 0.9516023, 'binary_precision': 0.9113964, 'binary_recall': 0.65979147, 'binary_specificity': 0.9933109, 'binary_f1_score': 0.7654483}
confusion matrix:
       0     1
0  42025   283
1   1501  2911
---- Validation: 
scalar performance:
{'acc': 0.96035546, 'precision': 0.60111225, 'recall': 0.53094244, 'specificity': 0.53094244, 'f1': 0.5437559, 'auroc': 0.6565167, 'binary_precision': 0.234375, 'binary_recall': 0.06998445, 'binary_specificity': 0.9919004, 'binary_f1_score': 0.10778444}
confusion matrix:
       0    1
0  18002  147
1    598   45
---- Test Domain (oracle): 
scalar performance:
{'acc': 0.919764, 'precision': 0.8640789, 'recall': 0.6964785, 'specificity': 0.6964785, 'f1': 0.7475206, 'auroc': 0.81545484, 'binary_precision': 0.80100757, 'binary_recall': 0.40613025, 'binary_specificity': 0.9868267, 'binary_f1_score': 0.53898305}
confusion matrix:
      0    1
0  5918   79
1   465  318
t-SNE plot saved as /localscratch/sina.wendrich/tsne/t-SNE_Test_center0_21510955_10.png
new oracle model saved
early stop counter: 9
val acc:0.9603554606437683, best validation acc: 0.9657832980155945, corresponding to test acc:                         0.884513258934021 / 0.91976398229599
after epoch: 10,now: 2024-06-19 21:09:04.039532,epoch time: 0:15:42.049520,used: 2:31:14.446490,model: dset_te_center0_erm_b44271c83_not_commited_2024md_06md_19_18_37_49_seed_0_21510955
working direcotry: /ictstr01/groups/aih/sina.wendrich/MA_code/MA_thesis/DomainLab
epoch: 11
---- Training Domain: 
scalar performance:
{'acc': 0.96464044, 'precision': 0.93222487, 'recall': 0.850476, 'specificity': 0.850476, 'f1': 0.8859963, 'auroc': 0.95956206, 'binary_precision': 0.8940908, 'binary_recall': 0.70972127, 'binary_specificity': 0.9912308, 'binary_f1_score': 0.79130876}
confusion matrix:
       0     1
0  41936   371
1   1281  3132
---- Validation: 
scalar performance:
{'acc': 0.95929116, 'precision': 0.60717714, 'recall': 0.5408922, 'specificity': 0.5408922, 'f1': 0.5563956, 'auroc': 0.6654316, 'binary_precision': 0.24583334, 'binary_recall': 0.09175739, 'binary_specificity': 0.990027, 'binary_f1_score': 0.13363533}
confusion matrix:
       0    1
0  17968  181
1    584   59
---- Test Domain (oracle): 
scalar performance:
{'acc': 0.9222714, 'precision': 0.8560461, 'recall': 0.71954846, 'specificity': 0.71954846, 'f1': 0.7662815, 'auroc': 0.8202294, 'binary_precision': 0.779476, 'binary_recall': 0.4559387, 'binary_specificity': 0.98315823, 'binary_f1_score': 0.5753424}
confusion matrix:
      0    1
0  5896  101
1   426  357
t-SNE plot saved as /localscratch/sina.wendrich/tsne/t-SNE_Test_center0_21510955_11.png
new oracle model saved
early stop counter: 10
val acc:0.9592911601066589, best validation acc: 0.9657832980155945, corresponding to test acc:                         0.884513258934021 / 0.9222713708877563
after epoch: 11,now: 2024-06-19 21:24:21.223978,epoch time: 0:15:17.184446,used: 2:46:31.630936,model: dset_te_center0_erm_b44271c83_not_commited_2024md_06md_19_18_37_49_seed_0_21510955
working direcotry: /ictstr01/groups/aih/sina.wendrich/MA_code/MA_thesis/DomainLab
epoch: 12
---- Training Domain: 
scalar performance:
{'acc': 0.96429795, 'precision': 0.9263205, 'recall': 0.8544097, 'specificity': 0.8544097, 'f1': 0.88619494, 'auroc': 0.96368885, 'binary_precision': 0.8814218, 'binary_recall': 0.7189128, 'binary_specificity': 0.9899066, 'binary_f1_score': 0.7919161}
confusion matrix:
       0     1
0  41878   427
1   1241  3174
---- Validation: 
scalar performance:
{'acc': 0.95828015, 'precision': 0.60998976, 'recall': 0.5493694, 'specificity': 0.5493694, 'f1': 0.56598043, 'auroc': 0.6882014, 'binary_precision': 0.2508834, 'binary_recall': 0.11041991, 'binary_specificity': 0.9883189, 'binary_f1_score': 0.15334773}
confusion matrix:
       0    1
0  17937  212
1    572   71
---- Test Domain (oracle): 
scalar performance:
{'acc': 0.9261062, 'precision': 0.8588102, 'recall': 0.7417032, 'specificity': 0.7417032, 'f1': 0.7849506, 'auroc': 0.83227754, 'binary_precision': 0.7797619, 'binary_recall': 0.5019157, 'binary_specificity': 0.98149073, 'binary_f1_score': 0.6107226}
confusion matrix:
      0    1
0  5886  111
1   390  393
t-SNE plot saved as /localscratch/sina.wendrich/tsne/t-SNE_Test_center0_21510955_12.png
new oracle model saved
early stop counter: 11
val acc:0.9582801461219788, best validation acc: 0.9657832980155945, corresponding to test acc:                         0.884513258934021 / 0.9261062145233154
after epoch: 12,now: 2024-06-19 21:39:50.811618,epoch time: 0:15:29.587640,used: 3:02:01.218576,model: dset_te_center0_erm_b44271c83_not_commited_2024md_06md_19_18_37_49_seed_0_21510955
working direcotry: /ictstr01/groups/aih/sina.wendrich/MA_code/MA_thesis/DomainLab
epoch: 13
---- Training Domain: 
scalar performance:
{'acc': 0.96680224, 'precision': 0.9365771, 'recall': 0.8602555, 'specificity': 0.8602555, 'f1': 0.8938296, 'auroc': 0.96542025, 'binary_precision': 0.90089583, 'binary_recall': 0.7288788, 'binary_specificity': 0.9916322, 'binary_f1_score': 0.80580944}
confusion matrix:
       0     1
0  41951   354
1   1197  3218
---- Validation: 
scalar performance:
{'acc': 0.95902514, 'precision': 0.6191812, 'recall': 0.55200523, 'specificity': 0.55200523, 'f1': 0.57010984, 'auroc': 0.69119525, 'binary_precision': 0.26909092, 'binary_recall': 0.115085535, 'binary_specificity': 0.988925, 'binary_f1_score': 0.16122004}
confusion matrix:
       0    1
0  17948  201
1    569   74
---- Test Domain (oracle): 
scalar performance:
{'acc': 0.9266962, 'precision': 0.8634769, 'recall': 0.7403711, 'specificity': 0.7403711, 'f1': 0.78517205, 'auroc': 0.83142674, 'binary_precision': 0.7894737, 'binary_recall': 0.49808428, 'binary_specificity': 0.98265797, 'binary_f1_score': 0.6108066}
confusion matrix:
      0    1
0  5893  104
1   393  390
t-SNE plot saved as /localscratch/sina.wendrich/tsne/t-SNE_Test_center0_21510955_13.png
new oracle model saved
early stop counter: 12
val acc:0.9590251445770264, best validation acc: 0.9657832980155945, corresponding to test acc:                         0.884513258934021 / 0.9266961812973022
after epoch: 13,now: 2024-06-19 21:54:54.946400,epoch time: 0:15:04.134782,used: 3:17:05.353358,model: dset_te_center0_erm_b44271c83_not_commited_2024md_06md_19_18_37_49_seed_0_21510955
working direcotry: /ictstr01/groups/aih/sina.wendrich/MA_code/MA_thesis/DomainLab
epoch: 14
---- Training Domain: 
scalar performance:
{'acc': 0.96438354, 'precision': 0.90513957, 'recall': 0.8814626, 'specificity': 0.8814626, 'f1': 0.8928441, 'auroc': 0.9661434, 'binary_precision': 0.8331719, 'binary_recall': 0.77921194, 'binary_specificity': 0.98371315, 'binary_f1_score': 0.80528903}
confusion matrix:
       0     1
0  41615   689
1    975  3441
---- Validation: 
scalar performance:
{'acc': 0.9532248, 'precision': 0.60725623, 'recall': 0.57750446, 'specificity': 0.57750446, 'f1': 0.5894939, 'auroc': 0.7123645, 'binary_precision': 0.24347825, 'binary_recall': 0.17418352, 'binary_specificity': 0.98082536, 'binary_f1_score': 0.20308249}
confusion matrix:
       0    1
0  17801  348
1    531  112
---- Test Domain (oracle): 
scalar performance:
{'acc': 0.9244838, 'precision': 0.8358836, 'recall': 0.76243865, 'specificity': 0.76243865, 'f1': 0.7929423, 'auroc': 0.84417236, 'binary_precision': 0.7284992, 'binary_recall': 0.55172414, 'binary_specificity': 0.97315323, 'binary_f1_score': 0.6279069}
confusion matrix:
      0    1
0  5836  161
1   351  432
t-SNE plot saved as /localscratch/sina.wendrich/tsne/t-SNE_Test_center0_21510955_14.png
early stop counter: 13
val acc:0.953224778175354, best validation acc: 0.9657832980155945, corresponding to test acc:                         0.884513258934021 / 0.9266961812973022
after epoch: 14,now: 2024-06-19 22:13:10.704500,epoch time: 0:18:15.758100,used: 3:35:21.111458,model: dset_te_center0_erm_b44271c83_not_commited_2024md_06md_19_18_37_49_seed_0_21510955
working direcotry: /ictstr01/groups/aih/sina.wendrich/MA_code/MA_thesis/DomainLab
epoch: 15
---- Training Domain: 
scalar performance:
{'acc': 0.9666096, 'precision': 0.9192858, 'recall': 0.8782794, 'specificity': 0.8782794, 'f1': 0.8974422, 'auroc': 0.9689107, 'binary_precision': 0.8623667, 'binary_recall': 0.7693702, 'binary_specificity': 0.9871886, 'binary_f1_score': 0.81321836}
confusion matrix:
       0     1
0  41764   542
1   1018  3396
---- Validation: 
scalar performance:
{'acc': 0.954768, 'precision': 0.6106361, 'recall': 0.57230294, 'specificity': 0.57230294, 'f1': 0.5866631, 'auroc': 0.7152003, 'binary_precision': 0.25060242, 'binary_recall': 0.16174184, 'binary_specificity': 0.9828641, 'binary_f1_score': 0.19659737}
confusion matrix:
       0    1
0  17838  311
1    539  104
---- Test Domain (oracle): 
scalar performance:
{'acc': 0.9235988, 'precision': 0.8349906, 'recall': 0.7569417, 'specificity': 0.7569417, 'f1': 0.7888808, 'auroc': 0.8432933, 'binary_precision': 0.72805506, 'binary_recall': 0.54022986, 'binary_specificity': 0.9736535, 'binary_f1_score': 0.62023455}
confusion matrix:
      0    1
0  5839  158
1   360  423
t-SNE plot saved as /localscratch/sina.wendrich/tsne/t-SNE_Test_center0_21510955_15.png
early stop counter: 14
val acc:0.9547680020332336, best validation acc: 0.9657832980155945, corresponding to test acc:                         0.884513258934021 / 0.9266961812973022
after epoch: 15,now: 2024-06-19 22:30:31.563229,epoch time: 0:17:20.858729,used: 3:52:41.970187,model: dset_te_center0_erm_b44271c83_not_commited_2024md_06md_19_18_37_49_seed_0_21510955
working direcotry: /ictstr01/groups/aih/sina.wendrich/MA_code/MA_thesis/DomainLab
epoch: 16
---- Training Domain: 
scalar performance:
{'acc': 0.96645975, 'precision': 0.9217752, 'recall': 0.8740843, 'specificity': 0.8740843, 'f1': 0.89611745, 'auroc': 0.96356547, 'binary_precision': 0.86823714, 'binary_recall': 0.7601994, 'binary_specificity': 0.98796916, 'binary_f1_score': 0.8106345}
confusion matrix:
       0     1
0  41799   509
1   1058  3354
---- Validation: 
scalar performance:
{'acc': 0.9562048, 'precision': 0.6168331, 'recall': 0.5700466, 'specificity': 0.5700466, 'f1': 0.5864966, 'auroc': 0.6924976, 'binary_precision': 0.2631579, 'binary_recall': 0.15552099, 'binary_specificity': 0.9845722, 'binary_f1_score': 0.19550343}
confusion matrix:
       0    1
0  17869  280
1    543  100
---- Test Domain (oracle): 
scalar performance:
{'acc': 0.92905605, 'precision': 0.8549122, 'recall': 0.76668894, 'specificity': 0.76668894, 'f1': 0.80228513, 'auroc': 0.8424206, 'binary_precision': 0.76584506, 'binary_recall': 0.5555556, 'binary_specificity': 0.97782224, 'binary_f1_score': 0.64396745}
confusion matrix:
      0    1
0  5864  133
1   348  435
t-SNE plot saved as /localscratch/sina.wendrich/tsne/t-SNE_Test_center0_21510955_16.png
new oracle model saved
early stop counter: 15
val acc:0.9562047719955444, best validation acc: 0.9657832980155945, corresponding to test acc:                         0.884513258934021 / 0.9290560483932495
after epoch: 16,now: 2024-06-19 22:51:10.706350,epoch time: 0:20:39.143121,used: 4:13:21.113308,model: dset_te_center0_erm_b44271c83_not_commited_2024md_06md_19_18_37_49_seed_0_21510955
working direcotry: /ictstr01/groups/aih/sina.wendrich/MA_code/MA_thesis/DomainLab
