Failed to import backpack: cannot import name '_grad_input_padding' from 'torch.nn.grad' (/home/aih/sina.wendrich/miniconda3/envs/domainlab_py310/lib/python3.10/site-packages/torch/nn/grad.py)
before experiment loop: 
|===========================================================================|
|                  PyTorch CUDA memory summary, device ID 0                 |
|---------------------------------------------------------------------------|
|            CUDA OOMs: 0            |        cudaMalloc retries: 0         |
|===========================================================================|
|        Metric         | Cur Usage  | Peak Usage | Tot Alloc  | Tot Freed  |
|---------------------------------------------------------------------------|
| Allocated memory      |      0 B   |      0 B   |      0 B   |      0 B   |
|       from large pool |      0 B   |      0 B   |      0 B   |      0 B   |
|       from small pool |      0 B   |      0 B   |      0 B   |      0 B   |
|---------------------------------------------------------------------------|
| Active memory         |      0 B   |      0 B   |      0 B   |      0 B   |
|       from large pool |      0 B   |      0 B   |      0 B   |      0 B   |
|       from small pool |      0 B   |      0 B   |      0 B   |      0 B   |
|---------------------------------------------------------------------------|
| Requested memory      |      0 B   |      0 B   |      0 B   |      0 B   |
|       from large pool |      0 B   |      0 B   |      0 B   |      0 B   |
|       from small pool |      0 B   |      0 B   |      0 B   |      0 B   |
|---------------------------------------------------------------------------|
| GPU reserved memory   |      0 B   |      0 B   |      0 B   |      0 B   |
|       from large pool |      0 B   |      0 B   |      0 B   |      0 B   |
|       from small pool |      0 B   |      0 B   |      0 B   |      0 B   |
|---------------------------------------------------------------------------|
| Non-releasable memory |      0 B   |      0 B   |      0 B   |      0 B   |
|       from large pool |      0 B   |      0 B   |      0 B   |      0 B   |
|       from small pool |      0 B   |      0 B   |      0 B   |      0 B   |
|---------------------------------------------------------------------------|
| Allocations           |       0    |       0    |       0    |       0    |
|       from large pool |       0    |       0    |       0    |       0    |
|       from small pool |       0    |       0    |       0    |       0    |
|---------------------------------------------------------------------------|
| Active allocs         |       0    |       0    |       0    |       0    |
|       from large pool |       0    |       0    |       0    |       0    |
|       from small pool |       0    |       0    |       0    |       0    |
|---------------------------------------------------------------------------|
| GPU reserved segments |       0    |       0    |       0    |       0    |
|       from large pool |       0    |       0    |       0    |       0    |
|       from small pool |       0    |       0    |       0    |       0    |
|---------------------------------------------------------------------------|
| Non-releasable allocs |       0    |       0    |       0    |       0    |
|       from large pool |       0    |       0    |       0    |       0    |
|       from small pool |       0    |       0    |       0    |       0    |
|---------------------------------------------------------------------------|
| Oversize allocations  |       0    |       0    |       0    |       0    |
|---------------------------------------------------------------------------|
| Oversize GPU segments |       0    |       0    |       0    |       0    |
|===========================================================================|

before experiment starts
|===========================================================================|
|                  PyTorch CUDA memory summary, device ID 0                 |
|---------------------------------------------------------------------------|
|            CUDA OOMs: 0            |        cudaMalloc retries: 0         |
|===========================================================================|
|        Metric         | Cur Usage  | Peak Usage | Tot Alloc  | Tot Freed  |
|---------------------------------------------------------------------------|
| Allocated memory      |      0 B   |      0 B   |      0 B   |      0 B   |
|       from large pool |      0 B   |      0 B   |      0 B   |      0 B   |
|       from small pool |      0 B   |      0 B   |      0 B   |      0 B   |
|---------------------------------------------------------------------------|
| Active memory         |      0 B   |      0 B   |      0 B   |      0 B   |
|       from large pool |      0 B   |      0 B   |      0 B   |      0 B   |
|       from small pool |      0 B   |      0 B   |      0 B   |      0 B   |
|---------------------------------------------------------------------------|
| Requested memory      |      0 B   |      0 B   |      0 B   |      0 B   |
|       from large pool |      0 B   |      0 B   |      0 B   |      0 B   |
|       from small pool |      0 B   |      0 B   |      0 B   |      0 B   |
|---------------------------------------------------------------------------|
| GPU reserved memory   |      0 B   |      0 B   |      0 B   |      0 B   |
|       from large pool |      0 B   |      0 B   |      0 B   |      0 B   |
|       from small pool |      0 B   |      0 B   |      0 B   |      0 B   |
|---------------------------------------------------------------------------|
| Non-releasable memory |      0 B   |      0 B   |      0 B   |      0 B   |
|       from large pool |      0 B   |      0 B   |      0 B   |      0 B   |
|       from small pool |      0 B   |      0 B   |      0 B   |      0 B   |
|---------------------------------------------------------------------------|
| Allocations           |       0    |       0    |       0    |       0    |
|       from large pool |       0    |       0    |       0    |       0    |
|       from small pool |       0    |       0    |       0    |       0    |
|---------------------------------------------------------------------------|
| Active allocs         |       0    |       0    |       0    |       0    |
|       from large pool |       0    |       0    |       0    |       0    |
|       from small pool |       0    |       0    |       0    |       0    |
|---------------------------------------------------------------------------|
| GPU reserved segments |       0    |       0    |       0    |       0    |
|       from large pool |       0    |       0    |       0    |       0    |
|       from small pool |       0    |       0    |       0    |       0    |
|---------------------------------------------------------------------------|
| Non-releasable allocs |       0    |       0    |       0    |       0    |
|       from large pool |       0    |       0    |       0    |       0    |
|       from small pool |       0    |       0    |       0    |       0    |
|---------------------------------------------------------------------------|
| Oversize allocations  |       0    |       0    |       0    |       0    |
|---------------------------------------------------------------------------|
| Oversize GPU segments |       0    |       0    |       0    |       0    |
|===========================================================================|


overriding args.task None to dset


using device: cuda:0




!!!: not committed yet



b'44271c83'
model name: dset_te_center0_erm_b44271c83_not_commited_2024md_06md_19_18_37_49_seed_0_21510956

 Experiment start at: 2024-06-19 18:37:49.592008
before training, model accuracy: 0.31622418761253357
epoch: 1
---- Training Domain: 
scalar performance:
{'acc': 0.9055223, 'precision': 0.45276114, 'recall': 0.5, 'specificity': 0.5, 'f1': 0.47520947, 'auroc': 0.54050875, 'binary_precision': 0.0, 'binary_recall': 0.0, 'binary_specificity': 1.0, 'binary_f1_score': 0.0}
confusion matrix:
       0  1
0  42306  0
1   4414  0
---- Validation: 
scalar performance:
{'acc': 0.9657833, 'precision': 0.48289165, 'recall': 0.5, 'specificity': 0.5, 'f1': 0.49129692, 'auroc': 0.32255027, 'binary_precision': 0.0, 'binary_recall': 0.0, 'binary_specificity': 1.0, 'binary_f1_score': 0.0}
confusion matrix:
       0  1
0  18149  0
1    643  0
---- Test Domain (oracle): 
scalar performance:
{'acc': 0.88451326, 'precision': 0.44225663, 'recall': 0.5, 'specificity': 0.5, 'f1': 0.469359, 'auroc': 0.26537967, 'binary_precision': 0.0, 'binary_recall': 0.0, 'binary_specificity': 1.0, 'binary_f1_score': 0.0}
confusion matrix:
      0  1
0  5997  0
1   783  0
t-SNE plot saved as /localscratch/sina.wendrich/tsne/t-SNE_Test_center0_21510956_1.png
new oracle model saved
better model found
persisted
after epoch: 1,now: 2024-06-19 18:53:15.178933,epoch time: 0:15:25.586925,used: 0:15:25.586925,model: dset_te_center0_erm_b44271c83_not_commited_2024md_06md_19_18_37_49_seed_0_21510956
working direcotry: /ictstr01/groups/aih/sina.wendrich/MA_code/MA_thesis/DomainLab
epoch: 2
---- Training Domain: 
scalar performance:
{'acc': 0.9055223, 'precision': 0.45276114, 'recall': 0.5, 'specificity': 0.5, 'f1': 0.47520947, 'auroc': 0.74754524, 'binary_precision': 0.0, 'binary_recall': 0.0, 'binary_specificity': 1.0, 'binary_f1_score': 0.0}
confusion matrix:
       0  1
0  42306  0
1   4414  0
---- Validation: 
scalar performance:
{'acc': 0.9657833, 'precision': 0.48289165, 'recall': 0.5, 'specificity': 0.5, 'f1': 0.49129692, 'auroc': 0.34532228, 'binary_precision': 0.0, 'binary_recall': 0.0, 'binary_specificity': 1.0, 'binary_f1_score': 0.0}
confusion matrix:
       0  1
0  18149  0
1    643  0
---- Test Domain (oracle): 
scalar performance:
{'acc': 0.88451326, 'precision': 0.44225663, 'recall': 0.5, 'specificity': 0.5, 'f1': 0.469359, 'auroc': 0.349944, 'binary_precision': 0.0, 'binary_recall': 0.0, 'binary_specificity': 1.0, 'binary_f1_score': 0.0}
confusion matrix:
      0  1
0  5997  0
1   783  0
t-SNE plot saved as /localscratch/sina.wendrich/tsne/t-SNE_Test_center0_21510956_2.png
early stop counter: 1
val acc:0.9657832980155945, best validation acc: 0.9657832980155945, corresponding to test acc:                         0.884513258934021 / 0.884513258934021
after epoch: 2,now: 2024-06-19 19:10:03.257399,epoch time: 0:16:48.078466,used: 0:32:13.665391,model: dset_te_center0_erm_b44271c83_not_commited_2024md_06md_19_18_37_49_seed_0_21510956
working direcotry: /ictstr01/groups/aih/sina.wendrich/MA_code/MA_thesis/DomainLab
epoch: 3
---- Training Domain: 
scalar performance:
{'acc': 0.9080265, 'precision': 0.94142705, 'recall': 0.5132268, 'specificity': 0.5132268, 'f1': 0.50165695, 'auroc': 0.8729424, 'binary_precision': 0.975, 'binary_recall': 0.026524598, 'binary_specificity': 0.9999291, 'binary_f1_score': 0.051644232}
confusion matrix:
       0    1
0  42306    3
1   4294  117
---- Validation: 
scalar performance:
{'acc': 0.9657833, 'precision': 0.48289165, 'recall': 0.5, 'specificity': 0.5, 'f1': 0.49129692, 'auroc': 0.41395304, 'binary_precision': 0.0, 'binary_recall': 0.0, 'binary_specificity': 1.0, 'binary_f1_score': 0.0}
confusion matrix:
       0  1
0  18149  0
1    643  0
---- Test Domain (oracle): 
scalar performance:
{'acc': 0.88451326, 'precision': 0.44225663, 'recall': 0.5, 'specificity': 0.5, 'f1': 0.469359, 'auroc': 0.5205362, 'binary_precision': 0.0, 'binary_recall': 0.0, 'binary_specificity': 1.0, 'binary_f1_score': 0.0}
confusion matrix:
      0  1
0  5997  0
1   783  0
t-SNE plot saved as /localscratch/sina.wendrich/tsne/t-SNE_Test_center0_21510956_3.png
early stop counter: 2
val acc:0.9657832980155945, best validation acc: 0.9657832980155945, corresponding to test acc:                         0.884513258934021 / 0.884513258934021
after epoch: 3,now: 2024-06-19 19:25:05.853704,epoch time: 0:15:02.596305,used: 0:47:16.261696,model: dset_te_center0_erm_b44271c83_not_commited_2024md_06md_19_18_37_49_seed_0_21510956
working direcotry: /ictstr01/groups/aih/sina.wendrich/MA_code/MA_thesis/DomainLab
epoch: 4
---- Training Domain: 
scalar performance:
{'acc': 0.9217894, 'precision': 0.9421872, 'recall': 0.58894736, 'specificity': 0.58894736, 'f1': 0.6299573, 'auroc': 0.90054256, 'binary_precision': 0.9633252, 'binary_recall': 0.17860381, 'binary_specificity': 0.99929094, 'binary_f1_score': 0.30133843}
confusion matrix:
       0    1
0  42278   30
1   3624  788
---- Validation: 
scalar performance:
{'acc': 0.96546406, 'precision': 0.4828862, 'recall': 0.49983472, 'specificity': 0.49983472, 'f1': 0.4912143, 'auroc': 0.48660237, 'binary_precision': 0.0, 'binary_recall': 0.0, 'binary_specificity': 0.99966943, 'binary_f1_score': 0.0}
confusion matrix:
       0  1
0  18143  6
1    643  0
---- Test Domain (oracle): 
scalar performance:
{'acc': 0.8851032, 'precision': 0.8176314, 'recall': 0.5036647, 'specificity': 0.5036647, 'f1': 0.47708178, 'auroc': 0.6781756, 'binary_precision': 0.75, 'binary_recall': 0.007662835, 'binary_specificity': 0.9996665, 'binary_f1_score': 0.01517067}
confusion matrix:
      0  1
0  5995  2
1   777  6
t-SNE plot saved as /localscratch/sina.wendrich/tsne/t-SNE_Test_center0_21510956_4.png
new oracle model saved
early stop counter: 3
val acc:0.9654640555381775, best validation acc: 0.9657832980155945, corresponding to test acc:                         0.884513258934021 / 0.8851032257080078
after epoch: 4,now: 2024-06-19 19:40:40.894311,epoch time: 0:15:35.040607,used: 1:02:51.302303,model: dset_te_center0_erm_b44271c83_not_commited_2024md_06md_19_18_37_49_seed_0_21510956
working direcotry: /ictstr01/groups/aih/sina.wendrich/MA_code/MA_thesis/DomainLab
epoch: 5
---- Training Domain: 
scalar performance:
{'acc': 0.93760705, 'precision': 0.9486738, 'recall': 0.6760011, 'specificity': 0.6760011, 'f1': 0.7417372, 'auroc': 0.9247515, 'binary_precision': 0.9605669, 'binary_recall': 0.35351473, 'binary_specificity': 0.99848735, 'binary_f1_score': 0.5168241}
confusion matrix:
       0     1
0  42246    64
1   2851  1559
---- Validation: 
scalar performance:
{'acc': 0.96471906, 'precision': 0.48287344, 'recall': 0.499449, 'specificity': 0.499449, 'f1': 0.49102136, 'auroc': 0.5174407, 'binary_precision': 0.0, 'binary_recall': 0.0, 'binary_specificity': 0.998898, 'binary_f1_score': 0.0}
confusion matrix:
       0   1
0  18129  20
1    643   0
---- Test Domain (oracle): 
scalar performance:
{'acc': 0.8882006, 'precision': 0.8275057, 'recall': 0.52207136, 'specificity': 0.52207136, 'f1': 0.5136013, 'auroc': 0.697318, 'binary_precision': 0.7659575, 'binary_recall': 0.04597701, 'binary_specificity': 0.9981657, 'binary_f1_score': 0.08674699}
confusion matrix:
      0   1
0  5986  11
1   747  36
t-SNE plot saved as /localscratch/sina.wendrich/tsne/t-SNE_Test_center0_21510956_5.png
new oracle model saved
early stop counter: 4
val acc:0.9647190570831299, best validation acc: 0.9657832980155945, corresponding to test acc:                         0.884513258934021 / 0.888200581073761
after epoch: 5,now: 2024-06-19 19:54:59.613569,epoch time: 0:14:18.719258,used: 1:17:10.021561,model: dset_te_center0_erm_b44271c83_not_commited_2024md_06md_19_18_37_49_seed_0_21510956
working direcotry: /ictstr01/groups/aih/sina.wendrich/MA_code/MA_thesis/DomainLab
epoch: 6
---- Training Domain: 
scalar performance:
{'acc': 0.9468536, 'precision': 0.9466121, 'recall': 0.73044413, 'specificity': 0.73044413, 'f1': 0.79688644, 'auroc': 0.93006384, 'binary_precision': 0.946346, 'binary_recall': 0.46363017, 'binary_specificity': 0.9972581, 'binary_f1_score': 0.6223574}
confusion matrix:
       0     1
0  42191   116
1   2367  2046
---- Validation: 
scalar performance:
{'acc': 0.9638676, 'precision': 0.50790846, 'recall': 0.5005083, 'specificity': 0.5005083, 'f1': 0.49372795, 'auroc': 0.543889, 'binary_precision': 0.05, 'binary_recall': 0.00311042, 'binary_specificity': 0.9979062, 'binary_f1_score': 0.0058565154}
confusion matrix:
       0   1
0  18111  38
1    641   2
---- Test Domain (oracle): 
scalar performance:
{'acc': 0.8942478, 'precision': 0.85942864, 'recall': 0.5521391, 'specificity': 0.5521391, 'f1': 0.56663126, 'auroc': 0.72220206, 'binary_precision': 0.8235294, 'binary_recall': 0.107279696, 'binary_specificity': 0.9969985, 'binary_f1_score': 0.18983051}
confusion matrix:
      0   1
0  5979  18
1   699  84
t-SNE plot saved as /localscratch/sina.wendrich/tsne/t-SNE_Test_center0_21510956_6.png
new oracle model saved
early stop counter: 5
val acc:0.9638676047325134, best validation acc: 0.9657832980155945, corresponding to test acc:                         0.884513258934021 / 0.8942477703094482
after epoch: 6,now: 2024-06-19 20:09:19.500607,epoch time: 0:14:19.887038,used: 1:31:29.908599,model: dset_te_center0_erm_b44271c83_not_commited_2024md_06md_19_18_37_49_seed_0_21510956
working direcotry: /ictstr01/groups/aih/sina.wendrich/MA_code/MA_thesis/DomainLab
epoch: 7
---- Training Domain: 
scalar performance:
{'acc': 0.9535959, 'precision': 0.9401406, 'recall': 0.7743547, 'specificity': 0.7743547, 'f1': 0.8336934, 'auroc': 0.94255674, 'binary_precision': 0.9249716, 'binary_recall': 0.55338925, 'binary_specificity': 0.99532014, 'binary_f1_score': 0.69248223}
confusion matrix:
       0     1
0  42111   198
1   1970  2441
---- Validation: 
scalar performance:
{'acc': 0.9620051, 'precision': 0.5138154, 'recall': 0.5017942, 'specificity': 0.5017942, 'f1': 0.4972208, 'auroc': 0.5826528, 'binary_precision': 0.061728396, 'binary_recall': 0.00777605, 'binary_specificity': 0.9958124, 'binary_f1_score': 0.0138121545}
confusion matrix:
       0   1
0  18073  76
1    638   5
---- Test Domain (oracle): 
scalar performance:
{'acc': 0.90530974, 'precision': 0.8693532, 'recall': 0.6100253, 'specificity': 0.6100253, 'f1': 0.65216166, 'auroc': 0.75607157, 'binary_precision': 0.8309859, 'binary_recall': 0.22605364, 'binary_specificity': 0.993997, 'binary_f1_score': 0.3554217}
confusion matrix:
      0    1
0  5961   36
1   606  177
t-SNE plot saved as /localscratch/sina.wendrich/tsne/t-SNE_Test_center0_21510956_7.png
new oracle model saved
early stop counter: 6
val acc:0.962005078792572, best validation acc: 0.9657832980155945, corresponding to test acc:                         0.884513258934021 / 0.9053097367286682
after epoch: 7,now: 2024-06-19 20:23:38.882061,epoch time: 0:14:19.381454,used: 1:45:49.290053,model: dset_te_center0_erm_b44271c83_not_commited_2024md_06md_19_18_37_49_seed_0_21510956
working direcotry: /ictstr01/groups/aih/sina.wendrich/MA_code/MA_thesis/DomainLab
epoch: 8
---- Training Domain: 
scalar performance:
{'acc': 0.9578553, 'precision': 0.9424691, 'recall': 0.79887444, 'specificity': 0.79887444, 'f1': 0.8535427, 'auroc': 0.944141, 'binary_precision': 0.9249218, 'binary_recall': 0.60285455, 'binary_specificity': 0.9948943, 'binary_f1_score': 0.72994107}
confusion matrix:
       0     1
0  42090   216
1   1753  2661
---- Validation: 
scalar performance:
{'acc': 0.96078116, 'precision': 0.5269146, 'recall': 0.5049109, 'specificity': 0.5049109, 'f1': 0.5032038, 'auroc': 0.60419536, 'binary_precision': 0.0877193, 'binary_recall': 0.0155521, 'binary_specificity': 0.99426967, 'binary_f1_score': 0.02642008}
confusion matrix:
       0    1
0  18045  104
1    633   10
---- Test Domain (oracle): 
scalar performance:
{'acc': 0.91076696, 'precision': 0.8673928, 'recall': 0.64142513, 'specificity': 0.64142513, 'f1': 0.69068974, 'auroc': 0.7730449, 'binary_precision': 0.8201439, 'binary_recall': 0.29118773, 'binary_specificity': 0.9916625, 'binary_f1_score': 0.42978325}
confusion matrix:
      0    1
0  5947   50
1   555  228
t-SNE plot saved as /localscratch/sina.wendrich/tsne/t-SNE_Test_center0_21510956_8.png
new oracle model saved
early stop counter: 7
val acc:0.9607811570167542, best validation acc: 0.9657832980155945, corresponding to test acc:                         0.884513258934021 / 0.9107669591903687
after epoch: 8,now: 2024-06-19 20:38:24.637495,epoch time: 0:14:45.755434,used: 2:00:35.045487,model: dset_te_center0_erm_b44271c83_not_commited_2024md_06md_19_18_37_49_seed_0_21510956
working direcotry: /ictstr01/groups/aih/sina.wendrich/MA_code/MA_thesis/DomainLab
epoch: 9
---- Training Domain: 
scalar performance:
{'acc': 0.95862585, 'precision': 0.94493484, 'recall': 0.8016019, 'specificity': 0.8016019, 'f1': 0.8563286, 'auroc': 0.94806767, 'binary_precision': 0.92931396, 'binary_recall': 0.6080254, 'binary_specificity': 0.99517834, 'binary_f1_score': 0.73509663}
confusion matrix:
       0     1
0  42105   204
1   1729  2682
---- Validation: 
scalar performance:
{'acc': 0.96099406, 'precision': 0.5602314, 'recall': 0.5125216, 'specificity': 0.5125216, 'f1': 0.51591694, 'auroc': 0.62298715, 'binary_precision': 0.15384616, 'binary_recall': 0.0311042, 'binary_specificity': 0.99393904, 'binary_f1_score': 0.051746447}
confusion matrix:
       0    1
0  18039  110
1    623   20
---- Test Domain (oracle): 
scalar performance:
{'acc': 0.91356933, 'precision': 0.87881917, 'recall': 0.65133715, 'specificity': 0.65133715, 'f1': 0.70321655, 'auroc': 0.78948545, 'binary_precision': 0.84083045, 'binary_recall': 0.31034482, 'binary_specificity': 0.9923295, 'binary_f1_score': 0.4533582}
confusion matrix:
      0    1
0  5951   46
1   540  243
t-SNE plot saved as /localscratch/sina.wendrich/tsne/t-SNE_Test_center0_21510956_9.png
new oracle model saved
early stop counter: 8
val acc:0.9609940648078918, best validation acc: 0.9657832980155945, corresponding to test acc:                         0.884513258934021 / 0.9135693311691284
after epoch: 9,now: 2024-06-19 20:52:45.070901,epoch time: 0:14:20.433406,used: 2:14:55.478893,model: dset_te_center0_erm_b44271c83_not_commited_2024md_06md_19_18_37_49_seed_0_21510956
working direcotry: /ictstr01/groups/aih/sina.wendrich/MA_code/MA_thesis/DomainLab
epoch: 10
---- Training Domain: 
scalar performance:
{'acc': 0.96113014, 'precision': 0.9399729, 'recall': 0.8210756, 'specificity': 0.8210756, 'f1': 0.86900514, 'auroc': 0.9564475, 'binary_precision': 0.915547, 'binary_recall': 0.6483915, 'binary_specificity': 0.99375975, 'binary_f1_score': 0.75915116}
confusion matrix:
       0     1
0  42042   264
1   1552  2862
---- Validation: 
scalar performance:
{'acc': 0.95950407, 'precision': 0.58167297, 'recall': 0.5252512, 'specificity': 0.5252512, 'f1': 0.5350457, 'auroc': 0.65629864, 'binary_precision': 0.19587629, 'binary_recall': 0.05909798, 'binary_specificity': 0.9914045, 'binary_f1_score': 0.09080047}
confusion matrix:
       0    1
0  17993  156
1    605   38
---- Test Domain (oracle): 
scalar performance:
{'acc': 0.91725665, 'precision': 0.8682642, 'recall': 0.6784053, 'specificity': 0.6784053, 'f1': 0.7307191, 'auroc': 0.81230915, 'binary_precision': 0.8135593, 'binary_recall': 0.3678161, 'binary_specificity': 0.9889945, 'binary_f1_score': 0.5065963}
confusion matrix:
      0    1
0  5931   66
1   495  288
t-SNE plot saved as /localscratch/sina.wendrich/tsne/t-SNE_Test_center0_21510956_10.png
new oracle model saved
early stop counter: 9
val acc:0.9595040678977966, best validation acc: 0.9657832980155945, corresponding to test acc:                         0.884513258934021 / 0.9172566533088684
after epoch: 10,now: 2024-06-19 21:09:00.767233,epoch time: 0:16:15.696332,used: 2:31:11.175225,model: dset_te_center0_erm_b44271c83_not_commited_2024md_06md_19_18_37_49_seed_0_21510956
working direcotry: /ictstr01/groups/aih/sina.wendrich/MA_code/MA_thesis/DomainLab
epoch: 11
---- Training Domain: 
scalar performance:
{'acc': 0.96185786, 'precision': 0.9313007, 'recall': 0.8333479, 'specificity': 0.8333479, 'f1': 0.874487, 'auroc': 0.9575959, 'binary_precision': 0.8956705, 'binary_recall': 0.674898, 'binary_specificity': 0.99179786, 'binary_f1_score': 0.7697674}
confusion matrix:
       0     1
0  41959   347
1   1435  2979
---- Validation: 
scalar performance:
{'acc': 0.9601426, 'precision': 0.5958501, 'recall': 0.5293321, 'specificity': 0.5293321, 'f1': 0.54130626, 'auroc': 0.66188526, 'binary_precision': 0.22395833, 'binary_recall': 0.06687403, 'binary_specificity': 0.9917902, 'binary_f1_score': 0.10299402}
confusion matrix:
       0    1
0  18000  149
1    600   43
---- Test Domain (oracle): 
scalar performance:
{'acc': 0.91755164, 'precision': 0.85701764, 'recall': 0.68856555, 'specificity': 0.68856555, 'f1': 0.73875475, 'auroc': 0.8146385, 'binary_precision': 0.7886598, 'binary_recall': 0.3908046, 'binary_specificity': 0.9863265, 'binary_f1_score': 0.5226302}
confusion matrix:
      0    1
0  5915   82
1   477  306
t-SNE plot saved as /localscratch/sina.wendrich/tsne/t-SNE_Test_center0_21510956_11.png
new oracle model saved
early stop counter: 10
val acc:0.9601426124572754, best validation acc: 0.9657832980155945, corresponding to test acc:                         0.884513258934021 / 0.9175516366958618
after epoch: 11,now: 2024-06-19 21:24:01.222464,epoch time: 0:15:00.455231,used: 2:46:11.630456,model: dset_te_center0_erm_b44271c83_not_commited_2024md_06md_19_18_37_49_seed_0_21510956
working direcotry: /ictstr01/groups/aih/sina.wendrich/MA_code/MA_thesis/DomainLab
epoch: 12
---- Training Domain: 
scalar performance:
{'acc': 0.96393406, 'precision': 0.9250889, 'recall': 0.8532959, 'specificity': 0.8532959, 'f1': 0.88502216, 'auroc': 0.96421766, 'binary_precision': 0.87916666, 'binary_recall': 0.7168743, 'binary_specificity': 0.98971754, 'binary_f1_score': 0.78976923}
confusion matrix:
       0     1
0  41870   435
1   1250  3165
---- Validation: 
scalar performance:
{'acc': 0.95721585, 'precision': 0.59986526, 'recall': 0.5473183, 'specificity': 0.5473183, 'f1': 0.5622774, 'auroc': 0.69095314, 'binary_precision': 0.23076923, 'binary_recall': 0.10730949, 'binary_specificity': 0.9873271, 'binary_f1_score': 0.14649682}
confusion matrix:
       0    1
0  17919  230
1    574   69
---- Test Domain (oracle): 
scalar performance:
{'acc': 0.92079645, 'precision': 0.84479165, 'recall': 0.7220459, 'specificity': 0.7220459, 'f1': 0.76557636, 'auroc': 0.8223984, 'binary_precision': 0.75625, 'binary_recall': 0.46360153, 'binary_specificity': 0.98049027, 'binary_f1_score': 0.5748219}
confusion matrix:
      0    1
0  5880  117
1   420  363
t-SNE plot saved as /localscratch/sina.wendrich/tsne/t-SNE_Test_center0_21510956_12.png
new oracle model saved
early stop counter: 11
val acc:0.9572158455848694, best validation acc: 0.9657832980155945, corresponding to test acc:                         0.884513258934021 / 0.9207964539527893
after epoch: 12,now: 2024-06-19 21:39:33.016886,epoch time: 0:15:31.794422,used: 3:01:43.424878,model: dset_te_center0_erm_b44271c83_not_commited_2024md_06md_19_18_37_49_seed_0_21510956
working direcotry: /ictstr01/groups/aih/sina.wendrich/MA_code/MA_thesis/DomainLab
epoch: 13
---- Training Domain: 
scalar performance:
{'acc': 0.9638271, 'precision': 0.94169295, 'recall': 0.8363919, 'specificity': 0.8363919, 'f1': 0.88017774, 'auroc': 0.95857775, 'binary_precision': 0.9159535, 'binary_recall': 0.6792838, 'binary_specificity': 0.99350005, 'binary_f1_score': 0.7800625}
confusion matrix:
       0     1
0  42033   275
1   1415  2997
---- Validation: 
scalar performance:
{'acc': 0.9604619, 'precision': 0.61276865, 'recall': 0.5369979, 'specificity': 0.5369979, 'f1': 0.5523134, 'auroc': 0.6781194, 'binary_precision': 0.25728154, 'binary_recall': 0.08242613, 'binary_specificity': 0.99156976, 'binary_f1_score': 0.12485277}
confusion matrix:
       0    1
0  17996  153
1    590   53
---- Test Domain (oracle): 
scalar performance:
{'acc': 0.920354, 'precision': 0.8660544, 'recall': 0.6984776, 'specificity': 0.6984776, 'f1': 0.7497607, 'auroc': 0.8178892, 'binary_precision': 0.80451125, 'binary_recall': 0.4099617, 'binary_specificity': 0.9869935, 'binary_f1_score': 0.54314715}
confusion matrix:
      0    1
0  5919   78
1   462  321
t-SNE plot saved as /localscratch/sina.wendrich/tsne/t-SNE_Test_center0_21510956_13.png
early stop counter: 12
val acc:0.9604619145393372, best validation acc: 0.9657832980155945, corresponding to test acc:                         0.884513258934021 / 0.9207964539527893
after epoch: 13,now: 2024-06-19 21:54:44.636545,epoch time: 0:15:11.619659,used: 3:16:55.044537,model: dset_te_center0_erm_b44271c83_not_commited_2024md_06md_19_18_37_49_seed_0_21510956
working direcotry: /ictstr01/groups/aih/sina.wendrich/MA_code/MA_thesis/DomainLab
epoch: 14
---- Training Domain: 
scalar performance:
{'acc': 0.96543235, 'precision': 0.9301164, 'recall': 0.8577831, 'specificity': 0.8577831, 'f1': 0.8897737, 'auroc': 0.96480304, 'binary_precision': 0.8883643, 'binary_recall': 0.725068, 'binary_specificity': 0.99049824, 'binary_f1_score': 0.7984525}
confusion matrix:
       0     1
0  41906   402
1   1213  3199
---- Validation: 
scalar performance:
{'acc': 0.9586526, 'precision': 0.6055052, 'recall': 0.5435618, 'specificity': 0.5435618, 'f1': 0.55917615, 'auroc': 0.69060266, 'binary_precision': 0.2423077, 'binary_recall': 0.09797823, 'binary_specificity': 0.9891454, 'binary_f1_score': 0.13953488}
confusion matrix:
       0    1
0  17952  197
1    580   63
---- Test Domain (oracle): 
scalar performance:
{'acc': 0.92330384, 'precision': 0.86213255, 'recall': 0.7201321, 'specificity': 0.7201321, 'f1': 0.76820946, 'auroc': 0.8218266, 'binary_precision': 0.7915743, 'binary_recall': 0.4559387, 'binary_specificity': 0.98432547, 'binary_f1_score': 0.5786061}
confusion matrix:
      0    1
0  5903   94
1   426  357
t-SNE plot saved as /localscratch/sina.wendrich/tsne/t-SNE_Test_center0_21510956_14.png
new oracle model saved
early stop counter: 13
val acc:0.9586526155471802, best validation acc: 0.9657832980155945, corresponding to test acc:                         0.884513258934021 / 0.9233038425445557
after epoch: 14,now: 2024-06-19 22:13:10.585317,epoch time: 0:18:25.948772,used: 3:35:20.993309,model: dset_te_center0_erm_b44271c83_not_commited_2024md_06md_19_18_37_49_seed_0_21510956
working direcotry: /ictstr01/groups/aih/sina.wendrich/MA_code/MA_thesis/DomainLab
epoch: 15
---- Training Domain: 
scalar performance:
{'acc': 0.9644906, 'precision': 0.91686255, 'recall': 0.86642766, 'specificity': 0.86642766, 'f1': 0.8895845, 'auroc': 0.9641782, 'binary_precision': 0.8599059, 'binary_recall': 0.7455246, 'binary_specificity': 0.9873307, 'binary_f1_score': 0.7986406}
confusion matrix:
       0     1
0  41771   536
1   1123  3290
---- Validation: 
scalar performance:
{'acc': 0.9580141, 'precision': 0.61786133, 'recall': 0.5582323, 'specificity': 0.5582323, 'f1': 0.5761409, 'auroc': 0.70011115, 'binary_precision': 0.26602563, 'binary_recall': 0.12908243, 'binary_specificity': 0.98738223, 'binary_f1_score': 0.173822}
confusion matrix:
       0    1
0  17920  229
1    560   83
---- Test Domain (oracle): 
scalar performance:
{'acc': 0.9277286, 'precision': 0.8644519, 'recall': 0.74595153, 'specificity': 0.74595153, 'f1': 0.78981847, 'auroc': 0.8342984, 'binary_precision': 0.790099, 'binary_recall': 0.5095785, 'binary_specificity': 0.9823245, 'binary_f1_score': 0.6195652}
confusion matrix:
      0    1
0  5891  106
1   384  399
t-SNE plot saved as /localscratch/sina.wendrich/tsne/t-SNE_Test_center0_21510956_15.png
new oracle model saved
early stop counter: 14
val acc:0.9580140709877014, best validation acc: 0.9657832980155945, corresponding to test acc:                         0.884513258934021 / 0.9277285933494568
after epoch: 15,now: 2024-06-19 22:30:30.841976,epoch time: 0:17:20.256659,used: 3:52:41.249968,model: dset_te_center0_erm_b44271c83_not_commited_2024md_06md_19_18_37_49_seed_0_21510956
working direcotry: /ictstr01/groups/aih/sina.wendrich/MA_code/MA_thesis/DomainLab
epoch: 16
---- Training Domain: 
scalar performance:
{'acc': 0.96440494, 'precision': 0.91907674, 'recall': 0.8633228, 'specificity': 0.8633228, 'f1': 0.8886832, 'auroc': 0.9627628, 'binary_precision': 0.86502254, 'binary_recall': 0.73867756, 'binary_specificity': 0.987968, 'binary_f1_score': 0.7968731}
confusion matrix:
       0     1
0  41795   509
1   1154  3262
---- Validation: 
scalar performance:
{'acc': 0.9571094, 'precision': 0.6140164, 'recall': 0.5607642, 'specificity': 0.5607642, 'f1': 0.57776576, 'auroc': 0.695735, 'binary_precision': 0.25816023, 'binary_recall': 0.13530326, 'binary_specificity': 0.9862251, 'binary_f1_score': 0.177551}
confusion matrix:
       0    1
0  17899  250
1    556   87
---- Test Domain (oracle): 
scalar performance:
{'acc': 0.92551625, 'precision': 0.8455977, 'recall': 0.75469434, 'specificity': 0.75469434, 'f1': 0.7907653, 'auroc': 0.8352139, 'binary_precision': 0.75, 'binary_recall': 0.532567, 'binary_specificity': 0.9768217, 'binary_f1_score': 0.62285286}
confusion matrix:
      0    1
0  5858  139
1   366  417
t-SNE plot saved as /localscratch/sina.wendrich/tsne/t-SNE_Test_center0_21510956_16.png
early stop counter: 15
val acc:0.9571093916893005, best validation acc: 0.9657832980155945, corresponding to test acc:                         0.884513258934021 / 0.9277285933494568
after epoch: 16,now: 2024-06-19 22:51:08.524986,epoch time: 0:20:37.683010,used: 4:13:18.932978,model: dset_te_center0_erm_b44271c83_not_commited_2024md_06md_19_18_37_49_seed_0_21510956
working direcotry: /ictstr01/groups/aih/sina.wendrich/MA_code/MA_thesis/DomainLab
